#
# A fatal error has been detected by the Java Runtime Environment:
#
#  EXCEPTION_ACCESS_VIOLATION (0xc0000005) at pc=0x00000000626dfead, pid=27828, tid=0x0000000000006cf0
#
# JRE version: Java(TM) SE Runtime Environment (8.0_202-b08) (build 1.8.0_202-b08)
# Java VM: Java HotSpot(TM) 64-Bit Server VM (25.202-b08 mixed mode windows-amd64 compressed oops)
# Problematic frame:
# V  [jvm.dll+0x14fead]
#
# Failed to write core dump. Minidumps are not enabled by default on client versions of Windows
#
# If you would like to submit a bug report, please visit:
#   http://bugreport.java.com/bugreport/crash.jsp
#

---------------  T H R E A D  ---------------

Current thread (0x000000002090c000):  JavaThread "AWT-Windows" daemon [_thread_in_vm, id=27888, stack(0x0000000021000000,0x0000000021100000)]

siginfo: ExceptionCode=0xc0000005, reading address 0x0000000000000000

Registers:
RAX=0x0000000000000000, RBX=0x000000002090c000, RCX=0x0000000000000c00, RDX=0x0000000023fa62b8
RSP=0x00000000210fedb0, RBP=0x00000000210feea8, RSI=0x0000000000000000, RDI=0x000000002090c1f8
R8 =0x0000000000000000, R9 =0x00000000210feea8, R10=0x0000000001d6f900, R11=0x0000000000000000
R12=0x0000000023fa62b8, R13=0x0000000000000308, R14=0x0000000000161d14, R15=0x0000000000000000
RIP=0x00000000626dfead, EFLAGS=0x0000000000010246

Top of Stack: (sp=0x00000000210fedb0)
0x00000000210fedb0:   00000000210feff8 0000000000000308
0x00000000210fedc0:   0000000000000001 00007fffa195d39d
0x00000000210fedd0:   00000000210feff8 ffffffff00000000
0x00000000210fede0:   0000000000000000 fffffffffffffffe
0x00000000210fedf0:   0000000000000001 00007fffa195e279
0x00000000210fee00:   000000002090c000 0000000000000000
0x00000000210fee10:   0000000000000000 0000000000000001
0x00000000210fee20:   fffffffffffffffe 00000000626d731f
0x00000000210fee30:   00000000210fefd8 00007fffe8ca36ca
0x00000000210fee40:   0000000001145000 0000000000030000
0x00000000210fee50:   0000000000000000 00007fffa18f9e28
0x00000000210fee60:   0000000000000000 0000000000000000
0x00000000210fee70:   0000000000000000 0000000000000000
0x00000000210fee80:   000000002090c1f8 00007fffa1919d37
0x00000000210fee90:   0000000000000000 0000000000000000
0x00000000210feea0:   0000000000000000 0000000000000000 

Instructions: (pc=0x00000000626dfead)
0x00000000626dfe8d:   00 48 83 7b 08 00 48 89 5c 24 50 48 c7 44 24 58
0x00000000626dfe9d:   00 00 00 00 74 0a 48 8d 4c 24 50 e8 03 ef 12 00
0x00000000626dfead:   48 8b 06 c7 44 24 40 0e 00 00 00 48 8d 4c 24 70
0x00000000626dfebd:   48 8b 50 08 0f b7 42 24 48 8b 52 08 48 8b 54 c2 


Register to memory mapping:

RAX=0x0000000000000000 is an unknown value
RBX=0x000000002090c000 is a thread
RCX=0x0000000000000c00 is an unknown value
RDX=0x0000000023fa62b8 is a global jni handle
RSP=0x00000000210fedb0 is pointing into the stack for thread: 0x000000002090c000
RBP=0x00000000210feea8 is pointing into the stack for thread: 0x000000002090c000
RSI=0x0000000000000000 is an unknown value
RDI=0x000000002090c1f8 is an unknown value
R8 =0x0000000000000000 is an unknown value
R9 =0x00000000210feea8 is pointing into the stack for thread: 0x000000002090c000
R10=0x0000000001d6f900 is an unknown value
R11=0x0000000000000000 is an unknown value
R12=0x0000000023fa62b8 is a global jni handle
R13=0x0000000000000308 is an unknown value
R14=0x0000000000161d14 is an unknown value
R15=0x0000000000000000 is an unknown value


Stack: [0x0000000021000000,0x0000000021100000],  sp=0x00000000210fedb0,  free space=1019k
Native frames: (J=compiled Java code, j=interpreted, Vv=VM code, C=native code)
V  [jvm.dll+0x14fead]
C  [awt.dll+0x69e28]
C  [awt.dll+0x89d37]
C  [awt.dll+0xcda3c]
C  [USER32.dll+0x15b6d]
C  [USER32.dll+0x15562]
C  [awt.dll+0xcd32c]
C  [awt.dll+0xcd5db]
C  0x0000000003748c67

Java frames: (J=compiled Java code, j=interpreted, Vv=VM code)
j  sun.awt.windows.WToolkit.eventLoop()V+0
j  sun.awt.windows.WToolkit.run()V+58
j  java.lang.Thread.run()V+11
v  ~StubRoutines::call_stub

---------------  P R O C E S S  ---------------

Java Threads: ( => current thread )
  0x00000000205c7800 JavaThread "Batik CleanerThread" daemon [_thread_blocked, id=27860, stack(0x0000000033770000,0x0000000033870000)]
  0x00000000205cf000 JavaThread "Swing-Shell" daemon [_thread_blocked, id=5012, stack(0x0000000033870000,0x0000000033970000)]
  0x00000000205cc000 JavaThread "Detect hyperlinks at caret" daemon [_thread_blocked, id=28176, stack(0x0000000030f20000,0x0000000031020000)]
  0x00000000205c3800 JavaThread "Opened editors lock manager" [_thread_blocked, id=18144, stack(0x0000000030a00000,0x0000000030b00000)]
  0x00000000205c2800 JavaThread "pool-9-thread-4" [_thread_blocked, id=25596, stack(0x000000002f2f0000,0x000000002f3f0000)]
  0x00000000205c8000 JavaThread "Collect project resource thread" daemon [_thread_blocked, id=26360, stack(0x00000000248c0000,0x00000000249c0000)]
  0x00000000205c2000 JavaThread "pool-9-thread-3" [_thread_blocked, id=28248, stack(0x000000002d8f0000,0x000000002d9f0000)]
  0x0000000021a19000 JavaThread "pool-9-thread-2" [_thread_blocked, id=27112, stack(0x000000002a760000,0x000000002a860000)]
  0x000000002abaf800 JavaThread "pool-9-thread-1" [_thread_blocked, id=27612, stack(0x0000000029630000,0x0000000029730000)]
  0x0000000021a1a000 JavaThread "Thread-15" daemon [_thread_in_native, id=23984, stack(0x0000000003330000,0x0000000003430000)]
  0x000000002abb3000 JavaThread "Show host component tooltip timer" daemon [_thread_blocked, id=28460, stack(0x000000002fdf0000,0x000000002fef0000)]
  0x000000002abb0000 JavaThread "Show caret ghost position info" daemon [_thread_blocked, id=24740, stack(0x000000002f8f0000,0x000000002f9f0000)]
  0x000000002abb2800 JavaThread "AuthorExtensionBuilder" daemon [_thread_blocked, id=23556, stack(0x0000000001810000,0x0000000001910000)]
  0x000000002abaa000 JavaThread "Save project thread" daemon [_thread_blocked, id=1456, stack(0x000000002eff0000,0x000000002f0f0000)]
  0x000000002abad000 JavaThread "Tooltip timer in CC Editor" daemon [_thread_blocked, id=17608, stack(0x000000002f7f0000,0x000000002f8f0000)]
  0x000000002abac800 JavaThread "OxygenSingletonChecker-Thread" [_thread_in_native, id=19900, stack(0x000000002f0f0000,0x000000002f1f0000)]
  0x000000002abab800 JavaThread "Brackets Highlighter" [_thread_blocked, id=17604, stack(0x000000002eef0000,0x000000002eff0000)]
  0x000000002aba6800 JavaThread "Mark occurrences in current file" daemon [_thread_blocked, id=19724, stack(0x000000002ebf0000,0x000000002ecf0000)]
  0x000000002aba8000 JavaThread "'Save backup info' timer" [_thread_blocked, id=28504, stack(0x000000002d9f0000,0x000000002daf0000)]
  0x0000000021a1e800 JavaThread "" [_thread_blocked, id=10588, stack(0x0000000023300000,0x0000000023400000)]
  0x0000000021a1c000 JavaThread "DocumentTypeProviderTimer" daemon [_thread_blocked, id=16964, stack(0x0000000028360000,0x0000000028460000)]
  0x0000000021a17800 JavaThread "DB Sessions Manager fire timer" daemon [_thread_blocked, id=24728, stack(0x0000000023200000,0x0000000023300000)]
  0x0000000021a1b800 JavaThread "AutomaticallyValidation" daemon [_thread_blocked, id=25576, stack(0x0000000027a60000,0x0000000027f60000)]
  0x0000000021a1a800 JavaThread "Autosave" daemon [_thread_blocked, id=12172, stack(0x0000000022f00000,0x0000000023000000)]
  0x0000000020c11000 JavaThread "TimerQueue" daemon [_thread_blocked, id=28412, stack(0x0000000027760000,0x0000000027860000)]
  0x00000000204eb800 JavaThread "AutomaticallyValidation" daemon [_thread_blocked, id=24708, stack(0x0000000025f40000,0x0000000026440000)]
  0x000000002088a000 JavaThread "Autosave" daemon [_thread_blocked, id=15888, stack(0x0000000025e40000,0x0000000025f40000)]
  0x000000002201b000 JavaThread "AWT-EventQueue-0" [_thread_blocked, id=27156, stack(0x0000000024ac0000,0x0000000024bc0000)]
  0x000000002201a000 JavaThread "AWT-Shutdown" [_thread_blocked, id=26528, stack(0x00000000249c0000,0x0000000024ac0000)]
=>0x000000002090c000 JavaThread "AWT-Windows" daemon [_thread_in_vm, id=27888, stack(0x0000000021000000,0x0000000021100000)]
  0x000000002090a800 JavaThread "Java2D Disposer" daemon [_thread_blocked, id=23840, stack(0x0000000020e00000,0x0000000020f00000)]
  0x000000001e847800 JavaThread "Service Thread" daemon [_thread_blocked, id=7796, stack(0x0000000020210000,0x0000000020310000)]
  0x000000001e7e4800 JavaThread "C1 CompilerThread3" daemon [_thread_blocked, id=16532, stack(0x0000000020110000,0x0000000020210000)]
  0x000000001e7c3800 JavaThread "C2 CompilerThread2" daemon [_thread_blocked, id=26176, stack(0x0000000020010000,0x0000000020110000)]
  0x000000001e7bf000 JavaThread "C2 CompilerThread1" daemon [_thread_blocked, id=692, stack(0x000000001ff10000,0x0000000020010000)]
  0x000000001e7b5000 JavaThread "C2 CompilerThread0" daemon [_thread_blocked, id=20120, stack(0x000000001fe10000,0x000000001ff10000)]
  0x000000001e7af800 JavaThread "Attach Listener" daemon [_thread_blocked, id=20576, stack(0x000000001fd10000,0x000000001fe10000)]
  0x000000001d0de800 JavaThread "Signal Dispatcher" daemon [_thread_blocked, id=27804, stack(0x000000001fc10000,0x000000001fd10000)]
  0x000000001e7a3000 JavaThread "Finalizer" daemon [_thread_blocked, id=14088, stack(0x000000001fa10000,0x000000001fb10000)]
  0x000000001d0cd000 JavaThread "Reference Handler" daemon [_thread_blocked, id=1968, stack(0x000000001f910000,0x000000001fa10000)]
  0x0000000003633800 JavaThread "main" [_thread_blocked, id=7124, stack(0x0000000001200000,0x0000000001300000)]

Other Threads:
  0x000000001d0c6800 VMThread [stack: 0x000000001f810000,0x000000001f910000] [id=13444]
  0x000000001e864000 WatcherThread [stack: 0x0000000020310000,0x0000000020410000] [id=22572]

VM state:not at safepoint (normal execution)

VM Mutex/Monitor currently owned by a thread: None

heap address: 0x00000006c6000000, size: 4000 MB, Compressed Oops mode: Zero based, Oop shift amount: 3
Narrow klass base: 0x0000000000000000, Narrow klass shift: 3
Compressed class space size: 1073741824 Address: 0x00000007c0000000

Heap:
 PSYoungGen      total 160256K, used 28383K [0x000000076cb00000, 0x0000000779100000, 0x00000007c0000000)
  eden space 121856K, 16% used [0x000000076cb00000,0x000000076de9a940,0x0000000774200000)
  from space 38400K, 21% used [0x0000000776b80000,0x000000077739d408,0x0000000779100000)
  to   space 40448K, 0% used [0x0000000774200000,0x0000000774200000,0x0000000776980000)
 ParOldGen       total 620032K, used 235683K [0x00000006c6000000, 0x00000006ebd80000, 0x000000076cb00000)
  object space 620032K, 38% used [0x00000006c6000000,0x00000006d4628cb0,0x00000006ebd80000)
 Metaspace       used 112159K, capacity 113416K, committed 114048K, reserved 1146880K
  class space    used 16926K, capacity 17225K, committed 17280K, reserved 1048576K

Card table byte_map: [0x0000000012af0000,0x00000000132d0000] byte_map_base: 0x000000000f4c0000

Marking Bits: (ParMarkBitMap*) 0x0000000062db5ce0
 Begin Bits: [0x0000000014210000, 0x0000000018090000)
 End Bits:   [0x0000000018090000, 0x000000001bf10000)

Polling page: 0x00000000031c0000

CodeCache: size=245760Kb used=86563Kb max_used=86580Kb free=159196Kb
 bounds [0x0000000003730000, 0x0000000008c60000, 0x0000000012730000]
 total_blobs=22404 nmethods=21439 adapters=872
 compilation: enabled

Compilation events (10 events):
Event: 3886.857 Thread 0x000000001e7e4800 29331       3       ro.sync.contentcompletion.xml.l::qb (18 bytes)
Event: 3886.857 Thread 0x000000001e7e4800 nmethod 29331 0x0000000005bec790 code [0x0000000005bec900, 0x0000000005becb28]
Event: 3888.524 Thread 0x000000001e7e4800 29332       3       ro.sync.contentcompletion.xml.l::ob (68 bytes)
Event: 3888.525 Thread 0x000000001e7e4800 nmethod 29332 0x0000000008c43ad0 code [0x0000000008c43cc0, 0x0000000008c448e8]
Event: 3893.086 Thread 0x000000001e7e4800 29333       1       ro.sync.outline.xml.Attribute::getValueEndOffset (5 bytes)
Event: 3893.086 Thread 0x000000001e7e4800 nmethod 29333 0x000000000388c450 code [0x000000000388c5a0, 0x000000000388c6b0]
Event: 3894.776 Thread 0x000000001e7b5000 29334       4       ro.sync.syntaxhighlight.cb::o (204 bytes)
Event: 3894.780 Thread 0x000000001e7b5000 nmethod 29334 0x000000000388bd10 code [0x000000000388be80, 0x000000000388c0a8]
Event: 3895.318 Thread 0x000000001e7e4800 29335   !   3       java.util.Timer::sched (158 bytes)
Event: 3895.319 Thread 0x000000001e7e4800 nmethod 29335 0x0000000003860e90 code [0x00000000038610a0, 0x0000000003861ba8]

GC Heap History (10 events):
Event: 3309.580 GC heap before
{Heap before GC invocations=72 (full 4):
 PSYoungGen      total 137728K, used 137353K [0x000000076cb00000, 0x000000077a600000, 0x00000007c0000000)
  eden space 126976K, 100% used [0x000000076cb00000,0x0000000774700000,0x0000000774700000)
  from space 10752K, 96% used [0x0000000774800000,0x00000007752226f0,0x0000000775280000)
  to   space 48640K, 0% used [0x0000000777680000,0x0000000777680000,0x000000077a600000)
 ParOldGen       total 620032K, used 233432K [0x00000006c6000000, 0x00000006ebd80000, 0x000000076cb00000)
  object space 620032K, 37% used [0x00000006c6000000,0x00000006d43f60a8,0x00000006ebd80000)
 Metaspace       used 111958K, capacity 113138K, committed 114048K, reserved 1146880K
  class space    used 16913K, capacity 17184K, committed 17280K, reserved 1048576K
Event: 3309.590 GC heap after
Heap after GC invocations=72 (full 4):
 PSYoungGen      total 169472K, used 10717K [0x000000076cb00000, 0x000000077a100000, 0x00000007c0000000)
  eden space 125952K, 0% used [0x000000076cb00000,0x000000076cb00000,0x0000000774600000)
  from space 43520K, 24% used [0x0000000777680000,0x00000007780f75e8,0x000000077a100000)
  to   space 46592K, 0% used [0x0000000774600000,0x0000000774600000,0x0000000777380000)
 ParOldGen       total 620032K, used 233584K [0x00000006c6000000, 0x00000006ebd80000, 0x000000076cb00000)
  object space 620032K, 37% used [0x00000006c6000000,0x00000006d441c0a8,0x00000006ebd80000)
 Metaspace       used 111958K, capacity 113138K, committed 114048K, reserved 1146880K
  class space    used 16913K, capacity 17184K, committed 17280K, reserved 1048576K
}
Event: 3325.594 GC heap before
{Heap before GC invocations=73 (full 4):
 PSYoungGen      total 169472K, used 136669K [0x000000076cb00000, 0x000000077a100000, 0x00000007c0000000)
  eden space 125952K, 100% used [0x000000076cb00000,0x0000000774600000,0x0000000774600000)
  from space 43520K, 24% used [0x0000000777680000,0x00000007780f75e8,0x000000077a100000)
  to   space 46592K, 0% used [0x0000000774600000,0x0000000774600000,0x0000000777380000)
 ParOldGen       total 620032K, used 233630K [0x00000006c6000000, 0x00000006ebd80000, 0x000000076cb00000)
  object space 620032K, 37% used [0x00000006c6000000,0x00000006d44278e0,0x00000006ebd80000)
 Metaspace       used 111965K, capacity 113138K, committed 114048K, reserved 1146880K
  class space    used 16913K, capacity 17184K, committed 17280K, reserved 1048576K
Event: 3325.603 GC heap after
Heap after GC invocations=73 (full 4):
 PSYoungGen      total 135680K, used 10467K [0x000000076cb00000, 0x0000000779d00000, 0x00000007c0000000)
  eden space 124928K, 0% used [0x000000076cb00000,0x000000076cb00000,0x0000000774500000)
  from space 10752K, 97% used [0x0000000774600000,0x0000000775038d00,0x0000000775080000)
  to   space 45056K, 0% used [0x0000000777100000,0x0000000777100000,0x0000000779d00000)
 ParOldGen       total 620032K, used 233718K [0x00000006c6000000, 0x00000006ebd80000, 0x000000076cb00000)
  object space 620032K, 37% used [0x00000006c6000000,0x00000006d443d8e0,0x00000006ebd80000)
 Metaspace       used 111965K, capacity 113138K, committed 114048K, reserved 1146880K
  class space    used 16913K, capacity 17184K, committed 17280K, reserved 1048576K
}
Event: 3835.068 GC heap before
{Heap before GC invocations=74 (full 4):
 PSYoungGen      total 135680K, used 135395K [0x000000076cb00000, 0x0000000779d00000, 0x00000007c0000000)
  eden space 124928K, 100% used [0x000000076cb00000,0x0000000774500000,0x0000000774500000)
  from space 10752K, 97% used [0x0000000774600000,0x0000000775038d00,0x0000000775080000)
  to   space 45056K, 0% used [0x0000000777100000,0x0000000777100000,0x0000000779d00000)
 ParOldGen       total 620032K, used 233723K [0x00000006c6000000, 0x00000006ebd80000, 0x000000076cb00000)
  object space 620032K, 37% used [0x00000006c6000000,0x00000006d443ece0,0x00000006ebd80000)
 Metaspace       used 112009K, capacity 113250K, committed 114048K, reserved 1146880K
  class space    used 16918K, capacity 17192K, committed 17280K, reserved 1048576K
Event: 3835.078 GC heap after
Heap after GC invocations=74 (full 4):
 PSYoungGen      total 163840K, used 11267K [0x000000076cb00000, 0x0000000779800000, 0x00000007c0000000)
  eden space 123904K, 0% used [0x000000076cb00000,0x000000076cb00000,0x0000000774400000)
  from space 39936K, 28% used [0x0000000777100000,0x0000000777c00d00,0x0000000779800000)
  to   space 43008K, 0% used [0x0000000774400000,0x0000000774400000,0x0000000776e00000)
 ParOldGen       total 620032K, used 233787K [0x00000006c6000000, 0x00000006ebd80000, 0x000000076cb00000)
  object space 620032K, 37% used [0x00000006c6000000,0x00000006d444ece0,0x00000006ebd80000)
 Metaspace       used 112009K, capacity 113250K, committed 114048K, reserved 1146880K
  class space    used 16918K, capacity 17192K, committed 17280K, reserved 1048576K
}
Event: 3862.432 GC heap before
{Heap before GC invocations=75 (full 4):
 PSYoungGen      total 163840K, used 135171K [0x000000076cb00000, 0x0000000779800000, 0x00000007c0000000)
  eden space 123904K, 100% used [0x000000076cb00000,0x0000000774400000,0x0000000774400000)
  from space 39936K, 28% used [0x0000000777100000,0x0000000777c00d00,0x0000000779800000)
  to   space 43008K, 0% used [0x0000000774400000,0x0000000774400000,0x0000000776e00000)
 ParOldGen       total 620032K, used 233787K [0x00000006c6000000, 0x00000006ebd80000, 0x000000076cb00000)
  object space 620032K, 37% used [0x00000006c6000000,0x00000006d444ece0,0x00000006ebd80000)
 Metaspace       used 112046K, capacity 113256K, committed 114048K, reserved 1146880K
  class space    used 16918K, capacity 17193K, committed 17280K, reserved 1048576K
Event: 3862.439 GC heap after
Heap after GC invocations=75 (full 4):
 PSYoungGen      total 132096K, used 9100K [0x000000076cb00000, 0x0000000779400000, 0x00000007c0000000)
  eden space 122880K, 0% used [0x000000076cb00000,0x000000076cb00000,0x0000000774300000)
  from space 9216K, 98% used [0x0000000774400000,0x0000000774ce33b8,0x0000000774d00000)
  to   space 41472K, 0% used [0x0000000776b80000,0x0000000776b80000,0x0000000779400000)
 ParOldGen       total 620032K, used 234355K [0x00000006c6000000, 0x00000006ebd80000, 0x000000076cb00000)
  object space 620032K, 37% used [0x00000006c6000000,0x00000006d44dcd00,0x00000006ebd80000)
 Metaspace       used 112046K, capacity 113256K, committed 114048K, reserved 1146880K
  class space    used 16918K, capacity 17193K, committed 17280K, reserved 1048576K
}
Event: 3893.700 GC heap before
{Heap before GC invocations=76 (full 4):
 PSYoungGen      total 132096K, used 131980K [0x000000076cb00000, 0x0000000779400000, 0x00000007c0000000)
  eden space 122880K, 100% used [0x000000076cb00000,0x0000000774300000,0x0000000774300000)
  from space 9216K, 98% used [0x0000000774400000,0x0000000774ce33b8,0x0000000774d00000)
  to   space 41472K, 0% used [0x0000000776b80000,0x0000000776b80000,0x0000000779400000)
 ParOldGen       total 620032K, used 234355K [0x00000006c6000000, 0x00000006ebd80000, 0x000000076cb00000)
  object space 620032K, 37% used [0x00000006c6000000,0x00000006d44dcd00,0x00000006ebd80000)
 Metaspace       used 112159K, capacity 113416K, committed 114048K, reserved 1146880K
  class space    used 16926K, capacity 17225K, committed 17280K, reserved 1048576K
Event: 3893.706 GC heap after
Heap after GC invocations=76 (full 4):
 PSYoungGen      total 160256K, used 8309K [0x000000076cb00000, 0x0000000779100000, 0x00000007c0000000)
  eden space 121856K, 0% used [0x000000076cb00000,0x000000076cb00000,0x0000000774200000)
  from space 38400K, 21% used [0x0000000776b80000,0x000000077739d408,0x0000000779100000)
  to   space 40448K, 0% used [0x0000000774200000,0x0000000774200000,0x0000000776980000)
 ParOldGen       total 620032K, used 235683K [0x00000006c6000000, 0x00000006ebd80000, 0x000000076cb00000)
  object space 620032K, 38% used [0x00000006c6000000,0x00000006d4628cb0,0x00000006ebd80000)
 Metaspace       used 112159K, capacity 113416K, committed 114048K, reserved 1146880K
  class space    used 16926K, capacity 17225K, committed 17280K, reserved 1048576K
}

Deoptimization events (10 events):
Event: 3882.590 Thread 0x000000002201b000 Uncommon trap: reason=unstable_if action=reinterpret pc=0x0000000007d599cc method=ro.sync.ui.g.f.o(ILjava/lang/String;Ljava/util/ArrayList;)V @ 37
Event: 3882.591 Thread 0x000000002201b000 Uncommon trap: reason=unstable_if action=reinterpret pc=0x00000000088a2c0c method=javax.swing.text.html.HTMLEditorKit$HTMLFactory.create(Ljavax/swing/text/Element;)Ljavax/swing/text/View; @ 441
Event: 3882.600 Thread 0x000000002201b000 Uncommon trap: reason=unstable_if action=reinterpret pc=0x0000000004db84bc method=javax.swing.text.BoxView.preferenceChanged(Ljavax/swing/text/View;ZZ)V @ 4
Event: 3882.600 Thread 0x000000002201b000 Uncommon trap: reason=unstable_if action=reinterpret pc=0x00000000073be738 method=javax.swing.text.html.CSS.translateHTMLToCSS(Ljavax/swing/text/AttributeSet;)Ljavax/swing/text/AttributeSet; @ 25
Event: 3882.608 Thread 0x000000002201b000 Uncommon trap: reason=unstable_if action=reinterpret pc=0x000000000428ca10 method=javax.swing.text.html.BlockView.spanSetFromAttributes(ILjavax/swing/SizeRequirements;Ljavax/swing/text/html/CSS$LengthValue;Ljavax/swing/text/html/CSS$LengthValue;)Z @ 5
Event: 3882.608 Thread 0x000000002201b000 Uncommon trap: reason=bimorphic action=maybe_recompile pc=0x0000000003bae9fc method=javax.swing.text.html.ParagraphView.isVisible()Z @ 21
Event: 3882.610 Thread 0x000000002201b000 Uncommon trap: reason=bimorphic action=maybe_recompile pc=0x0000000003bae9fc method=javax.swing.text.html.ParagraphView.isVisible()Z @ 21
Event: 3882.610 Thread 0x000000002201b000 Uncommon trap: reason=bimorphic action=maybe_recompile pc=0x0000000003bae9fc method=javax.swing.text.html.ParagraphView.isVisible()Z @ 21
Event: 3882.610 Thread 0x000000002201b000 Uncommon trap: reason=bimorphic action=maybe_recompile pc=0x0000000003bae9fc method=javax.swing.text.html.ParagraphView.isVisible()Z @ 21
Event: 3884.246 Thread 0x000000002201b000 Uncommon trap: reason=unstable_if action=reinterpret pc=0x000000000824b880 method=java.util.TaskQueue.add(Ljava/util/TimerTask;)V @ 11

Classes redefined (0 events):
No events

Internal exceptions (10 events):
Event: 3863.507 Thread 0x000000002201b000 Exception <a 'java/lang/ClassCastException': java.awt.font.StyledParagraph cannot be cast to java.awt.font.ShapeGraphicAttribute> (0x000000076d091480) thrown at [C:\re\workspace\8-2-build-windows-amd64-cygwin\jdk8u202\12323\hotspot\src\share\vm\interprete
Event: 3864.778 Thread 0x000000002201b000 Exception <a 'java/lang/ClassCastException': java.awt.Font cannot be cast to java.awt.font.ShapeGraphicAttribute> (0x000000076d143df0) thrown at [C:\re\workspace\8-2-build-windows-amd64-cygwin\jdk8u202\12323\hotspot\src\share\vm\interpreter\interpreterRun
Event: 3864.778 Thread 0x000000002201b000 Exception <a 'java/lang/ClassCastException': java.awt.font.ShapeGraphicAttribute cannot be cast to java.awt.Font> (0x000000076d144740) thrown at [C:\re\workspace\8-2-build-windows-amd64-cygwin\jdk8u202\12323\hotspot\src\share\vm\interpreter\interpreterRun
Event: 3864.778 Thread 0x000000002201b000 Exception <a 'java/lang/ClassCastException': java.awt.font.StyledParagraph cannot be cast to java.awt.font.ShapeGraphicAttribute> (0x000000076d144c00) thrown at [C:\re\workspace\8-2-build-windows-amd64-cygwin\jdk8u202\12323\hotspot\src\share\vm\interprete
Event: 3864.778 Thread 0x000000002201b000 Exception <a 'java/lang/ClassCastException': java.awt.Font cannot be cast to java.awt.font.ShapeGraphicAttribute> (0x000000076d148200) thrown at [C:\re\workspace\8-2-build-windows-amd64-cygwin\jdk8u202\12323\hotspot\src\share\vm\interpreter\interpreterRun
Event: 3864.778 Thread 0x000000002201b000 Exception <a 'java/lang/ClassCastException': java.awt.font.ShapeGraphicAttribute cannot be cast to java.awt.Font> (0x000000076d148bc0) thrown at [C:\re\workspace\8-2-build-windows-amd64-cygwin\jdk8u202\12323\hotspot\src\share\vm\interpreter\interpreterRun
Event: 3864.778 Thread 0x000000002201b000 Exception <a 'java/lang/ClassCastException': java.awt.font.StyledParagraph cannot be cast to java.awt.font.ShapeGraphicAttribute> (0x000000076d149080) thrown at [C:\re\workspace\8-2-build-windows-amd64-cygwin\jdk8u202\12323\hotspot\src\share\vm\interprete
Event: 3864.779 Thread 0x000000002201b000 Exception <a 'java/lang/ClassCastException': java.awt.Font cannot be cast to java.awt.font.ShapeGraphicAttribute> (0x000000076d14c8f8) thrown at [C:\re\workspace\8-2-build-windows-amd64-cygwin\jdk8u202\12323\hotspot\src\share\vm\interpreter\interpreterRun
Event: 3864.779 Thread 0x000000002201b000 Exception <a 'java/lang/ClassCastException': java.awt.font.ShapeGraphicAttribute cannot be cast to java.awt.Font> (0x000000076d14d248) thrown at [C:\re\workspace\8-2-build-windows-amd64-cygwin\jdk8u202\12323\hotspot\src\share\vm\interpreter\interpreterRun
Event: 3864.779 Thread 0x000000002201b000 Exception <a 'java/lang/ClassCastException': java.awt.font.StyledParagraph cannot be cast to java.awt.font.ShapeGraphicAttribute> (0x000000076d14d708) thrown at [C:\re\workspace\8-2-build-windows-amd64-cygwin\jdk8u202\12323\hotspot\src\share\vm\interprete

Events (10 events):
Event: 3884.246 Thread 0x000000002201b000 Uncommon trap: trap_request=0xffffff65 fr.pc=0x000000000824b880
Event: 3884.246 Thread 0x000000002201b000 DEOPT PACKING pc=0x000000000824b880 sp=0x0000000024bbd2d0
Event: 3884.246 Thread 0x000000002201b000 DEOPT UNPACKING pc=0x000000000377583b sp=0x0000000024bbd220 mode 2
Event: 3888.526 Thread 0x000000001e7e4800 flushing nmethod 0x0000000003860d10
Event: 3888.526 Thread 0x000000001e7e4800 flushing nmethod 0x000000000388bbd0
Event: 3893.700 Executing VM operation: ParallelGCFailedAllocation
Event: 3893.706 Executing VM operation: ParallelGCFailedAllocation done
Event: 3894.781 Thread 0x000000001e7b5000 flushing nmethod 0x0000000003f06310
Event: 3894.782 Thread 0x000000001e7b5000 flushing nmethod 0x00000000040aec10
Event: 3895.321 Thread 0x000000001e7e4800 flushing nmethod 0x00000000044a4310


Dynamic libraries:
0x00007ff7de890000 - 0x00007ff7de93f000 	C:\Program Files\Oxygen XML Author 21\oxygenAuthor21.1.exe
0x00007fffea2a0000 - 0x00007fffea490000 	C:\WINDOWS\SYSTEM32\ntdll.dll
0x00007fffe8bc0000 - 0x00007fffe8c72000 	C:\WINDOWS\System32\KERNEL32.DLL
0x00007fffe7a50000 - 0x00007fffe7cf3000 	C:\WINDOWS\System32\KERNELBASE.dll
0x0000000065350000 - 0x00000000653e5000 	C:\WINDOWS\System32\SYSFER.DLL
0x00007fffe9890000 - 0x00007fffe9933000 	C:\WINDOWS\System32\ADVAPI32.dll
0x00007fffe8f30000 - 0x00007fffe8fce000 	C:\WINDOWS\System32\msvcrt.dll
0x00007fffe9970000 - 0x00007fffe9a07000 	C:\WINDOWS\System32\sechost.dll
0x00007fffe9450000 - 0x00007fffe9570000 	C:\WINDOWS\System32\RPCRT4.dll
0x00007fffc0c00000 - 0x00007fffc0e26000 	C:\WINDOWS\system32\ctiuser.dll
0x00007fffe8c80000 - 0x00007fffe8e14000 	C:\WINDOWS\System32\USER32.dll
0x00007fffe7d60000 - 0x00007fffe7d81000 	C:\WINDOWS\System32\win32u.dll
0x00007fffe9f90000 - 0x00007fffe9fb6000 	C:\WINDOWS\System32\GDI32.dll
0x00007fffe81b0000 - 0x00007fffe8344000 	C:\WINDOWS\System32\gdi32full.dll
0x00007fffe7230000 - 0x00007fffe72ce000 	C:\WINDOWS\System32\msvcp_win.dll
0x00007fffe7db0000 - 0x00007fffe7eaa000 	C:\WINDOWS\System32\ucrtbase.dll
0x00007fffe9fc0000 - 0x00007fffea116000 	C:\WINDOWS\System32\ole32.dll
0x00007fffe9110000 - 0x00007fffe9446000 	C:\WINDOWS\System32\combase.dll
0x00007fffe8100000 - 0x00007fffe8180000 	C:\WINDOWS\System32\bcryptPrimitives.dll
0x00007fffe9820000 - 0x00007fffe9828000 	C:\WINDOWS\System32\PSAPI.DLL
0x00007fffdae90000 - 0x00007fffdae9a000 	C:\WINDOWS\SYSTEM32\FLTLIB.DLL
0x00007fffe9940000 - 0x00007fffe996e000 	C:\WINDOWS\System32\IMM32.DLL
0x0000000068000000 - 0x000000006805e000 	C:\WINDOWS\System32\QIPCAP64.dll
0x00007fffe8350000 - 0x00007fffe8a35000 	C:\WINDOWS\System32\SHELL32.dll
0x00007fffe7eb0000 - 0x00007fffe7efa000 	C:\WINDOWS\System32\cfgmgr32.dll
0x00007fffe8e20000 - 0x00007fffe8ec9000 	C:\WINDOWS\System32\shcore.dll
0x00007fffe72d0000 - 0x00007fffe7a4f000 	C:\WINDOWS\System32\windows.storage.dll
0x00007fffe71c0000 - 0x00007fffe71df000 	C:\WINDOWS\System32\profapi.dll
0x00007fffe71e0000 - 0x00007fffe722a000 	C:\WINDOWS\System32\powrprof.dll
0x00007fffe7170000 - 0x00007fffe7180000 	C:\WINDOWS\System32\UMPDC.dll
0x00007fffe8ed0000 - 0x00007fffe8f22000 	C:\WINDOWS\System32\shlwapi.dll
0x00007fffe71a0000 - 0x00007fffe71b1000 	C:\WINDOWS\System32\kernel.appcore.dll
0x00007fffe7d90000 - 0x00007fffe7da7000 	C:\WINDOWS\System32\cryptsp.dll
0x00007fffe6740000 - 0x00007fffe680a000 	C:\WINDOWS\SYSTEM32\DNSAPI.dll
0x00007fffe9600000 - 0x00007fffe966f000 	C:\WINDOWS\System32\WS2_32.dll
0x00007fffe8b10000 - 0x00007fffe8b18000 	C:\WINDOWS\System32\NSI.dll
0x00007fffe66f0000 - 0x00007fffe672a000 	C:\WINDOWS\SYSTEM32\IPHLPAPI.DLL
0x00007fffd5a40000 - 0x00007fffd5cc5000 	C:\WINDOWS\WinSxS\amd64_microsoft.windows.common-controls_6595b64144ccf1df_6.0.18362.592_none_e6c0b1911312be02\comctl32.dll
0x0000000062590000 - 0x0000000062e35000 	c:\program files\oxygen xml author 21\jre\bin\server\jvm.dll
0x00007fffd6510000 - 0x00007fffd6519000 	C:\WINDOWS\SYSTEM32\WSOCK32.dll
0x00007fffd87b0000 - 0x00007fffd87d4000 	C:\WINDOWS\SYSTEM32\WINMM.dll
0x00007fffdfe60000 - 0x00007fffdfe6a000 	C:\WINDOWS\SYSTEM32\VERSION.dll
0x00000000624b0000 - 0x0000000062582000 	C:\WINDOWS\SYSTEM32\MSVCR100.dll
0x00007fffd9ad0000 - 0x00007fffd9afd000 	C:\WINDOWS\SYSTEM32\WINMMBASE.dll
0x00007fffdc430000 - 0x00007fffdc43f000 	c:\program files\oxygen xml author 21\jre\bin\verify.dll
0x00007fffd7860000 - 0x00007fffd7889000 	c:\program files\oxygen xml author 21\jre\bin\java.dll
0x00007fffdc240000 - 0x00007fffdc256000 	c:\program files\oxygen xml author 21\jre\bin\zip.dll
0x0000000180000000 - 0x0000000180032000 	C:\Program Files\Oxygen XML Author 21\.install4j\i4jinst.dll
0x00007fffe8a40000 - 0x00007fffe8b04000 	C:\WINDOWS\System32\OLEAUT32.dll
0x00007fffd7b80000 - 0x00007fffd7b8d000 	C:\Program Files\Oxygen XML Author 21\jre\bin\management.dll
0x00007fffd71a0000 - 0x00007fffd71c6000 	C:\Program Files\Oxygen XML Author 21\jre\bin\JavaAccessBridge-64.dll
0x00007fffa1890000 - 0x00007fffa1a29000 	C:\Program Files\Oxygen XML Author 21\jre\bin\awt.dll
0x00007fffe4800000 - 0x00007fffe488f000 	C:\WINDOWS\SYSTEM32\apphelp.dll
0x00007fffe53e0000 - 0x00007fffe5479000 	C:\WINDOWS\system32\uxtheme.dll
0x00007fffe8fd0000 - 0x00007fffe9105000 	C:\WINDOWS\System32\MSCTF.dll
0x00007fffe5660000 - 0x00007fffe568d000 	C:\WINDOWS\system32\DWMAPI.DLL
0x00007fffb63c0000 - 0x00007fffb6516000 	C:\WINDOWS\system32\opengl32.dll
0x00007fffb91d0000 - 0x00007fffb91fc000 	C:\WINDOWS\SYSTEM32\GLU32.dll
0x00007fffe5de0000 - 0x00007fffe5e00000 	C:\WINDOWS\SYSTEM32\dxcore.dll
0x00007fffe6550000 - 0x00007fffe6583000 	C:\WINDOWS\system32\rsaenh.dll
0x00007fffe8180000 - 0x00007fffe81a6000 	C:\WINDOWS\System32\bcrypt.dll
0x00007fffe7090000 - 0x00007fffe70b5000 	C:\WINDOWS\SYSTEM32\USERENV.dll
0x00007fffe6bb0000 - 0x00007fffe6bbc000 	C:\WINDOWS\SYSTEM32\CRYPTBASE.dll
0x00007fffd6920000 - 0x00007fffd693a000 	C:\Program Files\Oxygen XML Author 21\jre\bin\net.dll
0x00007fffd90f0000 - 0x00007fffd92c6000 	C:\WINDOWS\SYSTEM32\urlmon.dll
0x00007fffdc6c0000 - 0x00007fffdc966000 	C:\WINDOWS\SYSTEM32\iertutil.dll
0x00007fffe69e0000 - 0x00007fffe6a47000 	C:\WINDOWS\system32\mswsock.dll
0x00007fffe1740000 - 0x00007fffe1756000 	C:\WINDOWS\SYSTEM32\dhcpcsvc6.DLL
0x00007fffe1720000 - 0x00007fffe173c000 	C:\WINDOWS\SYSTEM32\dhcpcsvc.DLL
0x00007fffd6840000 - 0x00007fffd6852000 	C:\Program Files\Oxygen XML Author 21\jre\bin\nio.dll
0x0000000020f00000 - 0x0000000020f38000 	C:\Program Files\Oxygen XML Author 21\lib\com\sun\jna\win32-x86-64\jnidispatch.dll
0x00007fffcb890000 - 0x00007fffcb8d7000 	C:\Program Files\Oxygen XML Author 21\jre\bin\fontmanager.dll
0x00007fffc94c0000 - 0x00007fffc955e000 	C:\WINDOWS\System32\TextInputFramework.dll
0x00007fffcb180000 - 0x00007fffcb4aa000 	C:\WINDOWS\System32\CoreUIComponents.dll
0x00007fffe4d00000 - 0x00007fffe4dd4000 	C:\WINDOWS\System32\CoreMessaging.dll
0x00007fffe61d0000 - 0x00007fffe6201000 	C:\WINDOWS\SYSTEM32\ntmarta.dll
0x00007fffe19a0000 - 0x00007fffe1af3000 	C:\WINDOWS\SYSTEM32\wintypes.dll
0x00007fffcb680000 - 0x00007fffcb6c2000 	C:\Program Files\Oxygen XML Author 21\jre\bin\t2k.dll
0x00007fffd67d0000 - 0x00007fffd67fa000 	C:\Program Files\Oxygen XML Author 21\jre\bin\dcpr.dll
0x0000000003600000 - 0x0000000003617000 	C:\Program Files\Oxygen XML Author 21\lib\WindowsNativeHelper64.dll
0x00007fffea120000 - 0x00007fffea1f0000 	C:\WINDOWS\System32\comdlg32.dll
0x00007fffda090000 - 0x00007fffda139000 	C:\WINDOWS\WinSxS\amd64_microsoft.windows.common-controls_6595b64144ccf1df_5.82.18362.592_none_2a2c5e32466583af\comctl32.dll
0x00007fffd0590000 - 0x00007fffd05a6000 	C:\WINDOWS\system32\napinsp.dll
0x00007fffd0570000 - 0x00007fffd058a000 	C:\WINDOWS\system32\pnrpnsp.dll
0x00007fffd37f0000 - 0x00007fffd37fe000 	C:\WINDOWS\System32\winrnr.dll
0x00007fffe4e40000 - 0x00007fffe4e5c000 	C:\WINDOWS\system32\NLAapi.dll
0x00007fffd0550000 - 0x00007fffd0565000 	C:\WINDOWS\system32\wshbth.dll
0x00007fffe1bf0000 - 0x00007fffe1c67000 	C:\WINDOWS\System32\fwpuclnt.dll
0x00007fffdef00000 - 0x00007fffdef0a000 	C:\Windows\System32\rasadhlp.dll
0x0000000023400000 - 0x0000000023478000 	\\?\C:\PROGRA~1\OXYGEN~1\lib\hunspell\HUNSPE~2.DLL
0x0000000026640000 - 0x00000000266e2000 	C:\WINDOWS\System32\clbcatq.dll
0x00007fffcaf40000 - 0x00007fffcb0ef000 	C:\WINDOWS\SYSTEM32\WindowsCodecs.dll
0x00007fffb6080000 - 0x00007fffb60ba000 	C:\WINDOWS\system32\dataexchange.dll
0x00007fffe3d80000 - 0x00007fffe3fdb000 	C:\WINDOWS\system32\d3d11.dll
0x00007fffe4350000 - 0x00007fffe452b000 	C:\WINDOWS\system32\dcomp.dll
0x00007fffe5e70000 - 0x00007fffe5f5b000 	C:\WINDOWS\system32\dxgi.dll
0x00007fffe50c0000 - 0x00007fffe531a000 	C:\WINDOWS\system32\twinapi.appcore.dll
0x00007fffe5740000 - 0x00007fffe5769000 	C:\WINDOWS\system32\RMCLIENT.dll
0x00007fffe4c10000 - 0x00007fffe4cff000 	C:\WINDOWS\system32\propsys.dll
0x00007fffabb60000 - 0x00007fffabd13000 	C:\WINDOWS\SYSTEM32\DUI70.dll
0x00007fffdc1a0000 - 0x00007fffdc233000 	C:\WINDOWS\SYSTEM32\DUser.dll
0x00007fffb5c00000 - 0x00007fffb5c5e000 	C:\Windows\System32\thumbcache.dll
0x00007fffe0610000 - 0x00007fffe0696000 	C:\WINDOWS\SYSTEM32\policymanager.dll
0x00007fffe02f0000 - 0x00007fffe037a000 	C:\WINDOWS\SYSTEM32\msvcp110_win.dll
0x00007fffc3170000 - 0x00007fffc3328000 	C:\Windows\System32\Windows.Globalization.dll
0x00007fffc7b60000 - 0x00007fffc7bbd000 	C:\Windows\System32\Bcp47Langs.dll
0x00007fffc4b90000 - 0x00007fffc4bc0000 	C:\Windows\System32\bcp47mrm.dll
0x00007fffe1920000 - 0x00007fffe1945000 	C:\WINDOWS\SYSTEM32\globinputhost.dll
0x00007fffc2750000 - 0x00007fffc2773000 	C:\WINDOWS\SYSTEM32\edputil.dll
0x00007fffe4a20000 - 0x00007fffe4ac8000 	C:\WINDOWS\System32\StructuredQuery.dll
0x00007fffbc0c0000 - 0x00007fffbc0cd000 	C:\WINDOWS\SYSTEM32\atlthunk.dll
0x00007fffb2df0000 - 0x00007fffb2ead000 	C:\WINDOWS\system32\Windows.Storage.Search.dll
0x00007fffcbc60000 - 0x00007fffcbd95000 	C:\Windows\System32\Windows.StateRepositoryPS.dll
0x00007fffd89b0000 - 0x00007fffd8a15000 	C:\Windows\System32\oleacc.dll
0x00007fffcba30000 - 0x00007fffcba50000 	C:\WINDOWS\SYSTEM32\CLDAPI.dll
0x00007fffe7060000 - 0x00007fffe708f000 	C:\WINDOWS\SYSTEM32\SspiCli.dll
0x00007fffd5a20000 - 0x00007fffd5a3b000 	C:\WINDOWS\SYSTEM32\MPR.dll
0x00007fffe3800000 - 0x00007fffe380b000 	C:\WINDOWS\System32\drprov.dll
0x00007fffe6320000 - 0x00007fffe637c000 	C:\WINDOWS\System32\WINSTA.dll
0x00007fffe37e0000 - 0x00007fffe37f5000 	C:\WINDOWS\System32\ntlanman.dll
0x00007fffa16f0000 - 0x00007fffa170d000 	C:\WINDOWS\System32\davclnt.dll
0x00007fffbdf90000 - 0x00007fffbdf9c000 	C:\WINDOWS\System32\DAVHLPR.dll
0x00007fffe0720000 - 0x00007fffe0737000 	C:\WINDOWS\System32\wkscli.dll
0x00007fffcb530000 - 0x00007fffcb542000 	C:\WINDOWS\SYSTEM32\cscapi.dll
0x00007fffe6730000 - 0x00007fffe673c000 	C:\WINDOWS\System32\netutils.dll
0x00007fffe9580000 - 0x00007fffe95f6000 	C:\WINDOWS\System32\coml2.dll
0x00007fffe1990000 - 0x00007fffe199d000 	C:\WINDOWS\SYSTEM32\LINKINFO.dll
0x00007fffe36f0000 - 0x00007fffe3743000 	C:\Windows\System32\dlnashext.dll

VM Arguments:
jvm_args: -Dexe4j.semaphoreName=Local\c:_program_files_oxygen_xml_author_21_oxygenauthor21.1.exe -Dexe4j.isInstall4j=true -Dexe4j.moduleName=C:\Program Files\Oxygen XML Author 21\oxygenAuthor21.1.exe -Dexe4j.tempDir= -Dexe4j.unextractedPosition=0 -Djava.library.path=c:\program files\oxygen xml author 21\jre\bin;C:\Program Files\Oxygen XML Author 21\.\jre\bin;C:\Program Files (x86)\Common Files\Oracle\Java\javapath;C:\WINDOWS\system32;C:\WINDOWS;C:\WINDOWS\System32\Wbem;C:\WINDOWS\System32\WindowsPowerShell\v1.0\;C:\WINDOWS\System32\OpenSSH\;C:\Program Files\Git\cmd;C:\Program Files (x86)\HCL\SafeLinx Client\;C:\Program Files\Intel\WiFi\bin\;C:\Program Files\Common Files\Intel\WirelessCommon\;C:\Program Files (x86)\ooRexx;C:\DITATools\IDWB\bin;C:\Program Files\Amazon\AWSCLI\bin\;C:\Users\rebecca.nethala\dita-otv-0.1.7\dita-ot\bin;C:\Users\rebecca.nethala\AppData\Local\GitHubDesktop\bin;C:\Users\rebecca.nethala\AppData\Local\Programs\Microsoft VS Code\bin -Dexe4j.consoleCodepage=cp0 -Dcom.oxygenxml.app.descriptor=ro.sync.exml.AuthorFrameDescriptor -XX:-OmitStackTraceInFastThrow -XX:SoftRefLRUPolicyMSPerMB=10 -Dsun.java2d.noddraw=true -Dsun.awt.nopixfmt=true -Dsun.java2d.dpiaware=true -Djava.net.preferIPv4Stack=true -Dsun.awt.keepWorkingSetOnMinimize=true -Dinstall4j.launcherId=19 -Dinstall4j.swt=false -Xmx4000m -Dcom.oxygenxml.language=English -XX:+UseParallelGC -XX:ErrorFile=C:\Users\REBECC~1.NET\AppData\Local\Temp\/oxy_jvm_crash.log -XX:OnError="C:\Program Files\Oxygen XML Author 21/rp.exe" 
java_command: C:\Program Files\Oxygen XML Author 21\oxygenAuthor21.1.exe
java_class_path (initial): C:\Program Files\Oxygen XML Author 21\.install4j\i4jruntime.jar;C:\Program Files\Oxygen XML Author 21\.\lib\oxygenAuthor.jar;C:\Program Files\Oxygen XML Author 21\.\lib\oxygen-basic-utilities.jar
Launcher Type: generic

Environment Variables:
PATH=c:\program files\oxygen xml author 21\jre\bin;C:\Program Files\Oxygen XML Author 21\.\jre\bin;C:\Program Files (x86)\Common Files\Oracle\Java\javapath;C:\WINDOWS\system32;C:\WINDOWS;C:\WINDOWS\System32\Wbem;C:\WINDOWS\System32\WindowsPowerShell\v1.0\;C:\WINDOWS\System32\OpenSSH\;C:\Program Files\Git\cmd;C:\Program Files (x86)\HCL\SafeLinx Client\;C:\Program Files\Intel\WiFi\bin\;C:\Program Files\Common Files\Intel\WirelessCommon\;C:\Program Files (x86)\ooRexx;C:\DITATools\IDWB\bin;C:\Program Files\Amazon\AWSCLI\bin\;C:\Users\rebecca.nethala\dita-otv-0.1.7\dita-ot\bin;C:\Users\rebecca.nethala\AppData\Local\GitHubDesktop\bin;C:\Users\rebecca.nethala\AppData\Local\Programs\Microsoft VS Code\bin
USERNAME=rebecca.nethala
OS=Windows_NT
PROCESSOR_IDENTIFIER=Intel64 Family 6 Model 158 Stepping 10, GenuineIntel



---------------  S Y S T E M  ---------------

OS: Windows 10.0 , 64 bit Build 18362 (10.0.18362.329)

CPU:total 12 (initial active 12) (6 cores per cpu, 2 threads per core) family 6 model 158 stepping 10, cmov, cx8, fxsr, mmx, sse, sse2, sse3, ssse3, sse4.1, sse4.2, popcnt, avx, avx2, aes, clmul, erms, 3dnowpref, lzcnt, ht, tsc, tscinvbit, bmi1, bmi2, adx

Memory: 4k page, physical 33282592k(17442376k free), swap 66837024k(42674340k free)

vm_info: Java HotSpot(TM) 64-Bit Server VM (25.202-b08) for windows-amd64 JRE (1.8.0_202-b08), built on Dec 15 2018 19:54:30 by "java_re" with MS VC++ 10.0 (VS2010)

time: Tue Sep 22 17:40:02 2020
timezone: India Standard Time
elapsed time: 3922 seconds (0d 1h 5m 22s)

