#
# A fatal error has been detected by the Java Runtime Environment:
#
#  EXCEPTION_ACCESS_VIOLATION (0xc0000005) at pc=0x000000006209fead, pid=23508, tid=0x0000000000001d80
#
# JRE version: Java(TM) SE Runtime Environment (8.0_202-b08) (build 1.8.0_202-b08)
# Java VM: Java HotSpot(TM) 64-Bit Server VM (25.202-b08 mixed mode windows-amd64 compressed oops)
# Problematic frame:
# V  [jvm.dll+0x14fead]
#
# Failed to write core dump. Minidumps are not enabled by default on client versions of Windows
#
# If you would like to submit a bug report, please visit:
#   http://bugreport.java.com/bugreport/crash.jsp
#

---------------  T H R E A D  ---------------

Current thread (0x0000000020244800):  JavaThread "AWT-Windows" daemon [_thread_in_vm, id=7552, stack(0x0000000020990000,0x0000000020a90000)]

siginfo: ExceptionCode=0xc0000005, reading address 0x0000000000000000

Registers:
RAX=0x0000000000000000, RBX=0x0000000020244800, RCX=0x0000000000000480, RDX=0x00000000232a4f48
RSP=0x0000000020a8ec70, RBP=0x0000000020a8ed68, RSI=0x0000000000000000, RDI=0x00000000202449f8
R8 =0x0000000000000000, R9 =0x0000000020a8ed68, R10=0x00000000018c0d60, R11=0x0000000000000000
R12=0x00000000232a4f48, R13=0x0000000000000308, R14=0x00000000001a2716, R15=0x0000000000000000
RIP=0x000000006209fead, EFLAGS=0x0000000000010246

Top of Stack: (sp=0x0000000020a8ec70)
0x0000000020a8ec70:   0000000020a8eeb8 0000000000000308
0x0000000020a8ec80:   0000000000000001 00007ffcb25dd39d
0x0000000020a8ec90:   0000000020a8eeb8 ffffffff00000000
0x0000000020a8eca0:   0000000000000000 fffffffffffffffe
0x0000000020a8ecb0:   0000000000000001 00007ffcb25de279
0x0000000020a8ecc0:   0000000020244800 0000000000000000
0x0000000020a8ecd0:   0000000000000000 0000000000000001
0x0000000020a8ece0:   fffffffffffffffe 000000006209731f
0x0000000020a8ecf0:   0000000020a8ee98 00007ffd139336ca
0x0000000020a8ed00:   0000000000b85000 0000000000030000
0x0000000020a8ed10:   0000000000000000 00007ffcb2579e28
0x0000000020a8ed20:   0000000000000000 0000000000000000
0x0000000020a8ed30:   0000000000000000 0000000000000000
0x0000000020a8ed40:   00000000202449f8 00007ffcb2599d37
0x0000000020a8ed50:   0000000000000000 0000000000000000
0x0000000020a8ed60:   0000000000000000 0000000000000000 

Instructions: (pc=0x000000006209fead)
0x000000006209fe8d:   00 48 83 7b 08 00 48 89 5c 24 50 48 c7 44 24 58
0x000000006209fe9d:   00 00 00 00 74 0a 48 8d 4c 24 50 e8 03 ef 12 00
0x000000006209fead:   48 8b 06 c7 44 24 40 0e 00 00 00 48 8d 4c 24 70
0x000000006209febd:   48 8b 50 08 0f b7 42 24 48 8b 52 08 48 8b 54 c2 


Register to memory mapping:

RAX=0x0000000000000000 is an unknown value
RBX=0x0000000020244800 is a thread
RCX=0x0000000000000480 is an unknown value
RDX=0x00000000232a4f48 is a global jni handle
RSP=0x0000000020a8ec70 is pointing into the stack for thread: 0x0000000020244800
RBP=0x0000000020a8ed68 is pointing into the stack for thread: 0x0000000020244800
RSI=0x0000000000000000 is an unknown value
RDI=0x00000000202449f8 is an unknown value
R8 =0x0000000000000000 is an unknown value
R9 =0x0000000020a8ed68 is pointing into the stack for thread: 0x0000000020244800
R10=0x00000000018c0d60 is an unknown value
R11=0x0000000000000000 is an unknown value
R12=0x00000000232a4f48 is a global jni handle
R13=0x0000000000000308 is an unknown value
R14=0x00000000001a2716 is an unknown value
R15=0x0000000000000000 is an unknown value


Stack: [0x0000000020990000,0x0000000020a90000],  sp=0x0000000020a8ec70,  free space=1019k
Native frames: (J=compiled Java code, j=interpreted, Vv=VM code, C=native code)
V  [jvm.dll+0x14fead]
C  [awt.dll+0x69e28]
C  [awt.dll+0x89d37]
C  [awt.dll+0xcda3c]
C  [USER32.dll+0x15b6d]
C  [USER32.dll+0x15562]
C  [awt.dll+0xcd32c]
C  [awt.dll+0xcd5db]
C  0x0000000003098c67

Java frames: (J=compiled Java code, j=interpreted, Vv=VM code)
j  sun.awt.windows.WToolkit.eventLoop()V+0
j  sun.awt.windows.WToolkit.run()V+58
j  java.lang.Thread.run()V+11
v  ~StubRoutines::call_stub

---------------  P R O C E S S  ---------------

Java Threads: ( => current thread )
  0x000000002a9b9800 JavaThread "Save project thread" daemon [_thread_blocked, id=32708, stack(0x0000000032d60000,0x0000000032e60000)]
  0x000000002c3e0000 JavaThread "Swing-Shell" daemon [_thread_blocked, id=28752, stack(0x0000000032a30000,0x0000000032b30000)]
  0x000000002c3e3000 JavaThread "Opened editors lock manager" [_thread_blocked, id=12596, stack(0x0000000030710000,0x0000000030810000)]
  0x000000002c3dd000 JavaThread "Detect hyperlinks at caret" daemon [_thread_blocked, id=21844, stack(0x0000000032420000,0x0000000032520000)]
  0x000000002c3db000 JavaThread "Tooltip timer in CC Editor" daemon [_thread_blocked, id=12200, stack(0x0000000032320000,0x0000000032420000)]
  0x000000002c3d8800 JavaThread "Collect project resource thread" daemon [_thread_blocked, id=29684, stack(0x000000002f3d0000,0x000000002f4d0000)]
  0x00000000282c4800 JavaThread "Batik CleanerThread" daemon [_thread_blocked, id=31784, stack(0x0000000000f80000,0x0000000001080000)]
  0x00000000282cc800 JavaThread "pool-8-thread-4" [_thread_blocked, id=27308, stack(0x0000000031a20000,0x0000000031b20000)]
  0x00000000282cc000 JavaThread "pool-8-thread-3" [_thread_blocked, id=27580, stack(0x0000000031920000,0x0000000031a20000)]
  0x00000000282c2000 JavaThread "Show host component tooltip timer" daemon [_thread_blocked, id=1740, stack(0x0000000031820000,0x0000000031920000)]
  0x00000000282c9000 JavaThread "OxygenSingletonChecker-Thread" [_thread_in_native, id=3400, stack(0x000000002e830000,0x000000002e930000)]
  0x00000000282c6800 JavaThread "pool-9-thread-3" [_thread_blocked, id=30128, stack(0x0000000031520000,0x0000000031620000)]
  0x00000000282ca800 JavaThread "pool-9-thread-2" [_thread_blocked, id=29916, stack(0x0000000031320000,0x0000000031420000)]
  0x00000000282c5000 JavaThread "pool-9-thread-1" [_thread_blocked, id=2248, stack(0x0000000031220000,0x0000000031320000)]
  0x00000000282c8000 JavaThread "pool-8-thread-2" [_thread_blocked, id=30040, stack(0x0000000031120000,0x0000000031220000)]
  0x00000000282c9800 JavaThread "pool-8-thread-1" [_thread_blocked, id=32732, stack(0x0000000031020000,0x0000000031120000)]
  0x00000000282c6000 JavaThread "AuthorExtensionBuilder" daemon [_thread_blocked, id=18716, stack(0x000000002ee30000,0x000000002ef30000)]
  0x00000000282c2800 JavaThread "Brackets Highlighter" [_thread_blocked, id=19676, stack(0x000000002eb30000,0x000000002ec30000)]
  0x00000000282c0800 JavaThread "Mark occurrences in current file" daemon [_thread_blocked, id=29440, stack(0x000000002d7d0000,0x000000002d8d0000)]
  0x00000000282c3800 JavaThread "'Save backup info' timer" [_thread_blocked, id=17360, stack(0x000000002d2d0000,0x000000002d3d0000)]
  0x00000000282c1000 JavaThread "pool-7-thread-4" [_thread_blocked, id=23084, stack(0x000000002d1d0000,0x000000002d2d0000)]
  0x00000000215d2000 JavaThread "pool-7-thread-3" [_thread_blocked, id=16968, stack(0x000000002a480000,0x000000002a580000)]
  0x00000000215d1800 JavaThread "pool-7-thread-2" [_thread_blocked, id=31168, stack(0x000000002a130000,0x000000002a230000)]
  0x00000000215d4800 JavaThread "pool-7-thread-1" [_thread_blocked, id=29268, stack(0x0000000028c60000,0x0000000028d60000)]
  0x00000000215d3000 JavaThread "" [_thread_blocked, id=26400, stack(0x0000000028b60000,0x0000000028c60000)]
  0x00000000215d0000 JavaThread "DocumentTypeProviderTimer" daemon [_thread_blocked, id=29564, stack(0x0000000024270000,0x0000000024370000)]
  0x00000000215d6000 JavaThread "DB Sessions Manager fire timer" daemon [_thread_blocked, id=21364, stack(0x0000000027690000,0x0000000027790000)]
  0x00000000215d3800 JavaThread "AutomaticallyValidation" daemon [_thread_blocked, id=22880, stack(0x0000000026f90000,0x0000000027490000)]
  0x00000000215d5000 JavaThread "Autosave" daemon [_thread_blocked, id=25944, stack(0x0000000026e90000,0x0000000026f90000)]
  0x0000000020edc800 JavaThread "TimerQueue" daemon [_thread_blocked, id=26436, stack(0x0000000025910000,0x0000000025a10000)]
  0x000000001e393000 JavaThread "AutomaticallyValidation" daemon [_thread_blocked, id=11808, stack(0x0000000025210000,0x0000000025710000)]
  0x00000000210fe800 JavaThread "Autosave" daemon [_thread_blocked, id=28076, stack(0x0000000025110000,0x0000000025210000)]
  0x0000000020d5d800 JavaThread "AWT-EventQueue-0" [_thread_blocked, id=1668, stack(0x0000000024470000,0x0000000024570000)]
  0x00000000217a9800 JavaThread "AWT-Shutdown" [_thread_blocked, id=4424, stack(0x0000000024370000,0x0000000024470000)]
=>0x0000000020244800 JavaThread "AWT-Windows" daemon [_thread_in_vm, id=7552, stack(0x0000000020990000,0x0000000020a90000)]
  0x0000000020242800 JavaThread "Java2D Disposer" daemon [_thread_blocked, id=24828, stack(0x0000000020790000,0x0000000020890000)]
  0x000000001e1e4800 JavaThread "Service Thread" daemon [_thread_blocked, id=21108, stack(0x000000001fb90000,0x000000001fc90000)]
  0x000000001e165000 JavaThread "C1 CompilerThread3" daemon [_thread_blocked, id=28428, stack(0x000000001fa90000,0x000000001fb90000)]
  0x000000001e154800 JavaThread "C2 CompilerThread2" daemon [_thread_blocked, id=12548, stack(0x000000001f990000,0x000000001fa90000)]
  0x000000001e14f800 JavaThread "C2 CompilerThread1" daemon [_thread_blocked, id=29056, stack(0x000000001f890000,0x000000001f990000)]
  0x000000001e147000 JavaThread "C2 CompilerThread0" daemon [_thread_blocked, id=12380, stack(0x000000001f790000,0x000000001f890000)]
  0x000000001e140800 JavaThread "Attach Listener" daemon [_thread_blocked, id=19144, stack(0x000000001f690000,0x000000001f790000)]
  0x000000001e13f000 JavaThread "Signal Dispatcher" daemon [_thread_blocked, id=3860, stack(0x000000001f590000,0x000000001f690000)]
  0x000000001e133000 JavaThread "Finalizer" daemon [_thread_blocked, id=15568, stack(0x000000001f390000,0x000000001f490000)]
  0x000000000307c800 JavaThread "Reference Handler" daemon [_thread_blocked, id=7088, stack(0x000000001f290000,0x000000001f390000)]
  0x0000000002f83800 JavaThread "main" [_thread_blocked, id=25360, stack(0x0000000000c00000,0x0000000000d00000)]

Other Threads:
  0x000000001ca68000 VMThread [stack: 0x000000001f190000,0x000000001f290000] [id=500]
  0x000000001e201000 WatcherThread [stack: 0x000000001fc90000,0x000000001fd90000] [id=22032]

VM state:not at safepoint (normal execution)

VM Mutex/Monitor currently owned by a thread: None

heap address: 0x00000006c6000000, size: 4000 MB, Compressed Oops mode: Zero based, Oop shift amount: 3
Narrow klass base: 0x0000000000000000, Narrow klass shift: 3
Compressed class space size: 1073741824 Address: 0x00000007c0000000

Heap:
 PSYoungGen      total 382976K, used 9909K [0x000000076cb00000, 0x000000078c200000, 0x00000007c0000000)
  eden space 355840K, 2% used [0x000000076cb00000,0x000000076d4ad7e8,0x0000000782680000)
  from space 27136K, 0% used [0x0000000782680000,0x0000000782680000,0x0000000784100000)
  to   space 78848K, 0% used [0x0000000787500000,0x0000000787500000,0x000000078c200000)
 ParOldGen       total 1136640K, used 194776K [0x00000006c6000000, 0x000000070b600000, 0x000000076cb00000)
  object space 1136640K, 17% used [0x00000006c6000000,0x00000006d1e36290,0x000000070b600000)
 Metaspace       used 108335K, capacity 109416K, committed 110464K, reserved 1142784K
  class space    used 16846K, capacity 17131K, committed 17280K, reserved 1048576K

Card table byte_map: [0x0000000012440000,0x0000000012c20000] byte_map_base: 0x000000000ee10000

Marking Bits: (ParMarkBitMap*) 0x0000000062775ce0
 Begin Bits: [0x0000000013b60000, 0x00000000179e0000)
 End Bits:   [0x00000000179e0000, 0x000000001b860000)

Polling page: 0x0000000002c30000

CodeCache: size=245760Kb used=72905Kb max_used=72905Kb free=172854Kb
 bounds [0x0000000003080000, 0x0000000007830000, 0x0000000012080000]
 total_blobs=19579 nmethods=18628 adapters=858
 compilation: enabled

Compilation events (10 events):
Event: 13462.999 Thread 0x000000001e165000 24924       3       com.jidesoft.docking.DefaultDockingManager::isExclusive (4 bytes)
Event: 13462.999 Thread 0x000000001e165000 nmethod 24924 0x0000000005a633d0 code [0x0000000005a63520, 0x0000000005a63670]
Event: 13463.000 Thread 0x000000001e165000 24926       3       javax.swing.plaf.basic.BasicTreeUI::getLeadSelectionPath (8 bytes)
Event: 13463.000 Thread 0x000000001e165000 nmethod 24926 0x00000000077647d0 code [0x0000000007764920, 0x0000000007764b10]
Event: 13463.006 Thread 0x000000001e165000 24927       3       ro.sync.ui.theme.g::nb (18 bytes)
Event: 13463.006 Thread 0x000000001e165000 nmethod 24927 0x000000000773d610 code [0x000000000773d760, 0x000000000773d910]
Event: 13464.408 Thread 0x000000001e165000 24928       3       com.jidesoft.docking.DefaultDockingManager$6::windowDeactivated (134 bytes)
Event: 13464.414 Thread 0x000000001e165000 nmethod 24928 0x00000000078257d0 code [0x0000000007825aa0, 0x0000000007827828]
Event: 13464.803 Thread 0x000000001e165000 24929       3       ro.sync.exml.editor.ae::getEditorForURL (7 bytes)
Event: 13464.804 Thread 0x000000001e165000 nmethod 24929 0x0000000005eab710 code [0x0000000005eab880, 0x0000000005eaba88]

GC Heap History (10 events):
Event: 2187.240 GC heap before
{Heap before GC invocations=32 (full 5):
 PSYoungGen      total 428032K, used 353280K [0x000000076cb00000, 0x000000078bd00000, 0x00000007c0000000)
  eden space 353280K, 100% used [0x000000076cb00000,0x0000000782400000,0x0000000782400000)
  from space 74752K, 0% used [0x0000000787400000,0x0000000787400000,0x000000078bd00000)
  to   space 78336K, 0% used [0x0000000782400000,0x0000000782400000,0x0000000787080000)
 ParOldGen       total 1136640K, used 201596K [0x00000006c6000000, 0x000000070b600000, 0x000000076cb00000)
  object space 1136640K, 17% used [0x00000006c6000000,0x00000006d24df060,0x000000070b600000)
 Metaspace       used 108207K, capacity 109316K, committed 110080K, reserved 1142784K
  class space    used 16845K, capacity 17119K, committed 17152K, reserved 1048576K
Event: 2187.249 GC heap after
Heap after GC invocations=32 (full 5):
 PSYoungGen      total 431616K, used 4532K [0x000000076cb00000, 0x000000078c600000, 0x00000007c0000000)
  eden space 353280K, 0% used [0x000000076cb00000,0x000000076cb00000,0x0000000782400000)
  from space 78336K, 5% used [0x0000000782400000,0x000000078286d228,0x0000000787080000)
  to   space 80896K, 0% used [0x0000000787700000,0x0000000787700000,0x000000078c600000)
 ParOldGen       total 1136640K, used 201604K [0x00000006c6000000, 0x000000070b600000, 0x000000076cb00000)
  object space 1136640K, 17% used [0x00000006c6000000,0x00000006d24e1060,0x000000070b600000)
 Metaspace       used 108207K, capacity 109316K, committed 110080K, reserved 1142784K
  class space    used 16845K, capacity 17119K, committed 17152K, reserved 1048576K
}
Event: 2217.598 GC heap before
{Heap before GC invocations=33 (full 5):
 PSYoungGen      total 431616K, used 61272K [0x000000076cb00000, 0x000000078c600000, 0x00000007c0000000)
  eden space 353280K, 16% used [0x000000076cb00000,0x00000007702691a8,0x0000000782400000)
  from space 78336K, 5% used [0x0000000782400000,0x000000078286d228,0x0000000787080000)
  to   space 80896K, 0% used [0x0000000787700000,0x0000000787700000,0x000000078c600000)
 ParOldGen       total 1136640K, used 201604K [0x00000006c6000000, 0x000000070b600000, 0x000000076cb00000)
  object space 1136640K, 17% used [0x00000006c6000000,0x00000006d24e1060,0x000000070b600000)
 Metaspace       used 108286K, capacity 109380K, committed 110080K, reserved 1142784K
  class space    used 16854K, capacity 17119K, committed 17152K, reserved 1048576K
Event: 2217.602 GC heap after
Heap after GC invocations=33 (full 5):
 PSYoungGen      total 436736K, used 3768K [0x000000076cb00000, 0x000000078c900000, 0x00000007c0000000)
  eden space 355840K, 0% used [0x000000076cb00000,0x000000076cb00000,0x0000000782680000)
  from space 80896K, 4% used [0x0000000787700000,0x0000000787aae1b8,0x000000078c600000)
  to   space 82432K, 0% used [0x0000000782680000,0x0000000782680000,0x0000000787700000)
 ParOldGen       total 1136640K, used 201612K [0x00000006c6000000, 0x000000070b600000, 0x000000076cb00000)
  object space 1136640K, 17% used [0x00000006c6000000,0x00000006d24e3060,0x000000070b600000)
 Metaspace       used 108286K, capacity 109380K, committed 110080K, reserved 1142784K
  class space    used 16854K, capacity 17119K, committed 17152K, reserved 1048576K
}
Event: 2217.602 GC heap before
{Heap before GC invocations=34 (full 6):
 PSYoungGen      total 436736K, used 3768K [0x000000076cb00000, 0x000000078c900000, 0x00000007c0000000)
  eden space 355840K, 0% used [0x000000076cb00000,0x000000076cb00000,0x0000000782680000)
  from space 80896K, 4% used [0x0000000787700000,0x0000000787aae1b8,0x000000078c600000)
  to   space 82432K, 0% used [0x0000000782680000,0x0000000782680000,0x0000000787700000)
 ParOldGen       total 1136640K, used 201612K [0x00000006c6000000, 0x000000070b600000, 0x000000076cb00000)
  object space 1136640K, 17% used [0x00000006c6000000,0x00000006d24e3060,0x000000070b600000)
 Metaspace       used 108286K, capacity 109380K, committed 110080K, reserved 1142784K
  class space    used 16854K, capacity 17119K, committed 17152K, reserved 1048576K
Event: 2218.365 GC heap after
Heap after GC invocations=34 (full 6):
 PSYoungGen      total 436736K, used 0K [0x000000076cb00000, 0x000000078c900000, 0x00000007c0000000)
  eden space 355840K, 0% used [0x000000076cb00000,0x000000076cb00000,0x0000000782680000)
  from space 80896K, 0% used [0x0000000787700000,0x0000000787700000,0x000000078c600000)
  to   space 82432K, 0% used [0x0000000782680000,0x0000000782680000,0x0000000787700000)
 ParOldGen       total 1136640K, used 197799K [0x00000006c6000000, 0x000000070b600000, 0x000000076cb00000)
  object space 1136640K, 17% used [0x00000006c6000000,0x00000006d2129c70,0x000000070b600000)
 Metaspace       used 108274K, capacity 109364K, committed 110080K, reserved 1142784K
  class space    used 16853K, capacity 17117K, committed 17152K, reserved 1048576K
}
Event: 13338.440 GC heap before
{Heap before GC invocations=35 (full 6):
 PSYoungGen      total 436736K, used 178502K [0x000000076cb00000, 0x000000078c900000, 0x00000007c0000000)
  eden space 355840K, 50% used [0x000000076cb00000,0x0000000777951a60,0x0000000782680000)
  from space 80896K, 0% used [0x0000000787700000,0x0000000787700000,0x000000078c600000)
  to   space 82432K, 0% used [0x0000000782680000,0x0000000782680000,0x0000000787700000)
 ParOldGen       total 1136640K, used 197799K [0x00000006c6000000, 0x000000070b600000, 0x000000076cb00000)
  object space 1136640K, 17% used [0x00000006c6000000,0x00000006d2129c70,0x000000070b600000)
 Metaspace       used 108404K, capacity 109546K, committed 110464K, reserved 1142784K
  class space    used 16857K, capacity 17152K, committed 17280K, reserved 1048576K
Event: 13338.447 GC heap after
Heap after GC invocations=35 (full 6):
 PSYoungGen      total 382976K, used 26872K [0x000000076cb00000, 0x000000078c200000, 0x00000007c0000000)
  eden space 355840K, 0% used [0x000000076cb00000,0x000000076cb00000,0x0000000782680000)
  from space 27136K, 99% used [0x0000000782680000,0x00000007840be1f0,0x0000000784100000)
  to   space 78848K, 0% used [0x0000000787500000,0x0000000787500000,0x000000078c200000)
 ParOldGen       total 1136640K, used 197807K [0x00000006c6000000, 0x000000070b600000, 0x000000076cb00000)
  object space 1136640K, 17% used [0x00000006c6000000,0x00000006d212bc70,0x000000070b600000)
 Metaspace       used 108404K, capacity 109546K, committed 110464K, reserved 1142784K
  class space    used 16857K, capacity 17152K, committed 17280K, reserved 1048576K
}
Event: 13338.447 GC heap before
{Heap before GC invocations=36 (full 7):
 PSYoungGen      total 382976K, used 26872K [0x000000076cb00000, 0x000000078c200000, 0x00000007c0000000)
  eden space 355840K, 0% used [0x000000076cb00000,0x000000076cb00000,0x0000000782680000)
  from space 27136K, 99% used [0x0000000782680000,0x00000007840be1f0,0x0000000784100000)
  to   space 78848K, 0% used [0x0000000787500000,0x0000000787500000,0x000000078c200000)
 ParOldGen       total 1136640K, used 197807K [0x00000006c6000000, 0x000000070b600000, 0x000000076cb00000)
  object space 1136640K, 17% used [0x00000006c6000000,0x00000006d212bc70,0x000000070b600000)
 Metaspace       used 108404K, capacity 109546K, committed 110464K, reserved 1142784K
  class space    used 16857K, capacity 17152K, committed 17280K, reserved 1048576K
Event: 13338.991 GC heap after
Heap after GC invocations=36 (full 7):
 PSYoungGen      total 382976K, used 0K [0x000000076cb00000, 0x000000078c200000, 0x00000007c0000000)
  eden space 355840K, 0% used [0x000000076cb00000,0x000000076cb00000,0x0000000782680000)
  from space 27136K, 0% used [0x0000000782680000,0x0000000782680000,0x0000000784100000)
  to   space 78848K, 0% used [0x0000000787500000,0x0000000787500000,0x000000078c200000)
 ParOldGen       total 1136640K, used 194776K [0x00000006c6000000, 0x000000070b600000, 0x000000076cb00000)
  object space 1136640K, 17% used [0x00000006c6000000,0x00000006d1e36290,0x000000070b600000)
 Metaspace       used 108322K, capacity 109416K, committed 110464K, reserved 1142784K
  class space    used 16845K, capacity 17131K, committed 17280K, reserved 1048576K
}

Deoptimization events (10 events):
Event: 9840.674 Thread 0x0000000020244800 Uncommon trap: reason=array_check action=maybe_recompile pc=0x000000000730baec method=java.util.ComparableTimSort.binarySort([Ljava/lang/Object;III)V @ 215
Event: 9840.674 Thread 0x0000000020244800 Uncommon trap: reason=array_check action=maybe_recompile pc=0x000000000730baec method=java.util.ComparableTimSort.binarySort([Ljava/lang/Object;III)V @ 215
Event: 13299.115 Thread 0x0000000020d5d800 Uncommon trap: reason=unstable_if action=reinterpret pc=0x0000000003e6a3c0 method=com.jidesoft.docking.k.xc(Ljava/awt/AWTEvent;Z)Lcom/jidesoft/docking/DockingManager; @ 105
Event: 13306.811 Thread 0x0000000020d5d800 Uncommon trap: reason=unstable_if action=reinterpret pc=0x0000000004cd18a4 method=java.awt.Component.getLocationOnScreen_NoTreeLock()Ljava/awt/Point; @ 4
Event: 13306.812 Thread 0x0000000020d5d800 Uncommon trap: reason=unstable_if action=reinterpret pc=0x0000000005062ee8 method=java.util.Objects.equals(Ljava/lang/Object;Ljava/lang/Object;)Z @ 6
Event: 13308.180 Thread 0x0000000020d5d800 Uncommon trap: reason=class_check action=maybe_recompile pc=0x00000000071388b8 method=javax.swing.JComponent.getNextFocusableComponent()Ljava/awt/Component; @ 6
Event: 13308.180 Thread 0x0000000020d5d800 Uncommon trap: reason=class_check action=maybe_recompile pc=0x0000000007137fc4 method=javax.swing.JComponent.registerNextFocusableComponent(Ljava/awt/Component;)V @ 6
Event: 13311.540 Thread 0x0000000020d5d800 Uncommon trap: reason=class_check action=maybe_recompile pc=0x0000000003e723ec method=org.apache.xerces.dom.DocumentImpl.saveEnclosingAttr(Lorg/apache/xerces/dom/NodeImpl;)V @ 50
Event: 13311.540 Thread 0x0000000020d5d800 Uncommon trap: reason=class_check action=maybe_recompile pc=0x0000000003e723ec method=org.apache.xerces.dom.DocumentImpl.saveEnclosingAttr(Lorg/apache/xerces/dom/NodeImpl;)V @ 50
Event: 13338.266 Thread 0x000000002a9c3000 Uncommon trap: reason=unstable_if action=reinterpret pc=0x000000000655ef6c method=ro.sync.cmdline.h$_b.dxd()V @ 25

Classes redefined (0 events):
No events

Internal exceptions (10 events):
Event: 13311.338 Thread 0x000000002a9bb800 Exception <a 'java/io/IOException'> (0x0000000775838ab8) thrown at [C:\re\workspace\8-2-build-windows-amd64-cygwin\jdk8u202\12323\hotspot\src\share\vm\prims\jni.cpp, line 710]
Event: 13311.359 Thread 0x000000002a9bb800 Exception <a 'java/io/IOException'> (0x000000077586f568) thrown at [C:\re\workspace\8-2-build-windows-amd64-cygwin\jdk8u202\12323\hotspot\src\share\vm\prims\jni.cpp, line 710]
Event: 13311.391 Thread 0x000000002a9bb800 Exception <a 'java/io/IOException'> (0x00000007758a7820) thrown at [C:\re\workspace\8-2-build-windows-amd64-cygwin\jdk8u202\12323\hotspot\src\share\vm\prims\jni.cpp, line 710]
Event: 13311.420 Thread 0x000000002a9bb800 Exception <a 'java/io/IOException'> (0x00000007758ddfc8) thrown at [C:\re\workspace\8-2-build-windows-amd64-cygwin\jdk8u202\12323\hotspot\src\share\vm\prims\jni.cpp, line 710]
Event: 13311.436 Thread 0x000000002a9bb800 Exception <a 'java/io/IOException'> (0x00000007759259c0) thrown at [C:\re\workspace\8-2-build-windows-amd64-cygwin\jdk8u202\12323\hotspot\src\share\vm\prims\jni.cpp, line 710]
Event: 13311.460 Thread 0x000000002a9bb800 Exception <a 'java/io/IOException'> (0x000000077597e678) thrown at [C:\re\workspace\8-2-build-windows-amd64-cygwin\jdk8u202\12323\hotspot\src\share\vm\prims\jni.cpp, line 710]
Event: 13311.480 Thread 0x000000002a9bb800 Exception <a 'java/io/IOException'> (0x00000007759b5610) thrown at [C:\re\workspace\8-2-build-windows-amd64-cygwin\jdk8u202\12323\hotspot\src\share\vm\prims\jni.cpp, line 710]
Event: 13311.506 Thread 0x000000002a9bb800 Exception <a 'java/io/IOException'> (0x0000000775a0f910) thrown at [C:\re\workspace\8-2-build-windows-amd64-cygwin\jdk8u202\12323\hotspot\src\share\vm\prims\jni.cpp, line 710]
Event: 13311.522 Thread 0x000000002a9bb800 Exception <a 'java/io/IOException'> (0x0000000775a3af80) thrown at [C:\re\workspace\8-2-build-windows-amd64-cygwin\jdk8u202\12323\hotspot\src\share\vm\prims\jni.cpp, line 710]
Event: 13311.524 Thread 0x000000002a9bb800 Exception <a 'java/io/IOException'> (0x0000000775a42a48) thrown at [C:\re\workspace\8-2-build-windows-amd64-cygwin\jdk8u202\12323\hotspot\src\share\vm\prims\jni.cpp, line 710]

Events (10 events):
Event: 13338.991 Executing VM operation: ParallelGCSystemGC done
Event: 13338.991 Thread 0x000000002a9bb800 Thread exited: 0x000000002a9bb800
Event: 13338.992 Executing VM operation: BulkRevokeBias
Event: 13338.992 Executing VM operation: BulkRevokeBias done
Event: 13339.096 Executing VM operation: ForceSafepoint
Event: 13339.096 Executing VM operation: ForceSafepoint done
Event: 13340.513 Executing VM operation: BulkRevokeBias
Event: 13340.513 Executing VM operation: BulkRevokeBias done
Event: 13462.998 Executing VM operation: BulkRevokeBias
Event: 13462.999 Executing VM operation: BulkRevokeBias done


Dynamic libraries:
0x00007ff7fcd50000 - 0x00007ff7fcdff000 	C:\Program Files\Oxygen XML Author 21\oxygenAuthor21.1.exe
0x00007ffd14ba0000 - 0x00007ffd14d90000 	C:\WINDOWS\SYSTEM32\ntdll.dll
0x00007ffd13570000 - 0x00007ffd13622000 	C:\WINDOWS\System32\KERNEL32.DLL
0x00007ffd11b30000 - 0x00007ffd11dd3000 	C:\WINDOWS\System32\KERNELBASE.dll
0x0000000064d10000 - 0x0000000064da5000 	C:\WINDOWS\System32\SYSFER.DLL
0x00007ffd134b0000 - 0x00007ffd13553000 	C:\WINDOWS\System32\ADVAPI32.dll
0x00007ffd144e0000 - 0x00007ffd1457e000 	C:\WINDOWS\System32\msvcrt.dll
0x00007ffd13630000 - 0x00007ffd136c7000 	C:\WINDOWS\System32\sechost.dll
0x00007ffd13b70000 - 0x00007ffd13c90000 	C:\WINDOWS\System32\RPCRT4.dll
0x00007ffceb160000 - 0x00007ffceb386000 	C:\WINDOWS\system32\ctiuser.dll
0x00007ffd13910000 - 0x00007ffd13aa4000 	C:\WINDOWS\System32\USER32.dll
0x00007ffd126d0000 - 0x00007ffd126f1000 	C:\WINDOWS\System32\win32u.dll
0x00007ffd12cb0000 - 0x00007ffd12cd6000 	C:\WINDOWS\System32\GDI32.dll
0x00007ffd12890000 - 0x00007ffd12a24000 	C:\WINDOWS\System32\gdi32full.dll
0x00007ffd12bb0000 - 0x00007ffd12c4e000 	C:\WINDOWS\System32\msvcp_win.dll
0x00007ffd12a30000 - 0x00007ffd12b2a000 	C:\WINDOWS\System32\ucrtbase.dll
0x00007ffd13740000 - 0x00007ffd13896000 	C:\WINDOWS\System32\ole32.dll
0x00007ffd13dd0000 - 0x00007ffd14106000 	C:\WINDOWS\System32\combase.dll
0x00007ffd12b30000 - 0x00007ffd12bb0000 	C:\WINDOWS\System32\bcryptPrimitives.dll
0x00007ffd13560000 - 0x00007ffd13568000 	C:\WINDOWS\System32\PSAPI.DLL
0x00007ffd050b0000 - 0x00007ffd050ba000 	C:\WINDOWS\SYSTEM32\FLTLIB.DLL
0x00007ffd14290000 - 0x00007ffd142be000 	C:\WINDOWS\System32\IMM32.DLL
0x0000000068000000 - 0x000000006805e000 	C:\WINDOWS\System32\QIPCAP64.dll
0x00007ffd12d40000 - 0x00007ffd13425000 	C:\WINDOWS\System32\SHELL32.dll
0x00007ffd12840000 - 0x00007ffd1288a000 	C:\WINDOWS\System32\cfgmgr32.dll
0x00007ffd13ab0000 - 0x00007ffd13b59000 	C:\WINDOWS\System32\shcore.dll
0x00007ffd11f50000 - 0x00007ffd126cf000 	C:\WINDOWS\System32\windows.storage.dll
0x00007ffd11ac0000 - 0x00007ffd11adf000 	C:\WINDOWS\System32\profapi.dll
0x00007ffd11ae0000 - 0x00007ffd11b2a000 	C:\WINDOWS\System32\powrprof.dll
0x00007ffd11a70000 - 0x00007ffd11a80000 	C:\WINDOWS\System32\UMPDC.dll
0x00007ffd14480000 - 0x00007ffd144d2000 	C:\WINDOWS\System32\shlwapi.dll
0x00007ffd11a80000 - 0x00007ffd11a91000 	C:\WINDOWS\System32\kernel.appcore.dll
0x00007ffd11f30000 - 0x00007ffd11f47000 	C:\WINDOWS\System32\cryptsp.dll
0x00007ffd11040000 - 0x00007ffd1110a000 	C:\WINDOWS\SYSTEM32\DNSAPI.dll
0x00007ffd136d0000 - 0x00007ffd1373f000 	C:\WINDOWS\System32\WS2_32.dll
0x00007ffd13b60000 - 0x00007ffd13b68000 	C:\WINDOWS\System32\NSI.dll
0x00007ffd10ff0000 - 0x00007ffd1102a000 	C:\WINDOWS\SYSTEM32\IPHLPAPI.DLL
0x00007ffcff350000 - 0x00007ffcff5d5000 	C:\WINDOWS\WinSxS\amd64_microsoft.windows.common-controls_6595b64144ccf1df_6.0.18362.592_none_e6c0b1911312be02\comctl32.dll
0x0000000061f50000 - 0x00000000627f5000 	c:\program files\oxygen xml author 21\jre\bin\server\jvm.dll
0x00007ffd0f410000 - 0x00007ffd0f419000 	C:\WINDOWS\SYSTEM32\WSOCK32.dll
0x00007ffd02710000 - 0x00007ffd02734000 	C:\WINDOWS\SYSTEM32\WINMM.dll
0x00007ffd0b8b0000 - 0x00007ffd0b8ba000 	C:\WINDOWS\SYSTEM32\VERSION.dll
0x0000000062920000 - 0x00000000629f2000 	C:\WINDOWS\SYSTEM32\MSVCR100.dll
0x00007ffd03e20000 - 0x00007ffd03e4d000 	C:\WINDOWS\SYSTEM32\WINMMBASE.dll
0x00007ffd06a80000 - 0x00007ffd06a8f000 	c:\program files\oxygen xml author 21\jre\bin\verify.dll
0x00007ffcde5d0000 - 0x00007ffcde5f9000 	c:\program files\oxygen xml author 21\jre\bin\java.dll
0x00007ffcf2d90000 - 0x00007ffcf2da6000 	c:\program files\oxygen xml author 21\jre\bin\zip.dll
0x0000000180000000 - 0x0000000180032000 	C:\Program Files\Oxygen XML Author 21\.install4j\i4jinst.dll
0x00007ffd149f0000 - 0x00007ffd14ab4000 	C:\WINDOWS\System32\OLEAUT32.dll
0x00007ffd01650000 - 0x00007ffd0165d000 	C:\Program Files\Oxygen XML Author 21\jre\bin\management.dll
0x00007ffcd9270000 - 0x00007ffcd9296000 	C:\Program Files\Oxygen XML Author 21\jre\bin\JavaAccessBridge-64.dll
0x00007ffcb2510000 - 0x00007ffcb26a9000 	C:\Program Files\Oxygen XML Author 21\jre\bin\awt.dll
0x00007ffd0f140000 - 0x00007ffd0f1cf000 	C:\WINDOWS\SYSTEM32\apphelp.dll
0x00007ffd0fce0000 - 0x00007ffd0fd79000 	C:\WINDOWS\system32\uxtheme.dll
0x00007ffd13c90000 - 0x00007ffd13dc5000 	C:\WINDOWS\System32\MSCTF.dll
0x00007ffd0ff60000 - 0x00007ffd0ff8d000 	C:\WINDOWS\system32\DWMAPI.DLL
0x00007ffce0c90000 - 0x00007ffce0de6000 	C:\WINDOWS\system32\opengl32.dll
0x00007ffd011c0000 - 0x00007ffd011ec000 	C:\WINDOWS\SYSTEM32\GLU32.dll
0x00007ffd106e0000 - 0x00007ffd10700000 	C:\WINDOWS\SYSTEM32\dxcore.dll
0x00007ffd10e50000 - 0x00007ffd10e83000 	C:\WINDOWS\system32\rsaenh.dll
0x00007ffd12700000 - 0x00007ffd12726000 	C:\WINDOWS\System32\bcrypt.dll
0x00007ffd11990000 - 0x00007ffd119b5000 	C:\WINDOWS\SYSTEM32\USERENV.dll
0x00007ffd114b0000 - 0x00007ffd114bc000 	C:\WINDOWS\SYSTEM32\CRYPTBASE.dll
0x00007ffced170000 - 0x00007ffced18a000 	C:\Program Files\Oxygen XML Author 21\jre\bin\net.dll
0x00007ffd031c0000 - 0x00007ffd03396000 	C:\WINDOWS\SYSTEM32\urlmon.dll
0x00007ffd06f40000 - 0x00007ffd071e6000 	C:\WINDOWS\SYSTEM32\iertutil.dll
0x00007ffd112e0000 - 0x00007ffd11347000 	C:\WINDOWS\system32\mswsock.dll
0x00007ffd0c300000 - 0x00007ffd0c316000 	C:\WINDOWS\SYSTEM32\dhcpcsvc6.DLL
0x00007ffd0c240000 - 0x00007ffd0c25c000 	C:\WINDOWS\SYSTEM32\dhcpcsvc.DLL
0x00007ffcebe50000 - 0x00007ffcebe62000 	C:\Program Files\Oxygen XML Author 21\jre\bin\nio.dll
0x0000000020890000 - 0x00000000208c8000 	C:\Program Files\Oxygen XML Author 21\lib\com\sun\jna\win32-x86-64\jnidispatch.dll
0x00007ffcd5ed0000 - 0x00007ffcd5f17000 	C:\Program Files\Oxygen XML Author 21\jre\bin\fontmanager.dll
0x00007ffcf5840000 - 0x00007ffcf58de000 	C:\WINDOWS\System32\TextInputFramework.dll
0x00007ffcf5ad0000 - 0x00007ffcf5dfa000 	C:\WINDOWS\System32\CoreUIComponents.dll
0x00007ffd0f6e0000 - 0x00007ffd0f7b4000 	C:\WINDOWS\System32\CoreMessaging.dll
0x00007ffd10aa0000 - 0x00007ffd10ad1000 	C:\WINDOWS\SYSTEM32\ntmarta.dll
0x00007ffd0c0e0000 - 0x00007ffd0c233000 	C:\WINDOWS\SYSTEM32\wintypes.dll
0x00007ffcd5660000 - 0x00007ffcd56a2000 	C:\Program Files\Oxygen XML Author 21\jre\bin\t2k.dll
0x00007ffcd5630000 - 0x00007ffcd565a000 	C:\Program Files\Oxygen XML Author 21\jre\bin\dcpr.dll
0x000000001fe20000 - 0x000000001fe37000 	C:\Program Files\Oxygen XML Author 21\lib\WindowsNativeHelper64.dll
0x00007ffd14110000 - 0x00007ffd141e0000 	C:\WINDOWS\System32\comdlg32.dll
0x00007ffd04590000 - 0x00007ffd04639000 	C:\WINDOWS\WinSxS\amd64_microsoft.windows.common-controls_6595b64144ccf1df_5.82.18362.592_none_2a2c5e32466583af\comctl32.dll
0x00007ffcfa900000 - 0x00007ffcfa916000 	C:\WINDOWS\system32\napinsp.dll
0x00007ffcfa8e0000 - 0x00007ffcfa8fa000 	C:\WINDOWS\system32\pnrpnsp.dll
0x00007ffcfa8d0000 - 0x00007ffcfa8de000 	C:\WINDOWS\System32\winrnr.dll
0x00007ffd0f0f0000 - 0x00007ffd0f10c000 	C:\WINDOWS\system32\NLAapi.dll
0x00007ffcfa8b0000 - 0x00007ffcfa8c5000 	C:\WINDOWS\system32\wshbth.dll
0x00007ffd0c280000 - 0x00007ffd0c2f7000 	C:\WINDOWS\System32\fwpuclnt.dll
0x00007ffd08e60000 - 0x00007ffd08e6a000 	C:\Windows\System32\rasadhlp.dll
0x0000000022990000 - 0x0000000022a08000 	\\?\C:\PROGRA~1\OXYGEN~1\lib\hunspell\HUNSPE~2.DLL
0x00007ffd141e0000 - 0x00007ffd14282000 	C:\WINDOWS\System32\clbcatq.dll
0x00007ffcf5690000 - 0x00007ffcf583f000 	C:\WINDOWS\SYSTEM32\WindowsCodecs.dll
0x00007ffce0af0000 - 0x00007ffce0b2a000 	C:\WINDOWS\system32\dataexchange.dll
0x00007ffd0e5f0000 - 0x00007ffd0e84b000 	C:\WINDOWS\system32\d3d11.dll
0x00007ffd0ebc0000 - 0x00007ffd0ed9b000 	C:\WINDOWS\system32\dcomp.dll
0x00007ffd10770000 - 0x00007ffd1085b000 	C:\WINDOWS\system32\dxgi.dll
0x00007ffd0f9e0000 - 0x00007ffd0fc3a000 	C:\WINDOWS\system32\twinapi.appcore.dll
0x00007ffd0ff90000 - 0x00007ffd0ffb9000 	C:\WINDOWS\system32\RMCLIENT.dll
0x00007ffd0f5e0000 - 0x00007ffd0f6cf000 	C:\WINDOWS\system32\propsys.dll
0x00007ffcd2c80000 - 0x00007ffcd2e33000 	C:\WINDOWS\SYSTEM32\DUI70.dll
0x00007ffcde600000 - 0x00007ffcde693000 	C:\WINDOWS\SYSTEM32\DUser.dll
0x00007ffce07c0000 - 0x00007ffce081e000 	C:\Windows\System32\thumbcache.dll
0x00007ffd0ac60000 - 0x00007ffd0ace6000 	C:\WINDOWS\SYSTEM32\policymanager.dll
0x00007ffd0a650000 - 0x00007ffd0a6da000 	C:\WINDOWS\SYSTEM32\msvcp110_win.dll
0x00007ffcedc80000 - 0x00007ffcede38000 	C:\Windows\System32\Windows.Globalization.dll
0x00007ffcefe80000 - 0x00007ffcefedd000 	C:\Windows\System32\Bcp47Langs.dll
0x00007ffcef390000 - 0x00007ffcef3c0000 	C:\Windows\System32\bcp47mrm.dll
0x00007ffd0bdb0000 - 0x00007ffd0bdd5000 	C:\WINDOWS\SYSTEM32\globinputhost.dll
0x00007ffcec3e0000 - 0x00007ffcec403000 	C:\WINDOWS\SYSTEM32\edputil.dll
0x00007ffd0f360000 - 0x00007ffd0f408000 	C:\WINDOWS\System32\StructuredQuery.dll
0x00007ffd0a100000 - 0x00007ffd0a10d000 	C:\WINDOWS\SYSTEM32\atlthunk.dll
0x00007ffcf0340000 - 0x00007ffcf0475000 	C:\Windows\System32\Windows.StateRepositoryPS.dll
0x00007ffcde280000 - 0x00007ffcde33d000 	C:\WINDOWS\system32\Windows.Storage.Search.dll
0x00007ffd026a0000 - 0x00007ffd02705000 	C:\Windows\System32\oleacc.dll
0x00007ffd14ae0000 - 0x00007ffd14b56000 	C:\WINDOWS\System32\coml2.dll
0x00007ffd0be20000 - 0x00007ffd0be2d000 	C:\WINDOWS\SYSTEM32\LINKINFO.dll
0x00007ffd00fd0000 - 0x00007ffd00feb000 	C:\WINDOWS\SYSTEM32\MPR.dll
0x00007ffcfe3d0000 - 0x00007ffcfe3db000 	C:\WINDOWS\System32\drprov.dll
0x00007ffd10b70000 - 0x00007ffd10bcc000 	C:\WINDOWS\System32\WINSTA.dll
0x00007ffcfdb60000 - 0x00007ffcfdb75000 	C:\WINDOWS\System32\ntlanman.dll
0x00007ffd01d10000 - 0x00007ffd01d2d000 	C:\WINDOWS\System32\davclnt.dll
0x00007ffd039c0000 - 0x00007ffd039cc000 	C:\WINDOWS\System32\DAVHLPR.dll
0x00007ffd0ad90000 - 0x00007ffd0ada7000 	C:\WINDOWS\System32\wkscli.dll
0x00007ffd03aa0000 - 0x00007ffd03ab2000 	C:\WINDOWS\SYSTEM32\cscapi.dll
0x00007ffd11030000 - 0x00007ffd1103c000 	C:\WINDOWS\System32\netutils.dll
0x00007ffcf0320000 - 0x00007ffcf0340000 	C:\WINDOWS\SYSTEM32\CLDAPI.dll
0x00007ffd11960000 - 0x00007ffd1198f000 	C:\WINDOWS\SYSTEM32\SspiCli.dll
0x00007ffd06ee0000 - 0x00007ffd06f33000 	C:\Windows\System32\dlnashext.dll

VM Arguments:
jvm_args: -Dexe4j.semaphoreName=Local\c:_program_files_oxygen_xml_author_21_oxygenauthor21.1.exe -Dexe4j.isInstall4j=true -Dexe4j.moduleName=C:\Program Files\Oxygen XML Author 21\oxygenAuthor21.1.exe -Dexe4j.tempDir= -Dexe4j.unextractedPosition=0 -Djava.library.path=c:\program files\oxygen xml author 21\jre\bin;C:\Program Files\Oxygen XML Author 21\.\jre\bin;C:\Program Files (x86)\Common Files\Oracle\Java\javapath;C:\WINDOWS\system32;C:\WINDOWS;C:\WINDOWS\System32\Wbem;C:\WINDOWS\System32\WindowsPowerShell\v1.0\;C:\WINDOWS\System32\OpenSSH\;C:\Program Files\Git\cmd;C:\Program Files (x86)\HCL\SafeLinx Client\;C:\Program Files\Intel\WiFi\bin\;C:\Program Files\Common Files\Intel\WirelessCommon\;C:\Program Files (x86)\ooRexx;C:\DITATools\IDWB\bin;C:\Program Files\Amazon\AWSCLI\bin\;C:\Users\rebecca.nethala\dita-otv-0.1.7\dita-ot\bin;C:\Users\rebecca.nethala\AppData\Local\GitHubDesktop\bin;C:\Users\rebecca.nethala\AppData\Local\Programs\Microsoft VS Code\bin -Dexe4j.consoleCodepage=cp0 -Dcom.oxygenxml.app.descriptor=ro.sync.exml.AuthorFrameDescriptor -XX:-OmitStackTraceInFastThrow -XX:SoftRefLRUPolicyMSPerMB=10 -Dsun.java2d.noddraw=true -Dsun.awt.nopixfmt=true -Dsun.java2d.dpiaware=true -Djava.net.preferIPv4Stack=true -Dsun.awt.keepWorkingSetOnMinimize=true -Dinstall4j.launcherId=19 -Dinstall4j.swt=false -Xmx4000m -Dcom.oxygenxml.language=English -XX:+UseParallelGC -XX:ErrorFile=C:\Users\REBECC~1.NET\AppData\Local\Temp\/oxy_jvm_crash.log -XX:OnError="C:\Program Files\Oxygen XML Author 21/rp.exe" 
java_command: C:\Program Files\Oxygen XML Author 21\oxygenAuthor21.1.exe
java_class_path (initial): C:\Program Files\Oxygen XML Author 21\.install4j\i4jruntime.jar;C:\Program Files\Oxygen XML Author 21\.\lib\oxygenAuthor.jar;C:\Program Files\Oxygen XML Author 21\.\lib\oxygen-basic-utilities.jar
Launcher Type: generic

Environment Variables:
PATH=c:\program files\oxygen xml author 21\jre\bin;C:\Program Files\Oxygen XML Author 21\.\jre\bin;C:\Program Files (x86)\Common Files\Oracle\Java\javapath;C:\WINDOWS\system32;C:\WINDOWS;C:\WINDOWS\System32\Wbem;C:\WINDOWS\System32\WindowsPowerShell\v1.0\;C:\WINDOWS\System32\OpenSSH\;C:\Program Files\Git\cmd;C:\Program Files (x86)\HCL\SafeLinx Client\;C:\Program Files\Intel\WiFi\bin\;C:\Program Files\Common Files\Intel\WirelessCommon\;C:\Program Files (x86)\ooRexx;C:\DITATools\IDWB\bin;C:\Program Files\Amazon\AWSCLI\bin\;C:\Users\rebecca.nethala\dita-otv-0.1.7\dita-ot\bin;C:\Users\rebecca.nethala\AppData\Local\GitHubDesktop\bin;C:\Users\rebecca.nethala\AppData\Local\Programs\Microsoft VS Code\bin
USERNAME=rebecca.nethala
OS=Windows_NT
PROCESSOR_IDENTIFIER=Intel64 Family 6 Model 158 Stepping 10, GenuineIntel



---------------  S Y S T E M  ---------------

OS: Windows 10.0 , 64 bit Build 18362 (10.0.18362.329)

CPU:total 12 (initial active 12) (6 cores per cpu, 2 threads per core) family 6 model 158 stepping 10, cmov, cx8, fxsr, mmx, sse, sse2, sse3, ssse3, sse4.1, sse4.2, popcnt, avx, avx2, aes, clmul, erms, 3dnowpref, lzcnt, ht, tsc, tscinvbit, bmi1, bmi2, adx

Memory: 4k page, physical 33282592k(17156428k free), swap 66837024k(40773888k free)

vm_info: Java HotSpot(TM) 64-Bit Server VM (25.202-b08) for windows-amd64 JRE (1.8.0_202-b08), built on Dec 15 2018 19:54:30 by "java_re" with MS VC++ 10.0 (VS2010)

time: Fri May 21 19:08:36 2021
timezone: India Standard Time
elapsed time: 14158 seconds (0d 3h 55m 58s)

