#
# A fatal error has been detected by the Java Runtime Environment:
#
#  EXCEPTION_ACCESS_VIOLATION (0xc0000005) at pc=0x0000000072b0fead, pid=19260, tid=0x0000000000006c94
#
# JRE version: Java(TM) SE Runtime Environment (8.0_202-b08) (build 1.8.0_202-b08)
# Java VM: Java HotSpot(TM) 64-Bit Server VM (25.202-b08 mixed mode windows-amd64 compressed oops)
# Problematic frame:
# V  [jvm.dll+0x14fead]
#
# Failed to write core dump. Minidumps are not enabled by default on client versions of Windows
#
# If you would like to submit a bug report, please visit:
#   http://bugreport.java.com/bugreport/crash.jsp
#

---------------  T H R E A D  ---------------

Current thread (0x000000001ff21000):  JavaThread "AWT-Windows" daemon [_thread_in_vm, id=27796, stack(0x0000000020660000,0x0000000020760000)]

siginfo: ExceptionCode=0xc0000005, reading address 0x0000000000000000

Registers:
RAX=0x0000000000000000, RBX=0x000000001ff21000, RCX=0x0000000000000100, RDX=0x000000002348f268
RSP=0x000000002075ee60, RBP=0x000000002075ef58, RSI=0x0000000000000000, RDI=0x000000001ff211f8
R8 =0x0000000000000000, R9 =0x000000002075ef58, R10=0x00000000015a1bf0, R11=0x0000000000000000
R12=0x000000002348f268, R13=0x0000000000000308, R14=0x00000000001816e6, R15=0x0000000000000000
RIP=0x0000000072b0fead, EFLAGS=0x0000000000010246

Top of Stack: (sp=0x000000002075ee60)
0x000000002075ee60:   000000002075f0a8 0000000000000308
0x000000002075ee70:   0000000000000001 00007ffed0b4d39d
0x000000002075ee80:   000000002075f0a8 ffffffff00000000
0x000000002075ee90:   0000000000000000 fffffffffffffffe
0x000000002075eea0:   0000000000000001 00007ffed0b4e279
0x000000002075eeb0:   000000001ff21000 0000000000000000
0x000000002075eec0:   0000000000000000 0000000000000001
0x000000002075eed0:   fffffffffffffffe 0000000072b0731f
0x000000002075eee0:   000000002075f088 00007ffef52436ca
0x000000002075eef0:   000000000072d000 0000000000030000
0x000000002075ef00:   0000000000000000 00007ffed0ae9e28
0x000000002075ef10:   0000000000000000 0000000000000000
0x000000002075ef20:   0000000000000000 0000000000000000
0x000000002075ef30:   000000001ff211f8 00007ffed0b09d37
0x000000002075ef40:   0000000000000000 0000000000000000
0x000000002075ef50:   0000000000000000 0000000000000000 

Instructions: (pc=0x0000000072b0fead)
0x0000000072b0fe8d:   00 48 83 7b 08 00 48 89 5c 24 50 48 c7 44 24 58
0x0000000072b0fe9d:   00 00 00 00 74 0a 48 8d 4c 24 50 e8 03 ef 12 00
0x0000000072b0fead:   48 8b 06 c7 44 24 40 0e 00 00 00 48 8d 4c 24 70
0x0000000072b0febd:   48 8b 50 08 0f b7 42 24 48 8b 52 08 48 8b 54 c2 


Register to memory mapping:

RAX=0x0000000000000000 is an unknown value
RBX=0x000000001ff21000 is a thread
RCX=0x0000000000000100 is an unknown value
RDX=0x000000002348f268 is a global jni handle
RSP=0x000000002075ee60 is pointing into the stack for thread: 0x000000001ff21000
RBP=0x000000002075ef58 is pointing into the stack for thread: 0x000000001ff21000
RSI=0x0000000000000000 is an unknown value
RDI=0x000000001ff211f8 is an unknown value
R8 =0x0000000000000000 is an unknown value
R9 =0x000000002075ef58 is pointing into the stack for thread: 0x000000001ff21000
R10=0x00000000015a1bf0 is an unknown value
R11=0x0000000000000000 is an unknown value
R12=0x000000002348f268 is a global jni handle
R13=0x0000000000000308 is an unknown value
R14=0x00000000001816e6 is an unknown value
R15=0x0000000000000000 is an unknown value


Stack: [0x0000000020660000,0x0000000020760000],  sp=0x000000002075ee60,  free space=1019k
Native frames: (J=compiled Java code, j=interpreted, Vv=VM code, C=native code)
V  [jvm.dll+0x14fead]
C  [awt.dll+0x69e28]
C  [awt.dll+0x89d37]
C  [awt.dll+0xcda3c]
C  [USER32.dll+0x15b6d]
C  [USER32.dll+0x15562]
C  [awt.dll+0xcd32c]
C  [awt.dll+0xcd5db]
C  0x0000000002cb8c67

Java frames: (J=compiled Java code, j=interpreted, Vv=VM code)
j  sun.awt.windows.WToolkit.eventLoop()V+0
j  sun.awt.windows.WToolkit.run()V+58
j  java.lang.Thread.run()V+11
v  ~StubRoutines::call_stub

---------------  P R O C E S S  ---------------

Java Threads: ( => current thread )
  0x0000000027dab000 JavaThread "Batik CleanerThread" daemon [_thread_blocked, id=5236, stack(0x0000000021fd0000,0x00000000220d0000)]
  0x0000000027a85800 JavaThread "Collect project resource thread" daemon [_thread_blocked, id=27580, stack(0x00000000317f0000,0x00000000318f0000)]
  0x0000000027a83000 JavaThread "Detect hyperlinks at caret" daemon [_thread_blocked, id=6268, stack(0x00000000316f0000,0x00000000317f0000)]
  0x0000000027a86000 JavaThread "Tooltip timer in CC Editor" daemon [_thread_blocked, id=26008, stack(0x000000002e6d0000,0x000000002e7d0000)]
  0x0000000027a81800 JavaThread "Show host component tooltip timer" daemon [_thread_blocked, id=18484, stack(0x00000000311f0000,0x00000000312f0000)]
  0x0000000027a84000 JavaThread "OxygenSingletonChecker-Thread" [_thread_in_native, id=14928, stack(0x0000000030ff0000,0x00000000310f0000)]
  0x0000000027a7a000 JavaThread "pool-7-thread-4" [_thread_blocked, id=5112, stack(0x0000000030ef0000,0x0000000030ff0000)]
  0x0000000027a81000 JavaThread "pool-7-thread-3" [_thread_blocked, id=31560, stack(0x0000000030df0000,0x0000000030ef0000)]
  0x0000000027a79800 JavaThread "pool-7-thread-2" [_thread_blocked, id=20748, stack(0x000000002f8e0000,0x000000002f9e0000)]
  0x0000000027a7f800 JavaThread "pool-7-thread-1" [_thread_blocked, id=12328, stack(0x000000002ebe0000,0x000000002ece0000)]
  0x0000000027a80000 JavaThread "AuthorExtensionBuilder" daemon [_thread_blocked, id=31112, stack(0x000000002ed10000,0x000000002ee10000)]
  0x0000000027a7d000 JavaThread "Brackets Highlighter" [_thread_blocked, id=12756, stack(0x000000002e3d0000,0x000000002e4d0000)]
  0x0000000027a78800 JavaThread "Mark occurrences in current file" daemon [_thread_blocked, id=27340, stack(0x000000002daa0000,0x000000002dba0000)]
  0x0000000027a7e000 JavaThread "'Save backup info' timer" [_thread_blocked, id=24280, stack(0x000000002cfc0000,0x000000002d0c0000)]
  0x0000000027a7c800 JavaThread "" [_thread_blocked, id=25776, stack(0x000000002b060000,0x000000002b160000)]
  0x000000002351a000 JavaThread "DocumentTypeProviderTimer" daemon [_thread_blocked, id=24592, stack(0x0000000000d20000,0x0000000000e20000)]
  0x000000002351a800 JavaThread "DB Sessions Manager fire timer" daemon [_thread_blocked, id=4296, stack(0x00000000272d0000,0x00000000273d0000)]
  0x0000000023518800 JavaThread "AutomaticallyValidation" daemon [_thread_blocked, id=27064, stack(0x0000000026bd0000,0x00000000270d0000)]
  0x0000000023517800 JavaThread "Autosave" daemon [_thread_blocked, id=20732, stack(0x0000000026ad0000,0x0000000026bd0000)]
  0x0000000021327800 JavaThread "TimerQueue" daemon [_thread_blocked, id=7820, stack(0x00000000265d0000,0x00000000266d0000)]
  0x000000001df07800 JavaThread "AutomaticallyValidation" daemon [_thread_blocked, id=32160, stack(0x0000000024eb0000,0x00000000253b0000)]
  0x000000001fe99800 JavaThread "Autosave" daemon [_thread_blocked, id=32180, stack(0x0000000022c40000,0x0000000022d40000)]
  0x000000001fbc8800 JavaThread "AWT-EventQueue-0" [_thread_blocked, id=18580, stack(0x0000000024210000,0x0000000024310000)]
  0x00000000217f4800 JavaThread "AWT-Shutdown" [_thread_blocked, id=29680, stack(0x0000000024110000,0x0000000024210000)]
=>0x000000001ff21000 JavaThread "AWT-Windows" daemon [_thread_in_vm, id=27796, stack(0x0000000020660000,0x0000000020760000)]
  0x000000001ff1f800 JavaThread "Java2D Disposer" daemon [_thread_blocked, id=28740, stack(0x0000000020460000,0x0000000020560000)]
  0x000000001dddc800 JavaThread "Service Thread" daemon [_thread_blocked, id=19324, stack(0x000000001f790000,0x000000001f890000)]
  0x000000001dd77800 JavaThread "C1 CompilerThread3" daemon [_thread_blocked, id=11340, stack(0x000000001f690000,0x000000001f790000)]
  0x000000001dd52800 JavaThread "C2 CompilerThread2" daemon [_thread_blocked, id=27400, stack(0x000000001f590000,0x000000001f690000)]
  0x000000001dd4e000 JavaThread "C2 CompilerThread1" daemon [_thread_blocked, id=28544, stack(0x000000001f490000,0x000000001f590000)]
  0x000000001dd42000 JavaThread "C2 CompilerThread0" daemon [_thread_blocked, id=25396, stack(0x000000001f390000,0x000000001f490000)]
  0x000000001dd40800 JavaThread "Attach Listener" daemon [_thread_blocked, id=32204, stack(0x000000001f290000,0x000000001f390000)]
  0x000000001dd4a800 JavaThread "Signal Dispatcher" daemon [_thread_blocked, id=25612, stack(0x000000001f190000,0x000000001f290000)]
  0x000000001dd33000 JavaThread "Finalizer" daemon [_thread_blocked, id=22960, stack(0x000000001ef90000,0x000000001f090000)]
  0x0000000002c2c800 JavaThread "Reference Handler" daemon [_thread_blocked, id=30592, stack(0x000000001ee90000,0x000000001ef90000)]
  0x0000000002b33800 JavaThread "main" [_thread_blocked, id=28068, stack(0x0000000000800000,0x0000000000900000)]

Other Threads:
  0x000000001c638000 VMThread [stack: 0x000000001ed90000,0x000000001ee90000] [id=31788]
  0x000000001de00800 WatcherThread [stack: 0x000000001f890000,0x000000001f990000] [id=25916]

VM state:not at safepoint (normal execution)

VM Mutex/Monitor currently owned by a thread: None

heap address: 0x00000006c6000000, size: 4000 MB, Compressed Oops mode: Zero based, Oop shift amount: 3
Narrow klass base: 0x0000000000000000, Narrow klass shift: 3
Compressed class space size: 1073741824 Address: 0x00000007c0000000

Heap:
 PSYoungGen      total 394752K, used 225223K [0x000000076cb00000, 0x000000078a080000, 0x00000007c0000000)
  eden space 352768K, 52% used [0x000000076cb00000,0x0000000777e4eba8,0x0000000782380000)
  from space 41984K, 99% used [0x0000000782880000,0x00000007851233d0,0x0000000785180000)
  to   space 64000K, 0% used [0x0000000786200000,0x0000000786200000,0x000000078a080000)
 ParOldGen       total 1048576K, used 164858K [0x00000006c6000000, 0x0000000706000000, 0x000000076cb00000)
  object space 1048576K, 15% used [0x00000006c6000000,0x00000006d00feb50,0x0000000706000000)
 Metaspace       used 111434K, capacity 112620K, committed 113408K, reserved 1144832K
  class space    used 16796K, capacity 17065K, committed 17152K, reserved 1048576K

Card table byte_map: [0x0000000012060000,0x0000000012840000] byte_map_base: 0x000000000ea30000

Marking Bits: (ParMarkBitMap*) 0x00000000731e5ce0
 Begin Bits: [0x0000000013780000, 0x0000000017600000)
 End Bits:   [0x0000000017600000, 0x000000001b480000)

Polling page: 0x0000000002820000

CodeCache: size=245760Kb used=77437Kb max_used=77500Kb free=168322Kb
 bounds [0x0000000002ca0000, 0x00000000078e0000, 0x0000000011ca0000]
 total_blobs=21038 nmethods=20069 adapters=876
 compilation: enabled

Compilation events (10 events):
Event: 1931.911 Thread 0x000000001dd77800 nmethod 27524 0x00000000078a5090 code [0x00000000078a5300, 0x00000000078a61c8]
Event: 1931.911 Thread 0x000000001dd77800 27525       3       ro.sync.basic.xml.dom.LocationDomParser::findErrorReporter (13 bytes)
Event: 1931.911 Thread 0x000000001dd77800 nmethod 27525 0x00000000078a4b50 code [0x00000000078a4cc0, 0x00000000078a4f68]
Event: 1931.914 Thread 0x000000001dd77800 27526       3       javax.xml.transform.sax.SAXSource::setXMLReader (6 bytes)
Event: 1931.915 Thread 0x000000001dd77800 nmethod 27526 0x00000000078a4810 code [0x00000000078a4960, 0x00000000078a4ad0]
Event: 1932.115 Thread 0x000000001dd52800 nmethod 27436 0x00000000078bbfd0 code [0x00000000078bc860, 0x00000000078c9630]
Event: 1939.965 Thread 0x000000001dd77800 27527   !   3       java.awt.KeyboardFocusManager::setCurrentSequencedEvent (46 bytes)
Event: 1939.965 Thread 0x000000001dd77800 nmethod 27527 0x00000000078a4290 code [0x00000000078a4400, 0x00000000078a4730]
Event: 2123.042 Thread 0x000000001dd77800 27528       3       java.awt.geom.AffineTransform::getDeterminant (99 bytes)
Event: 2123.043 Thread 0x000000001dd77800 nmethod 27528 0x00000000078a3c50 code [0x00000000078a3e00, 0x00000000078a4148]

GC Heap History (10 events):
Event: 1045.979 GC heap before
{Heap before GC invocations=35 (full 4):
 PSYoungGen      total 445440K, used 424991K [0x000000076cb00000, 0x000000078cd00000, 0x00000007c0000000)
  eden space 378880K, 100% used [0x000000076cb00000,0x0000000783d00000,0x0000000783d00000)
  from space 66560K, 69% used [0x0000000788c00000,0x000000078b907d20,0x000000078cd00000)
  to   space 73728K, 0% used [0x0000000783d00000,0x0000000783d00000,0x0000000788500000)
 ParOldGen       total 1048576K, used 142618K [0x00000006c6000000, 0x0000000706000000, 0x000000076cb00000)
  object space 1048576K, 13% used [0x00000006c6000000,0x00000006ceb46938,0x0000000706000000)
 Metaspace       used 110747K, capacity 111862K, committed 112512K, reserved 1144832K
  class space    used 16771K, capacity 17020K, committed 17024K, reserved 1048576K
Event: 1045.998 GC heap after
Heap after GC invocations=35 (full 4):
 PSYoungGen      total 421888K, used 48415K [0x000000076cb00000, 0x000000078c680000, 0x00000007c0000000)
  eden space 373248K, 0% used [0x000000076cb00000,0x000000076cb00000,0x0000000783780000)
  from space 48640K, 99% used [0x0000000783d00000,0x0000000786c47d10,0x0000000786c80000)
  to   space 73216K, 0% used [0x0000000787f00000,0x0000000787f00000,0x000000078c680000)
 ParOldGen       total 1048576K, used 142626K [0x00000006c6000000, 0x0000000706000000, 0x000000076cb00000)
  object space 1048576K, 13% used [0x00000006c6000000,0x00000006ceb48938,0x0000000706000000)
 Metaspace       used 110747K, capacity 111862K, committed 112512K, reserved 1144832K
  class space    used 16771K, capacity 17020K, committed 17024K, reserved 1048576K
}
Event: 1433.117 GC heap before
{Heap before GC invocations=36 (full 4):
 PSYoungGen      total 421888K, used 421663K [0x000000076cb00000, 0x000000078c680000, 0x00000007c0000000)
  eden space 373248K, 100% used [0x000000076cb00000,0x0000000783780000,0x0000000783780000)
  from space 48640K, 99% used [0x0000000783d00000,0x0000000786c47d10,0x0000000786c80000)
  to   space 73216K, 0% used [0x0000000787f00000,0x0000000787f00000,0x000000078c680000)
 ParOldGen       total 1048576K, used 142626K [0x00000006c6000000, 0x0000000706000000, 0x000000076cb00000)
  object space 1048576K, 13% used [0x00000006c6000000,0x00000006ceb48938,0x0000000706000000)
 Metaspace       used 110810K, capacity 112000K, committed 112768K, reserved 1144832K
  class space    used 16771K, capacity 17021K, committed 17024K, reserved 1048576K
Event: 1433.136 GC heap after
Heap after GC invocations=36 (full 4):
 PSYoungGen      total 431104K, used 37580K [0x000000076cb00000, 0x000000078bc80000, 0x00000007c0000000)
  eden space 368128K, 0% used [0x000000076cb00000,0x000000076cb00000,0x0000000783280000)
  from space 62976K, 59% used [0x0000000787f00000,0x000000078a3b3248,0x000000078bc80000)
  to   space 70656K, 0% used [0x0000000783280000,0x0000000783280000,0x0000000787780000)
 ParOldGen       total 1048576K, used 153935K [0x00000006c6000000, 0x0000000706000000, 0x000000076cb00000)
  object space 1048576K, 14% used [0x00000006c6000000,0x00000006cf653f20,0x0000000706000000)
 Metaspace       used 110810K, capacity 112000K, committed 112768K, reserved 1144832K
  class space    used 16771K, capacity 17021K, committed 17024K, reserved 1048576K
}
Event: 1468.903 GC heap before
{Heap before GC invocations=37 (full 4):
 PSYoungGen      total 431104K, used 405708K [0x000000076cb00000, 0x000000078bc80000, 0x00000007c0000000)
  eden space 368128K, 100% used [0x000000076cb00000,0x0000000783280000,0x0000000783280000)
  from space 62976K, 59% used [0x0000000787f00000,0x000000078a3b3248,0x000000078bc80000)
  to   space 70656K, 0% used [0x0000000783280000,0x0000000783280000,0x0000000787780000)
 ParOldGen       total 1048576K, used 153935K [0x00000006c6000000, 0x0000000706000000, 0x000000076cb00000)
  object space 1048576K, 14% used [0x00000006c6000000,0x00000006cf653f20,0x0000000706000000)
 Metaspace       used 110923K, capacity 112040K, committed 112896K, reserved 1144832K
  class space    used 16775K, capacity 17027K, committed 17152K, reserved 1048576K
Event: 1468.928 GC heap after
Heap after GC invocations=37 (full 4):
 PSYoungGen      total 402944K, used 39574K [0x000000076cb00000, 0x000000078b280000, 0x00000007c0000000)
  eden space 363008K, 0% used [0x000000076cb00000,0x000000076cb00000,0x0000000782d80000)
  from space 39936K, 99% used [0x0000000783280000,0x0000000785925b70,0x0000000785980000)
  to   space 68096K, 0% used [0x0000000787000000,0x0000000787000000,0x000000078b280000)
 ParOldGen       total 1048576K, used 159299K [0x00000006c6000000, 0x0000000706000000, 0x000000076cb00000)
  object space 1048576K, 15% used [0x00000006c6000000,0x00000006cfb90f68,0x0000000706000000)
 Metaspace       used 110923K, capacity 112040K, committed 112896K, reserved 1144832K
  class space    used 16775K, capacity 17027K, committed 17152K, reserved 1048576K
}
Event: 1502.454 GC heap before
{Heap before GC invocations=38 (full 4):
 PSYoungGen      total 402944K, used 402582K [0x000000076cb00000, 0x000000078b280000, 0x00000007c0000000)
  eden space 363008K, 100% used [0x000000076cb00000,0x0000000782d80000,0x0000000782d80000)
  from space 39936K, 99% used [0x0000000783280000,0x0000000785925b70,0x0000000785980000)
  to   space 68096K, 0% used [0x0000000787000000,0x0000000787000000,0x000000078b280000)
 ParOldGen       total 1048576K, used 159299K [0x00000006c6000000, 0x0000000706000000, 0x000000076cb00000)
  object space 1048576K, 15% used [0x00000006c6000000,0x00000006cfb90f68,0x0000000706000000)
 Metaspace       used 111017K, capacity 112168K, committed 112896K, reserved 1144832K
  class space    used 16775K, capacity 17027K, committed 17152K, reserved 1048576K
Event: 1502.467 GC heap after
Heap after GC invocations=38 (full 4):
 PSYoungGen      total 417792K, used 36379K [0x000000076cb00000, 0x000000078aa80000, 0x00000007c0000000)
  eden space 357888K, 0% used [0x000000076cb00000,0x000000076cb00000,0x0000000782880000)
  from space 59904K, 60% used [0x0000000787000000,0x0000000789386f68,0x000000078aa80000)
  to   space 66560K, 0% used [0x0000000782880000,0x0000000782880000,0x0000000786980000)
 ParOldGen       total 1048576K, used 163131K [0x00000006c6000000, 0x0000000706000000, 0x000000076cb00000)
  object space 1048576K, 15% used [0x00000006c6000000,0x00000006cff4ec10,0x0000000706000000)
 Metaspace       used 111017K, capacity 112168K, committed 112896K, reserved 1144832K
  class space    used 16775K, capacity 17027K, committed 17152K, reserved 1048576K
}
Event: 1922.203 GC heap before
{Heap before GC invocations=39 (full 4):
 PSYoungGen      total 417792K, used 394267K [0x000000076cb00000, 0x000000078aa80000, 0x00000007c0000000)
  eden space 357888K, 100% used [0x000000076cb00000,0x0000000782880000,0x0000000782880000)
  from space 59904K, 60% used [0x0000000787000000,0x0000000789386f68,0x000000078aa80000)
  to   space 66560K, 0% used [0x0000000782880000,0x0000000782880000,0x0000000786980000)
 ParOldGen       total 1048576K, used 163131K [0x00000006c6000000, 0x0000000706000000, 0x000000076cb00000)
  object space 1048576K, 15% used [0x00000006c6000000,0x00000006cff4ec10,0x0000000706000000)
 Metaspace       used 111186K, capacity 112360K, committed 113152K, reserved 1144832K
  class space    used 16775K, capacity 17027K, committed 17152K, reserved 1048576K
Event: 1922.217 GC heap after
Heap after GC invocations=39 (full 4):
 PSYoungGen      total 394752K, used 41612K [0x000000076cb00000, 0x000000078a080000, 0x00000007c0000000)
  eden space 352768K, 0% used [0x000000076cb00000,0x000000076cb00000,0x0000000782380000)
  from space 41984K, 99% used [0x0000000782880000,0x00000007851233d0,0x0000000785180000)
  to   space 64000K, 0% used [0x0000000786200000,0x0000000786200000,0x000000078a080000)
 ParOldGen       total 1048576K, used 164858K [0x00000006c6000000, 0x0000000706000000, 0x000000076cb00000)
  object space 1048576K, 15% used [0x00000006c6000000,0x00000006d00feb50,0x0000000706000000)
 Metaspace       used 111186K, capacity 112360K, committed 113152K, reserved 1144832K
  class space    used 16775K, capacity 17027K, committed 17152K, reserved 1048576K
}

Deoptimization events (10 events):
Event: 1931.554 Thread 0x0000000027daa800 Uncommon trap: reason=speculate_class_check action=maybe_recompile pc=0x000000000787eb50 method=org.apache.lucene.store.DataInput.readVInt()I @ 1
Event: 1931.556 Thread 0x0000000027daa800 Uncommon trap: reason=speculate_class_check action=maybe_recompile pc=0x000000000787eb50 method=org.apache.lucene.store.DataInput.readVInt()I @ 1
Event: 1931.556 Thread 0x0000000027daa800 Uncommon trap: reason=speculate_class_check action=maybe_recompile pc=0x000000000787eb50 method=org.apache.lucene.store.DataInput.readVInt()I @ 1
Event: 1931.569 Thread 0x0000000027daa800 Uncommon trap: reason=speculate_class_check action=maybe_recompile pc=0x000000000787eb50 method=org.apache.lucene.store.DataInput.readVInt()I @ 1
Event: 1931.576 Thread 0x0000000027daa800 Uncommon trap: reason=class_check action=maybe_recompile pc=0x00000000056f964c method=org.apache.lucene.util.fst.ByteSequenceOutputs.read(Lorg/apache/lucene/store/DataInput;)Lorg/apache/lucene/util/BytesRef; @ 1
Event: 1931.580 Thread 0x0000000027daa800 Uncommon trap: reason=class_check action=maybe_recompile pc=0x00000000056f964c method=org.apache.lucene.util.fst.ByteSequenceOutputs.read(Lorg/apache/lucene/store/DataInput;)Lorg/apache/lucene/util/BytesRef; @ 1
Event: 1931.581 Thread 0x0000000027daa800 Uncommon trap: reason=class_check action=maybe_recompile pc=0x00000000056f964c method=org.apache.lucene.util.fst.ByteSequenceOutputs.read(Lorg/apache/lucene/store/DataInput;)Lorg/apache/lucene/util/BytesRef; @ 1
Event: 1931.594 Thread 0x0000000027daa800 Uncommon trap: reason=unstable_if action=reinterpret pc=0x0000000006f5ff14 method=java.lang.Long.equals(Ljava/lang/Object;)Z @ 19
Event: 1980.542 Thread 0x000000001fbc8800 Uncommon trap: reason=class_check action=maybe_recompile pc=0x0000000006b9fa60 method=ro.sync.ecss.g.i.kb(I)Lro/sync/ecss/dom/z; @ 5
Event: 1980.542 Thread 0x000000001fbc8800 Uncommon trap: reason=class_check action=maybe_recompile pc=0x0000000006b9fa60 method=ro.sync.ecss.g.i.kb(I)Lro/sync/ecss/dom/z; @ 5

Classes redefined (0 events):
No events

Internal exceptions (10 events):
Event: 1929.878 Thread 0x000000001fbc8800 Exception <a 'java/lang/ClassCastException'> (0x000000076fb6ab20) thrown at [C:\re\workspace\8-2-build-windows-amd64-cygwin\jdk8u202\12323\hotspot\src\share\vm\runtime\sharedRuntime.cpp, line 605]
Event: 1929.879 Thread 0x000000001fbc8800 Exception <a 'java/lang/ClassCastException'> (0x000000076fb6ff80) thrown at [C:\re\workspace\8-2-build-windows-amd64-cygwin\jdk8u202\12323\hotspot\src\share\vm\runtime\sharedRuntime.cpp, line 605]
Event: 1929.879 Thread 0x000000001fbc8800 Exception <a 'java/lang/ClassCastException': java.awt.font.ShapeGraphicAttribute cannot be cast to java.awt.Font> (0x000000076fb70ab8) thrown at [C:\re\workspace\8-2-build-windows-amd64-cygwin\jdk8u202\12323\hotspot\src\share\vm\interpreter\interpreterRun
Event: 1929.879 Thread 0x000000001fbc8800 Exception <a 'java/lang/ClassCastException'> (0x000000076fb71160) thrown at [C:\re\workspace\8-2-build-windows-amd64-cygwin\jdk8u202\12323\hotspot\src\share\vm\runtime\sharedRuntime.cpp, line 605]
Event: 1929.883 Thread 0x000000001fbc8800 Exception <a 'java/lang/ClassCastException'> (0x000000077087dd30) thrown at [C:\re\workspace\8-2-build-windows-amd64-cygwin\jdk8u202\12323\hotspot\src\share\vm\runtime\sharedRuntime.cpp, line 605]
Event: 1929.883 Thread 0x000000001fbc8800 Exception <a 'java/lang/ClassCastException': java.awt.font.ShapeGraphicAttribute cannot be cast to java.awt.Font> (0x000000077087e6f0) thrown at [C:\re\workspace\8-2-build-windows-amd64-cygwin\jdk8u202\12323\hotspot\src\share\vm\interpreter\interpreterRun
Event: 1929.883 Thread 0x000000001fbc8800 Exception <a 'java/lang/ClassCastException'> (0x000000077087ebb0) thrown at [C:\re\workspace\8-2-build-windows-amd64-cygwin\jdk8u202\12323\hotspot\src\share\vm\runtime\sharedRuntime.cpp, line 605]
Event: 1929.884 Thread 0x000000001fbc8800 Exception <a 'java/lang/ClassCastException'> (0x000000077088f3d8) thrown at [C:\re\workspace\8-2-build-windows-amd64-cygwin\jdk8u202\12323\hotspot\src\share\vm\runtime\sharedRuntime.cpp, line 605]
Event: 1929.884 Thread 0x000000001fbc8800 Exception <a 'java/lang/ClassCastException': java.awt.font.ShapeGraphicAttribute cannot be cast to java.awt.Font> (0x000000077088fd28) thrown at [C:\re\workspace\8-2-build-windows-amd64-cygwin\jdk8u202\12323\hotspot\src\share\vm\interpreter\interpreterRun
Event: 1929.884 Thread 0x000000001fbc8800 Exception <a 'java/lang/ClassCastException'> (0x00000007708901e8) thrown at [C:\re\workspace\8-2-build-windows-amd64-cygwin\jdk8u202\12323\hotspot\src\share\vm\runtime\sharedRuntime.cpp, line 605]

Events (10 events):
Event: 1980.548 Executing VM operation: BulkRevokeBias done
Event: 1980.550 Executing VM operation: RevokeBias
Event: 1980.550 Executing VM operation: RevokeBias done
Event: 1980.556 Executing VM operation: RevokeBias
Event: 1980.556 Executing VM operation: RevokeBias done
Event: 1980.557 Executing VM operation: RevokeBias
Event: 1980.557 Executing VM operation: RevokeBias done
Event: 1981.317 Executing VM operation: RevokeBias
Event: 1981.318 Executing VM operation: RevokeBias done
Event: 2123.043 Thread 0x000000001dd77800 flushing nmethod 0x0000000002e2fbd0


Dynamic libraries:
0x00007ff7f1630000 - 0x00007ff7f16df000 	C:\Program Files\Oxygen XML Author 21\oxygenAuthor21.1.exe
0x00007ffef5500000 - 0x00007ffef56f0000 	C:\WINDOWS\SYSTEM32\ntdll.dll
0x00007ffef5400000 - 0x00007ffef54b2000 	C:\WINDOWS\System32\KERNEL32.DLL
0x00007ffef2530000 - 0x00007ffef27d3000 	C:\WINDOWS\System32\KERNELBASE.dll
0x0000000075450000 - 0x00000000754e5000 	C:\WINDOWS\System32\SYSFER.DLL
0x00007ffef41a0000 - 0x00007ffef4243000 	C:\WINDOWS\System32\ADVAPI32.dll
0x00007ffef44f0000 - 0x00007ffef458e000 	C:\WINDOWS\System32\msvcrt.dll
0x00007ffef50a0000 - 0x00007ffef5137000 	C:\WINDOWS\System32\sechost.dll
0x00007ffef4970000 - 0x00007ffef4a90000 	C:\WINDOWS\System32\RPCRT4.dll
0x00007ffecbfd0000 - 0x00007ffecc1f6000 	C:\WINDOWS\system32\ctiuser.dll
0x00007ffef5220000 - 0x00007ffef53b4000 	C:\WINDOWS\System32\USER32.dll
0x00007ffef2d00000 - 0x00007ffef2d21000 	C:\WINDOWS\System32\win32u.dll
0x00007ffef53c0000 - 0x00007ffef53e6000 	C:\WINDOWS\System32\GDI32.dll
0x00007ffef2ab0000 - 0x00007ffef2c44000 	C:\WINDOWS\System32\gdi32full.dll
0x00007ffef2490000 - 0x00007ffef252e000 	C:\WINDOWS\System32\msvcp_win.dll
0x00007ffef34b0000 - 0x00007ffef35aa000 	C:\WINDOWS\System32\ucrtbase.dll
0x00007ffef4810000 - 0x00007ffef4966000 	C:\WINDOWS\System32\ole32.dll
0x00007ffef4d00000 - 0x00007ffef5036000 	C:\WINDOWS\System32\combase.dll
0x00007ffef2c80000 - 0x00007ffef2d00000 	C:\WINDOWS\System32\bcryptPrimitives.dll
0x00007ffef53f0000 - 0x00007ffef53f8000 	C:\WINDOWS\System32\PSAPI.DLL
0x00007ffee8020000 - 0x00007ffee802a000 	C:\WINDOWS\SYSTEM32\FLTLIB.DLL
0x00007ffef4c00000 - 0x00007ffef4c2e000 	C:\WINDOWS\System32\IMM32.DLL
0x0000000068000000 - 0x000000006805e000 	C:\WINDOWS\System32\QIPCAP64.dll
0x00007ffef35b0000 - 0x00007ffef3c95000 	C:\WINDOWS\System32\SHELL32.dll
0x00007ffef27e0000 - 0x00007ffef282a000 	C:\WINDOWS\System32\cfgmgr32.dll
0x00007ffef4b50000 - 0x00007ffef4bf9000 	C:\WINDOWS\System32\shcore.dll
0x00007ffef2d30000 - 0x00007ffef34af000 	C:\WINDOWS\System32\windows.storage.dll
0x00007ffef2420000 - 0x00007ffef243f000 	C:\WINDOWS\System32\profapi.dll
0x00007ffef2440000 - 0x00007ffef248a000 	C:\WINDOWS\System32\powrprof.dll
0x00007ffef23d0000 - 0x00007ffef23e0000 	C:\WINDOWS\System32\UMPDC.dll
0x00007ffef5140000 - 0x00007ffef5192000 	C:\WINDOWS\System32\shlwapi.dll
0x00007ffef2400000 - 0x00007ffef2411000 	C:\WINDOWS\System32\kernel.appcore.dll
0x00007ffef2980000 - 0x00007ffef2997000 	C:\WINDOWS\System32\cryptsp.dll
0x00007ffef19a0000 - 0x00007ffef1a6a000 	C:\WINDOWS\SYSTEM32\DNSAPI.dll
0x00007ffef47a0000 - 0x00007ffef480f000 	C:\WINDOWS\System32\WS2_32.dll
0x00007ffef4190000 - 0x00007ffef4198000 	C:\WINDOWS\System32\NSI.dll
0x00007ffef1950000 - 0x00007ffef198a000 	C:\WINDOWS\SYSTEM32\IPHLPAPI.DLL
0x00007ffee07a0000 - 0x00007ffee0a25000 	C:\WINDOWS\WinSxS\amd64_microsoft.windows.common-controls_6595b64144ccf1df_6.0.18362.592_none_e6c0b1911312be02\comctl32.dll
0x00000000729c0000 - 0x0000000073265000 	c:\program files\oxygen xml author 21\jre\bin\server\jvm.dll
0x00007ffee25b0000 - 0x00007ffee25b9000 	C:\WINDOWS\SYSTEM32\WSOCK32.dll
0x00007ffee3290000 - 0x00007ffee32b4000 	C:\WINDOWS\SYSTEM32\WINMM.dll
0x00007ffeebd90000 - 0x00007ffeebd9a000 	C:\WINDOWS\SYSTEM32\VERSION.dll
0x0000000073390000 - 0x0000000073462000 	C:\WINDOWS\SYSTEM32\MSVCR100.dll
0x00007ffee46a0000 - 0x00007ffee46cd000 	C:\WINDOWS\SYSTEM32\WINMMBASE.dll
0x00007ffeeeeb0000 - 0x00007ffeeeebf000 	c:\program files\oxygen xml author 21\jre\bin\verify.dll
0x00007ffee7040000 - 0x00007ffee7069000 	c:\program files\oxygen xml author 21\jre\bin\java.dll
0x00007ffeed420000 - 0x00007ffeed436000 	c:\program files\oxygen xml author 21\jre\bin\zip.dll
0x0000000180000000 - 0x0000000180032000 	C:\Program Files\Oxygen XML Author 21\.install4j\i4jinst.dll
0x000000001f990000 - 0x000000001fa54000 	C:\WINDOWS\System32\OLEAUT32.dll
0x00007ffeeeea0000 - 0x00007ffeeeead000 	C:\Program Files\Oxygen XML Author 21\jre\bin\management.dll
0x00007ffee7010000 - 0x00007ffee7036000 	C:\Program Files\Oxygen XML Author 21\jre\bin\JavaAccessBridge-64.dll
0x00007ffed0a80000 - 0x00007ffed0c19000 	C:\Program Files\Oxygen XML Author 21\jre\bin\awt.dll
0x00007ffeefaa0000 - 0x00007ffeefb2f000 	C:\WINDOWS\SYSTEM32\apphelp.dll
0x00007ffef0640000 - 0x00007ffef06d9000 	C:\WINDOWS\system32\uxtheme.dll
0x0000000020880000 - 0x00000000209b5000 	C:\WINDOWS\System32\MSCTF.dll
0x00007ffef08c0000 - 0x00007ffef08ed000 	C:\WINDOWS\system32\DWMAPI.DLL
0x00007ffec22c0000 - 0x00007ffec2416000 	C:\WINDOWS\system32\opengl32.dll
0x00007ffec2b10000 - 0x00007ffec2b3c000 	C:\WINDOWS\SYSTEM32\GLU32.dll
0x00007ffef1040000 - 0x00007ffef1060000 	C:\WINDOWS\SYSTEM32\dxcore.dll
0x00007ffef17b0000 - 0x00007ffef17e3000 	C:\WINDOWS\system32\rsaenh.dll
0x00007ffef2c50000 - 0x00007ffef2c76000 	C:\WINDOWS\System32\bcrypt.dll
0x00007ffef22f0000 - 0x00007ffef2315000 	C:\WINDOWS\SYSTEM32\USERENV.dll
0x00007ffef1e10000 - 0x00007ffef1e1c000 	C:\WINDOWS\SYSTEM32\CRYPTBASE.dll
0x00007ffee9e60000 - 0x00007ffee9e7a000 	C:\Program Files\Oxygen XML Author 21\jre\bin\net.dll
0x00007ffee3ab0000 - 0x00007ffee3c86000 	C:\WINDOWS\SYSTEM32\urlmon.dll
0x00007ffee7660000 - 0x00007ffee7906000 	C:\WINDOWS\SYSTEM32\iertutil.dll
0x00007ffef1c40000 - 0x00007ffef1ca7000 	C:\WINDOWS\system32\mswsock.dll
0x00007ffeed2b0000 - 0x00007ffeed2c6000 	C:\WINDOWS\SYSTEM32\dhcpcsvc6.DLL
0x00007ffeed160000 - 0x00007ffeed17c000 	C:\WINDOWS\SYSTEM32\dhcpcsvc.DLL
0x00007ffee6a30000 - 0x00007ffee6a42000 	C:\Program Files\Oxygen XML Author 21\jre\bin\nio.dll
0x000000001fad0000 - 0x000000001fb08000 	C:\Program Files\Oxygen XML Author 21\lib\com\sun\jna\win32-x86-64\jnidispatch.dll
0x00007ffee1d60000 - 0x00007ffee1da7000 	C:\Program Files\Oxygen XML Author 21\jre\bin\fontmanager.dll
0x00007ffed5650000 - 0x00007ffed56ee000 	C:\WINDOWS\System32\TextInputFramework.dll
0x00007ffed6d30000 - 0x00007ffed705a000 	C:\WINDOWS\System32\CoreUIComponents.dll
0x00007ffeefb90000 - 0x00007ffeefc64000 	C:\WINDOWS\System32\CoreMessaging.dll
0x00007ffef1400000 - 0x00007ffef1431000 	C:\WINDOWS\SYSTEM32\ntmarta.dll
0x00007ffeec8e0000 - 0x00007ffeeca33000 	C:\WINDOWS\SYSTEM32\wintypes.dll
0x00007ffed6120000 - 0x00007ffed614a000 	C:\Program Files\Oxygen XML Author 21\jre\bin\dcpr.dll
0x00007ffee1cf0000 - 0x00007ffee1d32000 	C:\Program Files\Oxygen XML Author 21\jre\bin\t2k.dll
0x0000000020640000 - 0x0000000020657000 	C:\Program Files\Oxygen XML Author 21\lib\WindowsNativeHelper64.dll
0x00007ffef4420000 - 0x00007ffef44f0000 	C:\WINDOWS\System32\comdlg32.dll
0x00007ffee5340000 - 0x00007ffee53e9000 	C:\WINDOWS\WinSxS\amd64_microsoft.windows.common-controls_6595b64144ccf1df_5.82.18362.592_none_2a2c5e32466583af\comctl32.dll
0x00007ffecd960000 - 0x00007ffecd984000 	C:\Program Files\Oxygen XML Author 21\jre\bin\sunec.dll
0x00007ffedb2f0000 - 0x00007ffedb306000 	C:\WINDOWS\system32\napinsp.dll
0x00007ffedb2d0000 - 0x00007ffedb2ea000 	C:\WINDOWS\system32\pnrpnsp.dll
0x00007ffede4e0000 - 0x00007ffede4ee000 	C:\WINDOWS\System32\winrnr.dll
0x00007ffef00f0000 - 0x00007ffef010c000 	C:\WINDOWS\system32\NLAapi.dll
0x00007ffedb2b0000 - 0x00007ffedb2c5000 	C:\WINDOWS\system32\wshbth.dll
0x00007ffeed6d0000 - 0x00007ffeed747000 	C:\WINDOWS\System32\fwpuclnt.dll
0x00007ffeeacc0000 - 0x00007ffeeacca000 	C:\Windows\System32\rasadhlp.dll
0x00007ffeeee30000 - 0x00007ffeeee3b000 	C:\Program Files\Oxygen XML Author 21\jre\bin\sunmscapi.dll
0x00007ffef2830000 - 0x00007ffef2979000 	C:\WINDOWS\System32\CRYPT32.dll
0x0000000022b50000 - 0x0000000022b62000 	C:\WINDOWS\System32\MSASN1.dll
0x000000002b160000 - 0x000000002b1d8000 	\\?\C:\PROGRA~1\OXYGEN~1\lib\hunspell\HUNSPE~2.DLL
0x00007ffef4aa0000 - 0x00007ffef4b42000 	C:\WINDOWS\System32\clbcatq.dll
0x00007ffed6800000 - 0x00007ffed69af000 	C:\WINDOWS\SYSTEM32\WindowsCodecs.dll
0x00007ffec2a60000 - 0x00007ffec2a9a000 	C:\WINDOWS\system32\dataexchange.dll
0x00007ffeef020000 - 0x00007ffeef27b000 	C:\WINDOWS\system32\d3d11.dll
0x00007ffeef5f0000 - 0x00007ffeef7cb000 	C:\WINDOWS\system32\dcomp.dll
0x00007ffef10d0000 - 0x00007ffef11bb000 	C:\WINDOWS\system32\dxgi.dll
0x00007ffef0320000 - 0x00007ffef057a000 	C:\WINDOWS\system32\twinapi.appcore.dll
0x00007ffef09a0000 - 0x00007ffef09c9000 	C:\WINDOWS\system32\RMCLIENT.dll
0x00007ffed6cc0000 - 0x00007ffed6d25000 	C:\WINDOWS\system32\Ninput.dll
0x00007ffef0d10000 - 0x00007ffef0f04000 	C:\WINDOWS\SYSTEM32\dbghelp.dll
0x00007ffee1e40000 - 0x00007ffee1e6a000 	C:\WINDOWS\SYSTEM32\dbgcore.DLL

VM Arguments:
jvm_args: -Dexe4j.semaphoreName=Local\c:_program_files_oxygen_xml_author_21_oxygenauthor21.1.exe -Dexe4j.isInstall4j=true -Dexe4j.moduleName=C:\Program Files\Oxygen XML Author 21\oxygenAuthor21.1.exe -Dexe4j.tempDir= -Dexe4j.unextractedPosition=0 -Djava.library.path=c:\program files\oxygen xml author 21\jre\bin;C:\Program Files\Oxygen XML Author 21\.\jre\bin;C:\Program Files (x86)\Common Files\Oracle\Java\javapath;C:\WINDOWS\system32;C:\WINDOWS;C:\WINDOWS\System32\Wbem;C:\WINDOWS\System32\WindowsPowerShell\v1.0\;C:\WINDOWS\System32\OpenSSH\;C:\Program Files\Git\cmd;C:\Program Files (x86)\HCL\SafeLinx Client\;C:\Program Files\Intel\WiFi\bin\;C:\Program Files\Common Files\Intel\WirelessCommon\;C:\Program Files (x86)\ooRexx;C:\DITATools\IDWB\bin;C:\Program Files\Amazon\AWSCLI\bin\;C:\Users\rebecca.nethala\dita-otv-0.1.7\dita-ot\bin;C:\Users\rebecca.nethala\AppData\Local\GitHubDesktop\bin;C:\Users\rebecca.nethala\AppData\Local\Programs\Microsoft VS Code\bin -Dexe4j.consoleCodepage=cp0 -Dcom.oxygenxml.app.descriptor=ro.sync.exml.AuthorFrameDescriptor -XX:-OmitStackTraceInFastThrow -XX:SoftRefLRUPolicyMSPerMB=10 -Dsun.java2d.noddraw=true -Dsun.awt.nopixfmt=true -Dsun.java2d.dpiaware=true -Djava.net.preferIPv4Stack=true -Dsun.awt.keepWorkingSetOnMinimize=true -Dinstall4j.launcherId=19 -Dinstall4j.swt=false -Xmx4000m -Dcom.oxygenxml.language=English -XX:+UseParallelGC -XX:ErrorFile=C:\Users\REBECC~1.NET\AppData\Local\Temp\/oxy_jvm_crash.log -XX:OnError="C:\Program Files\Oxygen XML Author 21/rp.exe" 
java_command: C:\Program Files\Oxygen XML Author 21\oxygenAuthor21.1.exe
java_class_path (initial): C:\Program Files\Oxygen XML Author 21\.install4j\i4jruntime.jar;C:\Program Files\Oxygen XML Author 21\.\lib\oxygenAuthor.jar;C:\Program Files\Oxygen XML Author 21\.\lib\oxygen-basic-utilities.jar
Launcher Type: generic

Environment Variables:
PATH=c:\program files\oxygen xml author 21\jre\bin;C:\Program Files\Oxygen XML Author 21\.\jre\bin;C:\Program Files (x86)\Common Files\Oracle\Java\javapath;C:\WINDOWS\system32;C:\WINDOWS;C:\WINDOWS\System32\Wbem;C:\WINDOWS\System32\WindowsPowerShell\v1.0\;C:\WINDOWS\System32\OpenSSH\;C:\Program Files\Git\cmd;C:\Program Files (x86)\HCL\SafeLinx Client\;C:\Program Files\Intel\WiFi\bin\;C:\Program Files\Common Files\Intel\WirelessCommon\;C:\Program Files (x86)\ooRexx;C:\DITATools\IDWB\bin;C:\Program Files\Amazon\AWSCLI\bin\;C:\Users\rebecca.nethala\dita-otv-0.1.7\dita-ot\bin;C:\Users\rebecca.nethala\AppData\Local\GitHubDesktop\bin;C:\Users\rebecca.nethala\AppData\Local\Programs\Microsoft VS Code\bin
USERNAME=rebecca.nethala
OS=Windows_NT
PROCESSOR_IDENTIFIER=Intel64 Family 6 Model 158 Stepping 10, GenuineIntel



---------------  S Y S T E M  ---------------

OS: Windows 10.0 , 64 bit Build 18362 (10.0.18362.329)

CPU:total 12 (initial active 12) (6 cores per cpu, 2 threads per core) family 6 model 158 stepping 10, cmov, cx8, fxsr, mmx, sse, sse2, sse3, ssse3, sse4.1, sse4.2, popcnt, avx, avx2, aes, clmul, erms, 3dnowpref, lzcnt, ht, tsc, tscinvbit, bmi1, bmi2, adx

Memory: 4k page, physical 33282592k(16830252k free), swap 66837024k(43699992k free)

vm_info: Java HotSpot(TM) 64-Bit Server VM (25.202-b08) for windows-amd64 JRE (1.8.0_202-b08), built on Dec 15 2018 19:54:30 by "java_re" with MS VC++ 10.0 (VS2010)

time: Fri Mar 26 15:24:07 2021
timezone: India Standard Time
elapsed time: 2236 seconds (0d 0h 37m 16s)

