#
# A fatal error has been detected by the Java Runtime Environment:
#
#  EXCEPTION_ACCESS_VIOLATION (0xc0000005) at pc=0x000000006209fead, pid=16016, tid=0x0000000000007290
#
# JRE version: Java(TM) SE Runtime Environment (8.0_202-b08) (build 1.8.0_202-b08)
# Java VM: Java HotSpot(TM) 64-Bit Server VM (25.202-b08 mixed mode windows-amd64 compressed oops)
# Problematic frame:
# V  [jvm.dll+0x14fead]
#
# Failed to write core dump. Minidumps are not enabled by default on client versions of Windows
#
# If you would like to submit a bug report, please visit:
#   http://bugreport.java.com/bugreport/crash.jsp
#

---------------  T H R E A D  ---------------

Current thread (0x0000000020529800):  JavaThread "AWT-Windows" daemon [_thread_in_vm, id=29328, stack(0x0000000020c30000,0x0000000020d30000)]

siginfo: ExceptionCode=0xc0000005, reading address 0x0000000000000000

Registers:
RAX=0x0000000000000000, RBX=0x0000000020529800, RCX=0x0000000000000980, RDX=0x0000000023a87760
RSP=0x0000000020d2eb90, RBP=0x0000000020d2ec88, RSI=0x0000000000000000, RDI=0x00000000205299f8
R8 =0x0000000000000000, R9 =0x0000000020d2ec88, R10=0x0000000001cbad60, R11=0x0000000000000000
R12=0x0000000023a87760, R13=0x0000000000000308, R14=0x000000000041208c, R15=0x0000000000000000
RIP=0x000000006209fead, EFLAGS=0x0000000000010246

Top of Stack: (sp=0x0000000020d2eb90)
0x0000000020d2eb90:   0000000020d2edd8 0000000000000308
0x0000000020d2eba0:   0000000000000001 00007ffceb4dd39d
0x0000000020d2ebb0:   0000000020d2edd8 ffffffff00000000
0x0000000020d2ebc0:   0000000000000000 fffffffffffffffe
0x0000000020d2ebd0:   0000000000000001 00007ffceb4de279
0x0000000020d2ebe0:   0000000020529800 0000000000000000
0x0000000020d2ebf0:   0000000000000000 0000000000000001
0x0000000020d2ec00:   fffffffffffffffe 000000006209731f
0x0000000020d2ec10:   0000000020d2edb8 00007ffd139336ca
0x0000000020d2ec20:   0000000000f01000 0000000000030000
0x0000000020d2ec30:   0000000000000000 00007ffceb479e28
0x0000000020d2ec40:   0000000000000000 0000000000000000
0x0000000020d2ec50:   0000000000000000 0000000000000000
0x0000000020d2ec60:   00000000205299f8 00007ffceb499d37
0x0000000020d2ec70:   0000000000000000 0000000000000000
0x0000000020d2ec80:   0000000000000000 0000000000000000 

Instructions: (pc=0x000000006209fead)
0x000000006209fe8d:   00 48 83 7b 08 00 48 89 5c 24 50 48 c7 44 24 58
0x000000006209fe9d:   00 00 00 00 74 0a 48 8d 4c 24 50 e8 03 ef 12 00
0x000000006209fead:   48 8b 06 c7 44 24 40 0e 00 00 00 48 8d 4c 24 70
0x000000006209febd:   48 8b 50 08 0f b7 42 24 48 8b 52 08 48 8b 54 c2 


Register to memory mapping:

RAX=0x0000000000000000 is an unknown value
RBX=0x0000000020529800 is a thread
RCX=0x0000000000000980 is an unknown value
RDX=0x0000000023a87760 is a global jni handle
RSP=0x0000000020d2eb90 is pointing into the stack for thread: 0x0000000020529800
RBP=0x0000000020d2ec88 is pointing into the stack for thread: 0x0000000020529800
RSI=0x0000000000000000 is an unknown value
RDI=0x00000000205299f8 is an unknown value
R8 =0x0000000000000000 is an unknown value
R9 =0x0000000020d2ec88 is pointing into the stack for thread: 0x0000000020529800
R10=0x0000000001cbad60 is an unknown value
R11=0x0000000000000000 is an unknown value
R12=0x0000000023a87760 is a global jni handle
R13=0x0000000000000308 is an unknown value
R14=0x000000000041208c is an unknown value
R15=0x0000000000000000 is an unknown value


Stack: [0x0000000020c30000,0x0000000020d30000],  sp=0x0000000020d2eb90,  free space=1018k
Native frames: (J=compiled Java code, j=interpreted, Vv=VM code, C=native code)
V  [jvm.dll+0x14fead]
C  [awt.dll+0x69e28]
C  [awt.dll+0x89d37]
C  [awt.dll+0xcda3c]
C  [USER32.dll+0x15b6d]
C  [USER32.dll+0x15562]
C  [awt.dll+0xcd32c]
C  [awt.dll+0xcd5db]
C  0x00000000033c8c67

Java frames: (J=compiled Java code, j=interpreted, Vv=VM code)
j  sun.awt.windows.WToolkit.eventLoop()V+0
j  sun.awt.windows.WToolkit.run()V+58
j  java.lang.Thread.run()V+11
v  ~StubRoutines::call_stub

---------------  P R O C E S S  ---------------

Java Threads: ( => current thread )
  0x0000000029a8a800 JavaThread "Opened editors lock manager" [_thread_blocked, id=1748, stack(0x000000002dac0000,0x000000002dbc0000)]
  0x0000000029a89800 JavaThread "Save project thread" daemon [_thread_blocked, id=15916, stack(0x0000000032580000,0x0000000032680000)]
  0x0000000029a87800 JavaThread "Detect hyperlinks at caret" daemon [_thread_blocked, id=24908, stack(0x0000000032090000,0x0000000032190000)]
  0x0000000029a82000 JavaThread "Tooltip timer in CC Editor" daemon [_thread_blocked, id=2744, stack(0x0000000031b90000,0x0000000031c90000)]
  0x0000000029a83800 JavaThread "Batik CleanerThread" daemon [_thread_blocked, id=17304, stack(0x00000000012c0000,0x00000000013c0000)]
  0x0000000029a7f000 JavaThread "Swing-Shell" daemon [_thread_blocked, id=19800, stack(0x00000000013c0000,0x00000000014c0000)]
  0x000000002101d000 JavaThread "Show host component tooltip timer" daemon [_thread_blocked, id=22880, stack(0x000000002d7c0000,0x000000002d8c0000)]
  0x0000000023907800 JavaThread "AuthorExtensionBuilder" daemon [_thread_blocked, id=20148, stack(0x0000000030930000,0x0000000030a30000)]
  0x000000002101e000 JavaThread "Brackets Highlighter" [_thread_blocked, id=3408, stack(0x0000000030730000,0x0000000030830000)]
  0x000000002101b800 JavaThread "Mark occurrences in current file" daemon [_thread_blocked, id=7700, stack(0x0000000030430000,0x0000000030530000)]
  0x0000000021014000 JavaThread "OxygenSingletonChecker-Thread" [_thread_in_native, id=8648, stack(0x000000002edc0000,0x000000002eec0000)]
  0x000000002101b000 JavaThread "pool-10-thread-4" [_thread_blocked, id=6204, stack(0x000000002ecc0000,0x000000002edc0000)]
  0x0000000021018800 JavaThread "pool-10-thread-3" [_thread_blocked, id=28536, stack(0x000000002ebc0000,0x000000002ecc0000)]
  0x0000000021019800 JavaThread "pool-10-thread-2" [_thread_blocked, id=19092, stack(0x000000002eac0000,0x000000002ebc0000)]
  0x000000002101a000 JavaThread "pool-10-thread-1" [_thread_blocked, id=18440, stack(0x000000002e9c0000,0x000000002eac0000)]
  0x0000000021011000 JavaThread "pool-9-thread-4" [_thread_blocked, id=13456, stack(0x000000002e7c0000,0x000000002e8c0000)]
  0x0000000021018000 JavaThread "pool-9-thread-3" [_thread_blocked, id=27244, stack(0x000000002e6c0000,0x000000002e7c0000)]
  0x0000000021017000 JavaThread "pool-9-thread-2" [_thread_blocked, id=12940, stack(0x000000002e5c0000,0x000000002e6c0000)]
  0x0000000021012800 JavaThread "pool-9-thread-1" [_thread_blocked, id=7012, stack(0x000000002e3c0000,0x000000002e4c0000)]
  0x0000000021013800 JavaThread "pool-8-thread-4" [_thread_blocked, id=29596, stack(0x000000002e2c0000,0x000000002e3c0000)]
  0x0000000021015800 JavaThread "pool-8-thread-3" [_thread_blocked, id=23116, stack(0x000000002e1c0000,0x000000002e2c0000)]
  0x0000000021016800 JavaThread "pool-8-thread-2" [_thread_blocked, id=29340, stack(0x000000002e0c0000,0x000000002e1c0000)]
  0x0000000021015000 JavaThread "pool-8-thread-1" [_thread_blocked, id=5984, stack(0x000000002dfc0000,0x000000002e0c0000)]
  0x0000000021012000 JavaThread "Collect project resource thread" daemon [_thread_blocked, id=11536, stack(0x000000002d8c0000,0x000000002d9c0000)]
  0x0000000023905000 JavaThread "'Save backup info' timer" [_thread_blocked, id=19068, stack(0x000000002d4c0000,0x000000002d5c0000)]
  0x0000000023906000 JavaThread "pool-7-thread-4" [_thread_blocked, id=9848, stack(0x000000002d3c0000,0x000000002d4c0000)]
  0x0000000023904800 JavaThread "pool-7-thread-3" [_thread_blocked, id=28904, stack(0x000000002d0c0000,0x000000002d1c0000)]
  0x0000000023903800 JavaThread "pool-7-thread-2" [_thread_blocked, id=28912, stack(0x000000002cfc0000,0x000000002d0c0000)]
  0x0000000023903000 JavaThread "pool-7-thread-1" [_thread_blocked, id=8252, stack(0x000000002ba90000,0x000000002bb90000)]
  0x0000000023902000 JavaThread "" [_thread_blocked, id=28264, stack(0x0000000022510000,0x0000000022610000)]
  0x0000000023908000 JavaThread "DocumentTypeProviderTimer" daemon [_thread_blocked, id=21832, stack(0x000000002a370000,0x000000002a470000)]
  0x0000000023901800 JavaThread "DB Sessions Manager fire timer" daemon [_thread_blocked, id=21484, stack(0x00000000278d0000,0x00000000279d0000)]
  0x00000000232a8000 JavaThread "AutomaticallyValidation" daemon [_thread_blocked, id=21652, stack(0x00000000271d0000,0x00000000276d0000)]
  0x000000001e51a000 JavaThread "Autosave" daemon [_thread_blocked, id=13500, stack(0x00000000270d0000,0x00000000271d0000)]
  0x0000000023688800 JavaThread "TimerQueue" daemon [_thread_blocked, id=13856, stack(0x0000000026bd0000,0x0000000026cd0000)]
  0x00000000203fd000 JavaThread "AutomaticallyValidation" daemon [_thread_blocked, id=28156, stack(0x00000000253c0000,0x00000000258c0000)]
  0x00000000200fe000 JavaThread "Autosave" daemon [_thread_blocked, id=21696, stack(0x00000000230e0000,0x00000000231e0000)]
  0x000000002184b000 JavaThread "AWT-EventQueue-0" [_thread_blocked, id=27680, stack(0x0000000024720000,0x0000000024820000)]
  0x000000002184a000 JavaThread "AWT-Shutdown" [_thread_blocked, id=22848, stack(0x0000000024620000,0x0000000024720000)]
=>0x0000000020529800 JavaThread "AWT-Windows" daemon [_thread_in_vm, id=29328, stack(0x0000000020c30000,0x0000000020d30000)]
  0x0000000020528800 JavaThread "Java2D Disposer" daemon [_thread_blocked, id=28580, stack(0x0000000020a30000,0x0000000020b30000)]
  0x000000001e4c6000 JavaThread "Service Thread" daemon [_thread_blocked, id=20948, stack(0x000000001fe80000,0x000000001ff80000)]
  0x000000001e44b000 JavaThread "C1 CompilerThread3" daemon [_thread_blocked, id=14108, stack(0x000000001fd80000,0x000000001fe80000)]
  0x000000001e442000 JavaThread "C2 CompilerThread2" daemon [_thread_blocked, id=11708, stack(0x000000001fc80000,0x000000001fd80000)]
  0x000000001e43d800 JavaThread "C2 CompilerThread1" daemon [_thread_blocked, id=23176, stack(0x000000001fb80000,0x000000001fc80000)]
  0x000000001e433000 JavaThread "C2 CompilerThread0" daemon [_thread_blocked, id=26792, stack(0x000000001fa80000,0x000000001fb80000)]
  0x000000001e431000 JavaThread "Attach Listener" daemon [_thread_blocked, id=22176, stack(0x000000001f980000,0x000000001fa80000)]
  0x000000001e430000 JavaThread "Signal Dispatcher" daemon [_thread_blocked, id=27028, stack(0x000000001f880000,0x000000001f980000)]
  0x000000001e423000 JavaThread "Finalizer" daemon [_thread_blocked, id=23380, stack(0x000000001f680000,0x000000001f780000)]
  0x000000001cd4c800 JavaThread "Reference Handler" daemon [_thread_blocked, id=27620, stack(0x000000001f580000,0x000000001f680000)]
  0x00000000032b3800 JavaThread "main" [_thread_blocked, id=18772, stack(0x0000000000c50000,0x0000000000d50000)]

Other Threads:
  0x000000001cd48000 VMThread [stack: 0x000000001f480000,0x000000001f580000] [id=20320]
  0x000000001e4ea800 WatcherThread [stack: 0x000000001ff80000,0x0000000020080000] [id=10936]

VM state:not at safepoint (normal execution)

VM Mutex/Monitor currently owned by a thread: None

heap address: 0x00000006c6000000, size: 4000 MB, Compressed Oops mode: Zero based, Oop shift amount: 3
Narrow klass base: 0x0000000000000000, Narrow klass shift: 3
Compressed class space size: 1073741824 Address: 0x00000007c0000000

Heap:
 PSYoungGen      total 325632K, used 263267K [0x000000076cb00000, 0x0000000786400000, 0x00000007c0000000)
  eden space 284672K, 78% used [0x000000076cb00000,0x000000077a445430,0x000000077e100000)
  from space 40960K, 99% used [0x000000077e600000,0x0000000780dd38d8,0x0000000780e00000)
  to   space 67072K, 0% used [0x0000000782280000,0x0000000782280000,0x0000000786400000)
 ParOldGen       total 726016K, used 196360K [0x00000006c6000000, 0x00000006f2500000, 0x000000076cb00000)
  object space 726016K, 27% used [0x00000006c6000000,0x00000006d1fc20a8,0x00000006f2500000)
 Metaspace       used 107943K, capacity 108970K, committed 110080K, reserved 1142784K
  class space    used 16525K, capacity 16774K, committed 16896K, reserved 1048576K

Card table byte_map: [0x0000000012770000,0x0000000012f50000] byte_map_base: 0x000000000f140000

Marking Bits: (ParMarkBitMap*) 0x0000000062775ce0
 Begin Bits: [0x0000000013e90000, 0x0000000017d10000)
 End Bits:   [0x0000000017d10000, 0x000000001bb90000)

Polling page: 0x00000000030a0000

CodeCache: size=245760Kb used=74529Kb max_used=74549Kb free=171230Kb
 bounds [0x00000000033b0000, 0x0000000007d00000, 0x00000000123b0000]
 total_blobs=19731 nmethods=18777 adapters=862
 compilation: enabled

Compilation events (10 events):
Event: 2591.641 Thread 0x000000001e44b000 25156       3       ro.sync.exml.editor.wc::getPrettyPrintAnalyser (8 bytes)
Event: 2591.641 Thread 0x000000001e44b000 nmethod 25156 0x0000000007cd8050 code [0x0000000007cd81a0, 0x0000000007cd8330]
Event: 2591.649 Thread 0x000000001e44b000 25157       3       org.apache.xerces.dom.DocumentTypeImpl::<init> (57 bytes)
Event: 2591.650 Thread 0x000000001e44b000 nmethod 25157 0x000000000474ca90 code [0x000000000474cc40, 0x000000000474d350]
Event: 2591.762 Thread 0x000000001e44b000 25158       3       org.w3c.flute.parser.selectors.AttributeConditionImpl::getPrefix (76 bytes)
Event: 2591.763 Thread 0x000000001e44b000 nmethod 25158 0x0000000007cdc750 code [0x0000000007cdc940, 0x0000000007cdd328]
Event: 2591.765 Thread 0x000000001e44b000 25159       3       org.apache.xerces.impl.xs.XMLSchemaValidatorXerces::doctypeDecl (22 bytes)
Event: 2591.765 Thread 0x000000001e44b000 nmethod 25159 0x0000000007cd7b50 code [0x0000000007cd7cc0, 0x0000000007cd7f28]
Event: 2591.768 Thread 0x000000001e44b000 25160       3       ro.sync.ui.fd::b (9 bytes)
Event: 2591.768 Thread 0x000000001e44b000 nmethod 25160 0x000000000474c750 code [0x000000000474c8a0, 0x000000000474ca10]

GC Heap History (10 events):
Event: 2151.492 GC heap before
{Heap before GC invocations=34 (full 5):
 PSYoungGen      total 382464K, used 338391K [0x000000076cb00000, 0x0000000789a00000, 0x00000007c0000000)
  eden space 311296K, 100% used [0x000000076cb00000,0x000000077fb00000,0x000000077fb00000)
  from space 71168K, 38% used [0x0000000785480000,0x0000000786ef5e78,0x0000000789a00000)
  to   space 81408K, 0% used [0x000000077fb00000,0x000000077fb00000,0x0000000784a80000)
 ParOldGen       total 726016K, used 196320K [0x00000006c6000000, 0x00000006f2500000, 0x000000076cb00000)
  object space 726016K, 27% used [0x00000006c6000000,0x00000006d1fb80a8,0x00000006f2500000)
 Metaspace       used 106892K, capacity 107908K, committed 108928K, reserved 1140736K
  class space    used 16505K, capacity 16741K, committed 16768K, reserved 1048576K
Event: 2151.504 GC heap after
Heap after GC invocations=34 (full 5):
 PSYoungGen      total 335360K, used 29361K [0x000000076cb00000, 0x0000000788b80000, 0x00000007c0000000)
  eden space 305664K, 0% used [0x000000076cb00000,0x000000076cb00000,0x000000077f580000)
  from space 29696K, 98% used [0x000000077fb00000,0x00000007817ac488,0x0000000781800000)
  to   space 76800K, 0% used [0x0000000784080000,0x0000000784080000,0x0000000788b80000)
 ParOldGen       total 726016K, used 196328K [0x00000006c6000000, 0x00000006f2500000, 0x000000076cb00000)
  object space 726016K, 27% used [0x00000006c6000000,0x00000006d1fba0a8,0x00000006f2500000)
 Metaspace       used 106892K, capacity 107908K, committed 108928K, reserved 1140736K
  class space    used 16505K, capacity 16741K, committed 16768K, reserved 1048576K
}
Event: 2249.960 GC heap before
{Heap before GC invocations=35 (full 5):
 PSYoungGen      total 335360K, used 335025K [0x000000076cb00000, 0x0000000788b80000, 0x00000007c0000000)
  eden space 305664K, 100% used [0x000000076cb00000,0x000000077f580000,0x000000077f580000)
  from space 29696K, 98% used [0x000000077fb00000,0x00000007817ac488,0x0000000781800000)
  to   space 76800K, 0% used [0x0000000784080000,0x0000000784080000,0x0000000788b80000)
 ParOldGen       total 726016K, used 196328K [0x00000006c6000000, 0x00000006f2500000, 0x000000076cb00000)
  object space 726016K, 27% used [0x00000006c6000000,0x00000006d1fba0a8,0x00000006f2500000)
 Metaspace       used 107113K, capacity 108106K, committed 109184K, reserved 1142784K
  class space    used 16506K, capacity 16742K, committed 16768K, reserved 1048576K
Event: 2249.974 GC heap after
Heap after GC invocations=35 (full 5):
 PSYoungGen      total 363008K, used 30692K [0x000000076cb00000, 0x0000000787e00000, 0x00000007c0000000)
  eden space 300032K, 0% used [0x000000076cb00000,0x000000076cb00000,0x000000077f000000)
  from space 62976K, 48% used [0x0000000784080000,0x0000000785e791f0,0x0000000787e00000)
  to   space 72704K, 0% used [0x000000077f000000,0x000000077f000000,0x0000000783700000)
 ParOldGen       total 726016K, used 196336K [0x00000006c6000000, 0x00000006f2500000, 0x000000076cb00000)
  object space 726016K, 27% used [0x00000006c6000000,0x00000006d1fbc0a8,0x00000006f2500000)
 Metaspace       used 107113K, capacity 108106K, committed 109184K, reserved 1142784K
  class space    used 16506K, capacity 16742K, committed 16768K, reserved 1048576K
}
Event: 2333.053 GC heap before
{Heap before GC invocations=36 (full 5):
 PSYoungGen      total 363008K, used 330724K [0x000000076cb00000, 0x0000000787e00000, 0x00000007c0000000)
  eden space 300032K, 100% used [0x000000076cb00000,0x000000077f000000,0x000000077f000000)
  from space 62976K, 48% used [0x0000000784080000,0x0000000785e791f0,0x0000000787e00000)
  to   space 72704K, 0% used [0x000000077f000000,0x000000077f000000,0x0000000783700000)
 ParOldGen       total 726016K, used 196336K [0x00000006c6000000, 0x00000006f2500000, 0x000000076cb00000)
  object space 726016K, 27% used [0x00000006c6000000,0x00000006d1fbc0a8,0x00000006f2500000)
 Metaspace       used 107234K, capacity 108234K, committed 109184K, reserved 1142784K
  class space    used 16509K, capacity 16742K, committed 16768K, reserved 1048576K
Event: 2333.081 GC heap after
Heap after GC invocations=36 (full 5):
 PSYoungGen      total 331776K, used 36781K [0x000000076cb00000, 0x0000000787400000, 0x00000007c0000000)
  eden space 294912K, 0% used [0x000000076cb00000,0x000000076cb00000,0x000000077eb00000)
  from space 36864K, 99% used [0x000000077f000000,0x00000007813eb470,0x0000000781400000)
  to   space 70144K, 0% used [0x0000000782f80000,0x0000000782f80000,0x0000000787400000)
 ParOldGen       total 726016K, used 196344K [0x00000006c6000000, 0x00000006f2500000, 0x000000076cb00000)
  object space 726016K, 27% used [0x00000006c6000000,0x00000006d1fbe0a8,0x00000006f2500000)
 Metaspace       used 107234K, capacity 108234K, committed 109184K, reserved 1142784K
  class space    used 16509K, capacity 16742K, committed 16768K, reserved 1048576K
}
Event: 2396.355 GC heap before
{Heap before GC invocations=37 (full 5):
 PSYoungGen      total 331776K, used 331693K [0x000000076cb00000, 0x0000000787400000, 0x00000007c0000000)
  eden space 294912K, 100% used [0x000000076cb00000,0x000000077eb00000,0x000000077eb00000)
  from space 36864K, 99% used [0x000000077f000000,0x00000007813eb470,0x0000000781400000)
  to   space 70144K, 0% used [0x0000000782f80000,0x0000000782f80000,0x0000000787400000)
 ParOldGen       total 726016K, used 196344K [0x00000006c6000000, 0x00000006f2500000, 0x000000076cb00000)
  object space 726016K, 27% used [0x00000006c6000000,0x00000006d1fbe0a8,0x00000006f2500000)
 Metaspace       used 107438K, capacity 108490K, committed 109440K, reserved 1142784K
  class space    used 16509K, capacity 16742K, committed 16768K, reserved 1048576K
Event: 2396.369 GC heap after
Heap after GC invocations=37 (full 5):
 PSYoungGen      total 349696K, used 34597K [0x000000076cb00000, 0x0000000786a00000, 0x00000007c0000000)
  eden space 289792K, 0% used [0x000000076cb00000,0x000000076cb00000,0x000000077e600000)
  from space 59904K, 57% used [0x0000000782f80000,0x0000000785149710,0x0000000786a00000)
  to   space 67584K, 0% used [0x000000077e600000,0x000000077e600000,0x0000000782800000)
 ParOldGen       total 726016K, used 196352K [0x00000006c6000000, 0x00000006f2500000, 0x000000076cb00000)
  object space 726016K, 27% used [0x00000006c6000000,0x00000006d1fc00a8,0x00000006f2500000)
 Metaspace       used 107438K, capacity 108490K, committed 109440K, reserved 1142784K
  class space    used 16509K, capacity 16742K, committed 16768K, reserved 1048576K
}
Event: 2554.094 GC heap before
{Heap before GC invocations=38 (full 5):
 PSYoungGen      total 349696K, used 324389K [0x000000076cb00000, 0x0000000786a00000, 0x00000007c0000000)
  eden space 289792K, 100% used [0x000000076cb00000,0x000000077e600000,0x000000077e600000)
  from space 59904K, 57% used [0x0000000782f80000,0x0000000785149710,0x0000000786a00000)
  to   space 67584K, 0% used [0x000000077e600000,0x000000077e600000,0x0000000782800000)
 ParOldGen       total 726016K, used 196352K [0x00000006c6000000, 0x00000006f2500000, 0x000000076cb00000)
  object space 726016K, 27% used [0x00000006c6000000,0x00000006d1fc00a8,0x00000006f2500000)
 Metaspace       used 107806K, capacity 108778K, committed 109824K, reserved 1142784K
  class space    used 16523K, capacity 16774K, committed 16896K, reserved 1048576K
Event: 2554.132 GC heap after
Heap after GC invocations=38 (full 5):
 PSYoungGen      total 325632K, used 40782K [0x000000076cb00000, 0x0000000786400000, 0x00000007c0000000)
  eden space 284672K, 0% used [0x000000076cb00000,0x000000076cb00000,0x000000077e100000)
  from space 40960K, 99% used [0x000000077e600000,0x0000000780dd38d8,0x0000000780e00000)
  to   space 67072K, 0% used [0x0000000782280000,0x0000000782280000,0x0000000786400000)
 ParOldGen       total 726016K, used 196360K [0x00000006c6000000, 0x00000006f2500000, 0x000000076cb00000)
  object space 726016K, 27% used [0x00000006c6000000,0x00000006d1fc20a8,0x00000006f2500000)
 Metaspace       used 107806K, capacity 108778K, committed 109824K, reserved 1142784K
  class space    used 16523K, capacity 16774K, committed 16896K, reserved 1048576K
}

Deoptimization events (10 events):
Event: 2589.726 Thread 0x000000002184b000 Uncommon trap: reason=class_check action=none pc=0x0000000004d13cac method=java.awt.Font.equals(Ljava/lang/Object;)Z @ 12
Event: 2589.820 Thread 0x000000002184b000 Uncommon trap: reason=class_check action=none pc=0x0000000004d13cac method=java.awt.Font.equals(Ljava/lang/Object;)Z @ 12
Event: 2589.827 Thread 0x000000002184b000 Uncommon trap: reason=class_check action=none pc=0x0000000004d13cac method=java.awt.Font.equals(Ljava/lang/Object;)Z @ 12
Event: 2589.927 Thread 0x000000002184b000 Uncommon trap: reason=class_check action=none pc=0x0000000004d13cac method=java.awt.Font.equals(Ljava/lang/Object;)Z @ 12
Event: 2589.934 Thread 0x000000002184b000 Uncommon trap: reason=class_check action=none pc=0x0000000004d13cac method=java.awt.Font.equals(Ljava/lang/Object;)Z @ 12
Event: 2590.031 Thread 0x000000002184b000 Uncommon trap: reason=class_check action=none pc=0x0000000004d13cac method=java.awt.Font.equals(Ljava/lang/Object;)Z @ 12
Event: 2590.039 Thread 0x000000002184b000 Uncommon trap: reason=class_check action=none pc=0x0000000004d13cac method=java.awt.Font.equals(Ljava/lang/Object;)Z @ 12
Event: 2590.133 Thread 0x000000002184b000 Uncommon trap: reason=class_check action=none pc=0x0000000004d13cac method=java.awt.Font.equals(Ljava/lang/Object;)Z @ 12
Event: 2590.232 Thread 0x000000002184b000 Uncommon trap: reason=class_check action=none pc=0x0000000004d13cac method=java.awt.Font.equals(Ljava/lang/Object;)Z @ 12
Event: 2590.646 Thread 0x000000002184b000 Uncommon trap: reason=class_check action=none pc=0x0000000004d13cac method=java.awt.Font.equals(Ljava/lang/Object;)Z @ 12

Classes redefined (0 events):
No events

Internal exceptions (10 events):
Event: 2590.133 Thread 0x000000002184b000 Exception <a 'java/lang/ClassCastException'> (0x0000000777547780) thrown at [C:\re\workspace\8-2-build-windows-amd64-cygwin\jdk8u202\12323\hotspot\src\share\vm\runtime\sharedRuntime.cpp, line 605]
Event: 2590.133 Thread 0x000000002184b000 Exception <a 'java/lang/ClassCastException': java.awt.font.ShapeGraphicAttribute cannot be cast to java.awt.Font> (0x00000007775480d0) thrown at [C:\re\workspace\8-2-build-windows-amd64-cygwin\jdk8u202\12323\hotspot\src\share\vm\interpreter\interpreterRun
Event: 2590.133 Thread 0x000000002184b000 Exception <a 'java/lang/ClassCastException'> (0x0000000777548590) thrown at [C:\re\workspace\8-2-build-windows-amd64-cygwin\jdk8u202\12323\hotspot\src\share\vm\runtime\sharedRuntime.cpp, line 605]
Event: 2590.133 Thread 0x000000002184b000 Exception <a 'java/lang/ClassCastException'> (0x0000000777548a50) thrown at [C:\re\workspace\8-2-build-windows-amd64-cygwin\jdk8u202\12323\hotspot\src\share\vm\runtime\sharedRuntime.cpp, line 605]
Event: 2590.232 Thread 0x000000002184b000 Exception <a 'java/lang/ClassCastException'> (0x0000000777576d40) thrown at [C:\re\workspace\8-2-build-windows-amd64-cygwin\jdk8u202\12323\hotspot\src\share\vm\runtime\sharedRuntime.cpp, line 605]
Event: 2590.232 Thread 0x000000002184b000 Exception <a 'java/lang/ClassCastException': java.awt.font.ShapeGraphicAttribute cannot be cast to java.awt.Font> (0x0000000777577690) thrown at [C:\re\workspace\8-2-build-windows-amd64-cygwin\jdk8u202\12323\hotspot\src\share\vm\interpreter\interpreterRun
Event: 2590.232 Thread 0x000000002184b000 Exception <a 'java/lang/ClassCastException'> (0x0000000777577b50) thrown at [C:\re\workspace\8-2-build-windows-amd64-cygwin\jdk8u202\12323\hotspot\src\share\vm\runtime\sharedRuntime.cpp, line 605]
Event: 2590.646 Thread 0x000000002184b000 Exception <a 'java/lang/ClassCastException'> (0x000000077760a980) thrown at [C:\re\workspace\8-2-build-windows-amd64-cygwin\jdk8u202\12323\hotspot\src\share\vm\runtime\sharedRuntime.cpp, line 605]
Event: 2590.646 Thread 0x000000002184b000 Exception <a 'java/lang/ClassCastException': java.awt.font.ShapeGraphicAttribute cannot be cast to java.awt.Font> (0x000000077760b2d0) thrown at [C:\re\workspace\8-2-build-windows-amd64-cygwin\jdk8u202\12323\hotspot\src\share\vm\interpreter\interpreterRun
Event: 2590.646 Thread 0x000000002184b000 Exception <a 'java/lang/ClassCastException'> (0x000000077760b790) thrown at [C:\re\workspace\8-2-build-windows-amd64-cygwin\jdk8u202\12323\hotspot\src\share\vm\runtime\sharedRuntime.cpp, line 605]

Events (10 events):
Event: 2591.651 Thread 0x000000002344b000 Thread added: 0x000000002344b000
Event: 2591.653 Thread 0x000000002344b000 Thread exited: 0x000000002344b000
Event: 2591.757 Thread 0x000000002344c800 Thread added: 0x000000002344c800
Event: 2591.760 Thread 0x000000002344c800 Thread exited: 0x000000002344c800
Event: 2591.762 Thread 0x000000002344b800 Thread added: 0x000000002344b800
Event: 2591.763 Thread 0x000000001e44b000 flushing nmethod 0x000000000576ef90
Event: 2591.763 Thread 0x000000001e44b000 flushing nmethod 0x0000000005773dd0
Event: 2591.764 Thread 0x000000001e44b000 flushing nmethod 0x00000000059b7e50
Event: 2591.765 Thread 0x000000002344b800 Thread exited: 0x000000002344b800
Event: 2591.766 Thread 0x000000001e44b000 flushing nmethod 0x0000000005bd0850


Dynamic libraries:
0x00007ff7fcd50000 - 0x00007ff7fcdff000 	C:\Program Files\Oxygen XML Author 21\oxygenAuthor21.1.exe
0x00007ffd14ba0000 - 0x00007ffd14d90000 	C:\WINDOWS\SYSTEM32\ntdll.dll
0x00007ffd13570000 - 0x00007ffd13622000 	C:\WINDOWS\System32\KERNEL32.DLL
0x00007ffd11b30000 - 0x00007ffd11dd3000 	C:\WINDOWS\System32\KERNELBASE.dll
0x0000000064d10000 - 0x0000000064da5000 	C:\WINDOWS\System32\SYSFER.DLL
0x00007ffd134b0000 - 0x00007ffd13553000 	C:\WINDOWS\System32\ADVAPI32.dll
0x00007ffd144e0000 - 0x00007ffd1457e000 	C:\WINDOWS\System32\msvcrt.dll
0x00007ffd13630000 - 0x00007ffd136c7000 	C:\WINDOWS\System32\sechost.dll
0x00007ffd13b70000 - 0x00007ffd13c90000 	C:\WINDOWS\System32\RPCRT4.dll
0x00007ffceb160000 - 0x00007ffceb386000 	C:\WINDOWS\system32\ctiuser.dll
0x00007ffd13910000 - 0x00007ffd13aa4000 	C:\WINDOWS\System32\USER32.dll
0x00007ffd126d0000 - 0x00007ffd126f1000 	C:\WINDOWS\System32\win32u.dll
0x00007ffd12cb0000 - 0x00007ffd12cd6000 	C:\WINDOWS\System32\GDI32.dll
0x00007ffd12890000 - 0x00007ffd12a24000 	C:\WINDOWS\System32\gdi32full.dll
0x00007ffd12bb0000 - 0x00007ffd12c4e000 	C:\WINDOWS\System32\msvcp_win.dll
0x00007ffd12a30000 - 0x00007ffd12b2a000 	C:\WINDOWS\System32\ucrtbase.dll
0x00007ffd13740000 - 0x00007ffd13896000 	C:\WINDOWS\System32\ole32.dll
0x00007ffd13dd0000 - 0x00007ffd14106000 	C:\WINDOWS\System32\combase.dll
0x00007ffd12b30000 - 0x00007ffd12bb0000 	C:\WINDOWS\System32\bcryptPrimitives.dll
0x00007ffd13560000 - 0x00007ffd13568000 	C:\WINDOWS\System32\PSAPI.DLL
0x00007ffd050b0000 - 0x00007ffd050ba000 	C:\WINDOWS\SYSTEM32\FLTLIB.DLL
0x00007ffd14290000 - 0x00007ffd142be000 	C:\WINDOWS\System32\IMM32.DLL
0x0000000068000000 - 0x000000006805e000 	C:\WINDOWS\System32\QIPCAP64.dll
0x00007ffd12d40000 - 0x00007ffd13425000 	C:\WINDOWS\System32\SHELL32.dll
0x00007ffd12840000 - 0x00007ffd1288a000 	C:\WINDOWS\System32\cfgmgr32.dll
0x00007ffd13ab0000 - 0x00007ffd13b59000 	C:\WINDOWS\System32\shcore.dll
0x00007ffd11f50000 - 0x00007ffd126cf000 	C:\WINDOWS\System32\windows.storage.dll
0x00007ffd11ac0000 - 0x00007ffd11adf000 	C:\WINDOWS\System32\profapi.dll
0x00007ffd11ae0000 - 0x00007ffd11b2a000 	C:\WINDOWS\System32\powrprof.dll
0x00007ffd11a70000 - 0x00007ffd11a80000 	C:\WINDOWS\System32\UMPDC.dll
0x00007ffd14480000 - 0x00007ffd144d2000 	C:\WINDOWS\System32\shlwapi.dll
0x00007ffd11a80000 - 0x00007ffd11a91000 	C:\WINDOWS\System32\kernel.appcore.dll
0x00007ffd11f30000 - 0x00007ffd11f47000 	C:\WINDOWS\System32\cryptsp.dll
0x00007ffd11040000 - 0x00007ffd1110a000 	C:\WINDOWS\SYSTEM32\DNSAPI.dll
0x00007ffd136d0000 - 0x00007ffd1373f000 	C:\WINDOWS\System32\WS2_32.dll
0x00007ffd13b60000 - 0x00007ffd13b68000 	C:\WINDOWS\System32\NSI.dll
0x00007ffd10ff0000 - 0x00007ffd1102a000 	C:\WINDOWS\SYSTEM32\IPHLPAPI.DLL
0x00007ffcff350000 - 0x00007ffcff5d5000 	C:\WINDOWS\WinSxS\amd64_microsoft.windows.common-controls_6595b64144ccf1df_6.0.18362.592_none_e6c0b1911312be02\comctl32.dll
0x0000000061f50000 - 0x00000000627f5000 	c:\program files\oxygen xml author 21\jre\bin\server\jvm.dll
0x00007ffd0f410000 - 0x00007ffd0f419000 	C:\WINDOWS\SYSTEM32\WSOCK32.dll
0x00007ffd02710000 - 0x00007ffd02734000 	C:\WINDOWS\SYSTEM32\WINMM.dll
0x00007ffd0b8b0000 - 0x00007ffd0b8ba000 	C:\WINDOWS\SYSTEM32\VERSION.dll
0x0000000062920000 - 0x00000000629f2000 	C:\WINDOWS\SYSTEM32\MSVCR100.dll
0x00007ffd03e20000 - 0x00007ffd03e4d000 	C:\WINDOWS\SYSTEM32\WINMMBASE.dll
0x00007ffd06a80000 - 0x00007ffd06a8f000 	c:\program files\oxygen xml author 21\jre\bin\verify.dll
0x00007ffcf51c0000 - 0x00007ffcf51e9000 	c:\program files\oxygen xml author 21\jre\bin\java.dll
0x00007ffcfe3e0000 - 0x00007ffcfe3f6000 	c:\program files\oxygen xml author 21\jre\bin\zip.dll
0x0000000180000000 - 0x0000000180032000 	C:\Program Files\Oxygen XML Author 21\.install4j\i4jinst.dll
0x00007ffd149f0000 - 0x00007ffd14ab4000 	C:\WINDOWS\System32\OLEAUT32.dll
0x00007ffd069c0000 - 0x00007ffd069cd000 	C:\Program Files\Oxygen XML Author 21\jre\bin\management.dll
0x00007ffcec2c0000 - 0x00007ffcec2e6000 	C:\Program Files\Oxygen XML Author 21\jre\bin\JavaAccessBridge-64.dll
0x00007ffceb410000 - 0x00007ffceb5a9000 	C:\Program Files\Oxygen XML Author 21\jre\bin\awt.dll
0x00007ffd0f140000 - 0x00007ffd0f1cf000 	C:\WINDOWS\SYSTEM32\apphelp.dll
0x00007ffd0fce0000 - 0x00007ffd0fd79000 	C:\WINDOWS\system32\uxtheme.dll
0x00007ffd13c90000 - 0x00007ffd13dc5000 	C:\WINDOWS\System32\MSCTF.dll
0x00007ffd0ff60000 - 0x00007ffd0ff8d000 	C:\WINDOWS\system32\DWMAPI.DLL
0x00007ffce0c90000 - 0x00007ffce0de6000 	C:\WINDOWS\system32\opengl32.dll
0x00007ffd011c0000 - 0x00007ffd011ec000 	C:\WINDOWS\SYSTEM32\GLU32.dll
0x00007ffd106e0000 - 0x00007ffd10700000 	C:\WINDOWS\SYSTEM32\dxcore.dll
0x00007ffd10e50000 - 0x00007ffd10e83000 	C:\WINDOWS\system32\rsaenh.dll
0x00007ffd12700000 - 0x00007ffd12726000 	C:\WINDOWS\System32\bcrypt.dll
0x00007ffd11990000 - 0x00007ffd119b5000 	C:\WINDOWS\SYSTEM32\USERENV.dll
0x00007ffd114b0000 - 0x00007ffd114bc000 	C:\WINDOWS\SYSTEM32\CRYPTBASE.dll
0x00007ffcf0110000 - 0x00007ffcf012a000 	C:\Program Files\Oxygen XML Author 21\jre\bin\net.dll
0x00007ffd031c0000 - 0x00007ffd03396000 	C:\WINDOWS\SYSTEM32\urlmon.dll
0x00007ffd06f40000 - 0x00007ffd071e6000 	C:\WINDOWS\SYSTEM32\iertutil.dll
0x00007ffd112e0000 - 0x00007ffd11347000 	C:\WINDOWS\system32\mswsock.dll
0x00007ffd0c300000 - 0x00007ffd0c316000 	C:\WINDOWS\SYSTEM32\dhcpcsvc6.DLL
0x00007ffd0c240000 - 0x00007ffd0c25c000 	C:\WINDOWS\SYSTEM32\dhcpcsvc.DLL
0x00007ffcf00f0000 - 0x00007ffcf0102000 	C:\Program Files\Oxygen XML Author 21\jre\bin\nio.dll
0x0000000020b30000 - 0x0000000020b68000 	C:\Program Files\Oxygen XML Author 21\lib\com\sun\jna\win32-x86-64\jnidispatch.dll
0x00007ffced190000 - 0x00007ffced1d7000 	C:\Program Files\Oxygen XML Author 21\jre\bin\fontmanager.dll
0x00007ffcf5840000 - 0x00007ffcf58de000 	C:\WINDOWS\System32\TextInputFramework.dll
0x00007ffcf5ad0000 - 0x00007ffcf5dfa000 	C:\WINDOWS\System32\CoreUIComponents.dll
0x00007ffd0f6e0000 - 0x00007ffd0f7b4000 	C:\WINDOWS\System32\CoreMessaging.dll
0x00007ffd10aa0000 - 0x00007ffd10ad1000 	C:\WINDOWS\SYSTEM32\ntmarta.dll
0x00007ffd0c0e0000 - 0x00007ffd0c233000 	C:\WINDOWS\SYSTEM32\wintypes.dll
0x00007ffcecfc0000 - 0x00007ffced002000 	C:\Program Files\Oxygen XML Author 21\jre\bin\t2k.dll
0x00007ffcebd30000 - 0x00007ffcebd5a000 	C:\Program Files\Oxygen XML Author 21\jre\bin\dcpr.dll
0x0000000020be0000 - 0x0000000020bf7000 	C:\Program Files\Oxygen XML Author 21\lib\WindowsNativeHelper64.dll
0x00007ffd14110000 - 0x00007ffd141e0000 	C:\WINDOWS\System32\comdlg32.dll
0x00007ffd04590000 - 0x00007ffd04639000 	C:\WINDOWS\WinSxS\amd64_microsoft.windows.common-controls_6595b64144ccf1df_5.82.18362.592_none_2a2c5e32466583af\comctl32.dll
0x00007ffcfa900000 - 0x00007ffcfa916000 	C:\WINDOWS\system32\napinsp.dll
0x00007ffcfa8e0000 - 0x00007ffcfa8fa000 	C:\WINDOWS\system32\pnrpnsp.dll
0x00007ffcfa8d0000 - 0x00007ffcfa8de000 	C:\WINDOWS\System32\winrnr.dll
0x00007ffd0f0f0000 - 0x00007ffd0f10c000 	C:\WINDOWS\system32\NLAapi.dll
0x00007ffcfa8b0000 - 0x00007ffcfa8c5000 	C:\WINDOWS\system32\wshbth.dll
0x00007ffd0c280000 - 0x00007ffd0c2f7000 	C:\WINDOWS\System32\fwpuclnt.dll
0x00007ffd08e60000 - 0x00007ffd08e6a000 	C:\Windows\System32\rasadhlp.dll
0x00007ffd141e0000 - 0x00007ffd14282000 	C:\WINDOWS\System32\clbcatq.dll
0x00007ffcf5690000 - 0x00007ffcf583f000 	C:\WINDOWS\SYSTEM32\WindowsCodecs.dll
0x00007ffce0af0000 - 0x00007ffce0b2a000 	C:\WINDOWS\system32\dataexchange.dll
0x00007ffd0e5f0000 - 0x00007ffd0e84b000 	C:\WINDOWS\system32\d3d11.dll
0x00007ffd0ebc0000 - 0x00007ffd0ed9b000 	C:\WINDOWS\system32\dcomp.dll
0x00007ffd10770000 - 0x00007ffd1085b000 	C:\WINDOWS\system32\dxgi.dll
0x00007ffd0f9e0000 - 0x00007ffd0fc3a000 	C:\WINDOWS\system32\twinapi.appcore.dll
0x00007ffd0ff90000 - 0x00007ffd0ffb9000 	C:\WINDOWS\system32\RMCLIENT.dll
0x0000000025af0000 - 0x0000000025b68000 	\\?\C:\PROGRA~1\OXYGEN~1\lib\hunspell\HUNSPE~2.DLL
0x00007ffcf5900000 - 0x00007ffcf5965000 	C:\WINDOWS\system32\Ninput.dll
0x00007ffd0f5e0000 - 0x00007ffd0f6cf000 	C:\WINDOWS\system32\propsys.dll
0x00007ffd06b90000 - 0x00007ffd06ba6000 	C:\WINDOWS\system32\NetworkExplorer.dll
0x00007ffce07c0000 - 0x00007ffce081e000 	C:\Windows\System32\thumbcache.dll
0x00007ffd0be20000 - 0x00007ffd0be2d000 	C:\WINDOWS\SYSTEM32\LINKINFO.dll
0x00007ffd00fd0000 - 0x00007ffd00feb000 	C:\WINDOWS\SYSTEM32\MPR.dll
0x00007ffcfe3d0000 - 0x00007ffcfe3db000 	C:\WINDOWS\System32\drprov.dll
0x00007ffd10b70000 - 0x00007ffd10bcc000 	C:\WINDOWS\System32\WINSTA.dll
0x00007ffcfdb60000 - 0x00007ffcfdb75000 	C:\WINDOWS\System32\ntlanman.dll
0x00007ffd01d10000 - 0x00007ffd01d2d000 	C:\WINDOWS\System32\davclnt.dll
0x00007ffd039c0000 - 0x00007ffd039cc000 	C:\WINDOWS\System32\DAVHLPR.dll
0x00007ffd0ad90000 - 0x00007ffd0ada7000 	C:\WINDOWS\System32\wkscli.dll
0x00007ffd03aa0000 - 0x00007ffd03ab2000 	C:\WINDOWS\SYSTEM32\cscapi.dll
0x00007ffd11030000 - 0x00007ffd1103c000 	C:\WINDOWS\System32\netutils.dll
0x00007ffd06ee0000 - 0x00007ffd06f33000 	C:\Windows\System32\dlnashext.dll
0x00007ffcebc40000 - 0x00007ffcebca4000 	C:\Windows\System32\PlayToDevice.dll
0x00007ffd0f520000 - 0x00007ffd0f540000 	C:\Windows\System32\DevDispItemProvider.dll
0x00007ffd0b8e0000 - 0x00007ffd0b952000 	C:\WINDOWS\System32\MMDevApi.dll
0x00007ffd11870000 - 0x00007ffd1189a000 	C:\WINDOWS\System32\DEVOBJ.dll
0x00007ffcebba0000 - 0x00007ffcebc3b000 	C:\WINDOWS\system32\wpdshext.dll
0x00007ffd024f0000 - 0x00007ffd02693000 	C:\WINDOWS\WinSxS\amd64_microsoft.windows.gdiplus_6595b64144ccf1df_1.1.18362.592_none_17aba4766da537d0\gdiplus.dll
0x00007ffd0be30000 - 0x00007ffd0bece000 	C:\Windows\System32\PortableDeviceApi.dll
0x00007ffd14580000 - 0x00007ffd149f0000 	C:\WINDOWS\System32\SETUPAPI.dll
0x000000002f260000 - 0x000000002f2bc000 	C:\WINDOWS\System32\WINTRUST.dll
0x0000000025b70000 - 0x0000000025b82000 	C:\WINDOWS\System32\MSASN1.dll
0x00007ffd11de0000 - 0x00007ffd11f29000 	C:\WINDOWS\System32\CRYPT32.dll
0x00007ffcdf590000 - 0x00007ffcdf5c7000 	C:\Windows\System32\EhStorShell.dll
0x00007ffcebb70000 - 0x00007ffcebb95000 	C:\Windows\System32\EhStorAPI.dll
0x00007ffd0bd60000 - 0x00007ffd0bd73000 	C:\Windows\System32\WTSAPI32.dll
0x00007ffd0ac60000 - 0x00007ffd0ace6000 	C:\WINDOWS\SYSTEM32\policymanager.dll

VM Arguments:
jvm_args: -Dexe4j.semaphoreName=Local\c:_program_files_oxygen_xml_author_21_oxygenauthor21.1.exe -Dexe4j.isInstall4j=true -Dexe4j.moduleName=C:\Program Files\Oxygen XML Author 21\oxygenAuthor21.1.exe -Dexe4j.tempDir= -Dexe4j.unextractedPosition=0 -Djava.library.path=c:\program files\oxygen xml author 21\jre\bin;C:\Program Files\Oxygen XML Author 21\.\jre\bin;C:\Program Files (x86)\Common Files\Oracle\Java\javapath;C:\WINDOWS\system32;C:\WINDOWS;C:\WINDOWS\System32\Wbem;C:\WINDOWS\System32\WindowsPowerShell\v1.0\;C:\WINDOWS\System32\OpenSSH\;C:\Program Files\Git\cmd;C:\Program Files (x86)\HCL\SafeLinx Client\;C:\Program Files\Intel\WiFi\bin\;C:\Program Files\Common Files\Intel\WirelessCommon\;C:\Program Files (x86)\ooRexx;C:\DITATools\IDWB\bin;C:\Program Files\Amazon\AWSCLI\bin\;C:\Users\rebecca.nethala\dita-otv-0.1.7\dita-ot\bin;C:\Users\rebecca.nethala\AppData\Local\GitHubDesktop\bin;C:\Users\rebecca.nethala\AppData\Local\Programs\Microsoft VS Code\bin -Dexe4j.consoleCodepage=cp0 -Dcom.oxygenxml.app.descriptor=ro.sync.exml.AuthorFrameDescriptor -XX:-OmitStackTraceInFastThrow -XX:SoftRefLRUPolicyMSPerMB=10 -Dsun.java2d.noddraw=true -Dsun.awt.nopixfmt=true -Dsun.java2d.dpiaware=true -Djava.net.preferIPv4Stack=true -Dsun.awt.keepWorkingSetOnMinimize=true -Dinstall4j.launcherId=19 -Dinstall4j.swt=false -Xmx4000m -Dcom.oxygenxml.language=English -XX:+UseParallelGC -XX:ErrorFile=C:\Users\REBECC~1.NET\AppData\Local\Temp\/oxy_jvm_crash.log -XX:OnError="C:\Program Files\Oxygen XML Author 21/rp.exe" 
java_command: C:\Program Files\Oxygen XML Author 21\oxygenAuthor21.1.exe
java_class_path (initial): C:\Program Files\Oxygen XML Author 21\.install4j\i4jruntime.jar;C:\Program Files\Oxygen XML Author 21\.\lib\oxygenAuthor.jar;C:\Program Files\Oxygen XML Author 21\.\lib\oxygen-basic-utilities.jar
Launcher Type: generic

Environment Variables:
PATH=c:\program files\oxygen xml author 21\jre\bin;C:\Program Files\Oxygen XML Author 21\.\jre\bin;C:\Program Files (x86)\Common Files\Oracle\Java\javapath;C:\WINDOWS\system32;C:\WINDOWS;C:\WINDOWS\System32\Wbem;C:\WINDOWS\System32\WindowsPowerShell\v1.0\;C:\WINDOWS\System32\OpenSSH\;C:\Program Files\Git\cmd;C:\Program Files (x86)\HCL\SafeLinx Client\;C:\Program Files\Intel\WiFi\bin\;C:\Program Files\Common Files\Intel\WirelessCommon\;C:\Program Files (x86)\ooRexx;C:\DITATools\IDWB\bin;C:\Program Files\Amazon\AWSCLI\bin\;C:\Users\rebecca.nethala\dita-otv-0.1.7\dita-ot\bin;C:\Users\rebecca.nethala\AppData\Local\GitHubDesktop\bin;C:\Users\rebecca.nethala\AppData\Local\Programs\Microsoft VS Code\bin
USERNAME=rebecca.nethala
OS=Windows_NT
PROCESSOR_IDENTIFIER=Intel64 Family 6 Model 158 Stepping 10, GenuineIntel



---------------  S Y S T E M  ---------------

OS: Windows 10.0 , 64 bit Build 18362 (10.0.18362.329)

CPU:total 12 (initial active 12) (6 cores per cpu, 2 threads per core) family 6 model 158 stepping 10, cmov, cx8, fxsr, mmx, sse, sse2, sse3, ssse3, sse4.1, sse4.2, popcnt, avx, avx2, aes, clmul, erms, 3dnowpref, lzcnt, ht, tsc, tscinvbit, bmi1, bmi2, adx

Memory: 4k page, physical 33282592k(18441576k free), swap 66837024k(47778268k free)

vm_info: Java HotSpot(TM) 64-Bit Server VM (25.202-b08) for windows-amd64 JRE (1.8.0_202-b08), built on Dec 15 2018 19:54:30 by "java_re" with MS VC++ 10.0 (VS2010)

time: Thu May 20 15:01:50 2021
timezone: India Standard Time
elapsed time: 2596 seconds (0d 0h 43m 16s)

