#
# A fatal error has been detected by the Java Runtime Environment:
#
#  EXCEPTION_ACCESS_VIOLATION (0xc0000005) at pc=0x0000000066a8fead, pid=33900, tid=0x00000000000060a8
#
# JRE version: Java(TM) SE Runtime Environment (8.0_202-b08) (build 1.8.0_202-b08)
# Java VM: Java HotSpot(TM) 64-Bit Server VM (25.202-b08 mixed mode windows-amd64 compressed oops)
# Problematic frame:
# V  [jvm.dll+0x14fead]
#
# Failed to write core dump. Minidumps are not enabled by default on client versions of Windows
#
# If you would like to submit a bug report, please visit:
#   http://bugreport.java.com/bugreport/crash.jsp
#

---------------  T H R E A D  ---------------

Current thread (0x00000000206b7800):  JavaThread "AWT-Windows" daemon [_thread_in_vm, id=24744, stack(0x0000000020dd0000,0x0000000020ed0000)]

siginfo: ExceptionCode=0xc0000005, reading address 0x0000000000000000

Registers:
RAX=0x0000000000000000, RBX=0x00000000206b7800, RCX=0x0000000000000780, RDX=0x0000000021c74310
RSP=0x0000000020ecefc0, RBP=0x0000000020ecf0b8, RSI=0x0000000000000000, RDI=0x00000000206b79f8
R8 =0x0000000000000000, R9 =0x0000000020ecf0b8, R10=0x0000000001d46e70, R11=0x0000000000000000
R12=0x0000000021c74310, R13=0x0000000000000308, R14=0x00000000002e0c28, R15=0x0000000000000000
RIP=0x0000000066a8fead, EFLAGS=0x0000000000010246

Top of Stack: (sp=0x0000000020ecefc0)
0x0000000020ecefc0:   0000000020ecf208 0000000000000308
0x0000000020ecefd0:   0000000000000001 00007ffdb390d39d
0x0000000020ecefe0:   0000000020ecf208 ffffffff00000000
0x0000000020eceff0:   0000000000000000 fffffffffffffffe
0x0000000020ecf000:   0000000000000001 00007ffdb390e279
0x0000000020ecf010:   00000000206b7800 0000000000000000
0x0000000020ecf020:   0000000000000000 0000000000000001
0x0000000020ecf030:   fffffffffffffffe 0000000066a8731f
0x0000000020ecf040:   0000000020ecf1e8 00007ffe117736ca
0x0000000020ecf050:   0000000000f0c000 0000000000030000
0x0000000020ecf060:   0000000000000000 00007ffdb38a9e28
0x0000000020ecf070:   0000000000000000 0000000000000000
0x0000000020ecf080:   0000000000000000 0000000000000000
0x0000000020ecf090:   00000000206b79f8 00007ffdb38c9d37
0x0000000020ecf0a0:   0000000000000000 0000000000000000
0x0000000020ecf0b0:   0000000000000000 0000000000000000 

Instructions: (pc=0x0000000066a8fead)
0x0000000066a8fe8d:   00 48 83 7b 08 00 48 89 5c 24 50 48 c7 44 24 58
0x0000000066a8fe9d:   00 00 00 00 74 0a 48 8d 4c 24 50 e8 03 ef 12 00
0x0000000066a8fead:   48 8b 06 c7 44 24 40 0e 00 00 00 48 8d 4c 24 70
0x0000000066a8febd:   48 8b 50 08 0f b7 42 24 48 8b 52 08 48 8b 54 c2 


Register to memory mapping:

RAX=0x0000000000000000 is an unknown value
RBX=0x00000000206b7800 is a thread
RCX=0x0000000000000780 is an unknown value
RDX=0x0000000021c74310 is a global jni handle
RSP=0x0000000020ecefc0 is pointing into the stack for thread: 0x00000000206b7800
RBP=0x0000000020ecf0b8 is pointing into the stack for thread: 0x00000000206b7800
RSI=0x0000000000000000 is an unknown value
RDI=0x00000000206b79f8 is an unknown value
R8 =0x0000000000000000 is an unknown value
R9 =0x0000000020ecf0b8 is pointing into the stack for thread: 0x00000000206b7800
R10=0x0000000001d46e70 is an unknown value
R11=0x0000000000000000 is an unknown value
R12=0x0000000021c74310 is a global jni handle
R13=0x0000000000000308 is an unknown value
R14=0x00000000002e0c28 is an unknown value
R15=0x0000000000000000 is an unknown value


Stack: [0x0000000020dd0000,0x0000000020ed0000],  sp=0x0000000020ecefc0,  free space=1019k
Native frames: (J=compiled Java code, j=interpreted, Vv=VM code, C=native code)
V  [jvm.dll+0x14fead]
C  [awt.dll+0x69e28]
C  [awt.dll+0x89d37]
C  [awt.dll+0xcda3c]
C  [USER32.dll+0x15b6d]
C  [USER32.dll+0x15562]
C  [awt.dll+0xcd32c]
C  [awt.dll+0xcd5db]
C  0x0000000003568c67

Java frames: (J=compiled Java code, j=interpreted, Vv=VM code)
j  sun.awt.windows.WToolkit.eventLoop()V+0
j  sun.awt.windows.WToolkit.run()V+58
j  java.lang.Thread.run()V+11
v  ~StubRoutines::call_stub

---------------  P R O C E S S  ---------------

Java Threads: ( => current thread )
  0x0000000023a36000 JavaThread "Detect hyperlinks at caret" daemon [_thread_blocked, id=31592, stack(0x0000000022d00000,0x0000000022e00000)]
  0x0000000029771800 JavaThread "Tooltip timer in CC Editor" daemon [_thread_blocked, id=12124, stack(0x00000000015c0000,0x00000000016c0000)]
  0x0000000029766000 JavaThread "Collect project resource thread" daemon [_thread_blocked, id=31508, stack(0x00000000014c0000,0x00000000015c0000)]
  0x0000000029764800 JavaThread "Show host component tooltip timer" daemon [_thread_blocked, id=28708, stack(0x00000000311e0000,0x00000000312e0000)]
  0x0000000029768800 JavaThread "OxygenSingletonChecker-Thread" [_thread_in_native, id=24204, stack(0x000000002fbd0000,0x000000002fcd0000)]
  0x0000000029767000 JavaThread "Batik CleanerThread" daemon [_thread_blocked, id=25712, stack(0x0000000030ee0000,0x0000000030fe0000)]
  0x0000000029765800 JavaThread "pool-7-thread-4" [_thread_blocked, id=32516, stack(0x0000000030ae0000,0x0000000030be0000)]
  0x0000000029762800 JavaThread "pool-7-thread-3" [_thread_blocked, id=31404, stack(0x00000000303d0000,0x00000000304d0000)]
  0x0000000029769000 JavaThread "pool-7-thread-2" [_thread_blocked, id=21272, stack(0x00000000302d0000,0x00000000303d0000)]
  0x0000000029767800 JavaThread "pool-7-thread-1" [_thread_blocked, id=31860, stack(0x0000000024a10000,0x0000000024b10000)]
  0x0000000023a3b800 JavaThread "AuthorExtensionBuilder" daemon [_thread_blocked, id=35632, stack(0x000000002fcd0000,0x000000002fdd0000)]
  0x0000000023a31800 JavaThread "Brackets Highlighter" [_thread_blocked, id=32188, stack(0x000000002f4d0000,0x000000002f5d0000)]
  0x0000000023a37800 JavaThread "Mark occurrences in current file" daemon [_thread_blocked, id=18044, stack(0x000000002f3d0000,0x000000002f4d0000)]
  0x0000000023a37000 JavaThread "'Save backup info' timer" [_thread_blocked, id=4980, stack(0x000000002de70000,0x000000002df70000)]
  0x0000000023a38800 JavaThread "" [_thread_blocked, id=17456, stack(0x000000002ac10000,0x000000002ad10000)]
  0x0000000023a2f800 JavaThread "DocumentTypeProviderTimer" daemon [_thread_blocked, id=16648, stack(0x0000000028770000,0x0000000028870000)]
  0x0000000023a35800 JavaThread "DB Sessions Manager fire timer" daemon [_thread_blocked, id=23484, stack(0x0000000028170000,0x0000000028270000)]
  0x0000000023a30000 JavaThread "AutomaticallyValidation" daemon [_thread_blocked, id=32368, stack(0x0000000027a70000,0x0000000027f70000)]
  0x0000000023a31000 JavaThread "Autosave" daemon [_thread_blocked, id=4972, stack(0x0000000027970000,0x0000000027a70000)]
  0x000000001e609800 JavaThread "TimerQueue" daemon [_thread_blocked, id=35772, stack(0x0000000026a70000,0x0000000026b70000)]
  0x000000001e609000 JavaThread "AutomaticallyValidation" daemon [_thread_blocked, id=31028, stack(0x00000000254e0000,0x00000000259e0000)]
  0x000000001e60e000 JavaThread "Autosave" daemon [_thread_blocked, id=15236, stack(0x00000000252e0000,0x00000000253e0000)]
  0x000000001e607800 JavaThread "AWT-EventQueue-0" [_thread_blocked, id=31052, stack(0x0000000022f00000,0x0000000023000000)]
  0x000000001e60b000 JavaThread "AWT-Shutdown" [_thread_blocked, id=23020, stack(0x0000000022e00000,0x0000000022f00000)]
  0x000000001e60d800 JavaThread "Thread-2" daemon [_thread_in_native, id=28396, stack(0x0000000003160000,0x0000000003260000)]
=>0x00000000206b7800 JavaThread "AWT-Windows" daemon [_thread_in_vm, id=24744, stack(0x0000000020dd0000,0x0000000020ed0000)]
  0x00000000206b4800 JavaThread "Java2D Disposer" daemon [_thread_blocked, id=7964, stack(0x0000000020bd0000,0x0000000020cd0000)]
  0x000000001e660000 JavaThread "Service Thread" daemon [_thread_blocked, id=32512, stack(0x0000000020020000,0x0000000020120000)]
  0x000000001e60c800 JavaThread "C1 CompilerThread3" daemon [_thread_blocked, id=34788, stack(0x000000001ff20000,0x0000000020020000)]
  0x000000001e5da800 JavaThread "C2 CompilerThread2" daemon [_thread_blocked, id=32680, stack(0x000000001fe20000,0x000000001ff20000)]
  0x000000001e5ce000 JavaThread "C2 CompilerThread1" daemon [_thread_blocked, id=12272, stack(0x000000001fd20000,0x000000001fe20000)]
  0x000000001e5c2000 JavaThread "C2 CompilerThread0" daemon [_thread_blocked, id=32372, stack(0x000000001fc20000,0x000000001fd20000)]
  0x000000001e5c0800 JavaThread "Attach Listener" daemon [_thread_blocked, id=21864, stack(0x000000001fb20000,0x000000001fc20000)]
  0x000000001e5ca800 JavaThread "Signal Dispatcher" daemon [_thread_blocked, id=6888, stack(0x000000001fa20000,0x000000001fb20000)]
  0x000000001e5b3000 JavaThread "Finalizer" daemon [_thread_blocked, id=23496, stack(0x000000001f820000,0x000000001f920000)]
  0x00000000034fc800 JavaThread "Reference Handler" daemon [_thread_blocked, id=33076, stack(0x000000001f720000,0x000000001f820000)]
  0x0000000003403800 JavaThread "main" [_thread_blocked, id=13000, stack(0x0000000001020000,0x0000000001120000)]

Other Threads:
  0x000000001cee8000 VMThread [stack: 0x000000001f620000,0x000000001f720000] [id=1792]
  0x000000001e684000 WatcherThread [stack: 0x0000000020120000,0x0000000020220000] [id=28048]

VM state:not at safepoint (normal execution)

VM Mutex/Monitor currently owned by a thread: None

heap address: 0x00000006c6000000, size: 4000 MB, Compressed Oops mode: Zero based, Oop shift amount: 3
Narrow klass base: 0x0000000000000000, Narrow klass shift: 3
Compressed class space size: 1073741824 Address: 0x00000007c0000000

Heap:
 PSYoungGen      total 321024K, used 309182K [0x000000076cb00000, 0x0000000786300000, 0x00000007c0000000)
  eden space 287744K, 95% used [0x000000076cb00000,0x000000077d888de0,0x000000077e400000)
  from space 33280K, 99% used [0x000000077e780000,0x00000007807e6a50,0x0000000780800000)
  to   space 65024K, 0% used [0x0000000782380000,0x0000000782380000,0x0000000786300000)
 ParOldGen       total 1020416K, used 119479K [0x00000006c6000000, 0x0000000704480000, 0x000000076cb00000)
  object space 1020416K, 11% used [0x00000006c6000000,0x00000006cd4adf10,0x0000000704480000)
 Metaspace       used 106941K, capacity 108142K, committed 109056K, reserved 1140736K
  class space    used 16609K, capacity 16894K, committed 16896K, reserved 1048576K

Card table byte_map: [0x0000000012910000,0x00000000130f0000] byte_map_base: 0x000000000f2e0000

Marking Bits: (ParMarkBitMap*) 0x0000000067165ce0
 Begin Bits: [0x0000000014030000, 0x0000000017eb0000)
 End Bits:   [0x0000000017eb0000, 0x000000001bd30000)

Polling page: 0x0000000003260000

CodeCache: size=245760Kb used=57992Kb max_used=58005Kb free=187767Kb
 bounds [0x0000000003550000, 0x0000000006e60000, 0x0000000012550000]
 total_blobs=16538 nmethods=15577 adapters=868
 compilation: enabled

Compilation events (10 events):
Event: 65050.254 Thread 0x000000001e60c800 nmethod 20455 0x0000000006e4e910 code [0x0000000006e4ea80, 0x0000000006e4ece8]
Event: 65050.303 Thread 0x000000001e5da800 nmethod 20451 0x0000000006e52890 code [0x0000000006e52ba0, 0x0000000006e54658]
Event: 65055.235 Thread 0x000000001e60c800 20456       1       com.jidesoft.docking.DefaultDockingManager::isHideFloatingFramesWhenDeactivate (5 bytes)
Event: 65055.235 Thread 0x000000001e60c800 nmethod 20456 0x0000000006e4e650 code [0x0000000006e4e7a0, 0x0000000006e4e8b0]
Event: 65055.235 Thread 0x000000001e60c800 20457       1       com.jidesoft.docking.DefaultDockingManager::qd (5 bytes)
Event: 65055.236 Thread 0x000000001e60c800 nmethod 20457 0x0000000006e4e390 code [0x0000000006e4e4e0, 0x0000000006e4e5d0]
Event: 65055.268 Thread 0x000000001e60c800 20458       3       java.awt.event.MouseAdapter::mouseEntered (1 bytes)
Event: 65055.269 Thread 0x000000001e60c800 nmethod 20458 0x0000000006e4e090 code [0x0000000006e4e1e0, 0x0000000006e4e330]
Event: 65057.507 Thread 0x000000001e60c800 20459       3       java.awt.AWTEventMulticaster::focusLost (27 bytes)
Event: 65057.507 Thread 0x000000001e60c800 nmethod 20459 0x0000000006e4d890 code [0x0000000006e4da20, 0x0000000006e4df38]

GC Heap History (10 events):
Event: 736.696 GC heap before
{Heap before GC invocations=19 (full 4):
 PSYoungGen      total 332800K, used 275613K [0x000000076cb00000, 0x0000000786500000, 0x00000007c0000000)
  eden space 262144K, 100% used [0x000000076cb00000,0x000000077cb00000,0x000000077cb00000)
  from space 70656K, 19% used [0x0000000782000000,0x0000000782d277f8,0x0000000786500000)
  to   space 78848K, 0% used [0x000000077cb00000,0x000000077cb00000,0x0000000781800000)
 ParOldGen       total 1020416K, used 119208K [0x00000006c6000000, 0x0000000704480000, 0x000000076cb00000)
  object space 1020416K, 11% used [0x00000006c6000000,0x00000006cd46a008,0x0000000704480000)
 Metaspace       used 101995K, capacity 103076K, committed 104064K, reserved 1136640K
  class space    used 16156K, capacity 16423K, committed 16512K, reserved 1048576K
Event: 736.711 GC heap after
Heap after GC invocations=19 (full 4):
 PSYoungGen      total 340992K, used 18609K [0x000000076cb00000, 0x0000000788c80000, 0x00000007c0000000)
  eden space 262144K, 0% used [0x000000076cb00000,0x000000076cb00000,0x000000077cb00000)
  from space 78848K, 23% used [0x000000077cb00000,0x000000077dd2c6c8,0x0000000781800000)
  to   space 76800K, 0% used [0x0000000784180000,0x0000000784180000,0x0000000788c80000)
 ParOldGen       total 1020416K, used 119216K [0x00000006c6000000, 0x0000000704480000, 0x000000076cb00000)
  object space 1020416K, 11% used [0x00000006c6000000,0x00000006cd46c008,0x0000000704480000)
 Metaspace       used 101995K, capacity 103076K, committed 104064K, reserved 1136640K
  class space    used 16156K, capacity 16423K, committed 16512K, reserved 1048576K
}
Event: 756.373 GC heap before
{Heap before GC invocations=20 (full 4):
 PSYoungGen      total 340992K, used 280753K [0x000000076cb00000, 0x0000000788c80000, 0x00000007c0000000)
  eden space 262144K, 100% used [0x000000076cb00000,0x000000077cb00000,0x000000077cb00000)
  from space 78848K, 23% used [0x000000077cb00000,0x000000077dd2c6c8,0x0000000781800000)
  to   space 76800K, 0% used [0x0000000784180000,0x0000000784180000,0x0000000788c80000)
 ParOldGen       total 1020416K, used 119216K [0x00000006c6000000, 0x0000000704480000, 0x000000076cb00000)
  object space 1020416K, 11% used [0x00000006c6000000,0x00000006cd46c008,0x0000000704480000)
 Metaspace       used 104143K, capacity 105270K, committed 106112K, reserved 1138688K
  class space    used 16401K, capacity 16682K, committed 16768K, reserved 1048576K
Event: 756.389 GC heap after
Heap after GC invocations=20 (full 4):
 PSYoungGen      total 360960K, used 19310K [0x000000076cb00000, 0x0000000787e80000, 0x00000007c0000000)
  eden space 298496K, 0% used [0x000000076cb00000,0x000000076cb00000,0x000000077ee80000)
  from space 62464K, 30% used [0x0000000784180000,0x000000078545b918,0x0000000787e80000)
  to   space 73728K, 0% used [0x000000077ee80000,0x000000077ee80000,0x0000000783680000)
 ParOldGen       total 1020416K, used 119455K [0x00000006c6000000, 0x0000000704480000, 0x000000076cb00000)
  object space 1020416K, 11% used [0x00000006c6000000,0x00000006cd4a7f10,0x0000000704480000)
 Metaspace       used 104143K, capacity 105270K, committed 106112K, reserved 1138688K
  class space    used 16401K, capacity 16682K, committed 16768K, reserved 1048576K
}
Event: 830.047 GC heap before
{Heap before GC invocations=21 (full 4):
 PSYoungGen      total 360960K, used 317806K [0x000000076cb00000, 0x0000000787e80000, 0x00000007c0000000)
  eden space 298496K, 100% used [0x000000076cb00000,0x000000077ee80000,0x000000077ee80000)
  from space 62464K, 30% used [0x0000000784180000,0x000000078545b918,0x0000000787e80000)
  to   space 73728K, 0% used [0x000000077ee80000,0x000000077ee80000,0x0000000783680000)
 ParOldGen       total 1020416K, used 119455K [0x00000006c6000000, 0x0000000704480000, 0x000000076cb00000)
  object space 1020416K, 11% used [0x00000006c6000000,0x00000006cd4a7f10,0x0000000704480000)
 Metaspace       used 105498K, capacity 106612K, committed 107520K, reserved 1140736K
  class space    used 16561K, capacity 16819K, committed 16896K, reserved 1048576K
Event: 830.059 GC heap after
Heap after GC invocations=21 (full 4):
 PSYoungGen      total 315904K, used 20576K [0x000000076cb00000, 0x0000000787600000, 0x00000007c0000000)
  eden space 294912K, 0% used [0x000000076cb00000,0x000000076cb00000,0x000000077eb00000)
  from space 20992K, 98% used [0x000000077ee80000,0x0000000780298328,0x0000000780300000)
  to   space 71168K, 0% used [0x0000000783080000,0x0000000783080000,0x0000000787600000)
 ParOldGen       total 1020416K, used 119463K [0x00000006c6000000, 0x0000000704480000, 0x000000076cb00000)
  object space 1020416K, 11% used [0x00000006c6000000,0x00000006cd4a9f10,0x0000000704480000)
 Metaspace       used 105498K, capacity 106612K, committed 107520K, reserved 1140736K
  class space    used 16561K, capacity 16819K, committed 16896K, reserved 1048576K
}
Event: 64888.265 GC heap before
{Heap before GC invocations=22 (full 4):
 PSYoungGen      total 315904K, used 315488K [0x000000076cb00000, 0x0000000787600000, 0x00000007c0000000)
  eden space 294912K, 100% used [0x000000076cb00000,0x000000077eb00000,0x000000077eb00000)
  from space 20992K, 98% used [0x000000077ee80000,0x0000000780298328,0x0000000780300000)
  to   space 71168K, 0% used [0x0000000783080000,0x0000000783080000,0x0000000787600000)
 ParOldGen       total 1020416K, used 119463K [0x00000006c6000000, 0x0000000704480000, 0x000000076cb00000)
  object space 1020416K, 11% used [0x00000006c6000000,0x00000006cd4a9f10,0x0000000704480000)
 Metaspace       used 106142K, capacity 107334K, committed 108288K, reserved 1140736K
  class space    used 16595K, capacity 16860K, committed 16896K, reserved 1048576K
Event: 64888.287 GC heap after
Heap after GC invocations=22 (full 4):
 PSYoungGen      total 350720K, used 26815K [0x000000076cb00000, 0x0000000786a80000, 0x00000007c0000000)
  eden space 291328K, 0% used [0x000000076cb00000,0x000000076cb00000,0x000000077e780000)
  from space 59392K, 45% used [0x0000000783080000,0x0000000784aaff90,0x0000000786a80000)
  to   space 67072K, 0% used [0x000000077e780000,0x000000077e780000,0x0000000782900000)
 ParOldGen       total 1020416K, used 119471K [0x00000006c6000000, 0x0000000704480000, 0x000000076cb00000)
  object space 1020416K, 11% used [0x00000006c6000000,0x00000006cd4abf10,0x0000000704480000)
 Metaspace       used 106142K, capacity 107334K, committed 108288K, reserved 1140736K
  class space    used 16595K, capacity 16860K, committed 16896K, reserved 1048576K
}
Event: 65024.410 GC heap before
{Heap before GC invocations=23 (full 4):
 PSYoungGen      total 350720K, used 318143K [0x000000076cb00000, 0x0000000786a80000, 0x00000007c0000000)
  eden space 291328K, 100% used [0x000000076cb00000,0x000000077e780000,0x000000077e780000)
  from space 59392K, 45% used [0x0000000783080000,0x0000000784aaff90,0x0000000786a80000)
  to   space 67072K, 0% used [0x000000077e780000,0x000000077e780000,0x0000000782900000)
 ParOldGen       total 1020416K, used 119471K [0x00000006c6000000, 0x0000000704480000, 0x000000076cb00000)
  object space 1020416K, 11% used [0x00000006c6000000,0x00000006cd4abf10,0x0000000704480000)
 Metaspace       used 106458K, capacity 107592K, committed 108544K, reserved 1140736K
  class space    used 16603K, capacity 16861K, committed 16896K, reserved 1048576K
Event: 65024.425 GC heap after
Heap after GC invocations=23 (full 4):
 PSYoungGen      total 321024K, used 33178K [0x000000076cb00000, 0x0000000786300000, 0x00000007c0000000)
  eden space 287744K, 0% used [0x000000076cb00000,0x000000076cb00000,0x000000077e400000)
  from space 33280K, 99% used [0x000000077e780000,0x00000007807e6a50,0x0000000780800000)
  to   space 65024K, 0% used [0x0000000782380000,0x0000000782380000,0x0000000786300000)
 ParOldGen       total 1020416K, used 119479K [0x00000006c6000000, 0x0000000704480000, 0x000000076cb00000)
  object space 1020416K, 11% used [0x00000006c6000000,0x00000006cd4adf10,0x0000000704480000)
 Metaspace       used 106458K, capacity 107592K, committed 108544K, reserved 1140736K
  class space    used 16603K, capacity 16861K, committed 16896K, reserved 1048576K
}

Deoptimization events (10 events):
Event: 65046.336 Thread 0x000000001e607800 Uncommon trap: reason=class_check action=none pc=0x0000000005cfbac0 method=java.awt.Font.equals(Ljava/lang/Object;)Z @ 12
Event: 65046.973 Thread 0x000000001e607800 Uncommon trap: reason=class_check action=none pc=0x0000000005cfbac0 method=java.awt.Font.equals(Ljava/lang/Object;)Z @ 12
Event: 65047.268 Thread 0x000000001e607800 Uncommon trap: reason=class_check action=none pc=0x0000000005cfbac0 method=java.awt.Font.equals(Ljava/lang/Object;)Z @ 12
Event: 65047.787 Thread 0x000000001e607800 Uncommon trap: reason=class_check action=none pc=0x0000000005cfbac0 method=java.awt.Font.equals(Ljava/lang/Object;)Z @ 12
Event: 65047.915 Thread 0x000000001e607800 Uncommon trap: reason=class_check action=none pc=0x0000000005cfbac0 method=java.awt.Font.equals(Ljava/lang/Object;)Z @ 12
Event: 65048.056 Thread 0x000000001e607800 Uncommon trap: reason=class_check action=none pc=0x0000000005cfbac0 method=java.awt.Font.equals(Ljava/lang/Object;)Z @ 12
Event: 65048.638 Thread 0x000000001e607800 Uncommon trap: reason=class_check action=none pc=0x0000000005cfbac0 method=java.awt.Font.equals(Ljava/lang/Object;)Z @ 12
Event: 65048.814 Thread 0x000000001e607800 Uncommon trap: reason=class_check action=none pc=0x0000000005cfbac0 method=java.awt.Font.equals(Ljava/lang/Object;)Z @ 12
Event: 65049.129 Thread 0x000000001e607800 Uncommon trap: reason=class_check action=none pc=0x0000000005cfbac0 method=java.awt.Font.equals(Ljava/lang/Object;)Z @ 12
Event: 65049.204 Thread 0x000000001e607800 Uncommon trap: reason=class_check action=none pc=0x0000000005cfbac0 method=java.awt.Font.equals(Ljava/lang/Object;)Z @ 12

Classes redefined (0 events):
No events

Internal exceptions (10 events):
Event: 65048.639 Thread 0x000000001e607800 Exception <a 'java/lang/ClassCastException'> (0x000000077cd506b0) thrown at [C:\re\workspace\8-2-build-windows-amd64-cygwin\jdk8u202\12323\hotspot\src\share\vm\runtime\sharedRuntime.cpp, line 605]
Event: 65048.814 Thread 0x000000001e607800 Exception <a 'java/lang/ClassCastException'> (0x000000077cd98728) thrown at [C:\re\workspace\8-2-build-windows-amd64-cygwin\jdk8u202\12323\hotspot\src\share\vm\runtime\sharedRuntime.cpp, line 605]
Event: 65048.814 Thread 0x000000001e607800 Exception <a 'java/lang/ClassCastException': java.awt.font.ShapeGraphicAttribute cannot be cast to java.awt.Font> (0x000000077cd992d0) thrown at [C:\re\workspace\8-2-build-windows-amd64-cygwin\jdk8u202\12323\hotspot\src\share\vm\interpreter\interpreterRun
Event: 65048.814 Thread 0x000000001e607800 Exception <a 'java/lang/ClassCastException'> (0x000000077cd99978) thrown at [C:\re\workspace\8-2-build-windows-amd64-cygwin\jdk8u202\12323\hotspot\src\share\vm\runtime\sharedRuntime.cpp, line 605]
Event: 65049.129 Thread 0x000000001e607800 Exception <a 'java/lang/ClassCastException'> (0x000000077cde16e8) thrown at [C:\re\workspace\8-2-build-windows-amd64-cygwin\jdk8u202\12323\hotspot\src\share\vm\runtime\sharedRuntime.cpp, line 605]
Event: 65049.129 Thread 0x000000001e607800 Exception <a 'java/lang/ClassCastException': java.awt.font.ShapeGraphicAttribute cannot be cast to java.awt.Font> (0x000000077cde2290) thrown at [C:\re\workspace\8-2-build-windows-amd64-cygwin\jdk8u202\12323\hotspot\src\share\vm\interpreter\interpreterRun
Event: 65049.129 Thread 0x000000001e607800 Exception <a 'java/lang/ClassCastException'> (0x000000077ceb26c8) thrown at [C:\re\workspace\8-2-build-windows-amd64-cygwin\jdk8u202\12323\hotspot\src\share\vm\runtime\sharedRuntime.cpp, line 605]
Event: 65049.204 Thread 0x000000001e607800 Exception <a 'java/lang/ClassCastException'> (0x000000077cef49d8) thrown at [C:\re\workspace\8-2-build-windows-amd64-cygwin\jdk8u202\12323\hotspot\src\share\vm\runtime\sharedRuntime.cpp, line 605]
Event: 65049.204 Thread 0x000000001e607800 Exception <a 'java/lang/ClassCastException': java.awt.font.ShapeGraphicAttribute cannot be cast to java.awt.Font> (0x000000077cef5580) thrown at [C:\re\workspace\8-2-build-windows-amd64-cygwin\jdk8u202\12323\hotspot\src\share\vm\interpreter\interpreterRun
Event: 65049.204 Thread 0x000000001e607800 Exception <a 'java/lang/ClassCastException'> (0x000000077cef5c28) thrown at [C:\re\workspace\8-2-build-windows-amd64-cygwin\jdk8u202\12323\hotspot\src\share\vm\runtime\sharedRuntime.cpp, line 605]

Events (10 events):
Event: 65050.215 Thread 0x0000000029770800 Thread added: 0x0000000029770800
Event: 65050.217 Thread 0x0000000029770800 Thread exited: 0x0000000029770800
Event: 65050.222 Thread 0x0000000029770800 Thread added: 0x0000000029770800
Event: 65050.224 Thread 0x0000000029770800 Thread exited: 0x0000000029770800
Event: 65050.226 Thread 0x0000000029770800 Thread added: 0x0000000029770800
Event: 65050.228 Thread 0x0000000029770800 Thread exited: 0x0000000029770800
Event: 65050.231 Thread 0x0000000029770800 Thread added: 0x0000000029770800
Event: 65050.234 Thread 0x0000000029770800 Thread exited: 0x0000000029770800
Event: 65050.245 Thread 0x0000000029770800 Thread added: 0x0000000029770800
Event: 65050.251 Thread 0x0000000029770800 Thread exited: 0x0000000029770800


Dynamic libraries:
0x00007ff630e00000 - 0x00007ff630eaf000 	C:\Program Files\Oxygen XML Author 21\oxygenAuthor21.1.exe
0x00007ffe134c0000 - 0x00007ffe136b0000 	C:\WINDOWS\SYSTEM32\ntdll.dll
0x00007ffe13030000 - 0x00007ffe130e2000 	C:\WINDOWS\System32\KERNEL32.DLL
0x00007ffe10fa0000 - 0x00007ffe11243000 	C:\WINDOWS\System32\KERNELBASE.dll
0x00000000697f0000 - 0x0000000069885000 	C:\WINDOWS\System32\SYSFER.DLL
0x00007ffe116a0000 - 0x00007ffe11743000 	C:\WINDOWS\System32\ADVAPI32.dll
0x00007ffe11600000 - 0x00007ffe1169e000 	C:\WINDOWS\System32\msvcrt.dll
0x00007ffe12ed0000 - 0x00007ffe12f67000 	C:\WINDOWS\System32\sechost.dll
0x00007ffe12280000 - 0x00007ffe123a0000 	C:\WINDOWS\System32\RPCRT4.dll
0x00007ffdeaba0000 - 0x00007ffdeadc6000 	C:\WINDOWS\system32\ctiuser.dll
0x00007ffe11750000 - 0x00007ffe118e4000 	C:\WINDOWS\System32\USER32.dll
0x00007ffe107d0000 - 0x00007ffe107f1000 	C:\WINDOWS\System32\win32u.dll
0x00007ffe131c0000 - 0x00007ffe131e6000 	C:\WINDOWS\System32\GDI32.dll
0x00007ffe113d0000 - 0x00007ffe11564000 	C:\WINDOWS\System32\gdi32full.dll
0x00007ffe11300000 - 0x00007ffe1139e000 	C:\WINDOWS\System32\msvcp_win.dll
0x00007ffe10450000 - 0x00007ffe1054a000 	C:\WINDOWS\System32\ucrtbase.dll
0x00007ffe12d70000 - 0x00007ffe12ec6000 	C:\WINDOWS\System32\ole32.dll
0x00007ffe11f40000 - 0x00007ffe12276000 	C:\WINDOWS\System32\combase.dll
0x00007ffe10700000 - 0x00007ffe10780000 	C:\WINDOWS\System32\bcryptPrimitives.dll
0x00007ffe12f70000 - 0x00007ffe12f78000 	C:\WINDOWS\System32\PSAPI.DLL
0x00007ffe03f60000 - 0x00007ffe03f6a000 	C:\WINDOWS\SYSTEM32\FLTLIB.DLL
0x00007ffe11d60000 - 0x00007ffe11d8e000 	C:\WINDOWS\System32\IMM32.DLL
0x0000000068000000 - 0x000000006805e000 	C:\WINDOWS\System32\QIPCAP64.dll
0x00007ffe12600000 - 0x00007ffe12ce5000 	C:\WINDOWS\System32\SHELL32.dll
0x00007ffe10780000 - 0x00007ffe107ca000 	C:\WINDOWS\System32\cfgmgr32.dll
0x00007ffe124d0000 - 0x00007ffe12579000 	C:\WINDOWS\System32\shcore.dll
0x00007ffe10820000 - 0x00007ffe10f9f000 	C:\WINDOWS\System32\windows.storage.dll
0x00007ffe10410000 - 0x00007ffe1042f000 	C:\WINDOWS\System32\profapi.dll
0x00007ffe103a0000 - 0x00007ffe103ea000 	C:\WINDOWS\System32\powrprof.dll
0x00007ffe10390000 - 0x00007ffe103a0000 	C:\WINDOWS\System32\UMPDC.dll
0x00007ffe12470000 - 0x00007ffe124c2000 	C:\WINDOWS\System32\shlwapi.dll
0x00007ffe10430000 - 0x00007ffe10441000 	C:\WINDOWS\System32\kernel.appcore.dll
0x00007ffe10800000 - 0x00007ffe10817000 	C:\WINDOWS\System32\cryptsp.dll
0x00007ffe0f960000 - 0x00007ffe0fa2a000 	C:\WINDOWS\SYSTEM32\DNSAPI.dll
0x00007ffe130f0000 - 0x00007ffe1315f000 	C:\WINDOWS\System32\WS2_32.dll
0x00007ffe13470000 - 0x00007ffe13478000 	C:\WINDOWS\System32\NSI.dll
0x00007ffe0f910000 - 0x00007ffe0f94a000 	C:\WINDOWS\SYSTEM32\IPHLPAPI.DLL
0x00007ffdfdbe0000 - 0x00007ffdfde65000 	C:\WINDOWS\WinSxS\amd64_microsoft.windows.common-controls_6595b64144ccf1df_6.0.18362.592_none_e6c0b1911312be02\comctl32.dll
0x0000000066940000 - 0x00000000671e5000 	c:\program files\oxygen xml author 21\jre\bin\server\jvm.dll
0x00007ffe0da90000 - 0x00007ffe0da99000 	C:\WINDOWS\SYSTEM32\WSOCK32.dll
0x00007ffe015d0000 - 0x00007ffe015f4000 	C:\WINDOWS\SYSTEM32\WINMM.dll
0x00007ffe0a1b0000 - 0x00007ffe0a1ba000 	C:\WINDOWS\SYSTEM32\VERSION.dll
0x0000000067310000 - 0x00000000673e2000 	C:\WINDOWS\SYSTEM32\MSVCR100.dll
0x00007ffe025d0000 - 0x00007ffe025fd000 	C:\WINDOWS\SYSTEM32\WINMMBASE.dll
0x00007ffdff530000 - 0x00007ffdff53f000 	c:\program files\oxygen xml author 21\jre\bin\verify.dll
0x00007ffdf4800000 - 0x00007ffdf4829000 	c:\program files\oxygen xml author 21\jre\bin\java.dll
0x00007ffdea050000 - 0x00007ffdea066000 	c:\program files\oxygen xml author 21\jre\bin\zip.dll
0x0000000180000000 - 0x0000000180032000 	C:\Program Files\Oxygen XML Author 21\.install4j\i4jinst.dll
0x00007ffe123a0000 - 0x00007ffe12464000 	C:\WINDOWS\System32\OLEAUT32.dll
0x00007ffdfbfd0000 - 0x00007ffdfbfdd000 	C:\Program Files\Oxygen XML Author 21\jre\bin\management.dll
0x00007ffdf3010000 - 0x00007ffdf3036000 	C:\Program Files\Oxygen XML Author 21\jre\bin\JavaAccessBridge-64.dll
0x00007ffdb3840000 - 0x00007ffdb39d9000 	C:\Program Files\Oxygen XML Author 21\jre\bin\awt.dll
0x00007ffe0e090000 - 0x00007ffe0e11f000 	C:\WINDOWS\SYSTEM32\apphelp.dll
0x00007ffe0e180000 - 0x00007ffe0e219000 	C:\WINDOWS\system32\uxtheme.dll
0x00007ffe131f0000 - 0x00007ffe13325000 	C:\WINDOWS\System32\MSCTF.dll
0x00007ffe0e6d0000 - 0x00007ffe0e6fd000 	C:\WINDOWS\system32\DWMAPI.DLL
0x00007ffdde410000 - 0x00007ffdde566000 	C:\WINDOWS\system32\opengl32.dll
0x00007ffde3450000 - 0x00007ffde347c000 	C:\WINDOWS\SYSTEM32\GLU32.dll
0x00007ffe0f000000 - 0x00007ffe0f020000 	C:\WINDOWS\SYSTEM32\dxcore.dll
0x00007ffe0f770000 - 0x00007ffe0f7a3000 	C:\WINDOWS\system32\rsaenh.dll
0x00007ffe113a0000 - 0x00007ffe113c6000 	C:\WINDOWS\System32\bcrypt.dll
0x00007ffe102b0000 - 0x00007ffe102d5000 	C:\WINDOWS\SYSTEM32\USERENV.dll
0x00007ffe0fdd0000 - 0x00007ffe0fddc000 	C:\WINDOWS\SYSTEM32\CRYPTBASE.dll
0x00007ffde9280000 - 0x00007ffde929a000 	C:\Program Files\Oxygen XML Author 21\jre\bin\net.dll
0x00007ffe012d0000 - 0x00007ffe014a6000 	C:\WINDOWS\SYSTEM32\urlmon.dll
0x00007ffe057f0000 - 0x00007ffe05a96000 	C:\WINDOWS\SYSTEM32\iertutil.dll
0x00007ffe0fc00000 - 0x00007ffe0fc67000 	C:\WINDOWS\system32\mswsock.dll
0x00007ffe0bae0000 - 0x00007ffe0baf6000 	C:\WINDOWS\SYSTEM32\dhcpcsvc6.DLL
0x00007ffe0b720000 - 0x00007ffe0b73c000 	C:\WINDOWS\SYSTEM32\dhcpcsvc.DLL
0x00007ffde9080000 - 0x00007ffde9092000 	C:\Program Files\Oxygen XML Author 21\jre\bin\nio.dll
0x0000000020cd0000 - 0x0000000020d08000 	C:\Program Files\Oxygen XML Author 21\lib\com\sun\jna\win32-x86-64\jnidispatch.dll
0x00007ffde8a30000 - 0x00007ffde8a77000 	C:\Program Files\Oxygen XML Author 21\jre\bin\fontmanager.dll
0x00007ffde89e0000 - 0x00007ffde8a22000 	C:\Program Files\Oxygen XML Author 21\jre\bin\t2k.dll
0x00007ffdea220000 - 0x00007ffdea24a000 	C:\Program Files\Oxygen XML Author 21\jre\bin\dcpr.dll
0x0000000020d90000 - 0x0000000020da7000 	C:\Program Files\Oxygen XML Author 21\lib\WindowsNativeHelper64.dll
0x00007ffe133a0000 - 0x00007ffe13470000 	C:\WINDOWS\System32\comdlg32.dll
0x00007ffe02e30000 - 0x00007ffe02ed9000 	C:\WINDOWS\WinSxS\amd64_microsoft.windows.common-controls_6595b64144ccf1df_5.82.18362.592_none_2a2c5e32466583af\comctl32.dll
0x00007ffdf2a10000 - 0x00007ffdf2aae000 	C:\WINDOWS\System32\TextInputFramework.dll
0x00007ffdf4080000 - 0x00007ffdf43aa000 	C:\WINDOWS\System32\CoreUIComponents.dll
0x00007ffe0de10000 - 0x00007ffe0dee4000 	C:\WINDOWS\System32\CoreMessaging.dll
0x00007ffe0f3f0000 - 0x00007ffe0f421000 	C:\WINDOWS\SYSTEM32\ntmarta.dll
0x00007ffe0aac0000 - 0x00007ffe0ac13000 	C:\WINDOWS\SYSTEM32\wintypes.dll
0x00007ffde9340000 - 0x00007ffde9364000 	C:\Program Files\Oxygen XML Author 21\jre\bin\sunec.dll
0x00007ffdfbfb0000 - 0x00007ffdfbfc6000 	C:\WINDOWS\system32\napinsp.dll
0x00007ffdfbf90000 - 0x00007ffdfbfaa000 	C:\WINDOWS\system32\pnrpnsp.dll
0x00007ffdfbf80000 - 0x00007ffdfbf8e000 	C:\WINDOWS\System32\winrnr.dll
0x00007ffe0db50000 - 0x00007ffe0db6c000 	C:\WINDOWS\system32\NLAapi.dll
0x00007ffdfbf60000 - 0x00007ffdfbf75000 	C:\WINDOWS\system32\wshbth.dll
0x00007ffe0aa40000 - 0x00007ffe0aab7000 	C:\WINDOWS\System32\fwpuclnt.dll
0x00007ffe08c80000 - 0x00007ffe08c8a000 	C:\Windows\System32\rasadhlp.dll
0x00007ffdfbde0000 - 0x00007ffdfbdeb000 	C:\Program Files\Oxygen XML Author 21\jre\bin\sunmscapi.dll
0x000000002bf20000 - 0x000000002c069000 	C:\WINDOWS\System32\CRYPT32.dll
0x00007ffe103f0000 - 0x00007ffe10402000 	C:\WINDOWS\System32\MSASN1.dll
0x000000002e1a0000 - 0x000000002e218000 	\\?\C:\PROGRA~1\OXYGEN~1\lib\hunspell\HUNSPE~2.DLL
0x00000000243c0000 - 0x0000000024462000 	C:\WINDOWS\System32\clbcatq.dll
0x00007ffdf3bc0000 - 0x00007ffdf3d6f000 	C:\WINDOWS\SYSTEM32\WindowsCodecs.dll
0x00007ffddd980000 - 0x00007ffddd9ba000 	C:\WINDOWS\system32\dataexchange.dll
0x00007ffe0c7f0000 - 0x00007ffe0ca4b000 	C:\WINDOWS\system32\d3d11.dll
0x00007ffe0d5b0000 - 0x00007ffe0d78b000 	C:\WINDOWS\system32\dcomp.dll
0x00007ffe0f090000 - 0x00007ffe0f17b000 	C:\WINDOWS\system32\dxgi.dll
0x00007ffe0e3a0000 - 0x00007ffe0e5fa000 	C:\WINDOWS\system32\twinapi.appcore.dll
0x00007ffe0e960000 - 0x00007ffe0e989000 	C:\WINDOWS\system32\RMCLIENT.dll
0x00007ffe0ecc0000 - 0x00007ffe0eeb4000 	C:\WINDOWS\SYSTEM32\dbghelp.dll
0x00007ffe000d0000 - 0x00007ffe000fa000 	C:\WINDOWS\SYSTEM32\dbgcore.DLL

VM Arguments:
jvm_args: -Dexe4j.semaphoreName=Local\c:_program_files_oxygen_xml_author_21_oxygenauthor21.1.exe -Dexe4j.isInstall4j=true -Dexe4j.moduleName=C:\Program Files\Oxygen XML Author 21\oxygenAuthor21.1.exe -Dexe4j.tempDir= -Dexe4j.unextractedPosition=0 -Djava.library.path=c:\program files\oxygen xml author 21\jre\bin;C:\Program Files\Oxygen XML Author 21\.\jre\bin;C:\Program Files (x86)\Common Files\Oracle\Java\javapath;C:\WINDOWS\system32;C:\WINDOWS;C:\WINDOWS\System32\Wbem;C:\WINDOWS\System32\WindowsPowerShell\v1.0\;C:\WINDOWS\System32\OpenSSH\;C:\Program Files\Git\cmd;C:\Program Files (x86)\HCL\SafeLinx Client\;C:\Program Files\Intel\WiFi\bin\;C:\Program Files\Common Files\Intel\WirelessCommon\;C:\Program Files (x86)\ooRexx;C:\DITATools\IDWB\bin;C:\Program Files\Amazon\AWSCLI\bin\;C:\Users\rebecca.nethala\dita-otv-0.1.7\dita-ot\bin;C:\Users\rebecca.nethala\AppData\Local\GitHubDesktop\bin;C:\Users\rebecca.nethala\AppData\Local\Programs\Microsoft VS Code\bin -Dexe4j.consoleCodepage=cp0 -Dcom.oxygenxml.app.descriptor=ro.sync.exml.AuthorFrameDescriptor -XX:-OmitStackTraceInFastThrow -XX:SoftRefLRUPolicyMSPerMB=10 -Dsun.java2d.noddraw=true -Dsun.awt.nopixfmt=true -Dsun.java2d.dpiaware=true -Djava.net.preferIPv4Stack=true -Dsun.awt.keepWorkingSetOnMinimize=true -Dinstall4j.launcherId=19 -Dinstall4j.swt=false -Xmx4000m -Dcom.oxygenxml.language=English -XX:+UseParallelGC -XX:ErrorFile=C:\Users\REBECC~1.NET\AppData\Local\Temp\/oxy_jvm_crash.log -XX:OnError="C:\Program Files\Oxygen XML Author 21/rp.exe" 
java_command: C:\Program Files\Oxygen XML Author 21\oxygenAuthor21.1.exe
java_class_path (initial): C:\Program Files\Oxygen XML Author 21\.install4j\i4jruntime.jar;C:\Program Files\Oxygen XML Author 21\.\lib\oxygenAuthor.jar;C:\Program Files\Oxygen XML Author 21\.\lib\oxygen-basic-utilities.jar
Launcher Type: generic

Environment Variables:
PATH=c:\program files\oxygen xml author 21\jre\bin;C:\Program Files\Oxygen XML Author 21\.\jre\bin;C:\Program Files (x86)\Common Files\Oracle\Java\javapath;C:\WINDOWS\system32;C:\WINDOWS;C:\WINDOWS\System32\Wbem;C:\WINDOWS\System32\WindowsPowerShell\v1.0\;C:\WINDOWS\System32\OpenSSH\;C:\Program Files\Git\cmd;C:\Program Files (x86)\HCL\SafeLinx Client\;C:\Program Files\Intel\WiFi\bin\;C:\Program Files\Common Files\Intel\WirelessCommon\;C:\Program Files (x86)\ooRexx;C:\DITATools\IDWB\bin;C:\Program Files\Amazon\AWSCLI\bin\;C:\Users\rebecca.nethala\dita-otv-0.1.7\dita-ot\bin;C:\Users\rebecca.nethala\AppData\Local\GitHubDesktop\bin;C:\Users\rebecca.nethala\AppData\Local\Programs\Microsoft VS Code\bin
USERNAME=rebecca.nethala
OS=Windows_NT
PROCESSOR_IDENTIFIER=Intel64 Family 6 Model 158 Stepping 10, GenuineIntel



---------------  S Y S T E M  ---------------

OS: Windows 10.0 , 64 bit Build 18362 (10.0.18362.329)

CPU:total 12 (initial active 12) (6 cores per cpu, 2 threads per core) family 6 model 158 stepping 10, cmov, cx8, fxsr, mmx, sse, sse2, sse3, ssse3, sse4.1, sse4.2, popcnt, avx, avx2, aes, clmul, erms, 3dnowpref, lzcnt, ht, tsc, tscinvbit, bmi1, bmi2, adx

Memory: 4k page, physical 33282592k(16870608k free), swap 66837024k(40340388k free)

vm_info: Java HotSpot(TM) 64-Bit Server VM (25.202-b08) for windows-amd64 JRE (1.8.0_202-b08), built on Dec 15 2018 19:54:30 by "java_re" with MS VC++ 10.0 (VS2010)

time: Tue Mar 23 13:32:09 2021
timezone: India Standard Time
elapsed time: 65106 seconds (0d 18h 5m 6s)

