#
# A fatal error has been detected by the Java Runtime Environment:
#
#  EXCEPTION_ACCESS_VIOLATION (0xc0000005) at pc=0x000000005dc9fead, pid=11176, tid=0x000000000000519c
#
# JRE version: Java(TM) SE Runtime Environment (8.0_202-b08) (build 1.8.0_202-b08)
# Java VM: Java HotSpot(TM) 64-Bit Server VM (25.202-b08 mixed mode windows-amd64 compressed oops)
# Problematic frame:
# V  [jvm.dll+0x14fead]
#
# Failed to write core dump. Minidumps are not enabled by default on client versions of Windows
#
# If you would like to submit a bug report, please visit:
#   http://bugreport.java.com/bugreport/crash.jsp
#

---------------  T H R E A D  ---------------

Current thread (0x000000001ff9b000):  JavaThread "AWT-Windows" daemon [_thread_in_vm, id=20892, stack(0x0000000020700000,0x0000000020800000)]

siginfo: ExceptionCode=0xc0000005, reading address 0x0000000000000000

Registers:
RAX=0x0000000000000000, RBX=0x000000001ff9b000, RCX=0x0000000000000b00, RDX=0x0000000020ee57d0
RSP=0x00000000207fefd0, RBP=0x00000000207ff0c8, RSI=0x0000000000000000, RDI=0x000000001ff9b1f8
R8 =0x0000000000000000, R9 =0x00000000207ff0c8, R10=0x00000000014acdb0, R11=0x0000000000000000
R12=0x0000000020ee57d0, R13=0x0000000000000308, R14=0x0000000000020be0, R15=0x0000000000000000
RIP=0x000000005dc9fead, EFLAGS=0x0000000000010246

Top of Stack: (sp=0x00000000207fefd0)
0x00000000207fefd0:   00000000207ff218 0000000000000308
0x00000000207fefe0:   0000000000000001 00007ffea9d1d39d
0x00000000207feff0:   00000000207ff218 ffffffff00000000
0x00000000207ff000:   0000000000000000 fffffffffffffffe
0x00000000207ff010:   0000000000000001 00007ffea9d1e279
0x00000000207ff020:   000000001ff9b000 0000000000000000
0x00000000207ff030:   0000000000000000 0000000000000001
0x00000000207ff040:   fffffffffffffffe 000000005dc9731f
0x00000000207ff050:   00000000207ff1f8 00007fff2a3b36ca
0x00000000207ff060:   00000000006ea000 0000000000030000
0x00000000207ff070:   0000000000000000 00007ffea9cb9e28
0x00000000207ff080:   0000000000000000 0000000000000000
0x00000000207ff090:   0000000000000000 0000000000000000
0x00000000207ff0a0:   000000001ff9b1f8 00007ffea9cd9d37
0x00000000207ff0b0:   0000000000000000 0000000000000000
0x00000000207ff0c0:   0000000000000000 0000000000000000 

Instructions: (pc=0x000000005dc9fead)
0x000000005dc9fe8d:   00 48 83 7b 08 00 48 89 5c 24 50 48 c7 44 24 58
0x000000005dc9fe9d:   00 00 00 00 74 0a 48 8d 4c 24 50 e8 03 ef 12 00
0x000000005dc9fead:   48 8b 06 c7 44 24 40 0e 00 00 00 48 8d 4c 24 70
0x000000005dc9febd:   48 8b 50 08 0f b7 42 24 48 8b 52 08 48 8b 54 c2 


Register to memory mapping:

RAX=0x0000000000000000 is an unknown value
RBX=0x000000001ff9b000 is a thread
RCX=0x0000000000000b00 is an unknown value
RDX=0x0000000020ee57d0 is a global jni handle
RSP=0x00000000207fefd0 is pointing into the stack for thread: 0x000000001ff9b000
RBP=0x00000000207ff0c8 is pointing into the stack for thread: 0x000000001ff9b000
RSI=0x0000000000000000 is an unknown value
RDI=0x000000001ff9b1f8 is an unknown value
R8 =0x0000000000000000 is an unknown value
R9 =0x00000000207ff0c8 is pointing into the stack for thread: 0x000000001ff9b000
R10=0x00000000014acdb0 is an unknown value
R11=0x0000000000000000 is an unknown value
R12=0x0000000020ee57d0 is a global jni handle
R13=0x0000000000000308 is an unknown value
R14=0x0000000000020be0 is an unknown value
R15=0x0000000000000000 is an unknown value


Stack: [0x0000000020700000,0x0000000020800000],  sp=0x00000000207fefd0,  free space=1019k
Native frames: (J=compiled Java code, j=interpreted, Vv=VM code, C=native code)
V  [jvm.dll+0x14fead]
C  [awt.dll+0x69e28]
C  [awt.dll+0x89d37]
C  [awt.dll+0xcda3c]
C  [USER32.dll+0x15b6d]
C  [USER32.dll+0x15562]
C  [awt.dll+0xcd32c]
C  [awt.dll+0xcd5db]
C  0x0000000002d08c67

Java frames: (J=compiled Java code, j=interpreted, Vv=VM code)
j  sun.awt.windows.WToolkit.eventLoop()V+0
j  sun.awt.windows.WToolkit.run()V+58
j  java.lang.Thread.run()V+11
v  ~StubRoutines::call_stub

---------------  P R O C E S S  ---------------

Java Threads: ( => current thread )
  0x000000002bd24800 JavaThread "Detect hyperlinks at caret" daemon [_thread_blocked, id=21764, stack(0x00000000235a0000,0x00000000236a0000)]
  0x000000002bd23000 JavaThread "Tooltip timer in CC Editor" daemon [_thread_blocked, id=20408, stack(0x000000002fad0000,0x000000002fbd0000)]
  0x000000002bd21000 JavaThread "Show caret ghost position info" daemon [_thread_blocked, id=15448, stack(0x000000002ffd0000,0x00000000300d0000)]
  0x000000002bd20000 JavaThread "Show host component tooltip timer" daemon [_thread_blocked, id=18012, stack(0x0000000031950000,0x0000000031a50000)]
  0x000000002bd26000 JavaThread "OxygenSingletonChecker-Thread" [_thread_in_native, id=20444, stack(0x0000000031850000,0x0000000031950000)]
  0x000000002bd18000 JavaThread "Batik CleanerThread" daemon [_thread_blocked, id=22776, stack(0x0000000031450000,0x0000000031550000)]
  0x000000002bd1e800 JavaThread "Collect project resource thread" daemon [_thread_blocked, id=24292, stack(0x0000000029170000,0x0000000029270000)]
  0x0000000022d72000 JavaThread "AuthorExtensionBuilder" daemon [_thread_blocked, id=23428, stack(0x00000000301d0000,0x00000000302d0000)]
  0x0000000022d6c000 JavaThread "Brackets Highlighter" [_thread_blocked, id=24596, stack(0x000000002fbd0000,0x000000002fcd0000)]
  0x0000000022d6a800 JavaThread "Mark occurrences in current file" daemon [_thread_blocked, id=24488, stack(0x000000002f7d0000,0x000000002f8d0000)]
  0x0000000022d6f000 JavaThread "'Save backup info' timer" [_thread_blocked, id=25616, stack(0x000000002e4e0000,0x000000002e5e0000)]
  0x0000000022d70800 JavaThread "pool-7-thread-4" [_thread_blocked, id=22596, stack(0x000000002e3e0000,0x000000002e4e0000)]
  0x0000000022d6e000 JavaThread "pool-7-thread-3" [_thread_blocked, id=2328, stack(0x000000002e2e0000,0x000000002e3e0000)]
  0x0000000022d6f800 JavaThread "pool-7-thread-2" [_thread_blocked, id=10316, stack(0x000000002dd60000,0x000000002de60000)]
  0x0000000022d63000 JavaThread "pool-7-thread-1" [_thread_blocked, id=20524, stack(0x0000000029270000,0x0000000029370000)]
  0x0000000022d68000 JavaThread "" [_thread_blocked, id=22800, stack(0x0000000021f80000,0x0000000022080000)]
  0x0000000022d69800 JavaThread "DocumentTypeProviderTimer" daemon [_thread_blocked, id=24712, stack(0x0000000000df0000,0x0000000000ef0000)]
  0x0000000022d63800 JavaThread "DB Sessions Manager fire timer" daemon [_thread_blocked, id=5936, stack(0x00000000270f0000,0x00000000271f0000)]
  0x0000000022d69000 JavaThread "AutomaticallyValidation" daemon [_thread_blocked, id=9540, stack(0x0000000028670000,0x0000000028b70000)]
  0x0000000022d65000 JavaThread "Autosave" daemon [_thread_blocked, id=18500, stack(0x0000000026a40000,0x0000000026b40000)]
  0x000000001dd80800 JavaThread "TimerQueue" daemon [_thread_blocked, id=6768, stack(0x00000000265b0000,0x00000000266b0000)]
  0x000000001dd85800 JavaThread "AutomaticallyValidation" daemon [_thread_blocked, id=12112, stack(0x0000000026bf0000,0x00000000270f0000)]
  0x000000001dd87000 JavaThread "Autosave" daemon [_thread_blocked, id=23008, stack(0x0000000026940000,0x0000000026a40000)]
  0x000000001dd85000 JavaThread "AWT-EventQueue-0" [_thread_blocked, id=14340, stack(0x0000000024290000,0x0000000024390000)]
  0x000000001dd82000 JavaThread "AWT-Shutdown" [_thread_blocked, id=104, stack(0x0000000024190000,0x0000000024290000)]
=>0x000000001ff9b000 JavaThread "AWT-Windows" daemon [_thread_in_vm, id=20892, stack(0x0000000020700000,0x0000000020800000)]
  0x000000001ff99800 JavaThread "Java2D Disposer" daemon [_thread_blocked, id=4220, stack(0x0000000020500000,0x0000000020600000)]
  0x000000001de13800 JavaThread "Service Thread" daemon [_thread_blocked, id=20516, stack(0x000000001f7d0000,0x000000001f8d0000)]
  0x000000001dd84000 JavaThread "C1 CompilerThread3" daemon [_thread_blocked, id=25256, stack(0x000000001f6d0000,0x000000001f7d0000)]
  0x000000001dd82800 JavaThread "C2 CompilerThread2" daemon [_thread_blocked, id=20188, stack(0x000000001f5d0000,0x000000001f6d0000)]
  0x000000001dd78000 JavaThread "C2 CompilerThread1" daemon [_thread_blocked, id=26464, stack(0x000000001f4d0000,0x000000001f5d0000)]
  0x000000001dd71800 JavaThread "C2 CompilerThread0" daemon [_thread_blocked, id=20928, stack(0x000000001f3d0000,0x000000001f4d0000)]
  0x000000001dd70000 JavaThread "Attach Listener" daemon [_thread_blocked, id=3808, stack(0x000000001f2d0000,0x000000001f3d0000)]
  0x000000001dd6f000 JavaThread "Signal Dispatcher" daemon [_thread_blocked, id=17024, stack(0x000000001f1d0000,0x000000001f2d0000)]
  0x000000001dd63800 JavaThread "Finalizer" daemon [_thread_blocked, id=23768, stack(0x000000001efd0000,0x000000001f0d0000)]
  0x0000000002c0e000 JavaThread "Reference Handler" daemon [_thread_blocked, id=23944, stack(0x000000001eed0000,0x000000001efd0000)]
  0x0000000002b13800 JavaThread "main" [_thread_blocked, id=164, stack(0x0000000000800000,0x0000000000900000)]

Other Threads:
  0x000000001c686800 VMThread [stack: 0x000000001edd0000,0x000000001eed0000] [id=476]
  0x000000001de47000 WatcherThread [stack: 0x000000001f8d0000,0x000000001f9d0000] [id=3076]

VM state:not at safepoint (normal execution)

VM Mutex/Monitor currently owned by a thread: None

heap address: 0x00000006c6000000, size: 4000 MB, Compressed Oops mode: Zero based, Oop shift amount: 3
Narrow klass base: 0x0000000000000000, Narrow klass shift: 3
Compressed class space size: 1073741824 Address: 0x00000007c0000000

Heap:
 PSYoungGen      total 425472K, used 364686K [0x000000076cb00000, 0x000000078bd80000, 0x00000007c0000000)
  eden space 356864K, 91% used [0x000000076cb00000,0x0000000780984300,0x0000000782780000)
  from space 68608K, 56% used [0x0000000787a80000,0x000000078a01f548,0x000000078bd80000)
  to   space 76800K, 0% used [0x0000000782780000,0x0000000782780000,0x0000000787280000)
 ParOldGen       total 1078784K, used 166047K [0x00000006c6000000, 0x0000000707d80000, 0x000000076cb00000)
  object space 1078784K, 15% used [0x00000006c6000000,0x00000006d0227f80,0x0000000707d80000)
 Metaspace       used 106258K, capacity 107332K, committed 108160K, reserved 1140736K
  class space    used 16400K, capacity 16683K, committed 16768K, reserved 1048576K

Card table byte_map: [0x00000000120b0000,0x0000000012890000] byte_map_base: 0x000000000ea80000

Marking Bits: (ParMarkBitMap*) 0x000000005e375ce0
 Begin Bits: [0x00000000137d0000, 0x0000000017650000)
 End Bits:   [0x0000000017650000, 0x000000001b4d0000)

Polling page: 0x00000000028e0000

CodeCache: size=245760Kb used=63237Kb max_used=63237Kb free=182522Kb
 bounds [0x0000000002cf0000, 0x0000000006b20000, 0x0000000011cf0000]
 total_blobs=17521 nmethods=16562 adapters=865
 compilation: enabled

Compilation events (10 events):
Event: 1186.696 Thread 0x000000001dd84000 21725       3       java.util.HashMap$HashIterator::remove (77 bytes)
Event: 1186.697 Thread 0x000000001dd84000 nmethod 21725 0x0000000004385090 code [0x0000000004385240, 0x0000000004385838]
Event: 1186.705 Thread 0x000000001dd84000 21726       3       java.util.Collections::singleton (9 bytes)
Event: 1186.706 Thread 0x000000001dd84000 nmethod 21726 0x0000000004383c90 code [0x0000000004383e00, 0x0000000004384110]
Event: 1186.706 Thread 0x000000001dd84000 21727       3       java.util.Collections$SingletonSet::<init> (10 bytes)
Event: 1186.706 Thread 0x000000001dd84000 nmethod 21727 0x0000000004384b50 code [0x0000000004384cc0, 0x0000000004384f50]
Event: 1187.144 Thread 0x000000001dd84000 21728       3       ro.sync.exml.editor.xmleditor.qb::b (11 bytes)
Event: 1187.145 Thread 0x000000001dd84000 nmethod 21728 0x0000000006b0b990 code [0x0000000006b0bb20, 0x0000000006b0c048]
Event: 1187.161 Thread 0x000000001dd84000 21729       3       org.w3c.flute.parser.selectors.AttributeConditionImpl::getPrefix (76 bytes)
Event: 1187.162 Thread 0x000000001dd84000 nmethod 21729 0x0000000006b0aa90 code [0x0000000006b0ac80, 0x0000000006b0b668]

GC Heap History (10 events):
Event: 359.952 GC heap before
{Heap before GC invocations=24 (full 4):
 PSYoungGen      total 442368K, used 379075K [0x000000076cb00000, 0x000000078fc00000, 0x00000007c0000000)
  eden space 339968K, 100% used [0x000000076cb00000,0x0000000781700000,0x0000000781700000)
  from space 102400K, 38% used [0x0000000781700000,0x0000000783d30c88,0x0000000787b00000)
  to   space 97280K, 0% used [0x0000000789d00000,0x0000000789d00000,0x000000078fc00000)
 ParOldGen       total 1078784K, used 166007K [0x00000006c6000000, 0x0000000707d80000, 0x000000076cb00000)
  object space 1078784K, 15% used [0x00000006c6000000,0x00000006d021df80,0x0000000707d80000)
 Metaspace       used 105102K, capacity 106162K, committed 106880K, reserved 1138688K
  class space    used 16395K, capacity 16680K, committed 16768K, reserved 1048576K
Event: 359.965 GC heap after
Heap after GC invocations=24 (full 4):
 PSYoungGen      total 451584K, used 39517K [0x000000076cb00000, 0x000000078ea80000, 0x00000007c0000000)
  eden space 372224K, 0% used [0x000000076cb00000,0x000000076cb00000,0x0000000783680000)
  from space 79360K, 49% used [0x0000000789d00000,0x000000078c3976e8,0x000000078ea80000)
  to   space 92160K, 0% used [0x0000000783680000,0x0000000783680000,0x0000000789080000)
 ParOldGen       total 1078784K, used 166015K [0x00000006c6000000, 0x0000000707d80000, 0x000000076cb00000)
  object space 1078784K, 15% used [0x00000006c6000000,0x00000006d021ff80,0x0000000707d80000)
 Metaspace       used 105102K, capacity 106162K, committed 106880K, reserved 1138688K
  class space    used 16395K, capacity 16680K, committed 16768K, reserved 1048576K
}
Event: 441.735 GC heap before
{Heap before GC invocations=25 (full 4):
 PSYoungGen      total 451584K, used 411741K [0x000000076cb00000, 0x000000078ea80000, 0x00000007c0000000)
  eden space 372224K, 100% used [0x000000076cb00000,0x0000000783680000,0x0000000783680000)
  from space 79360K, 49% used [0x0000000789d00000,0x000000078c3976e8,0x000000078ea80000)
  to   space 92160K, 0% used [0x0000000783680000,0x0000000783680000,0x0000000789080000)
 ParOldGen       total 1078784K, used 166015K [0x00000006c6000000, 0x0000000707d80000, 0x000000076cb00000)
  object space 1078784K, 15% used [0x00000006c6000000,0x00000006d021ff80,0x0000000707d80000)
 Metaspace       used 105347K, capacity 106418K, committed 107136K, reserved 1140736K
  class space    used 16395K, capacity 16680K, committed 16768K, reserved 1048576K
Event: 441.747 GC heap after
Heap after GC invocations=25 (full 4):
 PSYoungGen      total 464384K, used 39938K [0x000000076cb00000, 0x000000078fd80000, 0x00000007c0000000)
  eden space 372224K, 0% used [0x000000076cb00000,0x000000076cb00000,0x0000000783680000)
  from space 92160K, 43% used [0x0000000783680000,0x0000000785d80ba8,0x0000000789080000)
  to   space 87552K, 0% used [0x000000078a800000,0x000000078a800000,0x000000078fd80000)
 ParOldGen       total 1078784K, used 166023K [0x00000006c6000000, 0x0000000707d80000, 0x000000076cb00000)
  object space 1078784K, 15% used [0x00000006c6000000,0x00000006d0221f80,0x0000000707d80000)
 Metaspace       used 105347K, capacity 106418K, committed 107136K, reserved 1140736K
  class space    used 16395K, capacity 16680K, committed 16768K, reserved 1048576K
}
Event: 870.095 GC heap before
{Heap before GC invocations=26 (full 4):
 PSYoungGen      total 464384K, used 412162K [0x000000076cb00000, 0x000000078fd80000, 0x00000007c0000000)
  eden space 372224K, 100% used [0x000000076cb00000,0x0000000783680000,0x0000000783680000)
  from space 92160K, 43% used [0x0000000783680000,0x0000000785d80ba8,0x0000000789080000)
  to   space 87552K, 0% used [0x000000078a800000,0x000000078a800000,0x000000078fd80000)
 ParOldGen       total 1078784K, used 166023K [0x00000006c6000000, 0x0000000707d80000, 0x000000076cb00000)
  object space 1078784K, 15% used [0x00000006c6000000,0x00000006d0221f80,0x0000000707d80000)
 Metaspace       used 105755K, capacity 106808K, committed 107648K, reserved 1140736K
  class space    used 16396K, capacity 16681K, committed 16768K, reserved 1048576K
Event: 870.127 GC heap after
Heap after GC invocations=26 (full 4):
 PSYoungGen      total 413696K, used 38218K [0x000000076cb00000, 0x000000078d580000, 0x00000007c0000000)
  eden space 367104K, 0% used [0x000000076cb00000,0x000000076cb00000,0x0000000783180000)
  from space 46592K, 82% used [0x000000078a800000,0x000000078cd52ac8,0x000000078d580000)
  to   space 83968K, 0% used [0x0000000783180000,0x0000000783180000,0x0000000788380000)
 ParOldGen       total 1078784K, used 166031K [0x00000006c6000000, 0x0000000707d80000, 0x000000076cb00000)
  object space 1078784K, 15% used [0x00000006c6000000,0x00000006d0223f80,0x0000000707d80000)
 Metaspace       used 105755K, capacity 106808K, committed 107648K, reserved 1140736K
  class space    used 16396K, capacity 16681K, committed 16768K, reserved 1048576K
}
Event: 989.578 GC heap before
{Heap before GC invocations=27 (full 4):
 PSYoungGen      total 413696K, used 405322K [0x000000076cb00000, 0x000000078d580000, 0x00000007c0000000)
  eden space 367104K, 100% used [0x000000076cb00000,0x0000000783180000,0x0000000783180000)
  from space 46592K, 82% used [0x000000078a800000,0x000000078cd52ac8,0x000000078d580000)
  to   space 83968K, 0% used [0x0000000783180000,0x0000000783180000,0x0000000788380000)
 ParOldGen       total 1078784K, used 166031K [0x00000006c6000000, 0x0000000707d80000, 0x000000076cb00000)
  object space 1078784K, 15% used [0x00000006c6000000,0x00000006d0223f80,0x0000000707d80000)
 Metaspace       used 105917K, capacity 107006K, committed 107648K, reserved 1140736K
  class space    used 16397K, capacity 16682K, committed 16768K, reserved 1048576K
Event: 989.591 GC heap after
Heap after GC invocations=27 (full 4):
 PSYoungGen      total 401920K, used 39506K [0x000000076cb00000, 0x000000078c880000, 0x00000007c0000000)
  eden space 361984K, 0% used [0x000000076cb00000,0x000000076cb00000,0x0000000782c80000)
  from space 39936K, 98% used [0x0000000783180000,0x00000007858148c8,0x0000000785880000)
  to   space 79872K, 0% used [0x0000000787a80000,0x0000000787a80000,0x000000078c880000)
 ParOldGen       total 1078784K, used 166039K [0x00000006c6000000, 0x0000000707d80000, 0x000000076cb00000)
  object space 1078784K, 15% used [0x00000006c6000000,0x00000006d0225f80,0x0000000707d80000)
 Metaspace       used 105917K, capacity 107006K, committed 107648K, reserved 1140736K
  class space    used 16397K, capacity 16682K, committed 16768K, reserved 1048576K
}
Event: 1116.276 GC heap before
{Heap before GC invocations=28 (full 4):
 PSYoungGen      total 401920K, used 401490K [0x000000076cb00000, 0x000000078c880000, 0x00000007c0000000)
  eden space 361984K, 100% used [0x000000076cb00000,0x0000000782c80000,0x0000000782c80000)
  from space 39936K, 98% used [0x0000000783180000,0x00000007858148c8,0x0000000785880000)
  to   space 79872K, 0% used [0x0000000787a80000,0x0000000787a80000,0x000000078c880000)
 ParOldGen       total 1078784K, used 166039K [0x00000006c6000000, 0x0000000707d80000, 0x000000076cb00000)
  object space 1078784K, 15% used [0x00000006c6000000,0x00000006d0225f80,0x0000000707d80000)
 Metaspace       used 106137K, capacity 107198K, committed 107904K, reserved 1140736K
  class space    used 16398K, capacity 16682K, committed 16768K, reserved 1048576K
Event: 1116.307 GC heap after
Heap after GC invocations=28 (full 4):
 PSYoungGen      total 425472K, used 38525K [0x000000076cb00000, 0x000000078bd80000, 0x00000007c0000000)
  eden space 356864K, 0% used [0x000000076cb00000,0x000000076cb00000,0x0000000782780000)
  from space 68608K, 56% used [0x0000000787a80000,0x000000078a01f548,0x000000078bd80000)
  to   space 76800K, 0% used [0x0000000782780000,0x0000000782780000,0x0000000787280000)
 ParOldGen       total 1078784K, used 166047K [0x00000006c6000000, 0x0000000707d80000, 0x000000076cb00000)
  object space 1078784K, 15% used [0x00000006c6000000,0x00000006d0227f80,0x0000000707d80000)
 Metaspace       used 106137K, capacity 107198K, committed 107904K, reserved 1140736K
  class space    used 16398K, capacity 16682K, committed 16768K, reserved 1048576K
}

Deoptimization events (10 events):
Event: 1023.481 Thread 0x000000001dd85000 Uncommon trap: reason=class_check action=maybe_recompile pc=0x000000000698c460 method=ro.sync.syntaxhighlight.g.paint(Ljava/awt/Graphics;Ljava/awt/Shape;)V @ 293
Event: 1031.613 Thread 0x000000001dd85800 Uncommon trap: reason=null_check action=make_not_entrant pc=0x00000000062432e0 method=ro.sync.ecss.dom.builder.c.k(Lro/sync/ecss/dom/z;Lro/sync/ecss/css/u;ZZ)Lro/sync/exml/serialize/state/m; @ 82
Event: 1092.964 Thread 0x000000001dd85800 Uncommon trap: reason=null_check action=make_not_entrant pc=0x000000000635dfd0 method=ro.sync.ecss.dom.builder.c.k(Lro/sync/ecss/dom/z;Lro/sync/ecss/css/u;ZZ)Lro/sync/exml/serialize/state/m; @ 92
Event: 1125.244 Thread 0x000000001dd85000 Uncommon trap: reason=unstable_if action=reinterpret pc=0x0000000006475420 method=java.awt.EventQueue.removeSourceEvents(Ljava/lang/Object;Z)V @ 51
Event: 1154.524 Thread 0x000000002bd24800 Uncommon trap: reason=unstable_if action=reinterpret pc=0x0000000005f285f8 method=org.apache.xml.resolver.Catalog.normalizeURI(Ljava/lang/String;)Ljava/lang/String; @ 165
Event: 1170.468 Thread 0x000000001dd85000 Uncommon trap: reason=unstable_if action=reinterpret pc=0x0000000003e248fc method=java.awt.Font.equals(Ljava/lang/Object;)Z @ 83
Event: 1171.766 Thread 0x000000001dd85800 Uncommon trap: reason=null_check action=make_not_entrant pc=0x00000000059c7710 method=ro.sync.ecss.dom.builder.c.k(Lro/sync/ecss/dom/z;Lro/sync/ecss/css/u;ZZ)Lro/sync/exml/serialize/state/m; @ 102
Event: 1173.097 Thread 0x000000001dd85000 Uncommon trap: reason=array_check action=maybe_recompile pc=0x00000000062aaec8 method=java.util.TimSort.binarySort([Ljava/lang/Object;IIILjava/util/Comparator;)V @ 215
Event: 1173.098 Thread 0x000000001dd85000 Uncommon trap: reason=array_check action=maybe_recompile pc=0x00000000062ab048 method=java.util.TimSort.binarySort([Ljava/lang/Object;IIILjava/util/Comparator;)V @ 183
Event: 1173.098 Thread 0x000000001dd85000 Uncommon trap: reason=array_check action=maybe_recompile pc=0x00000000062aaec8 method=java.util.TimSort.binarySort([Ljava/lang/Object;IIILjava/util/Comparator;)V @ 215

Classes redefined (0 events):
No events

Internal exceptions (10 events):
Event: 207.222 Thread 0x000000001dd85000 Implicit null exception at 0x0000000005a18ba9 to 0x0000000005a18ce1
Event: 297.406 Thread 0x000000001dd85800 Implicit null exception at 0x0000000005f38e13 to 0x0000000005f43959
Event: 305.632 Thread 0x000000001dd85000 Implicit null exception at 0x00000000034f3aa2 to 0x00000000034f3f11
Event: 305.633 Thread 0x000000001dd85000 Exception <a 'java/lang/ArrayIndexOutOfBoundsException': 80> (0x000000077da67740) thrown at [C:\re\workspace\8-2-build-windows-amd64-cygwin\jdk8u202\12323\hotspot\src\share\vm\interpreter\interpreterRuntime.cpp, line 368]
Event: 305.636 Thread 0x000000001dd85000 Implicit null exception at 0x000000000398a836 to 0x000000000398b05d
Event: 341.825 Thread 0x0000000022d6f000 Exception <a 'sun/nio/fs/WindowsException'> (0x00000007806b9fb8) thrown at [C:\re\workspace\8-2-build-windows-amd64-cygwin\jdk8u202\12323\hotspot\src\share\vm\prims\jni.cpp, line 710]
Event: 359.987 Thread 0x000000002bd1e800 Implicit null exception at 0x0000000002f6163b to 0x0000000002f6180d
Event: 425.817 Thread 0x000000002bd24800 Exception <a 'java/lang/ClassNotFoundException': sun/net/www/protocol/c/Handler> (0x0000000772563840) thrown at [C:\re\workspace\8-2-build-windows-amd64-cygwin\jdk8u202\12323\hotspot\src\share\vm\classfile\systemDictionary.cpp, line 210]
Event: 497.297 Thread 0x000000001dd85000 Implicit null exception at 0x000000000667d8e9 to 0x000000000667ee79
Event: 891.860 Thread 0x000000001dd85800 Implicit null exception at 0x00000000042e552a to 0x00000000042e608d

Events (10 events):
Event: 1177.911 Thread 0x000000001dd71800 flushing nmethod 0x000000000614cf50
Event: 1177.911 Thread 0x000000001dd71800 flushing nmethod 0x0000000006195090
Event: 1177.911 Thread 0x000000001dd71800 flushing nmethod 0x00000000061d9a10
Event: 1177.911 Thread 0x000000001dd71800 flushing nmethod 0x0000000006242210
Event: 1177.999 Thread 0x000000001dd84000 flushing nmethod 0x00000000063cc810
Event: 1178.003 Thread 0x000000001dd84000 flushing nmethod 0x000000000698a6d0
Event: 1186.050 Thread 0x000000001fc31800 Thread added: 0x000000001fc31800
Event: 1186.051 Executing VM operation: RevokeBias
Event: 1186.051 Executing VM operation: RevokeBias done
Event: 1186.167 Thread 0x000000001fc31800 Thread exited: 0x000000001fc31800


Dynamic libraries:
0x00007ff6931b0000 - 0x00007ff69325f000 	C:\Program Files\Oxygen XML Author 21\oxygenAuthor21.1.exe
0x00007fff2b3a0000 - 0x00007fff2b590000 	C:\WINDOWS\SYSTEM32\ntdll.dll
0x00007fff29450000 - 0x00007fff29502000 	C:\WINDOWS\System32\KERNEL32.DLL
0x00007fff28750000 - 0x00007fff289f3000 	C:\WINDOWS\System32\KERNELBASE.dll
0x0000000060550000 - 0x00000000605e5000 	C:\WINDOWS\System32\SYSFER.DLL
0x00007fff2b210000 - 0x00007fff2b2b3000 	C:\WINDOWS\System32\ADVAPI32.dll
0x00007fff29590000 - 0x00007fff2962e000 	C:\WINDOWS\System32\msvcrt.dll
0x00007fff2a240000 - 0x00007fff2a2d7000 	C:\WINDOWS\System32\sechost.dll
0x00007fff29630000 - 0x00007fff29750000 	C:\WINDOWS\System32\RPCRT4.dll
0x00007fff2a390000 - 0x00007fff2a524000 	C:\WINDOWS\System32\USER32.dll
0x00007fff28720000 - 0x00007fff28741000 	C:\WINDOWS\System32\win32u.dll
0x00007fff2a530000 - 0x00007fff2a556000 	C:\WINDOWS\System32\GDI32.dll
0x00007fff29280000 - 0x00007fff29414000 	C:\WINDOWS\System32\gdi32full.dll
0x00007fff28620000 - 0x00007fff286be000 	C:\WINDOWS\System32\msvcp_win.dll
0x00007fff29180000 - 0x00007fff2927a000 	C:\WINDOWS\System32\ucrtbase.dll
0x00007fff2b0b0000 - 0x00007fff2b206000 	C:\WINDOWS\System32\ole32.dll
0x00007fff2a570000 - 0x00007fff2a8a6000 	C:\WINDOWS\System32\combase.dll
0x00007fff283e0000 - 0x00007fff28460000 	C:\WINDOWS\System32\bcryptPrimitives.dll
0x00007fff2a130000 - 0x00007fff2a15e000 	C:\WINDOWS\System32\IMM32.DLL
0x0000000068000000 - 0x000000006805e000 	C:\WINDOWS\System32\QIPCAP64.dll
0x00007fff29890000 - 0x00007fff29f75000 	C:\WINDOWS\System32\SHELL32.dll
0x00007fff28460000 - 0x00007fff284aa000 	C:\WINDOWS\System32\cfgmgr32.dll
0x00007fff2af20000 - 0x00007fff2afc9000 	C:\WINDOWS\System32\shcore.dll
0x00007fff28a00000 - 0x00007fff2917f000 	C:\WINDOWS\System32\windows.storage.dll
0x00007fff28310000 - 0x00007fff2832f000 	C:\WINDOWS\System32\profapi.dll
0x00007fff282c0000 - 0x00007fff2830a000 	C:\WINDOWS\System32\powrprof.dll
0x00007fff28270000 - 0x00007fff28280000 	C:\WINDOWS\System32\UMPDC.dll
0x00007fff2a8b0000 - 0x00007fff2a902000 	C:\WINDOWS\System32\shlwapi.dll
0x00007fff28280000 - 0x00007fff28291000 	C:\WINDOWS\System32\kernel.appcore.dll
0x00007fff28600000 - 0x00007fff28617000 	C:\WINDOWS\System32\cryptsp.dll
0x00007fff27840000 - 0x00007fff2790a000 	C:\WINDOWS\SYSTEM32\DNSAPI.dll
0x00007fff2aeb0000 - 0x00007fff2af1f000 	C:\WINDOWS\System32\WS2_32.dll
0x00007fff2afd0000 - 0x00007fff2afd8000 	C:\WINDOWS\System32\NSI.dll
0x00007fff277f0000 - 0x00007fff2782a000 	C:\WINDOWS\SYSTEM32\IPHLPAPI.DLL
0x00007fff104a0000 - 0x00007fff10725000 	C:\WINDOWS\WinSxS\amd64_microsoft.windows.common-controls_6595b64144ccf1df_6.0.18362.592_none_e6c0b1911312be02\comctl32.dll
0x000000005db50000 - 0x000000005e3f5000 	c:\program files\oxygen xml author 21\jre\bin\server\jvm.dll
0x0000000002860000 - 0x0000000002868000 	C:\WINDOWS\System32\PSAPI.DLL
0x00007fff11ea0000 - 0x00007fff11ea9000 	C:\WINDOWS\SYSTEM32\WSOCK32.dll
0x00007fff26010000 - 0x00007fff26034000 	C:\WINDOWS\SYSTEM32\WINMM.dll
0x00007fff203a0000 - 0x00007fff203aa000 	C:\WINDOWS\SYSTEM32\VERSION.dll
0x000000005e510000 - 0x000000005e5e2000 	C:\WINDOWS\SYSTEM32\MSVCR100.dll
0x00007fff25fe0000 - 0x00007fff2600d000 	C:\WINDOWS\SYSTEM32\WINMMBASE.dll
0x00007ffed34e0000 - 0x00007ffed34ef000 	c:\program files\oxygen xml author 21\jre\bin\verify.dll
0x00007ffec2d30000 - 0x00007ffec2d59000 	c:\program files\oxygen xml author 21\jre\bin\java.dll
0x00007ffec2760000 - 0x00007ffec2776000 	c:\program files\oxygen xml author 21\jre\bin\zip.dll
0x0000000180000000 - 0x0000000180032000 	C:\Program Files\Oxygen XML Author 21\.install4j\i4jinst.dll
0x000000001f9d0000 - 0x000000001fa94000 	C:\WINDOWS\System32\OLEAUT32.dll
0x00007ffec3420000 - 0x00007ffec342d000 	C:\Program Files\Oxygen XML Author 21\jre\bin\management.dll
0x00007fff225c0000 - 0x00007fff225e6000 	C:\Program Files\Oxygen XML Author 21\jre\bin\JavaAccessBridge-64.dll
0x00007ffea9c50000 - 0x00007ffea9de9000 	C:\Program Files\Oxygen XML Author 21\jre\bin\awt.dll
0x00007fff25df0000 - 0x00007fff25e7f000 	C:\WINDOWS\SYSTEM32\apphelp.dll
0x00007fff26260000 - 0x00007fff262f9000 	C:\WINDOWS\system32\uxtheme.dll
0x00007fff29750000 - 0x00007fff29885000 	C:\WINDOWS\System32\MSCTF.dll
0x00007fff26680000 - 0x00007fff266ad000 	C:\WINDOWS\system32\DWMAPI.DLL
0x00007fff016f0000 - 0x00007fff01846000 	C:\WINDOWS\system32\opengl32.dll
0x00007fff02920000 - 0x00007fff0294c000 	C:\WINDOWS\SYSTEM32\GLU32.dll
0x00007fff26ee0000 - 0x00007fff26f00000 	C:\WINDOWS\SYSTEM32\dxcore.dll
0x00007fff27650000 - 0x00007fff27683000 	C:\WINDOWS\system32\rsaenh.dll
0x00007fff29420000 - 0x00007fff29446000 	C:\WINDOWS\System32\bcrypt.dll
0x00007fff28160000 - 0x00007fff28185000 	C:\WINDOWS\SYSTEM32\USERENV.dll
0x00007fff27cb0000 - 0x00007fff27cbc000 	C:\WINDOWS\SYSTEM32\CRYPTBASE.dll
0x00007fff01ae0000 - 0x00007fff01afa000 	C:\Program Files\Oxygen XML Author 21\jre\bin\net.dll
0x00007fff13540000 - 0x00007fff13716000 	C:\WINDOWS\SYSTEM32\urlmon.dll
0x00007fff171c0000 - 0x00007fff17466000 	C:\WINDOWS\SYSTEM32\iertutil.dll
0x00007fff27ae0000 - 0x00007fff27b47000 	C:\WINDOWS\system32\mswsock.dll
0x00007fff23a80000 - 0x00007fff23a96000 	C:\WINDOWS\SYSTEM32\dhcpcsvc6.DLL
0x00007fff239d0000 - 0x00007fff239ec000 	C:\WINDOWS\SYSTEM32\dhcpcsvc.DLL
0x00007fff01ac0000 - 0x00007fff01ad2000 	C:\Program Files\Oxygen XML Author 21\jre\bin\nio.dll
0x000000001fb10000 - 0x000000001fb48000 	C:\Program Files\Oxygen XML Author 21\lib\com\sun\jna\win32-x86-64\jnidispatch.dll
0x00007ffebf6d0000 - 0x00007ffebf717000 	C:\Program Files\Oxygen XML Author 21\jre\bin\fontmanager.dll
0x00007fff123d0000 - 0x00007fff1246e000 	C:\WINDOWS\System32\TextInputFramework.dll
0x00007fff21ee0000 - 0x00007fff2220a000 	C:\WINDOWS\System32\CoreUIComponents.dll
0x00007fff25bc0000 - 0x00007fff25c94000 	C:\WINDOWS\System32\CoreMessaging.dll
0x00007fff27270000 - 0x00007fff272a1000 	C:\WINDOWS\SYSTEM32\ntmarta.dll
0x00007fff21ca0000 - 0x00007fff21df3000 	C:\WINDOWS\SYSTEM32\wintypes.dll
0x00007ffebd070000 - 0x00007ffebd0b2000 	C:\Program Files\Oxygen XML Author 21\jre\bin\t2k.dll
0x00007fff18210000 - 0x00007fff1823a000 	C:\Program Files\Oxygen XML Author 21\jre\bin\dcpr.dll
0x000000001fb50000 - 0x000000001fb67000 	C:\Program Files\Oxygen XML Author 21\lib\WindowsNativeHelper64.dll
0x0000000025130000 - 0x0000000025200000 	C:\WINDOWS\System32\comdlg32.dll
0x00007fff16690000 - 0x00007fff16739000 	C:\WINDOWS\WinSxS\amd64_microsoft.windows.common-controls_6595b64144ccf1df_5.82.18362.592_none_2a2c5e32466583af\comctl32.dll
0x00007fff181e0000 - 0x00007fff18204000 	C:\Program Files\Oxygen XML Author 21\jre\bin\sunec.dll
0x00007fff0aee0000 - 0x00007fff0aef6000 	C:\WINDOWS\system32\napinsp.dll
0x00007fff0aec0000 - 0x00007fff0aeda000 	C:\WINDOWS\system32\pnrpnsp.dll
0x00007fff15420000 - 0x00007fff1542e000 	C:\WINDOWS\System32\winrnr.dll
0x00007fff245e0000 - 0x00007fff245fc000 	C:\WINDOWS\system32\NLAapi.dll
0x00007fff0aea0000 - 0x00007fff0aeb5000 	C:\WINDOWS\system32\wshbth.dll
0x00007fff23c00000 - 0x00007fff23c77000 	C:\WINDOWS\System32\fwpuclnt.dll
0x00007fff1a6e0000 - 0x00007fff1a6ea000 	C:\Windows\System32\rasadhlp.dll
0x00007fff246a0000 - 0x00007fff246ab000 	C:\Program Files\Oxygen XML Author 21\jre\bin\sunmscapi.dll
0x00007fff284b0000 - 0x00007fff285f9000 	C:\WINDOWS\System32\CRYPT32.dll
0x00007fff282a0000 - 0x00007fff282b2000 	C:\WINDOWS\System32\MSASN1.dll
0x0000000026b40000 - 0x0000000026bb8000 	\\?\C:\PROGRA~1\OXYGEN~1\lib\hunspell\HUNSPE~2.DLL
0x000000002a940000 - 0x000000002a9e2000 	C:\WINDOWS\System32\clbcatq.dll
0x00007fff21770000 - 0x00007fff2191f000 	C:\WINDOWS\SYSTEM32\WindowsCodecs.dll
0x00007fff03760000 - 0x00007fff0379a000 	C:\WINDOWS\system32\dataexchange.dll
0x00007fff24f20000 - 0x00007fff2517b000 	C:\WINDOWS\system32\d3d11.dll
0x00007fff255e0000 - 0x00007fff257bb000 	C:\WINDOWS\system32\dcomp.dll
0x00007fff26f70000 - 0x00007fff2705b000 	C:\WINDOWS\system32\dxgi.dll
0x00007fff26350000 - 0x00007fff265aa000 	C:\WINDOWS\system32\twinapi.appcore.dll
0x00007fff26840000 - 0x00007fff26869000 	C:\WINDOWS\system32\RMCLIENT.dll
0x00007fff26a60000 - 0x00007fff26c54000 	C:\WINDOWS\SYSTEM32\dbghelp.dll

VM Arguments:
jvm_args: -Dexe4j.semaphoreName=Local\c:_program_files_oxygen_xml_author_21_oxygenauthor21.1.exe -Dexe4j.isInstall4j=true -Dexe4j.moduleName=C:\Program Files\Oxygen XML Author 21\oxygenAuthor21.1.exe -Dexe4j.tempDir= -Dexe4j.unextractedPosition=0 -Djava.library.path=c:\program files\oxygen xml author 21\jre\bin;C:\Program Files\Oxygen XML Author 21\.\jre\bin;C:\Program Files (x86)\Common Files\Oracle\Java\javapath;C:\WINDOWS\system32;C:\WINDOWS;C:\WINDOWS\System32\Wbem;C:\WINDOWS\System32\WindowsPowerShell\v1.0\;C:\WINDOWS\System32\OpenSSH\;C:\Program Files\Git\cmd;C:\Program Files (x86)\HCL\SafeLinx Client\;C:\Program Files\Intel\WiFi\bin\;C:\Program Files\Common Files\Intel\WirelessCommon\;C:\Program Files (x86)\ooRexx;C:\DITATools\IDWB\bin;C:\Users\rebecca.nethala\dita-otv-0.1.7\dita-ot\bin;C:\Users\rebecca.nethala\AppData\Local\GitHubDesktop\bin;C:\Users\rebecca.nethala\AppData\Local\Programs\Microsoft VS Code\bin -Dexe4j.consoleCodepage=cp0 -Dcom.oxygenxml.app.descriptor=ro.sync.exml.AuthorFrameDescriptor -XX:-OmitStackTraceInFastThrow -XX:SoftRefLRUPolicyMSPerMB=10 -Dsun.java2d.noddraw=true -Dsun.awt.nopixfmt=true -Dsun.java2d.dpiaware=true -Djava.net.preferIPv4Stack=true -Dsun.awt.keepWorkingSetOnMinimize=true -Dinstall4j.launcherId=19 -Dinstall4j.swt=false -Xmx4000m -Dcom.oxygenxml.language=English -XX:+UseParallelGC -XX:ErrorFile=C:\Users\REBECC~1.NET\AppData\Local\Temp\/oxy_jvm_crash.log -XX:OnError="C:\Program Files\Oxygen XML Author 21/rp.exe" 
java_command: C:\Program Files\Oxygen XML Author 21\oxygenAuthor21.1.exe
java_class_path (initial): C:\Program Files\Oxygen XML Author 21\.install4j\i4jruntime.jar;C:\Program Files\Oxygen XML Author 21\.\lib\oxygenAuthor.jar;C:\Program Files\Oxygen XML Author 21\.\lib\oxygen-basic-utilities.jar
Launcher Type: generic

Environment Variables:
PATH=c:\program files\oxygen xml author 21\jre\bin;C:\Program Files\Oxygen XML Author 21\.\jre\bin;C:\Program Files (x86)\Common Files\Oracle\Java\javapath;C:\WINDOWS\system32;C:\WINDOWS;C:\WINDOWS\System32\Wbem;C:\WINDOWS\System32\WindowsPowerShell\v1.0\;C:\WINDOWS\System32\OpenSSH\;C:\Program Files\Git\cmd;C:\Program Files (x86)\HCL\SafeLinx Client\;C:\Program Files\Intel\WiFi\bin\;C:\Program Files\Common Files\Intel\WirelessCommon\;C:\Program Files (x86)\ooRexx;C:\DITATools\IDWB\bin;C:\Users\rebecca.nethala\dita-otv-0.1.7\dita-ot\bin;C:\Users\rebecca.nethala\AppData\Local\GitHubDesktop\bin;C:\Users\rebecca.nethala\AppData\Local\Programs\Microsoft VS Code\bin
USERNAME=rebecca.nethala
OS=Windows_NT
PROCESSOR_IDENTIFIER=Intel64 Family 6 Model 158 Stepping 10, GenuineIntel



---------------  S Y S T E M  ---------------

OS: Windows 10.0 , 64 bit Build 18362 (10.0.18362.329)

CPU:total 12 (initial active 12) (6 cores per cpu, 2 threads per core) family 6 model 158 stepping 10, cmov, cx8, fxsr, mmx, sse, sse2, sse3, ssse3, sse4.1, sse4.2, popcnt, avx, avx2, aes, clmul, erms, 3dnowpref, lzcnt, ht, tsc, tscinvbit, bmi1, bmi2, adx

Memory: 4k page, physical 33282592k(21795484k free), swap 38263328k(23012916k free)

vm_info: Java HotSpot(TM) 64-Bit Server VM (25.202-b08) for windows-amd64 JRE (1.8.0_202-b08), built on Dec 15 2018 19:54:30 by "java_re" with MS VC++ 10.0 (VS2010)

time: Fri May 08 23:44:34 2020
timezone: India Standard Time
elapsed time: 1190 seconds (0d 0h 19m 50s)

