#
# A fatal error has been detected by the Java Runtime Environment:
#
#  EXCEPTION_ACCESS_VIOLATION (0xc0000005) at pc=0x00000000674cfead, pid=9752, tid=0x00000000000039e4
#
# JRE version: Java(TM) SE Runtime Environment (8.0_202-b08) (build 1.8.0_202-b08)
# Java VM: Java HotSpot(TM) 64-Bit Server VM (25.202-b08 mixed mode windows-amd64 compressed oops)
# Problematic frame:
# V  [jvm.dll+0x14fead]
#
# Failed to write core dump. Minidumps are not enabled by default on client versions of Windows
#
# If you would like to submit a bug report, please visit:
#   http://bugreport.java.com/bugreport/crash.jsp
#

---------------  T H R E A D  ---------------

Current thread (0x000000001fe7c000):  JavaThread "AWT-Windows" daemon [_thread_in_vm, id=14820, stack(0x0000000020500000,0x0000000020600000)]

siginfo: ExceptionCode=0xc0000005, reading address 0x0000000000000000

Registers:
RAX=0x0000000000000000, RBX=0x000000001fe7c000, RCX=0x0000000000000c00, RDX=0x000000002331ea50
RSP=0x00000000205fee90, RBP=0x00000000205fef88, RSI=0x0000000000000000, RDI=0x000000001fe7c1f8
R8 =0x0000000000000000, R9 =0x00000000205fef88, R10=0x00000000014312e0, R11=0x0000000000000000
R12=0x000000002331ea50, R13=0x0000000000000308, R14=0x00000000000614da, R15=0x0000000000000000
RIP=0x00000000674cfead, EFLAGS=0x0000000000010246

Top of Stack: (sp=0x00000000205fee90)
0x00000000205fee90:   00000000205ff0d8 0000000000000308
0x00000000205feea0:   0000000000000001 00007ffac752d39d
0x00000000205feeb0:   00000000205ff0d8 ffffffff00000000
0x00000000205feec0:   0000000000000000 fffffffffffffffe
0x00000000205feed0:   0000000000000001 00007ffac752e279
0x00000000205feee0:   000000001fe7c000 0000000000000000
0x00000000205feef0:   0000000000000000 0000000000000001
0x00000000205fef00:   fffffffffffffffe 00000000674c731f
0x00000000205fef10:   00000000205ff0b8 00007ffae66b36ca
0x00000000205fef20:   000000000049d000 0000000000030000
0x00000000205fef30:   0000000000000000 00007ffac74c9e28
0x00000000205fef40:   0000000000000000 0000000000000000
0x00000000205fef50:   0000000000000000 0000000000000000
0x00000000205fef60:   000000001fe7c1f8 00007ffac74e9d37
0x00000000205fef70:   0000000000000000 0000000000000000
0x00000000205fef80:   0000000000000000 0000000000000000 

Instructions: (pc=0x00000000674cfead)
0x00000000674cfe8d:   00 48 83 7b 08 00 48 89 5c 24 50 48 c7 44 24 58
0x00000000674cfe9d:   00 00 00 00 74 0a 48 8d 4c 24 50 e8 03 ef 12 00
0x00000000674cfead:   48 8b 06 c7 44 24 40 0e 00 00 00 48 8d 4c 24 70
0x00000000674cfebd:   48 8b 50 08 0f b7 42 24 48 8b 52 08 48 8b 54 c2 


Register to memory mapping:

RAX=0x0000000000000000 is an unknown value
RBX=0x000000001fe7c000 is a thread
RCX=0x0000000000000c00 is an unknown value
RDX=0x000000002331ea50 is a global jni handle
RSP=0x00000000205fee90 is pointing into the stack for thread: 0x000000001fe7c000
RBP=0x00000000205fef88 is pointing into the stack for thread: 0x000000001fe7c000
RSI=0x0000000000000000 is an unknown value
RDI=0x000000001fe7c1f8 is an unknown value
R8 =0x0000000000000000 is an unknown value
R9 =0x00000000205fef88 is pointing into the stack for thread: 0x000000001fe7c000
R10=0x00000000014312e0 is an unknown value
R11=0x0000000000000000 is an unknown value
R12=0x000000002331ea50 is a global jni handle
R13=0x0000000000000308 is an unknown value
R14=0x00000000000614da is an unknown value
R15=0x0000000000000000 is an unknown value


Stack: [0x0000000020500000,0x0000000020600000],  sp=0x00000000205fee90,  free space=1019k
Native frames: (J=compiled Java code, j=interpreted, Vv=VM code, C=native code)
V  [jvm.dll+0x14fead]
C  [awt.dll+0x69e28]
C  [awt.dll+0x89d37]
C  [awt.dll+0xcda3c]
C  [USER32.dll+0x15b6d]
C  [USER32.dll+0x15562]
C  [awt.dll+0xcd32c]
C  [awt.dll+0xcd5db]
C  0x0000000002b98c67

Java frames: (J=compiled Java code, j=interpreted, Vv=VM code)
j  sun.awt.windows.WToolkit.eventLoop()V+0
j  sun.awt.windows.WToolkit.run()V+58
j  java.lang.Thread.run()V+11
v  ~StubRoutines::call_stub

---------------  P R O C E S S  ---------------

Java Threads: ( => current thread )
  0x00000000213cf000 JavaThread "Detect hyperlinks at caret" daemon [_thread_blocked, id=20736, stack(0x0000000030150000,0x0000000030250000)]
  0x00000000213d2000 JavaThread "Tooltip timer in CC Editor" daemon [_thread_blocked, id=13092, stack(0x000000002e600000,0x000000002e700000)]
  0x00000000213c5000 JavaThread "Collect project resource thread" daemon [_thread_blocked, id=8984, stack(0x0000000000a30000,0x0000000000b30000)]
  0x00000000213cc000 JavaThread "Batik CleanerThread" daemon [_thread_blocked, id=10892, stack(0x000000002e800000,0x000000002e900000)]
  0x00000000213c4800 JavaThread "Show host component tooltip timer" daemon [_thread_blocked, id=6328, stack(0x000000002e100000,0x000000002e200000)]
  0x00000000213c6800 JavaThread "OxygenSingletonChecker-Thread" [_thread_in_native, id=23008, stack(0x000000002e000000,0x000000002e100000)]
  0x00000000213c6000 JavaThread "pool-7-thread-4" [_thread_blocked, id=14400, stack(0x000000002f840000,0x000000002f940000)]
  0x00000000213cb000 JavaThread "pool-7-thread-3" [_thread_blocked, id=22184, stack(0x000000002f740000,0x000000002f840000)]
  0x00000000213ca800 JavaThread "pool-7-thread-2" [_thread_blocked, id=7864, stack(0x000000002f640000,0x000000002f740000)]
  0x00000000213c8000 JavaThread "pool-7-thread-1" [_thread_blocked, id=19804, stack(0x000000002e400000,0x000000002e500000)]
  0x00000000213c9000 JavaThread "AuthorExtensionBuilder" daemon [_thread_blocked, id=22104, stack(0x000000002e500000,0x000000002e600000)]
  0x000000002317f800 JavaThread "Brackets Highlighter" [_thread_blocked, id=20732, stack(0x000000002df00000,0x000000002e000000)]
  0x000000002317b800 JavaThread "Mark occurrences in current file" daemon [_thread_blocked, id=15116, stack(0x000000002dc00000,0x000000002dd00000)]
  0x000000002317b000 JavaThread "'Save backup info' timer" [_thread_blocked, id=3280, stack(0x000000002afb0000,0x000000002b0b0000)]
  0x0000000023179800 JavaThread "" [_thread_blocked, id=9440, stack(0x0000000029cb0000,0x0000000029db0000)]
  0x0000000023180000 JavaThread "DocumentTypeProviderTimer" daemon [_thread_blocked, id=15700, stack(0x0000000023ec0000,0x0000000023fc0000)]
  0x000000002317e800 JavaThread "DB Sessions Manager fire timer" daemon [_thread_blocked, id=3596, stack(0x0000000027210000,0x0000000027310000)]
  0x000000002317a000 JavaThread "AutomaticallyValidation" daemon [_thread_blocked, id=3972, stack(0x0000000026b10000,0x0000000027010000)]
  0x000000002317e000 JavaThread "Autosave" daemon [_thread_blocked, id=588, stack(0x0000000026a10000,0x0000000026b10000)]
  0x0000000021330000 JavaThread "TimerQueue" daemon [_thread_blocked, id=21692, stack(0x0000000026510000,0x0000000026610000)]
  0x000000001de76000 JavaThread "AutomaticallyValidation" daemon [_thread_blocked, id=14460, stack(0x0000000024cc0000,0x00000000251c0000)]
  0x000000001fdcd800 JavaThread "Autosave" daemon [_thread_blocked, id=13892, stack(0x00000000228d0000,0x00000000229d0000)]
  0x00000000210db800 JavaThread "AWT-EventQueue-0" [_thread_blocked, id=14792, stack(0x00000000240c0000,0x00000000241c0000)]
  0x0000000022c88000 JavaThread "AWT-Shutdown" [_thread_blocked, id=4024, stack(0x0000000023fc0000,0x00000000240c0000)]
=>0x000000001fe7c000 JavaThread "AWT-Windows" daemon [_thread_in_vm, id=14820, stack(0x0000000020500000,0x0000000020600000)]
  0x000000001fea2800 JavaThread "Java2D Disposer" daemon [_thread_blocked, id=22452, stack(0x0000000020300000,0x0000000020400000)]
  0x000000001dca7800 JavaThread "Service Thread" daemon [_thread_blocked, id=22556, stack(0x000000001f650000,0x000000001f750000)]
  0x000000001dc3e800 JavaThread "C1 CompilerThread3" daemon [_thread_blocked, id=14220, stack(0x000000001f550000,0x000000001f650000)]
  0x000000001dc19800 JavaThread "C2 CompilerThread2" daemon [_thread_blocked, id=5040, stack(0x000000001f450000,0x000000001f550000)]
  0x000000001dc0d000 JavaThread "C2 CompilerThread1" daemon [_thread_blocked, id=11432, stack(0x000000001f350000,0x000000001f450000)]
  0x000000001dc01800 JavaThread "C2 CompilerThread0" daemon [_thread_blocked, id=14872, stack(0x000000001f250000,0x000000001f350000)]
  0x000000001dc00000 JavaThread "Attach Listener" daemon [_thread_blocked, id=7332, stack(0x000000001f150000,0x000000001f250000)]
  0x000000001dc0a000 JavaThread "Signal Dispatcher" daemon [_thread_blocked, id=5072, stack(0x000000001f050000,0x000000001f150000)]
  0x000000001dbf3000 JavaThread "Finalizer" daemon [_thread_blocked, id=3936, stack(0x000000001ee50000,0x000000001ef50000)]
  0x000000001c51c800 JavaThread "Reference Handler" daemon [_thread_blocked, id=20188, stack(0x000000001ed50000,0x000000001ee50000)]
  0x0000000002a83800 JavaThread "main" [_thread_blocked, id=15940, stack(0x0000000000640000,0x0000000000740000)]

Other Threads:
  0x000000001c518000 VMThread [stack: 0x000000001ec50000,0x000000001ed50000] [id=14384]
  0x000000001dcac800 WatcherThread [stack: 0x000000001f750000,0x000000001f850000] [id=9112]

VM state:not at safepoint (normal execution)

VM Mutex/Monitor currently owned by a thread: None

heap address: 0x00000006c6000000, size: 4000 MB, Compressed Oops mode: Zero based, Oop shift amount: 3
Narrow klass base: 0x0000000000000000, Narrow klass shift: 3
Compressed class space size: 1073741824 Address: 0x00000007c0000000

Heap:
 PSYoungGen      total 956928K, used 220155K [0x000000076cb00000, 0x00000007ae200000, 0x00000007c0000000)
  eden space 917504K, 19% used [0x000000076cb00000,0x0000000777be5bd0,0x00000007a4b00000)
  from space 39424K, 98% used [0x00000007a6d00000,0x00000007a9319090,0x00000007a9380000)
  to   space 77312K, 0% used [0x00000007a9680000,0x00000007a9680000,0x00000007ae200000)
 ParOldGen       total 511488K, used 129304K [0x00000006c6000000, 0x00000006e5380000, 0x000000076cb00000)
  object space 511488K, 25% used [0x00000006c6000000,0x00000006cde46388,0x00000006e5380000)
 Metaspace       used 106229K, capacity 107260K, committed 108204K, reserved 1140736K
  class space    used 16248K, capacity 16487K, committed 16556K, reserved 1048576K

Card table byte_map: [0x0000000011f40000,0x0000000012720000] byte_map_base: 0x000000000e910000

Marking Bits: (ParMarkBitMap*) 0x0000000067ba5ce0
 Begin Bits: [0x0000000013660000, 0x00000000174e0000)
 End Bits:   [0x00000000174e0000, 0x000000001b360000)

Polling page: 0x0000000000f10000

CodeCache: size=245760Kb used=71512Kb max_used=71524Kb free=174247Kb
 bounds [0x0000000002b80000, 0x00000000071e0000, 0x0000000011b80000]
 total_blobs=19491 nmethods=18542 adapters=857
 compilation: enabled

Compilation events (10 events):
Event: 1283.276 Thread 0x000000001dc3e800 nmethod 24371 0x00000000071d9c10 code [0x00000000071d9d60, 0x00000000071d9e70]
Event: 1283.276 Thread 0x000000001dc3e800 24372       1       ro.sync.xml.g$_b::b (5 bytes)
Event: 1283.276 Thread 0x000000001dc0d000 nmethod 24369 0x00000000071d9210 code [0x00000000071d9380, 0x00000000071d96d8]
Event: 1283.276 Thread 0x000000001dc3e800 nmethod 24372 0x00000000071d8f50 code [0x00000000071d90a0, 0x00000000071d91b0]
Event: 1283.280 Thread 0x000000001dc19800 24373       4       java.lang.ProcessEnvironment$NameComparator::compare (90 bytes)
Event: 1283.281 Thread 0x000000001dc01800 24374       4       net.sf.saxon.pattern.NodeKindTest::getMatcher (35 bytes)
Event: 1283.281 Thread 0x000000001dc0d000 24375       4       net.sf.saxon.pattern.Pattern::matchesBeneathAnchor (7 bytes)
Event: 1283.282 Thread 0x000000001dc0d000 nmethod 24375 0x00000000071d8b10 code [0x00000000071d8c60, 0x00000000071d8db8]
Event: 1283.282 Thread 0x000000001dc01800 nmethod 24374 0x00000000071dd750 code [0x00000000071dd8a0, 0x00000000071dda38]
Event: 1283.283 Thread 0x000000001dc19800 nmethod 24373 0x00000000071dcc10 code [0x00000000071dcd80, 0x00000000071dd198]

GC Heap History (10 events):
Event: 1064.383 GC heap before
{Heap before GC invocations=17 (full 4):
 PSYoungGen      total 852480K, used 780684K [0x000000076cb00000, 0x00000007a6a00000, 0x00000007c0000000)
  eden space 762880K, 100% used [0x000000076cb00000,0x000000079b400000,0x000000079b400000)
  from space 89600K, 19% used [0x00000007a1280000,0x00000007a23e3218,0x00000007a6a00000)
  to   space 93184K, 0% used [0x000000079b400000,0x000000079b400000,0x00000007a0f00000)
 ParOldGen       total 511488K, used 129264K [0x00000006c6000000, 0x00000006e5380000, 0x000000076cb00000)
  object space 511488K, 25% used [0x00000006c6000000,0x00000006cde3c388,0x00000006e5380000)
 Metaspace       used 103189K, capacity 104212K, committed 105388K, reserved 1138688K
  class space    used 16178K, capacity 16431K, committed 16556K, reserved 1048576K
Event: 1064.398 GC heap after
Heap after GC invocations=17 (full 4):
 PSYoungGen      total 856064K, used 22553K [0x000000076cb00000, 0x00000007ae580000, 0x00000007c0000000)
  eden space 762880K, 0% used [0x000000076cb00000,0x000000076cb00000,0x000000079b400000)
  from space 93184K, 24% used [0x000000079b400000,0x000000079ca065c8,0x00000007a0f00000)
  to   space 90112K, 0% used [0x00000007a8d80000,0x00000007a8d80000,0x00000007ae580000)
 ParOldGen       total 511488K, used 129272K [0x00000006c6000000, 0x00000006e5380000, 0x000000076cb00000)
  object space 511488K, 25% used [0x00000006c6000000,0x00000006cde3e388,0x00000006e5380000)
 Metaspace       used 103189K, capacity 104212K, committed 105388K, reserved 1138688K
  class space    used 16178K, capacity 16431K, committed 16556K, reserved 1048576K
}
Event: 1121.791 GC heap before
{Heap before GC invocations=18 (full 4):
 PSYoungGen      total 856064K, used 785433K [0x000000076cb00000, 0x00000007ae580000, 0x00000007c0000000)
  eden space 762880K, 100% used [0x000000076cb00000,0x000000079b400000,0x000000079b400000)
  from space 93184K, 24% used [0x000000079b400000,0x000000079ca065c8,0x00000007a0f00000)
  to   space 90112K, 0% used [0x00000007a8d80000,0x00000007a8d80000,0x00000007ae580000)
 ParOldGen       total 511488K, used 129272K [0x00000006c6000000, 0x00000006e5380000, 0x000000076cb00000)
  object space 511488K, 25% used [0x00000006c6000000,0x00000006cde3e388,0x00000006e5380000)
 Metaspace       used 104341K, capacity 105374K, committed 106412K, reserved 1138688K
  class space    used 16228K, capacity 16470K, committed 16556K, reserved 1048576K
Event: 1121.807 GC heap after
Heap after GC invocations=18 (full 4):
 PSYoungGen      total 927232K, used 29344K [0x000000076cb00000, 0x00000007ac480000, 0x00000007c0000000)
  eden space 870912K, 0% used [0x000000076cb00000,0x000000076cb00000,0x00000007a1d80000)
  from space 56320K, 52% used [0x00000007a8d80000,0x00000007aaa28298,0x00000007ac480000)
  to   space 85504K, 0% used [0x00000007a1d80000,0x00000007a1d80000,0x00000007a7100000)
 ParOldGen       total 511488K, used 129280K [0x00000006c6000000, 0x00000006e5380000, 0x000000076cb00000)
  object space 511488K, 25% used [0x00000006c6000000,0x00000006cde40388,0x00000006e5380000)
 Metaspace       used 104341K, capacity 105374K, committed 106412K, reserved 1138688K
  class space    used 16228K, capacity 16470K, committed 16556K, reserved 1048576K
}
Event: 1167.692 GC heap before
{Heap before GC invocations=19 (full 4):
 PSYoungGen      total 927232K, used 900256K [0x000000076cb00000, 0x00000007ac480000, 0x00000007c0000000)
  eden space 870912K, 100% used [0x000000076cb00000,0x00000007a1d80000,0x00000007a1d80000)
  from space 56320K, 52% used [0x00000007a8d80000,0x00000007aaa28298,0x00000007ac480000)
  to   space 85504K, 0% used [0x00000007a1d80000,0x00000007a1d80000,0x00000007a7100000)
 ParOldGen       total 511488K, used 129280K [0x00000006c6000000, 0x00000006e5380000, 0x000000076cb00000)
  object space 511488K, 25% used [0x00000006c6000000,0x00000006cde40388,0x00000006e5380000)
 Metaspace       used 105240K, capacity 106212K, committed 107180K, reserved 1140736K
  class space    used 16245K, capacity 16483K, committed 16556K, reserved 1048576K
Event: 1167.722 GC heap after
Heap after GC invocations=19 (full 4):
 PSYoungGen      total 956416K, used 42241K [0x000000076cb00000, 0x00000007b2300000, 0x00000007c0000000)
  eden space 870912K, 0% used [0x000000076cb00000,0x000000076cb00000,0x00000007a1d80000)
  from space 85504K, 49% used [0x00000007a1d80000,0x00000007a46c0610,0x00000007a7100000)
  to   space 83456K, 0% used [0x00000007ad180000,0x00000007ad180000,0x00000007b2300000)
 ParOldGen       total 511488K, used 129288K [0x00000006c6000000, 0x00000006e5380000, 0x000000076cb00000)
  object space 511488K, 25% used [0x00000006c6000000,0x00000006cde42388,0x00000006e5380000)
 Metaspace       used 105240K, capacity 106212K, committed 107180K, reserved 1140736K
  class space    used 16245K, capacity 16483K, committed 16556K, reserved 1048576K
}
Event: 1224.111 GC heap before
{Heap before GC invocations=20 (full 4):
 PSYoungGen      total 956416K, used 913153K [0x000000076cb00000, 0x00000007b2300000, 0x00000007c0000000)
  eden space 870912K, 100% used [0x000000076cb00000,0x00000007a1d80000,0x00000007a1d80000)
  from space 85504K, 49% used [0x00000007a1d80000,0x00000007a46c0610,0x00000007a7100000)
  to   space 83456K, 0% used [0x00000007ad180000,0x00000007ad180000,0x00000007b2300000)
 ParOldGen       total 511488K, used 129288K [0x00000006c6000000, 0x00000006e5380000, 0x000000076cb00000)
  object space 511488K, 25% used [0x00000006c6000000,0x00000006cde42388,0x00000006e5380000)
 Metaspace       used 105844K, capacity 106864K, committed 107948K, reserved 1140736K
  class space    used 16246K, capacity 16485K, committed 16556K, reserved 1048576K
Event: 1224.143 GC heap after
Heap after GC invocations=20 (full 4):
 PSYoungGen      total 1011200K, used 41655K [0x000000076cb00000, 0x00000007b0b00000, 0x00000007c0000000)
  eden space 952320K, 0% used [0x000000076cb00000,0x000000076cb00000,0x00000007a6d00000)
  from space 58880K, 70% used [0x00000007ad180000,0x00000007afa2dca0,0x00000007b0b00000)
  to   space 80896K, 0% used [0x00000007a6d00000,0x00000007a6d00000,0x00000007abc00000)
 ParOldGen       total 511488K, used 129296K [0x00000006c6000000, 0x00000006e5380000, 0x000000076cb00000)
  object space 511488K, 25% used [0x00000006c6000000,0x00000006cde44388,0x00000006e5380000)
 Metaspace       used 105844K, capacity 106864K, committed 107948K, reserved 1140736K
  class space    used 16246K, capacity 16485K, committed 16556K, reserved 1048576K
}
Event: 1276.092 GC heap before
{Heap before GC invocations=21 (full 4):
 PSYoungGen      total 1011200K, used 993975K [0x000000076cb00000, 0x00000007b0b00000, 0x00000007c0000000)
  eden space 952320K, 100% used [0x000000076cb00000,0x00000007a6d00000,0x00000007a6d00000)
  from space 58880K, 70% used [0x00000007ad180000,0x00000007afa2dca0,0x00000007b0b00000)
  to   space 80896K, 0% used [0x00000007a6d00000,0x00000007a6d00000,0x00000007abc00000)
 ParOldGen       total 511488K, used 129296K [0x00000006c6000000, 0x00000006e5380000, 0x000000076cb00000)
  object space 511488K, 25% used [0x00000006c6000000,0x00000006cde44388,0x00000006e5380000)
 Metaspace       used 106179K, capacity 107196K, committed 108204K, reserved 1140736K
  class space    used 16248K, capacity 16487K, committed 16556K, reserved 1048576K
Event: 1276.121 GC heap after
Heap after GC invocations=21 (full 4):
 PSYoungGen      total 956928K, used 39012K [0x000000076cb00000, 0x00000007ae200000, 0x00000007c0000000)
  eden space 917504K, 0% used [0x000000076cb00000,0x000000076cb00000,0x00000007a4b00000)
  from space 39424K, 98% used [0x00000007a6d00000,0x00000007a9319090,0x00000007a9380000)
  to   space 77312K, 0% used [0x00000007a9680000,0x00000007a9680000,0x00000007ae200000)
 ParOldGen       total 511488K, used 129304K [0x00000006c6000000, 0x00000006e5380000, 0x000000076cb00000)
  object space 511488K, 25% used [0x00000006c6000000,0x00000006cde46388,0x00000006e5380000)
 Metaspace       used 106179K, capacity 107196K, committed 108204K, reserved 1140736K
  class space    used 16248K, capacity 16487K, committed 16556K, reserved 1048576K
}

Deoptimization events (10 events):
Event: 1276.363 Thread 0x00000000210db800 Uncommon trap: reason=class_check action=none pc=0x0000000002e63054 method=java.awt.Font.equals(Ljava/lang/Object;)Z @ 12
Event: 1276.363 Thread 0x00000000210db800 Uncommon trap: reason=class_check action=none pc=0x0000000002e63054 method=java.awt.Font.equals(Ljava/lang/Object;)Z @ 12
Event: 1276.364 Thread 0x00000000210db800 Uncommon trap: reason=class_check action=none pc=0x0000000002e63054 method=java.awt.Font.equals(Ljava/lang/Object;)Z @ 12
Event: 1276.364 Thread 0x00000000210db800 Uncommon trap: reason=class_check action=none pc=0x0000000002e63054 method=java.awt.Font.equals(Ljava/lang/Object;)Z @ 12
Event: 1276.365 Thread 0x00000000210db800 Uncommon trap: reason=class_check action=none pc=0x0000000002e63054 method=java.awt.Font.equals(Ljava/lang/Object;)Z @ 12
Event: 1277.041 Thread 0x00000000210db800 Uncommon trap: reason=class_check action=none pc=0x0000000002e63054 method=java.awt.Font.equals(Ljava/lang/Object;)Z @ 12
Event: 1277.041 Thread 0x00000000210db800 Uncommon trap: reason=class_check action=none pc=0x0000000002e63054 method=java.awt.Font.equals(Ljava/lang/Object;)Z @ 12
Event: 1277.041 Thread 0x00000000210db800 Uncommon trap: reason=class_check action=none pc=0x0000000002e63054 method=java.awt.Font.equals(Ljava/lang/Object;)Z @ 12
Event: 1281.543 Thread 0x00000000210db800 Uncommon trap: reason=class_check action=none pc=0x0000000002e63054 method=java.awt.Font.equals(Ljava/lang/Object;)Z @ 12
Event: 1283.283 Thread 0x000000001de76000 Uncommon trap: reason=null_check action=make_not_entrant pc=0x00000000071cc1d0 method=org.apache.xerces.xinclude.XIncludeHandler.reset(Lorg/apache/xerces/xni/parser/XMLComponentManager;)V @ 698

Classes redefined (0 events):
No events

Internal exceptions (10 events):
Event: 1277.041 Thread 0x00000000210db800 Exception <a 'java/lang/ClassCastException': java.awt.font.ShapeGraphicAttribute cannot be cast to java.awt.Font> (0x000000076ef0ea80) thrown at [C:\re\workspace\8-2-build-windows-amd64-cygwin\jdk8u202\12323\hotspot\src\share\vm\interpreter\interpreterRun
Event: 1277.041 Thread 0x00000000210db800 Exception <a 'java/lang/ClassCastException'> (0x000000076ef0f310) thrown at [C:\re\workspace\8-2-build-windows-amd64-cygwin\jdk8u202\12323\hotspot\src\share\vm\runtime\sharedRuntime.cpp, line 605]
Event: 1277.041 Thread 0x00000000210db800 Exception <a 'java/lang/ClassCastException'> (0x000000076ef17028) thrown at [C:\re\workspace\8-2-build-windows-amd64-cygwin\jdk8u202\12323\hotspot\src\share\vm\runtime\sharedRuntime.cpp, line 605]
Event: 1277.041 Thread 0x00000000210db800 Exception <a 'java/lang/ClassCastException': java.awt.font.ShapeGraphicAttribute cannot be cast to java.awt.Font> (0x000000076ef17d48) thrown at [C:\re\workspace\8-2-build-windows-amd64-cygwin\jdk8u202\12323\hotspot\src\share\vm\interpreter\interpreterRun
Event: 1277.041 Thread 0x00000000210db800 Exception <a 'java/lang/ClassCastException'> (0x000000076ef185d8) thrown at [C:\re\workspace\8-2-build-windows-amd64-cygwin\jdk8u202\12323\hotspot\src\share\vm\runtime\sharedRuntime.cpp, line 605]
Event: 1281.469 Thread 0x00000000210db800 Exception <a 'java/io/FileNotFoundException'> (0x000000076f2fbd28) thrown at [C:\re\workspace\8-2-build-windows-amd64-cygwin\jdk8u202\12323\hotspot\src\share\vm\prims\jni.cpp, line 710]
Event: 1281.543 Thread 0x00000000210db800 Exception <a 'java/lang/ClassCastException'> (0x0000000772517ad8) thrown at [C:\re\workspace\8-2-build-windows-amd64-cygwin\jdk8u202\12323\hotspot\src\share\vm\runtime\sharedRuntime.cpp, line 605]
Event: 1281.543 Thread 0x00000000210db800 Exception <a 'java/lang/ClassCastException': java.awt.font.ShapeGraphicAttribute cannot be cast to java.awt.Font> (0x00000007725187f8) thrown at [C:\re\workspace\8-2-build-windows-amd64-cygwin\jdk8u202\12323\hotspot\src\share\vm\interpreter\interpreterRun
Event: 1281.543 Thread 0x00000000210db800 Exception <a 'java/lang/ClassCastException'> (0x0000000772519088) thrown at [C:\re\workspace\8-2-build-windows-amd64-cygwin\jdk8u202\12323\hotspot\src\share\vm\runtime\sharedRuntime.cpp, line 605]
Event: 1283.283 Thread 0x000000001de76000 Implicit null exception at 0x00000000071cb6c3 to 0x00000000071cc1c5

Events (10 events):
Event: 1283.275 Thread 0x0000000028661000 Thread exited: 0x0000000028661000
Event: 1283.276 Thread 0x000000002865c800 Thread added: 0x000000002865c800
Event: 1283.277 Thread 0x000000002865c800 Thread exited: 0x000000002865c800
Event: 1283.279 Thread 0x0000000028660000 Thread added: 0x0000000028660000
Event: 1283.280 Thread 0x0000000028660000 Thread exited: 0x0000000028660000
Event: 1283.282 Thread 0x000000002865c800 Thread added: 0x000000002865c800
Event: 1283.283 Thread 0x000000001de76000 Uncommon trap: trap_request=0xfffffff4 fr.pc=0x00000000071cc1d0
Event: 1283.283 Thread 0x000000001de76000 DEOPT PACKING pc=0x00000000071cc1d0 sp=0x00000000251be2c0
Event: 1283.283 Thread 0x000000001de76000 DEOPT UNPACKING pc=0x0000000002bc583b sp=0x00000000251be298 mode 2
Event: 1283.284 Thread 0x000000002865c800 Thread exited: 0x000000002865c800


Dynamic libraries:
0x00007ff7b1af0000 - 0x00007ff7b1b9f000 	C:\Program Files\Oxygen XML Author 21\oxygenAuthor21.1.exe
0x00007ffae7980000 - 0x00007ffae7b70000 	C:\WINDOWS\SYSTEM32\ntdll.dll
0x00007ffae6a50000 - 0x00007ffae6b02000 	C:\WINDOWS\System32\KERNEL32.DLL
0x00007ffae5330000 - 0x00007ffae55d3000 	C:\WINDOWS\System32\KERNELBASE.dll
0x000000006a140000 - 0x000000006a1d5000 	C:\WINDOWS\System32\SYSFER.DLL
0x00007ffae64c0000 - 0x00007ffae6563000 	C:\WINDOWS\System32\ADVAPI32.dll
0x00007ffae6b10000 - 0x00007ffae6bae000 	C:\WINDOWS\System32\msvcrt.dll
0x00007ffae7630000 - 0x00007ffae76c7000 	C:\WINDOWS\System32\sechost.dll
0x00007ffae6570000 - 0x00007ffae6690000 	C:\WINDOWS\System32\RPCRT4.dll
0x00007ffabebb0000 - 0x00007ffabedd6000 	C:\WINDOWS\system32\ctiuser.dll
0x00007ffae6690000 - 0x00007ffae6824000 	C:\WINDOWS\System32\USER32.dll
0x00007ffae4a60000 - 0x00007ffae4a81000 	C:\WINDOWS\System32\win32u.dll
0x00007ffae6d10000 - 0x00007ffae6d36000 	C:\WINDOWS\System32\GDI32.dll
0x00007ffae5830000 - 0x00007ffae59c4000 	C:\WINDOWS\System32\gdi32full.dll
0x00007ffae4910000 - 0x00007ffae49ae000 	C:\WINDOWS\System32\msvcp_win.dll
0x00007ffae55e0000 - 0x00007ffae56da000 	C:\WINDOWS\System32\ucrtbase.dll
0x00007ffae6bb0000 - 0x00007ffae6d06000 	C:\WINDOWS\System32\ole32.dll
0x00007ffae5d10000 - 0x00007ffae6046000 	C:\WINDOWS\System32\combase.dll
0x00007ffae5280000 - 0x00007ffae5300000 	C:\WINDOWS\System32\bcryptPrimitives.dll
0x00007ffae76d0000 - 0x00007ffae76d8000 	C:\WINDOWS\System32\PSAPI.DLL
0x00007ffada4a0000 - 0x00007ffada4aa000 	C:\WINDOWS\SYSTEM32\FLTLIB.DLL
0x00007ffae7890000 - 0x00007ffae78be000 	C:\WINDOWS\System32\IMM32.DLL
0x0000000068000000 - 0x000000006805e000 	C:\WINDOWS\System32\QIPCAP64.dll
0x00007ffae6e70000 - 0x00007ffae7555000 	C:\WINDOWS\System32\SHELL32.dll
0x00007ffae5210000 - 0x00007ffae525a000 	C:\WINDOWS\System32\cfgmgr32.dll
0x00007ffae68c0000 - 0x00007ffae6969000 	C:\WINDOWS\System32\shcore.dll
0x00007ffae4a90000 - 0x00007ffae520f000 	C:\WINDOWS\System32\windows.storage.dll
0x00007ffae48f0000 - 0x00007ffae490f000 	C:\WINDOWS\System32\profapi.dll
0x00007ffae4860000 - 0x00007ffae48aa000 	C:\WINDOWS\System32\powrprof.dll
0x00007ffae4850000 - 0x00007ffae4860000 	C:\WINDOWS\System32\UMPDC.dll
0x00007ffae5c00000 - 0x00007ffae5c52000 	C:\WINDOWS\System32\shlwapi.dll
0x00007ffae48d0000 - 0x00007ffae48e1000 	C:\WINDOWS\System32\kernel.appcore.dll
0x00007ffae5260000 - 0x00007ffae5277000 	C:\WINDOWS\System32\cryptsp.dll
0x00007ffae3e20000 - 0x00007ffae3eea000 	C:\WINDOWS\SYSTEM32\DNSAPI.dll
0x00007ffae75c0000 - 0x00007ffae762f000 	C:\WINDOWS\System32\WS2_32.dll
0x00007ffae6830000 - 0x00007ffae6838000 	C:\WINDOWS\System32\NSI.dll
0x00007ffae3dd0000 - 0x00007ffae3e0a000 	C:\WINDOWS\SYSTEM32\IPHLPAPI.DLL
0x00007ffad24d0000 - 0x00007ffad2755000 	C:\WINDOWS\WinSxS\amd64_microsoft.windows.common-controls_6595b64144ccf1df_6.0.18362.592_none_e6c0b1911312be02\comctl32.dll
0x0000000067380000 - 0x0000000067c25000 	c:\program files\oxygen xml author 21\jre\bin\server\jvm.dll
0x00007ffad33a0000 - 0x00007ffad33a9000 	C:\WINDOWS\SYSTEM32\WSOCK32.dll
0x00007ffad5b20000 - 0x00007ffad5b44000 	C:\WINDOWS\SYSTEM32\WINMM.dll
0x00007ffade680000 - 0x00007ffade68a000 	C:\WINDOWS\SYSTEM32\VERSION.dll
0x0000000067d50000 - 0x0000000067e22000 	C:\WINDOWS\SYSTEM32\MSVCR100.dll
0x00007ffad6b80000 - 0x00007ffad6bad000 	C:\WINDOWS\SYSTEM32\WINMMBASE.dll
0x00007ffade910000 - 0x00007ffade91f000 	c:\program files\oxygen xml author 21\jre\bin\verify.dll
0x00007ffadc330000 - 0x00007ffadc359000 	c:\program files\oxygen xml author 21\jre\bin\java.dll
0x00007ffadde10000 - 0x00007ffadde26000 	c:\program files\oxygen xml author 21\jre\bin\zip.dll
0x0000000180000000 - 0x0000000180032000 	C:\Program Files\Oxygen XML Author 21\.install4j\i4jinst.dll
0x000000001f850000 - 0x000000001f914000 	C:\WINDOWS\System32\OLEAUT32.dll
0x00007ffadde90000 - 0x00007ffadde9d000 	C:\Program Files\Oxygen XML Author 21\jre\bin\management.dll
0x00007ffadc300000 - 0x00007ffadc326000 	C:\Program Files\Oxygen XML Author 21\jre\bin\JavaAccessBridge-64.dll
0x00007ffac7460000 - 0x00007ffac75f9000 	C:\Program Files\Oxygen XML Author 21\jre\bin\awt.dll
0x00007ffae2010000 - 0x00007ffae209f000 	C:\WINDOWS\SYSTEM32\apphelp.dll
0x00007ffae2ac0000 - 0x00007ffae2b59000 	C:\WINDOWS\system32\uxtheme.dll
0x00007ffae76e0000 - 0x00007ffae7815000 	C:\WINDOWS\System32\MSCTF.dll
0x00007ffae2d40000 - 0x00007ffae2d6d000 	C:\WINDOWS\system32\DWMAPI.DLL
0x00007ffab2e20000 - 0x00007ffab2f76000 	C:\WINDOWS\system32\opengl32.dll
0x00007ffab2db0000 - 0x00007ffab2ddc000 	C:\WINDOWS\SYSTEM32\GLU32.dll
0x00007ffae34c0000 - 0x00007ffae34e0000 	C:\WINDOWS\SYSTEM32\dxcore.dll
0x00007ffae3c30000 - 0x00007ffae3c63000 	C:\WINDOWS\system32\rsaenh.dll
0x0000000020700000 - 0x0000000020726000 	C:\WINDOWS\System32\bcrypt.dll
0x00007ffae4770000 - 0x00007ffae4795000 	C:\WINDOWS\SYSTEM32\USERENV.dll
0x00007ffae4290000 - 0x00007ffae429c000 	C:\WINDOWS\SYSTEM32\CRYPTBASE.dll
0x00007ffadc2e0000 - 0x00007ffadc2fa000 	C:\Program Files\Oxygen XML Author 21\jre\bin\net.dll
0x00007ffad5870000 - 0x00007ffad5a46000 	C:\WINDOWS\SYSTEM32\urlmon.dll
0x00007ffad9bf0000 - 0x00007ffad9e96000 	C:\WINDOWS\SYSTEM32\iertutil.dll
0x00007ffae40c0000 - 0x00007ffae4127000 	C:\WINDOWS\system32\mswsock.dll
0x00007ffadf940000 - 0x00007ffadf956000 	C:\WINDOWS\SYSTEM32\dhcpcsvc6.DLL
0x00007ffadf280000 - 0x00007ffadf29c000 	C:\WINDOWS\SYSTEM32\dhcpcsvc.DLL
0x00007ffadc2c0000 - 0x00007ffadc2d2000 	C:\Program Files\Oxygen XML Author 21\jre\bin\nio.dll
0x0000000020400000 - 0x0000000020438000 	C:\Program Files\Oxygen XML Author 21\lib\com\sun\jna\win32-x86-64\jnidispatch.dll
0x00007ffad9140000 - 0x00007ffad9187000 	C:\Program Files\Oxygen XML Author 21\jre\bin\fontmanager.dll
0x00007ffac7330000 - 0x00007ffac73ce000 	C:\WINDOWS\System32\TextInputFramework.dll
0x00007ffac8610000 - 0x00007ffac893a000 	C:\WINDOWS\System32\CoreUIComponents.dll
0x00007ffae1f00000 - 0x00007ffae1fd4000 	C:\WINDOWS\System32\CoreMessaging.dll
0x00007ffae3880000 - 0x00007ffae38b1000 	C:\WINDOWS\SYSTEM32\ntmarta.dll
0x00007ffadef30000 - 0x00007ffadf083000 	C:\WINDOWS\SYSTEM32\wintypes.dll
0x00007ffad9110000 - 0x00007ffad913a000 	C:\Program Files\Oxygen XML Author 21\jre\bin\dcpr.dll
0x00007ffad90c0000 - 0x00007ffad9102000 	C:\Program Files\Oxygen XML Author 21\jre\bin\t2k.dll
0x000000001f990000 - 0x000000001f9a7000 	C:\Program Files\Oxygen XML Author 21\lib\WindowsNativeHelper64.dll
0x00007ffae6d40000 - 0x00007ffae6e10000 	C:\WINDOWS\System32\comdlg32.dll
0x00007ffad7790000 - 0x00007ffad7839000 	C:\WINDOWS\WinSxS\amd64_microsoft.windows.common-controls_6595b64144ccf1df_5.82.18362.592_none_2a2c5e32466583af\comctl32.dll
0x00007fface5a0000 - 0x00007fface5b6000 	C:\WINDOWS\system32\napinsp.dll
0x00007fface580000 - 0x00007fface59a000 	C:\WINDOWS\system32\pnrpnsp.dll
0x00007fface570000 - 0x00007fface57e000 	C:\WINDOWS\System32\winrnr.dll
0x00007ffae2500000 - 0x00007ffae251c000 	C:\WINDOWS\system32\NLAapi.dll
0x00007fface550000 - 0x00007fface565000 	C:\WINDOWS\system32\wshbth.dll
0x00007ffadf6d0000 - 0x00007ffadf747000 	C:\WINDOWS\System32\fwpuclnt.dll
0x00007ffadd410000 - 0x00007ffadd41a000 	C:\Windows\System32\rasadhlp.dll
0x0000000025430000 - 0x00000000254a8000 	\\?\C:\PROGRA~1\OXYGEN~1\lib\hunspell\HUNSPE~2.DLL
0x00007ffae5c60000 - 0x00007ffae5d02000 	C:\WINDOWS\System32\clbcatq.dll
0x00007ffac8150000 - 0x00007ffac82ff000 	C:\WINDOWS\SYSTEM32\WindowsCodecs.dll
0x00007ffab2c10000 - 0x00007ffab2c4a000 	C:\WINDOWS\system32\dataexchange.dll
0x00007ffae1420000 - 0x00007ffae167b000 	C:\WINDOWS\system32\d3d11.dll
0x00007ffae19f0000 - 0x00007ffae1bcb000 	C:\WINDOWS\system32\dcomp.dll
0x00007ffae3550000 - 0x00007ffae363b000 	C:\WINDOWS\system32\dxgi.dll
0x00007ffae27a0000 - 0x00007ffae29fa000 	C:\WINDOWS\system32\twinapi.appcore.dll
0x00007ffae2e20000 - 0x00007ffae2e49000 	C:\WINDOWS\system32\RMCLIENT.dll
0x00007ffae3190000 - 0x00007ffae3384000 	C:\WINDOWS\SYSTEM32\dbghelp.dll
0x00007ffad6030000 - 0x00007ffad605a000 	C:\WINDOWS\SYSTEM32\dbgcore.DLL

VM Arguments:
jvm_args: -Dexe4j.semaphoreName=Local\c:_program_files_oxygen_xml_author_21_oxygenauthor21.1.exe -Dexe4j.isInstall4j=true -Dexe4j.moduleName=C:\Program Files\Oxygen XML Author 21\oxygenAuthor21.1.exe -Dexe4j.tempDir= -Dexe4j.unextractedPosition=0 -Djava.library.path=c:\program files\oxygen xml author 21\jre\bin;C:\Program Files\Oxygen XML Author 21\.\jre\bin;C:\Program Files (x86)\Common Files\Oracle\Java\javapath;C:\WINDOWS\system32;C:\WINDOWS;C:\WINDOWS\System32\Wbem;C:\WINDOWS\System32\WindowsPowerShell\v1.0\;C:\WINDOWS\System32\OpenSSH\;C:\Program Files\Git\cmd;C:\Program Files (x86)\HCL\SafeLinx Client\;C:\Program Files\Intel\WiFi\bin\;C:\Program Files\Common Files\Intel\WirelessCommon\;C:\Program Files (x86)\ooRexx;C:\DITATools\IDWB\bin;C:\Program Files\Amazon\AWSCLI\bin\;C:\Users\rebecca.nethala\dita-otv-0.1.7\dita-ot\bin;C:\Users\rebecca.nethala\AppData\Local\GitHubDesktop\bin;C:\Users\rebecca.nethala\AppData\Local\Programs\Microsoft VS Code\bin -Dexe4j.consoleCodepage=cp0 -Dcom.oxygenxml.app.descriptor=ro.sync.exml.AuthorFrameDescriptor -XX:-OmitStackTraceInFastThrow -XX:SoftRefLRUPolicyMSPerMB=10 -Dsun.java2d.noddraw=true -Dsun.awt.nopixfmt=true -Dsun.java2d.dpiaware=true -Djava.net.preferIPv4Stack=true -Dsun.awt.keepWorkingSetOnMinimize=true -Dinstall4j.launcherId=19 -Dinstall4j.swt=false -Xmx4000m -Dcom.oxygenxml.language=English -XX:+UseParallelGC -XX:ErrorFile=C:\Users\REBECC~1.NET\AppData\Local\Temp\/oxy_jvm_crash.log -XX:OnError="C:\Program Files\Oxygen XML Author 21/rp.exe" 
java_command: C:\Program Files\Oxygen XML Author 21\oxygenAuthor21.1.exe
java_class_path (initial): C:\Program Files\Oxygen XML Author 21\.install4j\i4jruntime.jar;C:\Program Files\Oxygen XML Author 21\.\lib\oxygenAuthor.jar;C:\Program Files\Oxygen XML Author 21\.\lib\oxygen-basic-utilities.jar
Launcher Type: generic

Environment Variables:
PATH=c:\program files\oxygen xml author 21\jre\bin;C:\Program Files\Oxygen XML Author 21\.\jre\bin;C:\Program Files (x86)\Common Files\Oracle\Java\javapath;C:\WINDOWS\system32;C:\WINDOWS;C:\WINDOWS\System32\Wbem;C:\WINDOWS\System32\WindowsPowerShell\v1.0\;C:\WINDOWS\System32\OpenSSH\;C:\Program Files\Git\cmd;C:\Program Files (x86)\HCL\SafeLinx Client\;C:\Program Files\Intel\WiFi\bin\;C:\Program Files\Common Files\Intel\WirelessCommon\;C:\Program Files (x86)\ooRexx;C:\DITATools\IDWB\bin;C:\Program Files\Amazon\AWSCLI\bin\;C:\Users\rebecca.nethala\dita-otv-0.1.7\dita-ot\bin;C:\Users\rebecca.nethala\AppData\Local\GitHubDesktop\bin;C:\Users\rebecca.nethala\AppData\Local\Programs\Microsoft VS Code\bin
USERNAME=rebecca.nethala
OS=Windows_NT
PROCESSOR_IDENTIFIER=Intel64 Family 6 Model 158 Stepping 10, GenuineIntel



---------------  S Y S T E M  ---------------

OS: Windows 10.0 , 64 bit Build 18362 (10.0.18362.329)

CPU:total 12 (initial active 12) (6 cores per cpu, 2 threads per core) family 6 model 158 stepping 10, cmov, cx8, fxsr, mmx, sse, sse2, sse3, ssse3, sse4.1, sse4.2, popcnt, avx, avx2, aes, clmul, erms, 3dnowpref, lzcnt, ht, tsc, tscinvbit, bmi1, bmi2, adx

Memory: 4k page, physical 33282592k(20725248k free), swap 66837024k(51840168k free)

vm_info: Java HotSpot(TM) 64-Bit Server VM (25.202-b08) for windows-amd64 JRE (1.8.0_202-b08), built on Dec 15 2018 19:54:30 by "java_re" with MS VC++ 10.0 (VS2010)

time: Tue Mar 23 15:58:33 2021
timezone: India Standard Time
elapsed time: 1308 seconds (0d 0h 21m 48s)

