#
# A fatal error has been detected by the Java Runtime Environment:
#
#  EXCEPTION_ACCESS_VIOLATION (0xc0000005) at pc=0x000000006209fead, pid=500, tid=0x0000000000005738
#
# JRE version: Java(TM) SE Runtime Environment (8.0_202-b08) (build 1.8.0_202-b08)
# Java VM: Java HotSpot(TM) 64-Bit Server VM (25.202-b08 mixed mode windows-amd64 compressed oops)
# Problematic frame:
# V  [jvm.dll+0x14fead]
#
# Failed to write core dump. Minidumps are not enabled by default on client versions of Windows
#
# If you would like to submit a bug report, please visit:
#   http://bugreport.java.com/bugreport/crash.jsp
#

---------------  T H R E A D  ---------------

Current thread (0x000000001ff4d000):  JavaThread "AWT-Windows" daemon [_thread_in_vm, id=22328, stack(0x00000000204e0000,0x00000000205e0000)]

siginfo: ExceptionCode=0xc0000005, reading address 0x0000000000000000

Registers:
RAX=0x0000000000000000, RBX=0x000000001ff4d000, RCX=0x0000000000000d00, RDX=0x000000001dd504c0
RSP=0x00000000205dea30, RBP=0x00000000205deb28, RSI=0x0000000000000000, RDI=0x000000001ff4d1f8
R8 =0x0000000000000000, R9 =0x00000000205deb28, R10=0x00000000012bf660, R11=0x0000000000000000
R12=0x000000001dd504c0, R13=0x0000000000000308, R14=0x0000000000040a12, R15=0x0000000000000000
RIP=0x000000006209fead, EFLAGS=0x0000000000010246

Top of Stack: (sp=0x00000000205dea30)
0x00000000205dea30:   00000000205dec78 0000000000000308
0x00000000205dea40:   0000000000000001 00007ffceb4dd39d
0x00000000205dea50:   00000000205dec78 ffffffff00000000
0x00000000205dea60:   0000000000000000 fffffffffffffffe
0x00000000205dea70:   0000000000000001 00007ffceb4de279
0x00000000205dea80:   000000001ff4d000 0000000000000000
0x00000000205dea90:   0000000000000000 0000000000000001
0x00000000205deaa0:   fffffffffffffffe 000000006209731f
0x00000000205deab0:   00000000205dec58 00007ffd139336ca
0x00000000205deac0:   0000000000680000 0000000000030000
0x00000000205dead0:   0000000000000000 00007ffceb479e28
0x00000000205deae0:   0000000000000000 0000000000000000
0x00000000205deaf0:   0000000000000000 0000000000000000
0x00000000205deb00:   000000001ff4d1f8 00007ffceb499d37
0x00000000205deb10:   0000000000000000 0000000000000000
0x00000000205deb20:   0000000000000000 0000000000000000 

Instructions: (pc=0x000000006209fead)
0x000000006209fe8d:   00 48 83 7b 08 00 48 89 5c 24 50 48 c7 44 24 58
0x000000006209fe9d:   00 00 00 00 74 0a 48 8d 4c 24 50 e8 03 ef 12 00
0x000000006209fead:   48 8b 06 c7 44 24 40 0e 00 00 00 48 8d 4c 24 70
0x000000006209febd:   48 8b 50 08 0f b7 42 24 48 8b 52 08 48 8b 54 c2 


Register to memory mapping:

RAX=0x0000000000000000 is an unknown value
RBX=0x000000001ff4d000 is a thread
RCX=0x0000000000000d00 is an unknown value
RDX=0x000000001dd504c0 is a global jni handle
RSP=0x00000000205dea30 is pointing into the stack for thread: 0x000000001ff4d000
RBP=0x00000000205deb28 is pointing into the stack for thread: 0x000000001ff4d000
RSI=0x0000000000000000 is an unknown value
RDI=0x000000001ff4d1f8 is an unknown value
R8 =0x0000000000000000 is an unknown value
R9 =0x00000000205deb28 is pointing into the stack for thread: 0x000000001ff4d000
R10=0x00000000012bf660 is an unknown value
R11=0x0000000000000000 is an unknown value
R12=0x000000001dd504c0 is a global jni handle
R13=0x0000000000000308 is an unknown value
R14=0x0000000000040a12 is an unknown value
R15=0x0000000000000000 is an unknown value


Stack: [0x00000000204e0000,0x00000000205e0000],  sp=0x00000000205dea30,  free space=1018k
Native frames: (J=compiled Java code, j=interpreted, Vv=VM code, C=native code)
V  [jvm.dll+0x14fead]
C  [awt.dll+0x69e28]
C  [awt.dll+0x89d37]
C  [awt.dll+0xcda3c]
C  [USER32.dll+0x15b6d]
C  [USER32.dll+0x15562]
C  [awt.dll+0xcd32c]
C  [awt.dll+0xcd5db]
C  0x0000000002bd8c67

Java frames: (J=compiled Java code, j=interpreted, Vv=VM code)
j  sun.awt.windows.WToolkit.eventLoop()V+0
j  sun.awt.windows.WToolkit.run()V+58
j  java.lang.Thread.run()V+11
v  ~StubRoutines::call_stub

---------------  P R O C E S S  ---------------

Java Threads: ( => current thread )
  0x000000002b872000 JavaThread "Swing-Shell" daemon [_thread_blocked, id=12936, stack(0x0000000033350000,0x0000000033450000)]
  0x000000002b86f800 JavaThread "Opened editors lock manager" [_thread_blocked, id=26856, stack(0x00000000307e0000,0x00000000308e0000)]
  0x000000002b867800 JavaThread "Collect project resource thread" daemon [_thread_blocked, id=5576, stack(0x0000000032ad0000,0x0000000032bd0000)]
  0x000000002b869800 JavaThread "Detect hyperlinks at caret" daemon [_thread_blocked, id=17536, stack(0x00000000329d0000,0x0000000032ad0000)]
  0x000000002b865000 JavaThread "Tooltip timer in CC Editor" daemon [_thread_blocked, id=26668, stack(0x00000000328d0000,0x00000000329d0000)]
  0x000000002b866800 JavaThread "Show host component tooltip timer" daemon [_thread_blocked, id=20600, stack(0x0000000000a50000,0x0000000000b50000)]
  0x00000000214d8000 JavaThread "OxygenSingletonChecker-Thread" [_thread_in_native, id=8780, stack(0x00000000327d0000,0x00000000328d0000)]
  0x00000000214da800 JavaThread "pool-10-thread-4" [_thread_blocked, id=10444, stack(0x00000000326d0000,0x00000000327d0000)]
  0x00000000214d9800 JavaThread "pool-10-thread-3" [_thread_blocked, id=19376, stack(0x00000000325d0000,0x00000000326d0000)]
  0x00000000214d7800 JavaThread "pool-10-thread-2" [_thread_blocked, id=7692, stack(0x00000000323d0000,0x00000000324d0000)]
  0x00000000214d9000 JavaThread "pool-10-thread-1" [_thread_blocked, id=9848, stack(0x00000000322d0000,0x00000000323d0000)]
  0x00000000214d0000 JavaThread "pool-9-thread-4" [_thread_blocked, id=24544, stack(0x00000000321d0000,0x00000000322d0000)]
  0x00000000214cf000 JavaThread "pool-9-thread-3" [_thread_blocked, id=23664, stack(0x00000000320d0000,0x00000000321d0000)]
  0x00000000214d1800 JavaThread "pool-9-thread-2" [_thread_blocked, id=23312, stack(0x00000000306e0000,0x00000000307e0000)]
  0x00000000214d6000 JavaThread "pool-9-thread-1" [_thread_blocked, id=20364, stack(0x000000002ecf0000,0x000000002edf0000)]
  0x00000000214d3000 JavaThread "AuthorExtensionBuilder" daemon [_thread_blocked, id=13436, stack(0x000000002f080000,0x000000002f180000)]
  0x00000000214cc000 JavaThread "Brackets Highlighter" [_thread_blocked, id=25504, stack(0x000000002e6f0000,0x000000002e7f0000)]
  0x00000000214ce800 JavaThread "Mark occurrences in current file" daemon [_thread_blocked, id=10868, stack(0x000000002d2a0000,0x000000002d3a0000)]
  0x0000000023514800 JavaThread "'Save backup info' timer" [_thread_blocked, id=16052, stack(0x000000002cfa0000,0x000000002d0a0000)]
  0x0000000023513800 JavaThread "pool-7-thread-4" [_thread_blocked, id=1376, stack(0x000000002cc80000,0x000000002cd80000)]
  0x0000000023510000 JavaThread "pool-7-thread-3" [_thread_blocked, id=13988, stack(0x000000002cb80000,0x000000002cc80000)]
  0x0000000023512000 JavaThread "pool-7-thread-2" [_thread_blocked, id=14304, stack(0x000000002c190000,0x000000002c290000)]
  0x0000000023511800 JavaThread "pool-7-thread-1" [_thread_blocked, id=22164, stack(0x000000002b020000,0x000000002b120000)]
  0x0000000023513000 JavaThread "" [_thread_blocked, id=25228, stack(0x0000000029d00000,0x0000000029e00000)]
  0x0000000023515000 JavaThread "DocumentTypeProviderTimer" daemon [_thread_blocked, id=24800, stack(0x0000000021df0000,0x0000000021ef0000)]
  0x0000000023516000 JavaThread "DB Sessions Manager fire timer" daemon [_thread_blocked, id=2472, stack(0x0000000025650000,0x0000000025750000)]
  0x0000000023516800 JavaThread "AutomaticallyValidation" daemon [_thread_blocked, id=23248, stack(0x0000000027c30000,0x0000000028130000)]
  0x0000000023510800 JavaThread "Autosave" daemon [_thread_blocked, id=26736, stack(0x00000000252b0000,0x00000000253b0000)]
  0x00000000231ca800 JavaThread "TimerQueue" daemon [_thread_blocked, id=27040, stack(0x0000000022a90000,0x0000000022b90000)]
  0x000000001fe55000 JavaThread "AutomaticallyValidation" daemon [_thread_blocked, id=17388, stack(0x0000000024db0000,0x00000000252b0000)]
  0x000000001de3c800 JavaThread "Autosave" daemon [_thread_blocked, id=26848, stack(0x0000000024cb0000,0x0000000024db0000)]
  0x0000000021525800 JavaThread "AWT-EventQueue-0" [_thread_blocked, id=27108, stack(0x00000000240b0000,0x00000000241b0000)]
  0x0000000021087800 JavaThread "AWT-Shutdown" [_thread_blocked, id=27204, stack(0x0000000023fb0000,0x00000000240b0000)]
=>0x000000001ff4d000 JavaThread "AWT-Windows" daemon [_thread_in_vm, id=22328, stack(0x00000000204e0000,0x00000000205e0000)]
  0x000000001ff49800 JavaThread "Java2D Disposer" daemon [_thread_blocked, id=7756, stack(0x000000001f960000,0x000000001fa60000)]
  0x000000001dd28000 JavaThread "Service Thread" daemon [_thread_blocked, id=25668, stack(0x000000001f6f0000,0x000000001f7f0000)]
  0x000000001dcc9000 JavaThread "C1 CompilerThread3" daemon [_thread_blocked, id=25848, stack(0x000000001f5f0000,0x000000001f6f0000)]
  0x000000001dca4000 JavaThread "C2 CompilerThread2" daemon [_thread_blocked, id=13468, stack(0x000000001f4f0000,0x000000001f5f0000)]
  0x000000001dc9f800 JavaThread "C2 CompilerThread1" daemon [_thread_blocked, id=25048, stack(0x000000001f3f0000,0x000000001f4f0000)]
  0x000000001dc94800 JavaThread "C2 CompilerThread0" daemon [_thread_blocked, id=27308, stack(0x000000001f2f0000,0x000000001f3f0000)]
  0x000000001dc90000 JavaThread "Attach Listener" daemon [_thread_blocked, id=15104, stack(0x000000001f1f0000,0x000000001f2f0000)]
  0x000000001dc8f000 JavaThread "Signal Dispatcher" daemon [_thread_blocked, id=27004, stack(0x000000001f0f0000,0x000000001f1f0000)]
  0x000000001dc83000 JavaThread "Finalizer" daemon [_thread_blocked, id=26400, stack(0x000000001eef0000,0x000000001eff0000)]
  0x0000000002bbc800 JavaThread "Reference Handler" daemon [_thread_blocked, id=21836, stack(0x000000001edf0000,0x000000001eef0000)]
  0x0000000002ac3800 JavaThread "main" [_thread_blocked, id=16700, stack(0x00000000004d0000,0x00000000005d0000)]

Other Threads:
  0x000000001c5a8000 VMThread [stack: 0x000000001ecf0000,0x000000001edf0000] [id=26280]
  0x000000001dd4c000 WatcherThread [stack: 0x000000001f7f0000,0x000000001f8f0000] [id=16784]

VM state:not at safepoint (normal execution)

VM Mutex/Monitor currently owned by a thread: None

heap address: 0x00000006c6000000, size: 4000 MB, Compressed Oops mode: Zero based, Oop shift amount: 3
Narrow klass base: 0x0000000000000000, Narrow klass shift: 3
Compressed class space size: 1073741824 Address: 0x00000007c0000000

Heap:
 PSYoungGen      total 478720K, used 274507K [0x000000076cb00000, 0x0000000796480000, 0x00000007c0000000)
  eden space 385536K, 57% used [0x000000076cb00000,0x000000077a43dad0,0x0000000784380000)
  from space 93184K, 55% used [0x0000000790980000,0x0000000793c553f8,0x0000000796480000)
  to   space 147968K, 0% used [0x0000000784380000,0x0000000784380000,0x000000078d400000)
 ParOldGen       total 1107968K, used 175391K [0x00000006c6000000, 0x0000000709a00000, 0x000000076cb00000)
  object space 1107968K, 15% used [0x00000006c6000000,0x00000006d0b47c40,0x0000000709a00000)
 Metaspace       used 101455K, capacity 102460K, committed 103168K, reserved 1136640K
  class space    used 15850K, capacity 16109K, committed 16128K, reserved 1048576K

Card table byte_map: [0x0000000011f80000,0x0000000012760000] byte_map_base: 0x000000000e950000

Marking Bits: (ParMarkBitMap*) 0x0000000062775ce0
 Begin Bits: [0x00000000136a0000, 0x0000000017520000)
 End Bits:   [0x0000000017520000, 0x000000001b3a0000)

Polling page: 0x0000000002660000

CodeCache: size=245760Kb used=62840Kb max_used=62854Kb free=182919Kb
 bounds [0x0000000002bc0000, 0x0000000006980000, 0x0000000011bc0000]
 total_blobs=17382 nmethods=16449 adapters=840
 compilation: enabled

Compilation events (10 events):
Event: 46576.497 Thread 0x000000001dcc9000 21893       3       java.lang.ThreadLocal::createMap (14 bytes)
Event: 46576.498 Thread 0x000000001dcc9000 nmethod 21893 0x000000000696f610 code [0x000000000696f780, 0x000000000696f988]
Event: 46576.498 Thread 0x000000001dcc9000 21894       3       java.lang.ThreadLocal$ThreadLocalMap::<init> (53 bytes)
Event: 46576.499 Thread 0x000000001dcc9000 nmethod 21894 0x000000000696b290 code [0x000000000696b440, 0x000000000696ba88]
Event: 46576.502 Thread 0x000000001dcc9000 21895       3       ro.sync.ecss.dom.builder.u::r (14 bytes)
Event: 46576.502 Thread 0x000000001dcc9000 nmethod 21895 0x00000000069785d0 code [0x0000000006978740, 0x00000000069789b8]
Event: 46629.117 Thread 0x000000001dc9f800 21896   !   4       java.awt.Toolkit::setDesktopProperty (81 bytes)
Event: 46629.138 Thread 0x000000001dc9f800 nmethod 21896 0x000000000697cb50 code [0x000000000697cd60, 0x000000000697e190]
Event: 46630.265 Thread 0x000000001dcc9000 21897       3       java.util.ComparableTimSort::mergeCollapse (101 bytes)
Event: 46630.265 Thread 0x000000001dcc9000 nmethod 21897 0x000000000697c390 code [0x000000000697c520, 0x000000000697c958]

GC Heap History (10 events):
Event: 137.686 GC heap before
{Heap before GC invocations=22 (full 3):
 PSYoungGen      total 471040K, used 315889K [0x000000076cb00000, 0x0000000793f00000, 0x00000007c0000000)
  eden space 347648K, 55% used [0x000000076cb00000,0x00000007788a7288,0x0000000781e80000)
  from space 123392K, 98% used [0x000000078a980000,0x0000000792055220,0x0000000792200000)
  to   space 142336K, 0% used [0x0000000781e80000,0x0000000781e80000,0x000000078a980000)
 ParOldGen       total 709120K, used 97260K [0x00000006c6000000, 0x00000006f1480000, 0x000000076cb00000)
  object space 709120K, 13% used [0x00000006c6000000,0x00000006cbefb2c8,0x00000006f1480000)
 Metaspace       used 96869K, capacity 97734K, committed 98560K, reserved 1132544K
  class space    used 15360K, capacity 15586K, committed 15616K, reserved 1048576K
Event: 137.719 GC heap after
Heap after GC invocations=22 (full 3):
 PSYoungGen      total 489984K, used 131552K [0x000000076cb00000, 0x0000000798480000, 0x00000007c0000000)
  eden space 347648K, 0% used [0x000000076cb00000,0x000000076cb00000,0x0000000781e80000)
  from space 142336K, 92% used [0x0000000781e80000,0x0000000789ef8360,0x000000078a980000)
  to   space 161280K, 0% used [0x000000078e700000,0x000000078e700000,0x0000000798480000)
 ParOldGen       total 709120K, used 97268K [0x00000006c6000000, 0x00000006f1480000, 0x000000076cb00000)
  object space 709120K, 13% used [0x00000006c6000000,0x00000006cbefd2c8,0x00000006f1480000)
 Metaspace       used 96869K, capacity 97734K, committed 98560K, reserved 1132544K
  class space    used 15360K, capacity 15586K, committed 15616K, reserved 1048576K
}
Event: 137.719 GC heap before
{Heap before GC invocations=23 (full 4):
 PSYoungGen      total 489984K, used 131552K [0x000000076cb00000, 0x0000000798480000, 0x00000007c0000000)
  eden space 347648K, 0% used [0x000000076cb00000,0x000000076cb00000,0x0000000781e80000)
  from space 142336K, 92% used [0x0000000781e80000,0x0000000789ef8360,0x000000078a980000)
  to   space 161280K, 0% used [0x000000078e700000,0x000000078e700000,0x0000000798480000)
 ParOldGen       total 709120K, used 97268K [0x00000006c6000000, 0x00000006f1480000, 0x000000076cb00000)
  object space 709120K, 13% used [0x00000006c6000000,0x00000006cbefd2c8,0x00000006f1480000)
 Metaspace       used 96869K, capacity 97734K, committed 98560K, reserved 1132544K
  class space    used 15360K, capacity 15586K, committed 15616K, reserved 1048576K
Event: 137.991 GC heap after
Heap after GC invocations=23 (full 4):
 PSYoungGen      total 489984K, used 0K [0x000000076cb00000, 0x0000000798480000, 0x00000007c0000000)
  eden space 347648K, 0% used [0x000000076cb00000,0x000000076cb00000,0x0000000781e80000)
  from space 142336K, 0% used [0x0000000781e80000,0x0000000781e80000,0x000000078a980000)
  to   space 161280K, 0% used [0x000000078e700000,0x000000078e700000,0x0000000798480000)
 ParOldGen       total 1107968K, used 175367K [0x00000006c6000000, 0x0000000709a00000, 0x000000076cb00000)
  object space 1107968K, 15% used [0x00000006c6000000,0x00000006d0b41c40,0x0000000709a00000)
 Metaspace       used 96779K, capacity 97590K, committed 98560K, reserved 1132544K
  class space    used 15344K, capacity 15558K, committed 15616K, reserved 1048576K
}
Event: 168.209 GC heap before
{Heap before GC invocations=24 (full 4):
 PSYoungGen      total 489984K, used 347648K [0x000000076cb00000, 0x0000000798480000, 0x00000007c0000000)
  eden space 347648K, 100% used [0x000000076cb00000,0x0000000781e80000,0x0000000781e80000)
  from space 142336K, 0% used [0x0000000781e80000,0x0000000781e80000,0x000000078a980000)
  to   space 161280K, 0% used [0x000000078e700000,0x000000078e700000,0x0000000798480000)
 ParOldGen       total 1107968K, used 175367K [0x00000006c6000000, 0x0000000709a00000, 0x000000076cb00000)
  object space 1107968K, 15% used [0x00000006c6000000,0x00000006d0b41c40,0x0000000709a00000)
 Metaspace       used 97870K, capacity 98822K, committed 99712K, reserved 1132544K
  class space    used 15413K, capacity 15638K, committed 15744K, reserved 1048576K
Event: 168.216 GC heap after
Heap after GC invocations=24 (full 4):
 PSYoungGen      total 549888K, used 13366K [0x000000076cb00000, 0x0000000798200000, 0x00000007c0000000)
  eden space 391168K, 0% used [0x000000076cb00000,0x000000076cb00000,0x0000000784900000)
  from space 158720K, 8% used [0x000000078e700000,0x000000078f40d820,0x0000000798200000)
  to   space 160256K, 0% used [0x0000000784900000,0x0000000784900000,0x000000078e580000)
 ParOldGen       total 1107968K, used 175375K [0x00000006c6000000, 0x0000000709a00000, 0x000000076cb00000)
  object space 1107968K, 15% used [0x00000006c6000000,0x00000006d0b43c40,0x0000000709a00000)
 Metaspace       used 97870K, capacity 98822K, committed 99712K, reserved 1132544K
  class space    used 15413K, capacity 15638K, committed 15744K, reserved 1048576K
}
Event: 378.948 GC heap before
{Heap before GC invocations=25 (full 4):
 PSYoungGen      total 549888K, used 404534K [0x000000076cb00000, 0x0000000798200000, 0x00000007c0000000)
  eden space 391168K, 100% used [0x000000076cb00000,0x0000000784900000,0x0000000784900000)
  from space 158720K, 8% used [0x000000078e700000,0x000000078f40d820,0x0000000798200000)
  to   space 160256K, 0% used [0x0000000784900000,0x0000000784900000,0x000000078e580000)
 ParOldGen       total 1107968K, used 175375K [0x00000006c6000000, 0x0000000709a00000, 0x000000076cb00000)
  object space 1107968K, 15% used [0x00000006c6000000,0x00000006d0b43c40,0x0000000709a00000)
 Metaspace       used 98707K, capacity 99620K, committed 100480K, reserved 1134592K
  class space    used 15462K, capacity 15707K, committed 15744K, reserved 1048576K
Event: 378.956 GC heap after
Heap after GC invocations=25 (full 4):
 PSYoungGen      total 551424K, used 20496K [0x000000076cb00000, 0x000000079a300000, 0x00000007c0000000)
  eden space 391168K, 0% used [0x000000076cb00000,0x000000076cb00000,0x0000000784900000)
  from space 160256K, 12% used [0x0000000784900000,0x0000000785d04250,0x000000078e580000)
  to   space 157184K, 0% used [0x0000000790980000,0x0000000790980000,0x000000079a300000)
 ParOldGen       total 1107968K, used 175383K [0x00000006c6000000, 0x0000000709a00000, 0x000000076cb00000)
  object space 1107968K, 15% used [0x00000006c6000000,0x00000006d0b45c40,0x0000000709a00000)
 Metaspace       used 98707K, capacity 99620K, committed 100480K, reserved 1134592K
  class space    used 15462K, capacity 15707K, committed 15744K, reserved 1048576K
}
Event: 46391.517 GC heap before
{Heap before GC invocations=26 (full 4):
 PSYoungGen      total 551424K, used 411664K [0x000000076cb00000, 0x000000079a300000, 0x00000007c0000000)
  eden space 391168K, 100% used [0x000000076cb00000,0x0000000784900000,0x0000000784900000)
  from space 160256K, 12% used [0x0000000784900000,0x0000000785d04250,0x000000078e580000)
  to   space 157184K, 0% used [0x0000000790980000,0x0000000790980000,0x000000079a300000)
 ParOldGen       total 1107968K, used 175383K [0x00000006c6000000, 0x0000000709a00000, 0x000000076cb00000)
  object space 1107968K, 15% used [0x00000006c6000000,0x00000006d0b45c40,0x0000000709a00000)
 Metaspace       used 100596K, capacity 101510K, committed 102400K, reserved 1136640K
  class space    used 15801K, capacity 16034K, committed 16128K, reserved 1048576K
Event: 46391.534 GC heap after
Heap after GC invocations=26 (full 4):
 PSYoungGen      total 478720K, used 52052K [0x000000076cb00000, 0x0000000796480000, 0x00000007c0000000)
  eden space 385536K, 0% used [0x000000076cb00000,0x000000076cb00000,0x0000000784380000)
  from space 93184K, 55% used [0x0000000790980000,0x0000000793c553f8,0x0000000796480000)
  to   space 147968K, 0% used [0x0000000784380000,0x0000000784380000,0x000000078d400000)
 ParOldGen       total 1107968K, used 175391K [0x00000006c6000000, 0x0000000709a00000, 0x000000076cb00000)
  object space 1107968K, 15% used [0x00000006c6000000,0x00000006d0b47c40,0x0000000709a00000)
 Metaspace       used 100596K, capacity 101510K, committed 102400K, reserved 1136640K
  class space    used 15801K, capacity 16034K, committed 16128K, reserved 1048576K
}

Deoptimization events (10 events):
Event: 46428.370 Thread 0x0000000021525800 Uncommon trap: reason=class_check action=none pc=0x00000000058b2e90 method=java.awt.Font.equals(Ljava/lang/Object;)Z @ 12
Event: 46428.370 Thread 0x0000000021525800 Uncommon trap: reason=class_check action=none pc=0x00000000058b2e90 method=java.awt.Font.equals(Ljava/lang/Object;)Z @ 12
Event: 46428.371 Thread 0x0000000021525800 Uncommon trap: reason=class_check action=none pc=0x00000000058b2e90 method=java.awt.Font.equals(Ljava/lang/Object;)Z @ 12
Event: 46428.371 Thread 0x0000000021525800 Uncommon trap: reason=class_check action=none pc=0x00000000058b2e90 method=java.awt.Font.equals(Ljava/lang/Object;)Z @ 12
Event: 46430.639 Thread 0x0000000021525800 Uncommon trap: reason=bimorphic action=maybe_recompile pc=0x0000000003a1c98c method=java.util.TreeMap.getEntryUsingComparator(Ljava/lang/Object;)Ljava/util/TreeMap$Entry; @ 29
Event: 46430.650 Thread 0x0000000021525800 Uncommon trap: reason=bimorphic action=maybe_recompile pc=0x0000000003a1c98c method=java.util.TreeMap.getEntryUsingComparator(Ljava/lang/Object;)Ljava/util/TreeMap$Entry; @ 29
Event: 46430.668 Thread 0x0000000021525800 Uncommon trap: reason=bimorphic action=maybe_recompile pc=0x0000000003a1c98c method=java.util.TreeMap.getEntryUsingComparator(Ljava/lang/Object;)Ljava/util/TreeMap$Entry; @ 29
Event: 46430.668 Thread 0x0000000021525800 Uncommon trap: reason=bimorphic action=maybe_recompile pc=0x0000000003a1c98c method=java.util.TreeMap.getEntryUsingComparator(Ljava/lang/Object;)Ljava/util/TreeMap$Entry; @ 29
Event: 46430.997 Thread 0x0000000021525800 Uncommon trap: reason=class_check action=none pc=0x00000000058b2e90 method=java.awt.Font.equals(Ljava/lang/Object;)Z @ 12
Event: 46431.028 Thread 0x0000000021525800 Uncommon trap: reason=class_check action=none pc=0x00000000058b2e90 method=java.awt.Font.equals(Ljava/lang/Object;)Z @ 12

Classes redefined (0 events):
No events

Internal exceptions (10 events):
Event: 46428.371 Thread 0x0000000021525800 Exception <a 'java/lang/ClassCastException'> (0x0000000773e1f0a0) thrown at [C:\re\workspace\8-2-build-windows-amd64-cygwin\jdk8u202\12323\hotspot\src\share\vm\runtime\sharedRuntime.cpp, line 605]
Event: 46430.653 Thread 0x0000000021525800 Exception <a 'java/lang/NoSuchMethodError': <clinit>> (0x000000077786be28) thrown at [C:\re\workspace\8-2-build-windows-amd64-cygwin\jdk8u202\12323\hotspot\src\share\vm\prims\jni.cpp, line 1614]
Event: 46430.654 Thread 0x0000000021525800 Exception <a 'java/lang/NoSuchMethodError': <clinit>> (0x000000077786d670) thrown at [C:\re\workspace\8-2-build-windows-amd64-cygwin\jdk8u202\12323\hotspot\src\share\vm\prims\jni.cpp, line 1614]
Event: 46430.997 Thread 0x0000000021525800 Exception <a 'java/lang/ClassCastException'> (0x000000077799d468) thrown at [C:\re\workspace\8-2-build-windows-amd64-cygwin\jdk8u202\12323\hotspot\src\share\vm\runtime\sharedRuntime.cpp, line 605]
Event: 46430.997 Thread 0x0000000021525800 Exception <a 'java/lang/ClassCastException': java.awt.font.ShapeGraphicAttribute cannot be cast to java.awt.Font> (0x000000077799e010) thrown at [C:\re\workspace\8-2-build-windows-amd64-cygwin\jdk8u202\12323\hotspot\src\share\vm\interpreter\interpreterRun
Event: 46430.997 Thread 0x0000000021525800 Exception <a 'java/lang/ClassCastException'> (0x000000077799e6b8) thrown at [C:\re\workspace\8-2-build-windows-amd64-cygwin\jdk8u202\12323\hotspot\src\share\vm\runtime\sharedRuntime.cpp, line 605]
Event: 46431.028 Thread 0x0000000021525800 Exception <a 'java/lang/ClassCastException'> (0x0000000777a3eb78) thrown at [C:\re\workspace\8-2-build-windows-amd64-cygwin\jdk8u202\12323\hotspot\src\share\vm\runtime\sharedRuntime.cpp, line 605]
Event: 46431.028 Thread 0x0000000021525800 Exception <a 'java/lang/ClassCastException': java.awt.font.ShapeGraphicAttribute cannot be cast to java.awt.Font> (0x0000000777a3f538) thrown at [C:\re\workspace\8-2-build-windows-amd64-cygwin\jdk8u202\12323\hotspot\src\share\vm\interpreter\interpreterRun
Event: 46431.028 Thread 0x0000000021525800 Exception <a 'java/lang/ClassCastException'> (0x0000000777a3f9f8) thrown at [C:\re\workspace\8-2-build-windows-amd64-cygwin\jdk8u202\12323\hotspot\src\share\vm\runtime\sharedRuntime.cpp, line 605]
Event: 46576.505 Thread 0x0000000023514800 Exception <a 'sun/nio/fs/WindowsException'> (0x000000077a2c3e20) thrown at [C:\re\workspace\8-2-build-windows-amd64-cygwin\jdk8u202\12323\hotspot\src\share\vm\prims\jni.cpp, line 710]

Events (10 events):
Event: 46432.015 Thread 0x000000002b873800 Thread added: 0x000000002b873800
Event: 46432.018 Thread 0x000000002b873800 Thread exited: 0x000000002b873800
Event: 46432.023 Thread 0x000000002b873800 Thread added: 0x000000002b873800
Event: 46432.025 Thread 0x000000002b873800 Thread exited: 0x000000002b873800
Event: 46438.132 Executing VM operation: RevokeBias
Event: 46438.132 Executing VM operation: RevokeBias done
Event: 46576.496 Thread 0x000000002b873800 Thread added: 0x000000002b873800
Event: 46576.500 Thread 0x000000002b874000 Thread added: 0x000000002b874000
Event: 46576.500 Thread 0x000000002b873800 Thread exited: 0x000000002b873800
Event: 46576.502 Thread 0x000000002b874000 Thread exited: 0x000000002b874000


Dynamic libraries:
0x00007ff7fcd50000 - 0x00007ff7fcdff000 	C:\Program Files\Oxygen XML Author 21\oxygenAuthor21.1.exe
0x00007ffd14ba0000 - 0x00007ffd14d90000 	C:\WINDOWS\SYSTEM32\ntdll.dll
0x00007ffd13570000 - 0x00007ffd13622000 	C:\WINDOWS\System32\KERNEL32.DLL
0x00007ffd11b30000 - 0x00007ffd11dd3000 	C:\WINDOWS\System32\KERNELBASE.dll
0x0000000064d10000 - 0x0000000064da5000 	C:\WINDOWS\System32\SYSFER.DLL
0x00007ffd134b0000 - 0x00007ffd13553000 	C:\WINDOWS\System32\ADVAPI32.dll
0x00007ffd144e0000 - 0x00007ffd1457e000 	C:\WINDOWS\System32\msvcrt.dll
0x00007ffd13630000 - 0x00007ffd136c7000 	C:\WINDOWS\System32\sechost.dll
0x00007ffd13b70000 - 0x00007ffd13c90000 	C:\WINDOWS\System32\RPCRT4.dll
0x00007ffceb160000 - 0x00007ffceb386000 	C:\WINDOWS\system32\ctiuser.dll
0x00007ffd13910000 - 0x00007ffd13aa4000 	C:\WINDOWS\System32\USER32.dll
0x00007ffd126d0000 - 0x00007ffd126f1000 	C:\WINDOWS\System32\win32u.dll
0x00007ffd12cb0000 - 0x00007ffd12cd6000 	C:\WINDOWS\System32\GDI32.dll
0x00007ffd12890000 - 0x00007ffd12a24000 	C:\WINDOWS\System32\gdi32full.dll
0x00007ffd12bb0000 - 0x00007ffd12c4e000 	C:\WINDOWS\System32\msvcp_win.dll
0x00007ffd12a30000 - 0x00007ffd12b2a000 	C:\WINDOWS\System32\ucrtbase.dll
0x00007ffd13740000 - 0x00007ffd13896000 	C:\WINDOWS\System32\ole32.dll
0x00007ffd13dd0000 - 0x00007ffd14106000 	C:\WINDOWS\System32\combase.dll
0x00007ffd12b30000 - 0x00007ffd12bb0000 	C:\WINDOWS\System32\bcryptPrimitives.dll
0x00007ffd13560000 - 0x00007ffd13568000 	C:\WINDOWS\System32\PSAPI.DLL
0x00007ffd050b0000 - 0x00007ffd050ba000 	C:\WINDOWS\SYSTEM32\FLTLIB.DLL
0x00007ffd14290000 - 0x00007ffd142be000 	C:\WINDOWS\System32\IMM32.DLL
0x0000000068000000 - 0x000000006805e000 	C:\WINDOWS\System32\QIPCAP64.dll
0x00007ffd12d40000 - 0x00007ffd13425000 	C:\WINDOWS\System32\SHELL32.dll
0x00007ffd12840000 - 0x00007ffd1288a000 	C:\WINDOWS\System32\cfgmgr32.dll
0x00007ffd13ab0000 - 0x00007ffd13b59000 	C:\WINDOWS\System32\shcore.dll
0x00007ffd11f50000 - 0x00007ffd126cf000 	C:\WINDOWS\System32\windows.storage.dll
0x00007ffd11ac0000 - 0x00007ffd11adf000 	C:\WINDOWS\System32\profapi.dll
0x00007ffd11ae0000 - 0x00007ffd11b2a000 	C:\WINDOWS\System32\powrprof.dll
0x00007ffd11a70000 - 0x00007ffd11a80000 	C:\WINDOWS\System32\UMPDC.dll
0x00007ffd14480000 - 0x00007ffd144d2000 	C:\WINDOWS\System32\shlwapi.dll
0x00007ffd11a80000 - 0x00007ffd11a91000 	C:\WINDOWS\System32\kernel.appcore.dll
0x00007ffd11f30000 - 0x00007ffd11f47000 	C:\WINDOWS\System32\cryptsp.dll
0x00007ffd11040000 - 0x00007ffd1110a000 	C:\WINDOWS\SYSTEM32\DNSAPI.dll
0x00007ffd136d0000 - 0x00007ffd1373f000 	C:\WINDOWS\System32\WS2_32.dll
0x00007ffd13b60000 - 0x00007ffd13b68000 	C:\WINDOWS\System32\NSI.dll
0x00007ffd10ff0000 - 0x00007ffd1102a000 	C:\WINDOWS\SYSTEM32\IPHLPAPI.DLL
0x00007ffcff350000 - 0x00007ffcff5d5000 	C:\WINDOWS\WinSxS\amd64_microsoft.windows.common-controls_6595b64144ccf1df_6.0.18362.592_none_e6c0b1911312be02\comctl32.dll
0x0000000061f50000 - 0x00000000627f5000 	c:\program files\oxygen xml author 21\jre\bin\server\jvm.dll
0x00007ffd0f410000 - 0x00007ffd0f419000 	C:\WINDOWS\SYSTEM32\WSOCK32.dll
0x00007ffd02710000 - 0x00007ffd02734000 	C:\WINDOWS\SYSTEM32\WINMM.dll
0x00007ffd0b8b0000 - 0x00007ffd0b8ba000 	C:\WINDOWS\SYSTEM32\VERSION.dll
0x0000000062920000 - 0x00000000629f2000 	C:\WINDOWS\SYSTEM32\MSVCR100.dll
0x00007ffd03e20000 - 0x00007ffd03e4d000 	C:\WINDOWS\SYSTEM32\WINMMBASE.dll
0x00007ffd06a80000 - 0x00007ffd06a8f000 	c:\program files\oxygen xml author 21\jre\bin\verify.dll
0x00007ffcf51c0000 - 0x00007ffcf51e9000 	c:\program files\oxygen xml author 21\jre\bin\java.dll
0x00007ffcfe3e0000 - 0x00007ffcfe3f6000 	c:\program files\oxygen xml author 21\jre\bin\zip.dll
0x0000000180000000 - 0x0000000180032000 	C:\Program Files\Oxygen XML Author 21\.install4j\i4jinst.dll
0x00007ffd149f0000 - 0x00007ffd14ab4000 	C:\WINDOWS\System32\OLEAUT32.dll
0x00007ffd069c0000 - 0x00007ffd069cd000 	C:\Program Files\Oxygen XML Author 21\jre\bin\management.dll
0x00007ffcf2d80000 - 0x00007ffcf2da6000 	C:\Program Files\Oxygen XML Author 21\jre\bin\JavaAccessBridge-64.dll
0x00007ffceb410000 - 0x00007ffceb5a9000 	C:\Program Files\Oxygen XML Author 21\jre\bin\awt.dll
0x00007ffd0f140000 - 0x00007ffd0f1cf000 	C:\WINDOWS\SYSTEM32\apphelp.dll
0x00007ffd0fce0000 - 0x00007ffd0fd79000 	C:\WINDOWS\system32\uxtheme.dll
0x00007ffd13c90000 - 0x00007ffd13dc5000 	C:\WINDOWS\System32\MSCTF.dll
0x00007ffd0ff60000 - 0x00007ffd0ff8d000 	C:\WINDOWS\system32\DWMAPI.DLL
0x00007ffce0c90000 - 0x00007ffce0de6000 	C:\WINDOWS\system32\opengl32.dll
0x00007ffd011c0000 - 0x00007ffd011ec000 	C:\WINDOWS\SYSTEM32\GLU32.dll
0x00007ffd106e0000 - 0x00007ffd10700000 	C:\WINDOWS\SYSTEM32\dxcore.dll
0x00007ffd10e50000 - 0x00007ffd10e83000 	C:\WINDOWS\system32\rsaenh.dll
0x00007ffd12700000 - 0x00007ffd12726000 	C:\WINDOWS\System32\bcrypt.dll
0x00007ffd11990000 - 0x00007ffd119b5000 	C:\WINDOWS\SYSTEM32\USERENV.dll
0x00007ffd114b0000 - 0x00007ffd114bc000 	C:\WINDOWS\SYSTEM32\CRYPTBASE.dll
0x00007ffcf0110000 - 0x00007ffcf012a000 	C:\Program Files\Oxygen XML Author 21\jre\bin\net.dll
0x00007ffd031c0000 - 0x00007ffd03396000 	C:\WINDOWS\SYSTEM32\urlmon.dll
0x00007ffd06f40000 - 0x00007ffd071e6000 	C:\WINDOWS\SYSTEM32\iertutil.dll
0x00007ffd112e0000 - 0x00007ffd11347000 	C:\WINDOWS\system32\mswsock.dll
0x00007ffd0c300000 - 0x00007ffd0c316000 	C:\WINDOWS\SYSTEM32\dhcpcsvc6.DLL
0x00007ffd0c240000 - 0x00007ffd0c25c000 	C:\WINDOWS\SYSTEM32\dhcpcsvc.DLL
0x00007ffcf00f0000 - 0x00007ffcf0102000 	C:\Program Files\Oxygen XML Author 21\jre\bin\nio.dll
0x00000000203e0000 - 0x0000000020418000 	C:\Program Files\Oxygen XML Author 21\lib\com\sun\jna\win32-x86-64\jnidispatch.dll
0x00007ffced190000 - 0x00007ffced1d7000 	C:\Program Files\Oxygen XML Author 21\jre\bin\fontmanager.dll
0x00007ffcf5840000 - 0x00007ffcf58de000 	C:\WINDOWS\System32\TextInputFramework.dll
0x00007ffcf5ad0000 - 0x00007ffcf5dfa000 	C:\WINDOWS\System32\CoreUIComponents.dll
0x00007ffd0f6e0000 - 0x00007ffd0f7b4000 	C:\WINDOWS\System32\CoreMessaging.dll
0x00007ffd10aa0000 - 0x00007ffd10ad1000 	C:\WINDOWS\SYSTEM32\ntmarta.dll
0x00007ffd0c0e0000 - 0x00007ffd0c233000 	C:\WINDOWS\SYSTEM32\wintypes.dll
0x00007ffcefee0000 - 0x00007ffceff0a000 	C:\Program Files\Oxygen XML Author 21\jre\bin\dcpr.dll
0x00007ffcecfc0000 - 0x00007ffced002000 	C:\Program Files\Oxygen XML Author 21\jre\bin\t2k.dll
0x000000001fa60000 - 0x000000001fa77000 	C:\Program Files\Oxygen XML Author 21\lib\WindowsNativeHelper64.dll
0x00007ffd14110000 - 0x00007ffd141e0000 	C:\WINDOWS\System32\comdlg32.dll
0x00007ffd04590000 - 0x00007ffd04639000 	C:\WINDOWS\WinSxS\amd64_microsoft.windows.common-controls_6595b64144ccf1df_5.82.18362.592_none_2a2c5e32466583af\comctl32.dll
0x00007ffcfa900000 - 0x00007ffcfa916000 	C:\WINDOWS\system32\napinsp.dll
0x00007ffcfa8e0000 - 0x00007ffcfa8fa000 	C:\WINDOWS\system32\pnrpnsp.dll
0x00007ffcfa8d0000 - 0x00007ffcfa8de000 	C:\WINDOWS\System32\winrnr.dll
0x00007ffd0f0f0000 - 0x00007ffd0f10c000 	C:\WINDOWS\system32\NLAapi.dll
0x00007ffcfa8b0000 - 0x00007ffcfa8c5000 	C:\WINDOWS\system32\wshbth.dll
0x00007ffd0c280000 - 0x00007ffd0c2f7000 	C:\WINDOWS\System32\fwpuclnt.dll
0x00007ffd08e60000 - 0x00007ffd08e6a000 	C:\Windows\System32\rasadhlp.dll
0x00000000253b0000 - 0x0000000025428000 	\\?\C:\PROGRA~1\OXYGEN~1\lib\hunspell\HUNSPE~2.DLL
0x00007ffd141e0000 - 0x00007ffd14282000 	C:\WINDOWS\System32\clbcatq.dll
0x00007ffcf5690000 - 0x00007ffcf583f000 	C:\WINDOWS\SYSTEM32\WindowsCodecs.dll
0x00007ffce0af0000 - 0x00007ffce0b2a000 	C:\WINDOWS\system32\dataexchange.dll
0x00007ffd0e5f0000 - 0x00007ffd0e84b000 	C:\WINDOWS\system32\d3d11.dll
0x00007ffd0ebc0000 - 0x00007ffd0ed9b000 	C:\WINDOWS\system32\dcomp.dll
0x00007ffd10770000 - 0x00007ffd1085b000 	C:\WINDOWS\system32\dxgi.dll
0x00007ffd0f9e0000 - 0x00007ffd0fc3a000 	C:\WINDOWS\system32\twinapi.appcore.dll
0x00007ffd0ff90000 - 0x00007ffd0ffb9000 	C:\WINDOWS\system32\RMCLIENT.dll
0x00007ffd0f5e0000 - 0x00007ffd0f6cf000 	C:\WINDOWS\system32\propsys.dll
0x00007ffcde280000 - 0x00007ffcde33d000 	C:\WINDOWS\system32\Windows.Storage.Search.dll
0x00007ffd0f360000 - 0x00007ffd0f408000 	C:\WINDOWS\System32\StructuredQuery.dll
0x00007ffcec3e0000 - 0x00007ffcec403000 	C:\WINDOWS\SYSTEM32\edputil.dll
0x00007ffcd2c80000 - 0x00007ffcd2e33000 	C:\WINDOWS\SYSTEM32\DUI70.dll
0x00007ffcde600000 - 0x00007ffcde693000 	C:\WINDOWS\SYSTEM32\DUser.dll
0x00007ffce07c0000 - 0x00007ffce081e000 	C:\Windows\System32\thumbcache.dll
0x00007ffd0ac60000 - 0x00007ffd0ace6000 	C:\WINDOWS\SYSTEM32\policymanager.dll
0x00007ffd0a650000 - 0x00007ffd0a6da000 	C:\WINDOWS\SYSTEM32\msvcp110_win.dll
0x00007ffcedc80000 - 0x00007ffcede38000 	C:\Windows\System32\Windows.Globalization.dll
0x00007ffcefe80000 - 0x00007ffcefedd000 	C:\Windows\System32\Bcp47Langs.dll
0x00007ffcef390000 - 0x00007ffcef3c0000 	C:\Windows\System32\bcp47mrm.dll
0x00007ffd0bdb0000 - 0x00007ffd0bdd5000 	C:\WINDOWS\SYSTEM32\globinputhost.dll
0x00007ffd0a100000 - 0x00007ffd0a10d000 	C:\WINDOWS\SYSTEM32\atlthunk.dll
0x00007ffcf0340000 - 0x00007ffcf0475000 	C:\Windows\System32\Windows.StateRepositoryPS.dll
0x00007ffd026a0000 - 0x00007ffd02705000 	C:\Windows\System32\oleacc.dll
0x00007ffd14ae0000 - 0x00007ffd14b56000 	C:\WINDOWS\System32\coml2.dll
0x00007ffd00fd0000 - 0x00007ffd00feb000 	C:\WINDOWS\SYSTEM32\MPR.dll
0x00007ffcfe3d0000 - 0x00007ffcfe3db000 	C:\WINDOWS\System32\drprov.dll
0x00007ffd10b70000 - 0x00007ffd10bcc000 	C:\WINDOWS\System32\WINSTA.dll
0x00007ffcfdb60000 - 0x00007ffcfdb75000 	C:\WINDOWS\System32\ntlanman.dll
0x00007ffd0be20000 - 0x00007ffd0be2d000 	C:\WINDOWS\SYSTEM32\LINKINFO.dll
0x00007ffd01d10000 - 0x00007ffd01d2d000 	C:\WINDOWS\System32\davclnt.dll
0x00007ffd039c0000 - 0x00007ffd039cc000 	C:\WINDOWS\System32\DAVHLPR.dll
0x00007ffd0ad90000 - 0x00007ffd0ada7000 	C:\WINDOWS\System32\wkscli.dll
0x00007ffd03aa0000 - 0x00007ffd03ab2000 	C:\WINDOWS\SYSTEM32\cscapi.dll
0x00007ffd11030000 - 0x00007ffd1103c000 	C:\WINDOWS\System32\netutils.dll
0x00007ffcf0320000 - 0x00007ffcf0340000 	C:\WINDOWS\SYSTEM32\CLDAPI.dll
0x00007ffd11960000 - 0x00007ffd1198f000 	C:\WINDOWS\SYSTEM32\SspiCli.dll
0x00007ffd06ee0000 - 0x00007ffd06f33000 	C:\Windows\System32\dlnashext.dll

VM Arguments:
jvm_args: -Dexe4j.semaphoreName=Local\c:_program_files_oxygen_xml_author_21_oxygenauthor21.1.exe -Dexe4j.isInstall4j=true -Dexe4j.moduleName=C:\Program Files\Oxygen XML Author 21\oxygenAuthor21.1.exe -Dexe4j.tempDir= -Dexe4j.unextractedPosition=0 -Djava.library.path=c:\program files\oxygen xml author 21\jre\bin;C:\Program Files\Oxygen XML Author 21\.\jre\bin;C:\Program Files (x86)\Common Files\Oracle\Java\javapath;C:\WINDOWS\system32;C:\WINDOWS;C:\WINDOWS\System32\Wbem;C:\WINDOWS\System32\WindowsPowerShell\v1.0\;C:\WINDOWS\System32\OpenSSH\;C:\Program Files\Git\cmd;C:\Program Files (x86)\HCL\SafeLinx Client\;C:\Program Files\Intel\WiFi\bin\;C:\Program Files\Common Files\Intel\WirelessCommon\;C:\Program Files (x86)\ooRexx;C:\DITATools\IDWB\bin;C:\Program Files\Amazon\AWSCLI\bin\;C:\Users\rebecca.nethala\dita-otv-0.1.7\dita-ot\bin;C:\Users\rebecca.nethala\AppData\Local\GitHubDesktop\bin;C:\Users\rebecca.nethala\AppData\Local\Programs\Microsoft VS Code\bin -Dexe4j.consoleCodepage=cp0 -Dcom.oxygenxml.app.descriptor=ro.sync.exml.AuthorFrameDescriptor -XX:-OmitStackTraceInFastThrow -XX:SoftRefLRUPolicyMSPerMB=10 -Dsun.java2d.noddraw=true -Dsun.awt.nopixfmt=true -Dsun.java2d.dpiaware=true -Djava.net.preferIPv4Stack=true -Dsun.awt.keepWorkingSetOnMinimize=true -Dinstall4j.launcherId=19 -Dinstall4j.swt=false -Xmx4000m -Dcom.oxygenxml.language=English -XX:+UseParallelGC -XX:ErrorFile=C:\Users\REBECC~1.NET\AppData\Local\Temp\/oxy_jvm_crash.log -XX:OnError="C:\Program Files\Oxygen XML Author 21/rp.exe" 
java_command: C:\Program Files\Oxygen XML Author 21\oxygenAuthor21.1.exe
java_class_path (initial): C:\Program Files\Oxygen XML Author 21\.install4j\i4jruntime.jar;C:\Program Files\Oxygen XML Author 21\.\lib\oxygenAuthor.jar;C:\Program Files\Oxygen XML Author 21\.\lib\oxygen-basic-utilities.jar
Launcher Type: generic

Environment Variables:
PATH=c:\program files\oxygen xml author 21\jre\bin;C:\Program Files\Oxygen XML Author 21\.\jre\bin;C:\Program Files (x86)\Common Files\Oracle\Java\javapath;C:\WINDOWS\system32;C:\WINDOWS;C:\WINDOWS\System32\Wbem;C:\WINDOWS\System32\WindowsPowerShell\v1.0\;C:\WINDOWS\System32\OpenSSH\;C:\Program Files\Git\cmd;C:\Program Files (x86)\HCL\SafeLinx Client\;C:\Program Files\Intel\WiFi\bin\;C:\Program Files\Common Files\Intel\WirelessCommon\;C:\Program Files (x86)\ooRexx;C:\DITATools\IDWB\bin;C:\Program Files\Amazon\AWSCLI\bin\;C:\Users\rebecca.nethala\dita-otv-0.1.7\dita-ot\bin;C:\Users\rebecca.nethala\AppData\Local\GitHubDesktop\bin;C:\Users\rebecca.nethala\AppData\Local\Programs\Microsoft VS Code\bin
USERNAME=rebecca.nethala
OS=Windows_NT
PROCESSOR_IDENTIFIER=Intel64 Family 6 Model 158 Stepping 10, GenuineIntel



---------------  S Y S T E M  ---------------

OS: Windows 10.0 , 64 bit Build 18362 (10.0.18362.329)

CPU:total 12 (initial active 12) (6 cores per cpu, 2 threads per core) family 6 model 158 stepping 10, cmov, cx8, fxsr, mmx, sse, sse2, sse3, ssse3, sse4.1, sse4.2, popcnt, avx, avx2, aes, clmul, erms, 3dnowpref, lzcnt, ht, tsc, tscinvbit, bmi1, bmi2, adx

Memory: 4k page, physical 33282592k(18574184k free), swap 66837024k(47455024k free)

vm_info: Java HotSpot(TM) 64-Bit Server VM (25.202-b08) for windows-amd64 JRE (1.8.0_202-b08), built on Dec 15 2018 19:54:30 by "java_re" with MS VC++ 10.0 (VS2010)

time: Thu May 20 12:01:20 2021
timezone: India Standard Time
elapsed time: 46708 seconds (0d 12h 58m 28s)

