#
# A fatal error has been detected by the Java Runtime Environment:
#
#  EXCEPTION_ACCESS_VIOLATION (0xc0000005) at pc=0x000000006209fead, pid=22988, tid=0x000000000000649c
#
# JRE version: Java(TM) SE Runtime Environment (8.0_202-b08) (build 1.8.0_202-b08)
# Java VM: Java HotSpot(TM) 64-Bit Server VM (25.202-b08 mixed mode windows-amd64 compressed oops)
# Problematic frame:
# V  [jvm.dll+0x14fead]
#
# Failed to write core dump. Minidumps are not enabled by default on client versions of Windows
#
# If you would like to submit a bug report, please visit:
#   http://bugreport.java.com/bugreport/crash.jsp
#

---------------  T H R E A D  ---------------

Current thread (0x0000000020091000):  JavaThread "AWT-Windows" daemon [_thread_in_vm, id=25756, stack(0x00000000205a0000,0x00000000206a0000)]

siginfo: ExceptionCode=0xc0000005, reading address 0x0000000000000000

Registers:
RAX=0x0000000000000000, RBX=0x0000000020091000, RCX=0x0000000000000100, RDX=0x000000002a921810
RSP=0x000000002069ec40, RBP=0x000000002069ed38, RSI=0x0000000000000000, RDI=0x00000000200911f8
R8 =0x0000000000000000, R9 =0x000000002069ed38, R10=0x00000000014bd760, R11=0x0000000000000000
R12=0x000000002a921810, R13=0x0000000000000308, R14=0x00000000003b1fe4, R15=0x0000000000000000
RIP=0x000000006209fead, EFLAGS=0x0000000000010246

Top of Stack: (sp=0x000000002069ec40)
0x000000002069ec40:   000000002069ee88 0000000000000308
0x000000002069ec50:   0000000000000001 00007ffcec58d39d
0x000000002069ec60:   000000002069ee88 ffffffff00000000
0x000000002069ec70:   0000000000000000 fffffffffffffffe
0x000000002069ec80:   0000000000000001 00007ffcec58e279
0x000000002069ec90:   0000000020091000 0000000000000000
0x000000002069eca0:   0000000000000000 0000000000000001
0x000000002069ecb0:   fffffffffffffffe 000000006209731f
0x000000002069ecc0:   000000002069ee68 00007ffd139336ca
0x000000002069ecd0:   0000000000773000 0000000000030000
0x000000002069ece0:   0000000000000000 00007ffcec529e28
0x000000002069ecf0:   0000000000000000 0000000000000000
0x000000002069ed00:   0000000000000000 0000000000000000
0x000000002069ed10:   00000000200911f8 00007ffcec549d37
0x000000002069ed20:   0000000000000000 0000000000000000
0x000000002069ed30:   0000000000000000 0000000000000000 

Instructions: (pc=0x000000006209fead)
0x000000006209fe8d:   00 48 83 7b 08 00 48 89 5c 24 50 48 c7 44 24 58
0x000000006209fe9d:   00 00 00 00 74 0a 48 8d 4c 24 50 e8 03 ef 12 00
0x000000006209fead:   48 8b 06 c7 44 24 40 0e 00 00 00 48 8d 4c 24 70
0x000000006209febd:   48 8b 50 08 0f b7 42 24 48 8b 52 08 48 8b 54 c2 


Register to memory mapping:

RAX=0x0000000000000000 is an unknown value
RBX=0x0000000020091000 is a thread
RCX=0x0000000000000100 is an unknown value
RDX=0x000000002a921810 is a global jni handle
RSP=0x000000002069ec40 is pointing into the stack for thread: 0x0000000020091000
RBP=0x000000002069ed38 is pointing into the stack for thread: 0x0000000020091000
RSI=0x0000000000000000 is an unknown value
RDI=0x00000000200911f8 is an unknown value
R8 =0x0000000000000000 is an unknown value
R9 =0x000000002069ed38 is pointing into the stack for thread: 0x0000000020091000
R10=0x00000000014bd760 is an unknown value
R11=0x0000000000000000 is an unknown value
R12=0x000000002a921810 is a global jni handle
R13=0x0000000000000308 is an unknown value
R14=0x00000000003b1fe4 is an unknown value
R15=0x0000000000000000 is an unknown value


Stack: [0x00000000205a0000,0x00000000206a0000],  sp=0x000000002069ec40,  free space=1019k
Native frames: (J=compiled Java code, j=interpreted, Vv=VM code, C=native code)
V  [jvm.dll+0x14fead]
C  [awt.dll+0x69e28]
C  [awt.dll+0x89d37]
C  [awt.dll+0xcda3c]
C  [USER32.dll+0x15b6d]
C  [USER32.dll+0x15562]
C  [awt.dll+0xcd32c]
C  [awt.dll+0xcd5db]
C  0x0000000002cb8c67

Java frames: (J=compiled Java code, j=interpreted, Vv=VM code)
j  sun.awt.windows.WToolkit.eventLoop()V+0
j  sun.awt.windows.WToolkit.run()V+58
j  java.lang.Thread.run()V+11
v  ~StubRoutines::call_stub

---------------  P R O C E S S  ---------------

Java Threads: ( => current thread )
  0x0000000023732800 JavaThread "Opened editors lock manager" [_thread_blocked, id=27300, stack(0x0000000030a50000,0x0000000030b50000)]
  0x0000000023732000 JavaThread "Detect hyperlinks at caret" daemon [_thread_blocked, id=21928, stack(0x0000000033920000,0x0000000033a20000)]
  0x000000002372c800 JavaThread "Tooltip timer in CC Editor" daemon [_thread_blocked, id=25904, stack(0x000000002fc40000,0x000000002fd40000)]
  0x000000002372c000 JavaThread "Collect project resource thread" daemon [_thread_blocked, id=25384, stack(0x0000000000d70000,0x0000000000e70000)]
  0x0000000023728000 JavaThread "Swing-Shell" daemon [_thread_blocked, id=25636, stack(0x0000000032e20000,0x0000000032f20000)]
  0x0000000023726800 JavaThread "Show host component tooltip timer" daemon [_thread_blocked, id=8816, stack(0x0000000032d20000,0x0000000032e20000)]
  0x0000000025db9000 JavaThread "OxygenSingletonChecker-Thread" [_thread_in_native, id=13340, stack(0x0000000032c20000,0x0000000032d20000)]
  0x0000000025db8000 JavaThread "pool-9-thread-4" [_thread_blocked, id=20008, stack(0x0000000032920000,0x0000000032a20000)]
  0x0000000025db6800 JavaThread "pool-9-thread-3" [_thread_blocked, id=23396, stack(0x0000000032820000,0x0000000032920000)]
  0x0000000025db5000 JavaThread "pool-9-thread-2" [_thread_blocked, id=19044, stack(0x0000000032720000,0x0000000032820000)]
  0x0000000025db6000 JavaThread "pool-9-thread-1" [_thread_blocked, id=25852, stack(0x0000000032320000,0x0000000032420000)]
  0x0000000025db7800 JavaThread "pool-8-thread-4" [_thread_blocked, id=26852, stack(0x0000000032220000,0x0000000032320000)]
  0x0000000025db4800 JavaThread "pool-8-thread-3" [_thread_blocked, id=24808, stack(0x0000000032120000,0x0000000032220000)]
  0x0000000025db2000 JavaThread "pool-8-thread-2" [_thread_blocked, id=11180, stack(0x0000000032020000,0x0000000032120000)]
  0x0000000025daa800 JavaThread "pool-8-thread-1" [_thread_blocked, id=19868, stack(0x0000000031f20000,0x0000000032020000)]
  0x0000000025daf000 JavaThread "AuthorExtensionBuilder" daemon [_thread_blocked, id=23596, stack(0x000000002fd40000,0x000000002fe40000)]
  0x0000000025db3000 JavaThread "Brackets Highlighter" [_thread_blocked, id=7068, stack(0x000000002fb40000,0x000000002fc40000)]
  0x0000000025daa000 JavaThread "Mark occurrences in current file" daemon [_thread_blocked, id=8876, stack(0x000000002e5c0000,0x000000002e6c0000)]
  0x0000000025dac000 JavaThread "'Save backup info' timer" [_thread_blocked, id=26920, stack(0x000000002d090000,0x000000002d190000)]
  0x0000000025dab800 JavaThread "pool-7-thread-4" [_thread_blocked, id=25264, stack(0x000000002cf90000,0x000000002d090000)]
  0x00000000254f7800 JavaThread "pool-7-thread-3" [_thread_blocked, id=11892, stack(0x000000002ce90000,0x000000002cf90000)]
  0x00000000254f9800 JavaThread "pool-7-thread-2" [_thread_blocked, id=23784, stack(0x000000002cd90000,0x000000002ce90000)]
  0x00000000254f8000 JavaThread "pool-7-thread-1" [_thread_blocked, id=3824, stack(0x000000002c640000,0x000000002c740000)]
  0x00000000254fd800 JavaThread "" [_thread_blocked, id=27256, stack(0x0000000021ea0000,0x0000000021fa0000)]
  0x00000000254fc000 JavaThread "DocumentTypeProviderTimer" daemon [_thread_blocked, id=10948, stack(0x000000002c7e0000,0x000000002c8e0000)]
  0x00000000254fc800 JavaThread "DB Sessions Manager fire timer" daemon [_thread_blocked, id=19796, stack(0x0000000029330000,0x0000000029430000)]
  0x00000000254f9000 JavaThread "AutomaticallyValidation" daemon [_thread_blocked, id=10556, stack(0x0000000028c30000,0x0000000029130000)]
  0x00000000254fa800 JavaThread "Autosave" daemon [_thread_blocked, id=11480, stack(0x0000000027aa0000,0x0000000027ba0000)]
  0x000000002158e800 JavaThread "TimerQueue" daemon [_thread_blocked, id=21416, stack(0x0000000026f30000,0x0000000027030000)]
  0x00000000210c2000 JavaThread "AutomaticallyValidation" daemon [_thread_blocked, id=6788, stack(0x00000000273a0000,0x00000000278a0000)]
  0x000000001fbe5800 JavaThread "Autosave" daemon [_thread_blocked, id=24788, stack(0x00000000272a0000,0x00000000273a0000)]
  0x0000000020dda000 JavaThread "AWT-EventQueue-0" [_thread_blocked, id=27184, stack(0x00000000240f0000,0x00000000241f0000)]
  0x00000000210c2800 JavaThread "AWT-Shutdown" [_thread_blocked, id=22728, stack(0x0000000023ff0000,0x00000000240f0000)]
=>0x0000000020091000 JavaThread "AWT-Windows" daemon [_thread_in_vm, id=25756, stack(0x00000000205a0000,0x00000000206a0000)]
  0x000000002008f800 JavaThread "Java2D Disposer" daemon [_thread_blocked, id=21960, stack(0x00000000203a0000,0x00000000204a0000)]
  0x000000001ddda000 JavaThread "Service Thread" daemon [_thread_blocked, id=26992, stack(0x000000001f7a0000,0x000000001f8a0000)]
  0x000000001dd73000 JavaThread "C1 CompilerThread3" daemon [_thread_blocked, id=19316, stack(0x000000001f6a0000,0x000000001f7a0000)]
  0x000000001dd4a000 JavaThread "C2 CompilerThread2" daemon [_thread_blocked, id=4600, stack(0x000000001f5a0000,0x000000001f6a0000)]
  0x000000001dd3d800 JavaThread "C2 CompilerThread1" daemon [_thread_blocked, id=23092, stack(0x000000001f4a0000,0x000000001f5a0000)]
  0x000000001dd33000 JavaThread "C2 CompilerThread0" daemon [_thread_blocked, id=18996, stack(0x000000001f3a0000,0x000000001f4a0000)]
  0x000000001dd31000 JavaThread "Attach Listener" daemon [_thread_blocked, id=15248, stack(0x000000001f2a0000,0x000000001f3a0000)]
  0x000000001dd30000 JavaThread "Signal Dispatcher" daemon [_thread_blocked, id=11688, stack(0x000000001f1a0000,0x000000001f2a0000)]
  0x000000001dd23000 JavaThread "Finalizer" daemon [_thread_blocked, id=19524, stack(0x000000001efa0000,0x000000001f0a0000)]
  0x000000001c63c800 JavaThread "Reference Handler" daemon [_thread_blocked, id=16792, stack(0x000000001eea0000,0x000000001efa0000)]
  0x0000000002ba3800 JavaThread "main" [_thread_blocked, id=20296, stack(0x0000000000800000,0x0000000000900000)]

Other Threads:
  0x000000001c638000 VMThread [stack: 0x000000001eda0000,0x000000001eea0000] [id=27436]
  0x000000001ddde800 WatcherThread [stack: 0x000000001f8a0000,0x000000001f9a0000] [id=24732]

VM state:not at safepoint (normal execution)

VM Mutex/Monitor currently owned by a thread: None

heap address: 0x00000006c6000000, size: 4000 MB, Compressed Oops mode: Zero based, Oop shift amount: 3
Narrow klass base: 0x0000000000000000, Narrow klass shift: 3
Compressed class space size: 1073741824 Address: 0x00000007c0000000

Heap:
 PSYoungGen      total 457728K, used 339951K [0x000000076cb00000, 0x000000078f180000, 0x00000007c0000000)
  eden space 356864K, 77% used [0x000000076cb00000,0x000000077d786ca8,0x0000000782780000)
  from space 100864K, 64% used [0x0000000788e80000,0x000000078cdf4fd0,0x000000078f100000)
  to   space 103424K, 0% used [0x0000000782780000,0x0000000782780000,0x0000000788c80000)
 ParOldGen       total 1158656K, used 193656K [0x00000006c6000000, 0x000000070cb80000, 0x000000076cb00000)
  object space 1158656K, 16% used [0x00000006c6000000,0x00000006d1d1e3c8,0x000000070cb80000)
 Metaspace       used 103417K, capacity 104460K, committed 105600K, reserved 1138688K
  class space    used 15922K, capacity 16147K, committed 16256K, reserved 1048576K

Card table byte_map: [0x0000000012060000,0x0000000012840000] byte_map_base: 0x000000000ea30000

Marking Bits: (ParMarkBitMap*) 0x0000000062775ce0
 Begin Bits: [0x0000000013780000, 0x0000000017600000)
 End Bits:   [0x0000000017600000, 0x000000001b480000)

Polling page: 0x0000000002720000

CodeCache: size=245760Kb used=72190Kb max_used=72202Kb free=173569Kb
 bounds [0x0000000002ca0000, 0x00000000073b0000, 0x0000000011ca0000]
 total_blobs=19149 nmethods=18209 adapters=846
 compilation: enabled

Compilation events (10 events):
Event: 11444.892 Thread 0x000000001dd33000 24503       4       ro.sync.ecss.dom.builder.r::write (125 bytes)
Event: 11444.899 Thread 0x000000001dd33000 nmethod 24503 0x0000000007389e50 code [0x0000000007389fe0, 0x000000000738a378]
Event: 11444.900 Thread 0x000000001dd73000 24504       3       net.sf.saxon.expr.XPathContextMinor::newCleanContext (19 bytes)
Event: 11444.901 Thread 0x000000001dd73000 nmethod 24504 0x000000000738f350 code [0x000000000738f4c0, 0x000000000738f908]
Event: 11444.901 Thread 0x000000001dd73000 24505       3       net.sf.saxon.expr.XPathContextMinor::setCaller (6 bytes)
Event: 11444.901 Thread 0x000000001dd73000 nmethod 24505 0x000000000738cc10 code [0x000000000738cd60, 0x000000000738ced0]
Event: 11444.906 Thread 0x000000001dd73000 24506       3       ro.sync.ecss.css.c.c$_b::d (7 bytes)
Event: 11444.906 Thread 0x000000001dd73000 nmethod 24506 0x000000000738f010 code [0x000000000738f160, 0x000000000738f2b0]
Event: 11444.908 Thread 0x000000001dd3d800 24507       4       org.apache.xerces.impl.dtd.XMLDTDValidatorXerces::endElement (8 bytes)
Event: 11444.909 Thread 0x000000001dd3d800 nmethod 24507 0x0000000007388350 code [0x00000000073884a0, 0x0000000007388578]

GC Heap History (10 events):
Event: 7417.173 GC heap before
{Heap before GC invocations=28 (full 4):
 PSYoungGen      total 410112K, used 409851K [0x000000076cb00000, 0x0000000793180000, 0x00000007c0000000)
  eden space 381440K, 100% used [0x000000076cb00000,0x0000000783f80000,0x0000000783f80000)
  from space 28672K, 99% used [0x0000000784480000,0x000000078603ec40,0x0000000786080000)
  to   space 123904K, 0% used [0x000000078b880000,0x000000078b880000,0x0000000793180000)
 ParOldGen       total 1158656K, used 193616K [0x00000006c6000000, 0x000000070cb80000, 0x000000076cb00000)
  object space 1158656K, 16% used [0x00000006c6000000,0x00000006d1d143c8,0x000000070cb80000)
 Metaspace       used 101864K, capacity 102838K, committed 103808K, reserved 1136640K
  class space    used 15910K, capacity 16144K, committed 16256K, reserved 1048576K
Event: 7417.184 GC heap after
Heap after GC invocations=28 (full 4):
 PSYoungGen      total 484864K, used 28394K [0x000000076cb00000, 0x0000000792280000, 0x00000007c0000000)
  eden space 376320K, 0% used [0x000000076cb00000,0x000000076cb00000,0x0000000783a80000)
  from space 108544K, 26% used [0x000000078b880000,0x000000078d43ab70,0x0000000792280000)
  to   space 118784K, 0% used [0x0000000783a80000,0x0000000783a80000,0x000000078ae80000)
 ParOldGen       total 1158656K, used 193624K [0x00000006c6000000, 0x000000070cb80000, 0x000000076cb00000)
  object space 1158656K, 16% used [0x00000006c6000000,0x00000006d1d163c8,0x000000070cb80000)
 Metaspace       used 101864K, capacity 102838K, committed 103808K, reserved 1136640K
  class space    used 15910K, capacity 16144K, committed 16256K, reserved 1048576K
}
Event: 7749.638 GC heap before
{Heap before GC invocations=29 (full 4):
 PSYoungGen      total 484864K, used 404714K [0x000000076cb00000, 0x0000000792280000, 0x00000007c0000000)
  eden space 376320K, 100% used [0x000000076cb00000,0x0000000783a80000,0x0000000783a80000)
  from space 108544K, 26% used [0x000000078b880000,0x000000078d43ab70,0x0000000792280000)
  to   space 118784K, 0% used [0x0000000783a80000,0x0000000783a80000,0x000000078ae80000)
 ParOldGen       total 1158656K, used 193624K [0x00000006c6000000, 0x000000070cb80000, 0x000000076cb00000)
  object space 1158656K, 16% used [0x00000006c6000000,0x00000006d1d163c8,0x000000070cb80000)
 Metaspace       used 102366K, capacity 103350K, committed 104320K, reserved 1136640K
  class space    used 15916K, capacity 16144K, committed 16256K, reserved 1048576K
Event: 7749.652 GC heap after
Heap after GC invocations=29 (full 4):
 PSYoungGen      total 410112K, used 38676K [0x000000076cb00000, 0x0000000791080000, 0x00000007c0000000)
  eden space 371200K, 0% used [0x000000076cb00000,0x000000076cb00000,0x0000000783580000)
  from space 38912K, 99% used [0x0000000783a80000,0x0000000786045300,0x0000000786080000)
  to   space 112128K, 0% used [0x000000078a300000,0x000000078a300000,0x0000000791080000)
 ParOldGen       total 1158656K, used 193632K [0x00000006c6000000, 0x000000070cb80000, 0x000000076cb00000)
  object space 1158656K, 16% used [0x00000006c6000000,0x00000006d1d183c8,0x000000070cb80000)
 Metaspace       used 102366K, capacity 103350K, committed 104320K, reserved 1136640K
  class space    used 15916K, capacity 16144K, committed 16256K, reserved 1048576K
}
Event: 7949.116 GC heap before
{Heap before GC invocations=30 (full 4):
 PSYoungGen      total 410112K, used 409876K [0x000000076cb00000, 0x0000000791080000, 0x00000007c0000000)
  eden space 371200K, 100% used [0x000000076cb00000,0x0000000783580000,0x0000000783580000)
  from space 38912K, 99% used [0x0000000783a80000,0x0000000786045300,0x0000000786080000)
  to   space 112128K, 0% used [0x000000078a300000,0x000000078a300000,0x0000000791080000)
 ParOldGen       total 1158656K, used 193632K [0x00000006c6000000, 0x000000070cb80000, 0x000000076cb00000)
  object space 1158656K, 16% used [0x00000006c6000000,0x00000006d1d183c8,0x000000070cb80000)
 Metaspace       used 102824K, capacity 103866K, committed 104832K, reserved 1138688K
  class space    used 15917K, capacity 16144K, committed 16256K, reserved 1048576K
Event: 7949.127 GC heap after
Heap after GC invocations=30 (full 4):
 PSYoungGen      total 460800K, used 35859K [0x000000076cb00000, 0x000000078ff80000, 0x00000007c0000000)
  eden space 366080K, 0% used [0x000000076cb00000,0x000000076cb00000,0x0000000783080000)
  from space 94720K, 37% used [0x000000078a300000,0x000000078c604cd8,0x000000078ff80000)
  to   space 105984K, 0% used [0x0000000783080000,0x0000000783080000,0x0000000789800000)
 ParOldGen       total 1158656K, used 193640K [0x00000006c6000000, 0x000000070cb80000, 0x000000076cb00000)
  object space 1158656K, 16% used [0x00000006c6000000,0x00000006d1d1a3c8,0x000000070cb80000)
 Metaspace       used 102824K, capacity 103866K, committed 104832K, reserved 1138688K
  class space    used 15917K, capacity 16144K, committed 16256K, reserved 1048576K
}
Event: 11304.409 GC heap before
{Heap before GC invocations=31 (full 4):
 PSYoungGen      total 460800K, used 401939K [0x000000076cb00000, 0x000000078ff80000, 0x00000007c0000000)
  eden space 366080K, 100% used [0x000000076cb00000,0x0000000783080000,0x0000000783080000)
  from space 94720K, 37% used [0x000000078a300000,0x000000078c604cd8,0x000000078ff80000)
  to   space 105984K, 0% used [0x0000000783080000,0x0000000783080000,0x0000000789800000)
 ParOldGen       total 1158656K, used 193640K [0x00000006c6000000, 0x000000070cb80000, 0x000000076cb00000)
  object space 1158656K, 16% used [0x00000006c6000000,0x00000006d1d1a3c8,0x000000070cb80000)
 Metaspace       used 103055K, capacity 104058K, committed 105088K, reserved 1138688K
  class space    used 15918K, capacity 16144K, committed 16256K, reserved 1048576K
Event: 11304.427 GC heap after
Heap after GC invocations=31 (full 4):
 PSYoungGen      total 406528K, used 45017K [0x000000076cb00000, 0x000000078f100000, 0x00000007c0000000)
  eden space 361472K, 0% used [0x000000076cb00000,0x000000076cb00000,0x0000000782c00000)
  from space 45056K, 99% used [0x0000000783080000,0x0000000785c766e8,0x0000000785c80000)
  to   space 100864K, 0% used [0x0000000788e80000,0x0000000788e80000,0x000000078f100000)
 ParOldGen       total 1158656K, used 193648K [0x00000006c6000000, 0x000000070cb80000, 0x000000076cb00000)
  object space 1158656K, 16% used [0x00000006c6000000,0x00000006d1d1c3c8,0x000000070cb80000)
 Metaspace       used 103055K, capacity 104058K, committed 105088K, reserved 1138688K
  class space    used 15918K, capacity 16144K, committed 16256K, reserved 1048576K
}
Event: 11329.881 GC heap before
{Heap before GC invocations=32 (full 4):
 PSYoungGen      total 406528K, used 406489K [0x000000076cb00000, 0x000000078f100000, 0x00000007c0000000)
  eden space 361472K, 100% used [0x000000076cb00000,0x0000000782c00000,0x0000000782c00000)
  from space 45056K, 99% used [0x0000000783080000,0x0000000785c766e8,0x0000000785c80000)
  to   space 100864K, 0% used [0x0000000788e80000,0x0000000788e80000,0x000000078f100000)
 ParOldGen       total 1158656K, used 193648K [0x00000006c6000000, 0x000000070cb80000, 0x000000076cb00000)
  object space 1158656K, 16% used [0x00000006c6000000,0x00000006d1d1c3c8,0x000000070cb80000)
 Metaspace       used 103302K, capacity 104332K, committed 105344K, reserved 1138688K
  class space    used 15921K, capacity 16147K, committed 16256K, reserved 1048576K
Event: 11329.908 GC heap after
Heap after GC invocations=32 (full 4):
 PSYoungGen      total 457728K, used 64979K [0x000000076cb00000, 0x000000078f180000, 0x00000007c0000000)
  eden space 356864K, 0% used [0x000000076cb00000,0x000000076cb00000,0x0000000782780000)
  from space 100864K, 64% used [0x0000000788e80000,0x000000078cdf4fd0,0x000000078f100000)
  to   space 103424K, 0% used [0x0000000782780000,0x0000000782780000,0x0000000788c80000)
 ParOldGen       total 1158656K, used 193656K [0x00000006c6000000, 0x000000070cb80000, 0x000000076cb00000)
  object space 1158656K, 16% used [0x00000006c6000000,0x00000006d1d1e3c8,0x000000070cb80000)
 Metaspace       used 103302K, capacity 104332K, committed 105344K, reserved 1138688K
  class space    used 15921K, capacity 16147K, committed 16256K, reserved 1048576K
}

Deoptimization events (10 events):
Event: 11442.410 Thread 0x0000000020dda000 Uncommon trap: reason=class_check action=none pc=0x0000000006fe03d8 method=java.awt.font.ShapeGraphicAttribute.equals(Ljava/lang/Object;)Z @ 2
Event: 11442.410 Thread 0x0000000020dda000 Uncommon trap: reason=class_check action=none pc=0x00000000037a8bb8 method=java.awt.Font.equals(Ljava/lang/Object;)Z @ 12
Event: 11442.410 Thread 0x0000000020dda000 Uncommon trap: reason=class_check action=none pc=0x0000000006fe03d8 method=java.awt.font.ShapeGraphicAttribute.equals(Ljava/lang/Object;)Z @ 2
Event: 11442.410 Thread 0x0000000020dda000 Uncommon trap: reason=class_check action=none pc=0x00000000037a8bb8 method=java.awt.Font.equals(Ljava/lang/Object;)Z @ 12
Event: 11442.411 Thread 0x0000000020dda000 Uncommon trap: reason=class_check action=none pc=0x0000000006fe03d8 method=java.awt.font.ShapeGraphicAttribute.equals(Ljava/lang/Object;)Z @ 2
Event: 11442.411 Thread 0x0000000020dda000 Uncommon trap: reason=class_check action=none pc=0x00000000037a8bb8 method=java.awt.Font.equals(Ljava/lang/Object;)Z @ 12
Event: 11442.411 Thread 0x0000000020dda000 Uncommon trap: reason=class_check action=none pc=0x0000000006fe03d8 method=java.awt.font.ShapeGraphicAttribute.equals(Ljava/lang/Object;)Z @ 2
Event: 11442.411 Thread 0x0000000020dda000 Uncommon trap: reason=class_check action=none pc=0x00000000037a8bb8 method=java.awt.Font.equals(Ljava/lang/Object;)Z @ 12
Event: 11442.411 Thread 0x0000000020dda000 Uncommon trap: reason=class_check action=none pc=0x0000000006fe03d8 method=java.awt.font.ShapeGraphicAttribute.equals(Ljava/lang/Object;)Z @ 2
Event: 11442.412 Thread 0x0000000020dda000 Uncommon trap: reason=class_check action=none pc=0x00000000037a8bb8 method=java.awt.Font.equals(Ljava/lang/Object;)Z @ 12

Classes redefined (0 events):
No events

Internal exceptions (10 events):
Event: 11442.410 Thread 0x0000000020dda000 Exception <a 'java/lang/ClassCastException'> (0x0000000776e86a48) thrown at [C:\re\workspace\8-2-build-windows-amd64-cygwin\jdk8u202\12323\hotspot\src\share\vm\runtime\sharedRuntime.cpp, line 605]
Event: 11442.411 Thread 0x0000000020dda000 Exception <a 'java/lang/ClassCastException': java.awt.Font cannot be cast to java.awt.font.ShapeGraphicAttribute> (0x0000000776e8b0b8) thrown at [C:\re\workspace\8-2-build-windows-amd64-cygwin\jdk8u202\12323\hotspot\src\share\vm\interpreter\interpreterRun
Event: 11442.411 Thread 0x0000000020dda000 Exception <a 'java/lang/ClassCastException': java.awt.font.ShapeGraphicAttribute cannot be cast to java.awt.Font> (0x0000000776e8ba08) thrown at [C:\re\workspace\8-2-build-windows-amd64-cygwin\jdk8u202\12323\hotspot\src\share\vm\interpreter\interpreterRun
Event: 11442.411 Thread 0x0000000020dda000 Exception <a 'java/lang/ClassCastException'> (0x0000000776e8bec8) thrown at [C:\re\workspace\8-2-build-windows-amd64-cygwin\jdk8u202\12323\hotspot\src\share\vm\runtime\sharedRuntime.cpp, line 605]
Event: 11442.411 Thread 0x0000000020dda000 Exception <a 'java/lang/ClassCastException': java.awt.Font cannot be cast to java.awt.font.ShapeGraphicAttribute> (0x0000000776e95650) thrown at [C:\re\workspace\8-2-build-windows-amd64-cygwin\jdk8u202\12323\hotspot\src\share\vm\interpreter\interpreterRun
Event: 11442.411 Thread 0x0000000020dda000 Exception <a 'java/lang/ClassCastException': java.awt.font.ShapeGraphicAttribute cannot be cast to java.awt.Font> (0x0000000776e96010) thrown at [C:\re\workspace\8-2-build-windows-amd64-cygwin\jdk8u202\12323\hotspot\src\share\vm\interpreter\interpreterRun
Event: 11442.411 Thread 0x0000000020dda000 Exception <a 'java/lang/ClassCastException'> (0x0000000776e964d0) thrown at [C:\re\workspace\8-2-build-windows-amd64-cygwin\jdk8u202\12323\hotspot\src\share\vm\runtime\sharedRuntime.cpp, line 605]
Event: 11442.412 Thread 0x0000000020dda000 Exception <a 'java/lang/ClassCastException': java.awt.Font cannot be cast to java.awt.font.ShapeGraphicAttribute> (0x0000000776e99b58) thrown at [C:\re\workspace\8-2-build-windows-amd64-cygwin\jdk8u202\12323\hotspot\src\share\vm\interpreter\interpreterRun
Event: 11442.412 Thread 0x0000000020dda000 Exception <a 'java/lang/ClassCastException': java.awt.font.ShapeGraphicAttribute cannot be cast to java.awt.Font> (0x0000000776e9a518) thrown at [C:\re\workspace\8-2-build-windows-amd64-cygwin\jdk8u202\12323\hotspot\src\share\vm\interpreter\interpreterRun
Event: 11442.412 Thread 0x0000000020dda000 Exception <a 'java/lang/ClassCastException'> (0x0000000776e9a9d8) thrown at [C:\re\workspace\8-2-build-windows-amd64-cygwin\jdk8u202\12323\hotspot\src\share\vm\runtime\sharedRuntime.cpp, line 605]

Events (10 events):
Event: 11444.879 Thread 0x0000000023730800 Thread added: 0x0000000023730800
Event: 11444.885 Thread 0x0000000023731000 Thread added: 0x0000000023731000
Event: 11444.885 Thread 0x0000000023730800 Thread exited: 0x0000000023730800
Event: 11444.887 Thread 0x0000000023731000 Thread exited: 0x0000000023731000
Event: 11444.889 Thread 0x0000000023730800 Thread added: 0x0000000023730800
Event: 11444.892 Thread 0x0000000023730800 Thread exited: 0x0000000023730800
Event: 11444.896 Thread 0x0000000023730800 Thread added: 0x0000000023730800
Event: 11444.900 Thread 0x0000000023730800 Thread exited: 0x0000000023730800
Event: 11444.903 Thread 0x0000000023730800 Thread added: 0x0000000023730800
Event: 11444.909 Thread 0x0000000023730800 Thread exited: 0x0000000023730800


Dynamic libraries:
0x00007ff7fcd50000 - 0x00007ff7fcdff000 	C:\Program Files\Oxygen XML Author 21\oxygenAuthor21.1.exe
0x00007ffd14ba0000 - 0x00007ffd14d90000 	C:\WINDOWS\SYSTEM32\ntdll.dll
0x00007ffd13570000 - 0x00007ffd13622000 	C:\WINDOWS\System32\KERNEL32.DLL
0x00007ffd11b30000 - 0x00007ffd11dd3000 	C:\WINDOWS\System32\KERNELBASE.dll
0x0000000064d10000 - 0x0000000064da5000 	C:\WINDOWS\System32\SYSFER.DLL
0x00007ffd134b0000 - 0x00007ffd13553000 	C:\WINDOWS\System32\ADVAPI32.dll
0x00007ffd144e0000 - 0x00007ffd1457e000 	C:\WINDOWS\System32\msvcrt.dll
0x00007ffd13630000 - 0x00007ffd136c7000 	C:\WINDOWS\System32\sechost.dll
0x00007ffd13b70000 - 0x00007ffd13c90000 	C:\WINDOWS\System32\RPCRT4.dll
0x00007ffceb160000 - 0x00007ffceb386000 	C:\WINDOWS\system32\ctiuser.dll
0x00007ffd13910000 - 0x00007ffd13aa4000 	C:\WINDOWS\System32\USER32.dll
0x00007ffd126d0000 - 0x00007ffd126f1000 	C:\WINDOWS\System32\win32u.dll
0x00007ffd12cb0000 - 0x00007ffd12cd6000 	C:\WINDOWS\System32\GDI32.dll
0x00007ffd12890000 - 0x00007ffd12a24000 	C:\WINDOWS\System32\gdi32full.dll
0x00007ffd12bb0000 - 0x00007ffd12c4e000 	C:\WINDOWS\System32\msvcp_win.dll
0x00007ffd12a30000 - 0x00007ffd12b2a000 	C:\WINDOWS\System32\ucrtbase.dll
0x00007ffd13740000 - 0x00007ffd13896000 	C:\WINDOWS\System32\ole32.dll
0x00007ffd13dd0000 - 0x00007ffd14106000 	C:\WINDOWS\System32\combase.dll
0x00007ffd12b30000 - 0x00007ffd12bb0000 	C:\WINDOWS\System32\bcryptPrimitives.dll
0x00007ffd13560000 - 0x00007ffd13568000 	C:\WINDOWS\System32\PSAPI.DLL
0x00007ffd050b0000 - 0x00007ffd050ba000 	C:\WINDOWS\SYSTEM32\FLTLIB.DLL
0x00007ffd14290000 - 0x00007ffd142be000 	C:\WINDOWS\System32\IMM32.DLL
0x0000000068000000 - 0x000000006805e000 	C:\WINDOWS\System32\QIPCAP64.dll
0x00007ffd12d40000 - 0x00007ffd13425000 	C:\WINDOWS\System32\SHELL32.dll
0x00007ffd12840000 - 0x00007ffd1288a000 	C:\WINDOWS\System32\cfgmgr32.dll
0x00007ffd13ab0000 - 0x00007ffd13b59000 	C:\WINDOWS\System32\shcore.dll
0x00007ffd11f50000 - 0x00007ffd126cf000 	C:\WINDOWS\System32\windows.storage.dll
0x00007ffd11ac0000 - 0x00007ffd11adf000 	C:\WINDOWS\System32\profapi.dll
0x00007ffd11ae0000 - 0x00007ffd11b2a000 	C:\WINDOWS\System32\powrprof.dll
0x00007ffd11a70000 - 0x00007ffd11a80000 	C:\WINDOWS\System32\UMPDC.dll
0x00007ffd14480000 - 0x00007ffd144d2000 	C:\WINDOWS\System32\shlwapi.dll
0x00007ffd11a80000 - 0x00007ffd11a91000 	C:\WINDOWS\System32\kernel.appcore.dll
0x00007ffd11f30000 - 0x00007ffd11f47000 	C:\WINDOWS\System32\cryptsp.dll
0x00007ffd11040000 - 0x00007ffd1110a000 	C:\WINDOWS\SYSTEM32\DNSAPI.dll
0x00007ffd136d0000 - 0x00007ffd1373f000 	C:\WINDOWS\System32\WS2_32.dll
0x00007ffd13b60000 - 0x00007ffd13b68000 	C:\WINDOWS\System32\NSI.dll
0x00007ffd10ff0000 - 0x00007ffd1102a000 	C:\WINDOWS\SYSTEM32\IPHLPAPI.DLL
0x00007ffcff350000 - 0x00007ffcff5d5000 	C:\WINDOWS\WinSxS\amd64_microsoft.windows.common-controls_6595b64144ccf1df_6.0.18362.592_none_e6c0b1911312be02\comctl32.dll
0x0000000061f50000 - 0x00000000627f5000 	c:\program files\oxygen xml author 21\jre\bin\server\jvm.dll
0x00007ffd0f410000 - 0x00007ffd0f419000 	C:\WINDOWS\SYSTEM32\WSOCK32.dll
0x00007ffd02710000 - 0x00007ffd02734000 	C:\WINDOWS\SYSTEM32\WINMM.dll
0x00007ffd0b8b0000 - 0x00007ffd0b8ba000 	C:\WINDOWS\SYSTEM32\VERSION.dll
0x0000000062920000 - 0x00000000629f2000 	C:\WINDOWS\SYSTEM32\MSVCR100.dll
0x00007ffd03e20000 - 0x00007ffd03e4d000 	C:\WINDOWS\SYSTEM32\WINMMBASE.dll
0x00007ffd06ed0000 - 0x00007ffd06edf000 	c:\program files\oxygen xml author 21\jre\bin\verify.dll
0x00007ffcf51c0000 - 0x00007ffcf51e9000 	c:\program files\oxygen xml author 21\jre\bin\java.dll
0x00007ffd069c0000 - 0x00007ffd069d6000 	c:\program files\oxygen xml author 21\jre\bin\zip.dll
0x0000000180000000 - 0x0000000180032000 	C:\Program Files\Oxygen XML Author 21\.install4j\i4jinst.dll
0x00007ffd149f0000 - 0x00007ffd14ab4000 	C:\WINDOWS\System32\OLEAUT32.dll
0x00007ffd015c0000 - 0x00007ffd015cd000 	C:\Program Files\Oxygen XML Author 21\jre\bin\management.dll
0x00007ffcf2d80000 - 0x00007ffcf2da6000 	C:\Program Files\Oxygen XML Author 21\jre\bin\JavaAccessBridge-64.dll
0x00007ffcec4c0000 - 0x00007ffcec659000 	C:\Program Files\Oxygen XML Author 21\jre\bin\awt.dll
0x00007ffd0f140000 - 0x00007ffd0f1cf000 	C:\WINDOWS\SYSTEM32\apphelp.dll
0x00007ffd0fce0000 - 0x00007ffd0fd79000 	C:\WINDOWS\system32\uxtheme.dll
0x00007ffd13c90000 - 0x00007ffd13dc5000 	C:\WINDOWS\System32\MSCTF.dll
0x00007ffd0ff60000 - 0x00007ffd0ff8d000 	C:\WINDOWS\system32\DWMAPI.DLL
0x00007ffce0c90000 - 0x00007ffce0de6000 	C:\WINDOWS\system32\opengl32.dll
0x00007ffd011c0000 - 0x00007ffd011ec000 	C:\WINDOWS\SYSTEM32\GLU32.dll
0x00007ffd106e0000 - 0x00007ffd10700000 	C:\WINDOWS\SYSTEM32\dxcore.dll
0x00007ffd10e50000 - 0x00007ffd10e83000 	C:\WINDOWS\system32\rsaenh.dll
0x00007ffd12700000 - 0x00007ffd12726000 	C:\WINDOWS\System32\bcrypt.dll
0x00007ffd11990000 - 0x00007ffd119b5000 	C:\WINDOWS\SYSTEM32\USERENV.dll
0x00007ffd114b0000 - 0x00007ffd114bc000 	C:\WINDOWS\SYSTEM32\CRYPTBASE.dll
0x00007ffcf0110000 - 0x00007ffcf012a000 	C:\Program Files\Oxygen XML Author 21\jre\bin\net.dll
0x00007ffd031c0000 - 0x00007ffd03396000 	C:\WINDOWS\SYSTEM32\urlmon.dll
0x00007ffd06f40000 - 0x00007ffd071e6000 	C:\WINDOWS\SYSTEM32\iertutil.dll
0x00007ffd112e0000 - 0x00007ffd11347000 	C:\WINDOWS\system32\mswsock.dll
0x00007ffd0c300000 - 0x00007ffd0c316000 	C:\WINDOWS\SYSTEM32\dhcpcsvc6.DLL
0x00007ffd0c240000 - 0x00007ffd0c25c000 	C:\WINDOWS\SYSTEM32\dhcpcsvc.DLL
0x00007ffcf00f0000 - 0x00007ffcf0102000 	C:\Program Files\Oxygen XML Author 21\jre\bin\nio.dll
0x00000000204a0000 - 0x00000000204d8000 	C:\Program Files\Oxygen XML Author 21\lib\com\sun\jna\win32-x86-64\jnidispatch.dll
0x00007ffced190000 - 0x00007ffced1d7000 	C:\Program Files\Oxygen XML Author 21\jre\bin\fontmanager.dll
0x00007ffcf5840000 - 0x00007ffcf58de000 	C:\WINDOWS\System32\TextInputFramework.dll
0x00007ffcf5ad0000 - 0x00007ffcf5dfa000 	C:\WINDOWS\System32\CoreUIComponents.dll
0x00007ffd0f6e0000 - 0x00007ffd0f7b4000 	C:\WINDOWS\System32\CoreMessaging.dll
0x00007ffd10aa0000 - 0x00007ffd10ad1000 	C:\WINDOWS\SYSTEM32\ntmarta.dll
0x00007ffd0c0e0000 - 0x00007ffd0c233000 	C:\WINDOWS\SYSTEM32\wintypes.dll
0x00007ffcefee0000 - 0x00007ffceff0a000 	C:\Program Files\Oxygen XML Author 21\jre\bin\dcpr.dll
0x00007ffcecfc0000 - 0x00007ffced002000 	C:\Program Files\Oxygen XML Author 21\jre\bin\t2k.dll
0x000000001fb60000 - 0x000000001fb77000 	C:\Program Files\Oxygen XML Author 21\lib\WindowsNativeHelper64.dll
0x00007ffd14110000 - 0x00007ffd141e0000 	C:\WINDOWS\System32\comdlg32.dll
0x00007ffd04590000 - 0x00007ffd04639000 	C:\WINDOWS\WinSxS\amd64_microsoft.windows.common-controls_6595b64144ccf1df_5.82.18362.592_none_2a2c5e32466583af\comctl32.dll
0x00007ffcfa900000 - 0x00007ffcfa916000 	C:\WINDOWS\system32\napinsp.dll
0x00007ffcfa8e0000 - 0x00007ffcfa8fa000 	C:\WINDOWS\system32\pnrpnsp.dll
0x00007ffcfa8d0000 - 0x00007ffcfa8de000 	C:\WINDOWS\System32\winrnr.dll
0x00007ffd0f0f0000 - 0x00007ffd0f10c000 	C:\WINDOWS\system32\NLAapi.dll
0x00007ffcfa8b0000 - 0x00007ffcfa8c5000 	C:\WINDOWS\system32\wshbth.dll
0x00007ffd0c280000 - 0x00007ffd0c2f7000 	C:\WINDOWS\System32\fwpuclnt.dll
0x00007ffd08e60000 - 0x00007ffd08e6a000 	C:\Windows\System32\rasadhlp.dll
0x0000000022aa0000 - 0x0000000022b18000 	\\?\C:\PROGRA~1\OXYGEN~1\lib\hunspell\HUNSPE~2.DLL
0x00007ffd141e0000 - 0x00007ffd14282000 	C:\WINDOWS\System32\clbcatq.dll
0x00007ffcf5690000 - 0x00007ffcf583f000 	C:\WINDOWS\SYSTEM32\WindowsCodecs.dll
0x00007ffce0af0000 - 0x00007ffce0b2a000 	C:\WINDOWS\system32\dataexchange.dll
0x00007ffd0e5f0000 - 0x00007ffd0e84b000 	C:\WINDOWS\system32\d3d11.dll
0x00007ffd0ebc0000 - 0x00007ffd0ed9b000 	C:\WINDOWS\system32\dcomp.dll
0x00007ffd10770000 - 0x00007ffd1085b000 	C:\WINDOWS\system32\dxgi.dll
0x00007ffd0f9e0000 - 0x00007ffd0fc3a000 	C:\WINDOWS\system32\twinapi.appcore.dll
0x00007ffd0ff90000 - 0x00007ffd0ffb9000 	C:\WINDOWS\system32\RMCLIENT.dll
0x00007ffd0f5e0000 - 0x00007ffd0f6cf000 	C:\WINDOWS\system32\propsys.dll
0x00007ffd06b90000 - 0x00007ffd06ba6000 	C:\WINDOWS\system32\NetworkExplorer.dll
0x00007ffce07c0000 - 0x00007ffce081e000 	C:\Windows\System32\thumbcache.dll
0x00007ffd0be20000 - 0x00007ffd0be2d000 	C:\WINDOWS\SYSTEM32\LINKINFO.dll
0x00007ffd00fd0000 - 0x00007ffd00feb000 	C:\WINDOWS\SYSTEM32\MPR.dll
0x00007ffcfe3d0000 - 0x00007ffcfe3db000 	C:\WINDOWS\System32\drprov.dll
0x00007ffd10b70000 - 0x00007ffd10bcc000 	C:\WINDOWS\System32\WINSTA.dll
0x00007ffcfdb60000 - 0x00007ffcfdb75000 	C:\WINDOWS\System32\ntlanman.dll
0x00007ffd01d10000 - 0x00007ffd01d2d000 	C:\WINDOWS\System32\davclnt.dll
0x00007ffd039c0000 - 0x00007ffd039cc000 	C:\WINDOWS\System32\DAVHLPR.dll
0x00007ffd0ad90000 - 0x00007ffd0ada7000 	C:\WINDOWS\System32\wkscli.dll
0x00007ffd03aa0000 - 0x00007ffd03ab2000 	C:\WINDOWS\SYSTEM32\cscapi.dll
0x00007ffd11030000 - 0x00007ffd1103c000 	C:\WINDOWS\System32\netutils.dll
0x00007ffd06ee0000 - 0x00007ffd06f33000 	C:\Windows\System32\dlnashext.dll
0x00007ffcecde0000 - 0x00007ffcece44000 	C:\Windows\System32\PlayToDevice.dll
0x00007ffd0f520000 - 0x00007ffd0f540000 	C:\Windows\System32\DevDispItemProvider.dll
0x00007ffd0b8e0000 - 0x00007ffd0b952000 	C:\WINDOWS\System32\MMDevApi.dll
0x00007ffd11870000 - 0x00007ffd1189a000 	C:\WINDOWS\System32\DEVOBJ.dll
0x00007ffcec7c0000 - 0x00007ffcec85b000 	C:\WINDOWS\system32\wpdshext.dll
0x00007ffd024f0000 - 0x00007ffd02693000 	C:\WINDOWS\WinSxS\amd64_microsoft.windows.gdiplus_6595b64144ccf1df_1.1.18362.592_none_17aba4766da537d0\gdiplus.dll
0x00007ffd0be30000 - 0x00007ffd0bece000 	C:\Windows\System32\PortableDeviceApi.dll
0x00007ffd14580000 - 0x00007ffd149f0000 	C:\WINDOWS\System32\SETUPAPI.dll
0x000000002c8e0000 - 0x000000002c93c000 	C:\WINDOWS\System32\WINTRUST.dll
0x000000002c940000 - 0x000000002c952000 	C:\WINDOWS\System32\MSASN1.dll
0x00007ffd11de0000 - 0x00007ffd11f29000 	C:\WINDOWS\System32\CRYPT32.dll
0x00007ffcdf590000 - 0x00007ffcdf5c7000 	C:\Windows\System32\EhStorShell.dll
0x00007ffcec490000 - 0x00007ffcec4b5000 	C:\Windows\System32\EhStorAPI.dll
0x00007ffd0bd60000 - 0x00007ffd0bd73000 	C:\Windows\System32\WTSAPI32.dll
0x00007ffd0ac60000 - 0x00007ffd0ace6000 	C:\WINDOWS\SYSTEM32\policymanager.dll
0x00007ffd0a650000 - 0x00007ffd0a6da000 	C:\WINDOWS\SYSTEM32\msvcp110_win.dll

VM Arguments:
jvm_args: -Dexe4j.semaphoreName=Local\c:_program_files_oxygen_xml_author_21_oxygenauthor21.1.exe -Dexe4j.isInstall4j=true -Dexe4j.moduleName=C:\Program Files\Oxygen XML Author 21\oxygenAuthor21.1.exe -Dexe4j.tempDir= -Dexe4j.unextractedPosition=0 -Djava.library.path=c:\program files\oxygen xml author 21\jre\bin;C:\Program Files\Oxygen XML Author 21\.\jre\bin;C:\Program Files (x86)\Common Files\Oracle\Java\javapath;C:\WINDOWS\system32;C:\WINDOWS;C:\WINDOWS\System32\Wbem;C:\WINDOWS\System32\WindowsPowerShell\v1.0\;C:\WINDOWS\System32\OpenSSH\;C:\Program Files\Git\cmd;C:\Program Files (x86)\HCL\SafeLinx Client\;C:\Program Files\Intel\WiFi\bin\;C:\Program Files\Common Files\Intel\WirelessCommon\;C:\Program Files (x86)\ooRexx;C:\DITATools\IDWB\bin;C:\Program Files\Amazon\AWSCLI\bin\;C:\Users\rebecca.nethala\dita-otv-0.1.7\dita-ot\bin;C:\Users\rebecca.nethala\AppData\Local\GitHubDesktop\bin;C:\Users\rebecca.nethala\AppData\Local\Programs\Microsoft VS Code\bin -Dexe4j.consoleCodepage=cp0 -Dcom.oxygenxml.app.descriptor=ro.sync.exml.AuthorFrameDescriptor -XX:-OmitStackTraceInFastThrow -XX:SoftRefLRUPolicyMSPerMB=10 -Dsun.java2d.noddraw=true -Dsun.awt.nopixfmt=true -Dsun.java2d.dpiaware=true -Djava.net.preferIPv4Stack=true -Dsun.awt.keepWorkingSetOnMinimize=true -Dinstall4j.launcherId=19 -Dinstall4j.swt=false -Xmx4000m -Dcom.oxygenxml.language=English -XX:+UseParallelGC -XX:ErrorFile=C:\Users\REBECC~1.NET\AppData\Local\Temp\/oxy_jvm_crash.log -XX:OnError="C:\Program Files\Oxygen XML Author 21/rp.exe" 
java_command: C:\Program Files\Oxygen XML Author 21\oxygenAuthor21.1.exe
java_class_path (initial): C:\Program Files\Oxygen XML Author 21\.install4j\i4jruntime.jar;C:\Program Files\Oxygen XML Author 21\.\lib\oxygenAuthor.jar;C:\Program Files\Oxygen XML Author 21\.\lib\oxygen-basic-utilities.jar
Launcher Type: generic

Environment Variables:
PATH=c:\program files\oxygen xml author 21\jre\bin;C:\Program Files\Oxygen XML Author 21\.\jre\bin;C:\Program Files (x86)\Common Files\Oracle\Java\javapath;C:\WINDOWS\system32;C:\WINDOWS;C:\WINDOWS\System32\Wbem;C:\WINDOWS\System32\WindowsPowerShell\v1.0\;C:\WINDOWS\System32\OpenSSH\;C:\Program Files\Git\cmd;C:\Program Files (x86)\HCL\SafeLinx Client\;C:\Program Files\Intel\WiFi\bin\;C:\Program Files\Common Files\Intel\WirelessCommon\;C:\Program Files (x86)\ooRexx;C:\DITATools\IDWB\bin;C:\Program Files\Amazon\AWSCLI\bin\;C:\Users\rebecca.nethala\dita-otv-0.1.7\dita-ot\bin;C:\Users\rebecca.nethala\AppData\Local\GitHubDesktop\bin;C:\Users\rebecca.nethala\AppData\Local\Programs\Microsoft VS Code\bin
USERNAME=rebecca.nethala
OS=Windows_NT
PROCESSOR_IDENTIFIER=Intel64 Family 6 Model 158 Stepping 10, GenuineIntel



---------------  S Y S T E M  ---------------

OS: Windows 10.0 , 64 bit Build 18362 (10.0.18362.329)

CPU:total 12 (initial active 12) (6 cores per cpu, 2 threads per core) family 6 model 158 stepping 10, cmov, cx8, fxsr, mmx, sse, sse2, sse3, ssse3, sse4.1, sse4.2, popcnt, avx, avx2, aes, clmul, erms, 3dnowpref, lzcnt, ht, tsc, tscinvbit, bmi1, bmi2, adx

Memory: 4k page, physical 33282592k(19333452k free), swap 66837024k(48569712k free)

vm_info: Java HotSpot(TM) 64-Bit Server VM (25.202-b08) for windows-amd64 JRE (1.8.0_202-b08), built on Dec 15 2018 19:54:30 by "java_re" with MS VC++ 10.0 (VS2010)

time: Wed May 19 23:00:45 2021
timezone: India Standard Time
elapsed time: 11457 seconds (0d 3h 10m 57s)

