#
# A fatal error has been detected by the Java Runtime Environment:
#
#  EXCEPTION_ACCESS_VIOLATION (0xc0000005) at pc=0x000000005dc9fead, pid=24212, tid=0x00000000000059b8
#
# JRE version: Java(TM) SE Runtime Environment (8.0_202-b08) (build 1.8.0_202-b08)
# Java VM: Java HotSpot(TM) 64-Bit Server VM (25.202-b08 mixed mode windows-amd64 compressed oops)
# Problematic frame:
# V  [jvm.dll+0x14fead]
#
# Failed to write core dump. Minidumps are not enabled by default on client versions of Windows
#
# If you would like to submit a bug report, please visit:
#   http://bugreport.java.com/bugreport/crash.jsp
#

---------------  T H R E A D  ---------------

Current thread (0x00000000204bb800):  JavaThread "AWT-Windows" daemon [_thread_in_vm, id=22968, stack(0x0000000020b70000,0x0000000020c70000)]

siginfo: ExceptionCode=0xc0000005, reading address 0x0000000000000000

Registers:
RAX=0x0000000000000000, RBX=0x00000000204bb800, RCX=0x0000000000000b80, RDX=0x0000000029afcac0
RSP=0x0000000020c6f010, RBP=0x0000000020c6f108, RSI=0x0000000000000000, RDI=0x00000000204bb9f8
R8 =0x0000000000000000, R9 =0x0000000020c6f108, R10=0x000000000176ae30, R11=0x0000000000000000
R12=0x0000000029afcac0, R13=0x0000000000000308, R14=0x0000000000020882, R15=0x0000000000000000
RIP=0x000000005dc9fead, EFLAGS=0x0000000000010246

Top of Stack: (sp=0x0000000020c6f010)
0x0000000020c6f010:   0000000020c6f258 0000000000000308
0x0000000020c6f020:   0000000000000001 00007ffea9d1d39d
0x0000000020c6f030:   0000000020c6f258 ffffffff00000000
0x0000000020c6f040:   0000000000000000 fffffffffffffffe
0x0000000020c6f050:   0000000000000001 00007ffea9d1e279
0x0000000020c6f060:   00000000204bb800 0000000000000000
0x0000000020c6f070:   0000000000000000 0000000000000001
0x0000000020c6f080:   fffffffffffffffe 000000005dc9731f
0x0000000020c6f090:   0000000020c6f238 00007fff2a3b36ca
0x0000000020c6f0a0:   0000000000a20000 0000000000030000
0x0000000020c6f0b0:   0000000000000000 00007ffea9cb9e28
0x0000000020c6f0c0:   0000000000000000 0000000000000000
0x0000000020c6f0d0:   0000000000000000 0000000000000000
0x0000000020c6f0e0:   00000000204bb9f8 00007ffea9cd9d37
0x0000000020c6f0f0:   0000000000000000 0000000000000000
0x0000000020c6f100:   0000000000000000 0000000000000000 

Instructions: (pc=0x000000005dc9fead)
0x000000005dc9fe8d:   00 48 83 7b 08 00 48 89 5c 24 50 48 c7 44 24 58
0x000000005dc9fe9d:   00 00 00 00 74 0a 48 8d 4c 24 50 e8 03 ef 12 00
0x000000005dc9fead:   48 8b 06 c7 44 24 40 0e 00 00 00 48 8d 4c 24 70
0x000000005dc9febd:   48 8b 50 08 0f b7 42 24 48 8b 52 08 48 8b 54 c2 


Register to memory mapping:

RAX=0x0000000000000000 is an unknown value
RBX=0x00000000204bb800 is a thread
RCX=0x0000000000000b80 is an unknown value
RDX=0x0000000029afcac0 is a global jni handle
RSP=0x0000000020c6f010 is pointing into the stack for thread: 0x00000000204bb800
RBP=0x0000000020c6f108 is pointing into the stack for thread: 0x00000000204bb800
RSI=0x0000000000000000 is an unknown value
RDI=0x00000000204bb9f8 is an unknown value
R8 =0x0000000000000000 is an unknown value
R9 =0x0000000020c6f108 is pointing into the stack for thread: 0x00000000204bb800
R10=0x000000000176ae30 is an unknown value
R11=0x0000000000000000 is an unknown value
R12=0x0000000029afcac0 is a global jni handle
R13=0x0000000000000308 is an unknown value
R14=0x0000000000020882 is an unknown value
R15=0x0000000000000000 is an unknown value


Stack: [0x0000000020b70000,0x0000000020c70000],  sp=0x0000000020c6f010,  free space=1020k
Native frames: (J=compiled Java code, j=interpreted, Vv=VM code, C=native code)
V  [jvm.dll+0x14fead]
C  [awt.dll+0x69e28]
C  [awt.dll+0x89d37]
C  [awt.dll+0xcda3c]
C  [USER32.dll+0x15b6d]
C  [USER32.dll+0x15562]
C  [awt.dll+0xcd32c]
C  [awt.dll+0xcd5db]
C  0x0000000003178c67

Java frames: (J=compiled Java code, j=interpreted, Vv=VM code)
j  sun.awt.windows.WToolkit.eventLoop()V+0
j  sun.awt.windows.WToolkit.run()V+58
j  java.lang.Thread.run()V+11
v  ~StubRoutines::call_stub

---------------  P R O C E S S  ---------------

Java Threads: ( => current thread )
  0x000000002415c000 JavaThread "Detect hyperlinks at caret" daemon [_thread_blocked, id=16136, stack(0x00000000229b0000,0x0000000022ab0000)]
  0x0000000029faa800 JavaThread "Tooltip timer in CC Editor" daemon [_thread_blocked, id=8068, stack(0x0000000028570000,0x0000000028670000)]
  0x0000000024161800 JavaThread "Show caret ghost position info" daemon [_thread_blocked, id=17584, stack(0x0000000031d00000,0x0000000031e00000)]
  0x0000000024165000 JavaThread "Show host component tooltip timer" daemon [_thread_blocked, id=25912, stack(0x0000000031c00000,0x0000000031d00000)]
  0x0000000024166000 JavaThread "OxygenSingletonChecker-Thread" [_thread_in_native, id=20220, stack(0x0000000031b00000,0x0000000031c00000)]
  0x0000000024163800 JavaThread "Batik CleanerThread" daemon [_thread_blocked, id=25640, stack(0x0000000031700000,0x0000000031800000)]
  0x000000002415f000 JavaThread "Collect project resource thread" daemon [_thread_blocked, id=18836, stack(0x0000000031400000,0x0000000031500000)]
  0x000000002415d000 JavaThread "AuthorExtensionBuilder" daemon [_thread_blocked, id=25424, stack(0x000000002ff20000,0x0000000030020000)]
  0x0000000029fa7800 JavaThread "Brackets Highlighter" [_thread_blocked, id=5692, stack(0x000000002f920000,0x000000002fa20000)]
  0x0000000029fa5800 JavaThread "Mark occurrences in current file" daemon [_thread_blocked, id=22008, stack(0x000000002f420000,0x000000002f520000)]
  0x0000000029fa8800 JavaThread "'Save backup info' timer" [_thread_blocked, id=5100, stack(0x000000002e220000,0x000000002e320000)]
  0x0000000029faa000 JavaThread "pool-7-thread-4" [_thread_blocked, id=12528, stack(0x000000002df10000,0x000000002e010000)]
  0x0000000029fa9000 JavaThread "pool-7-thread-3" [_thread_blocked, id=9688, stack(0x000000002d570000,0x000000002d670000)]
  0x0000000023365800 JavaThread "pool-7-thread-2" [_thread_blocked, id=23932, stack(0x000000002be10000,0x000000002bf10000)]
  0x0000000023363000 JavaThread "pool-7-thread-1" [_thread_blocked, id=4548, stack(0x000000002ab10000,0x000000002ac10000)]
  0x0000000023368800 JavaThread "" [_thread_blocked, id=8992, stack(0x0000000028670000,0x0000000028770000)]
  0x000000002336a000 JavaThread "DocumentTypeProviderTimer" daemon [_thread_blocked, id=6104, stack(0x0000000001250000,0x0000000001350000)]
  0x0000000023367000 JavaThread "DB Sessions Manager fire timer" daemon [_thread_blocked, id=22540, stack(0x0000000028070000,0x0000000028170000)]
  0x0000000023366000 JavaThread "AutomaticallyValidation" daemon [_thread_blocked, id=25416, stack(0x0000000027970000,0x0000000027e70000)]
  0x0000000023364000 JavaThread "Autosave" daemon [_thread_blocked, id=25916, stack(0x0000000027870000,0x0000000027970000)]
  0x00000000235f2000 JavaThread "TimerQueue" daemon [_thread_blocked, id=24116, stack(0x00000000262d0000,0x00000000263d0000)]
  0x00000000206b9000 JavaThread "AutomaticallyValidation" daemon [_thread_blocked, id=13200, stack(0x0000000025bd0000,0x00000000260d0000)]
  0x000000002350b800 JavaThread "Autosave" daemon [_thread_blocked, id=18284, stack(0x0000000025ad0000,0x0000000025bd0000)]
  0x000000002350d800 JavaThread "AWT-EventQueue-0" [_thread_blocked, id=25400, stack(0x0000000024770000,0x0000000024870000)]
  0x000000002350c800 JavaThread "AWT-Shutdown" [_thread_blocked, id=24588, stack(0x0000000024670000,0x0000000024770000)]
=>0x00000000204bb800 JavaThread "AWT-Windows" daemon [_thread_in_vm, id=22968, stack(0x0000000020b70000,0x0000000020c70000)]
  0x00000000204ba000 JavaThread "Java2D Disposer" daemon [_thread_blocked, id=7396, stack(0x0000000020970000,0x0000000020a70000)]
  0x000000001e26d800 JavaThread "Service Thread" daemon [_thread_blocked, id=23536, stack(0x000000001fc20000,0x000000001fd20000)]
  0x000000001e1e4800 JavaThread "C1 CompilerThread3" daemon [_thread_blocked, id=25984, stack(0x000000001fb20000,0x000000001fc20000)]
  0x000000001e1df800 JavaThread "C2 CompilerThread2" daemon [_thread_blocked, id=10552, stack(0x000000001fa20000,0x000000001fb20000)]
  0x000000001e1d6000 JavaThread "C2 CompilerThread1" daemon [_thread_blocked, id=4312, stack(0x000000001f920000,0x000000001fa20000)]
  0x000000001e1d0800 JavaThread "C2 CompilerThread0" daemon [_thread_blocked, id=13392, stack(0x000000001f820000,0x000000001f920000)]
  0x000000001e1d0000 JavaThread "Attach Listener" daemon [_thread_blocked, id=21864, stack(0x000000001f720000,0x000000001f820000)]
  0x000000001e1cf000 JavaThread "Signal Dispatcher" daemon [_thread_blocked, id=25272, stack(0x000000001f620000,0x000000001f720000)]
  0x000000001e1c3800 JavaThread "Finalizer" daemon [_thread_blocked, id=4104, stack(0x000000001f420000,0x000000001f520000)]
  0x000000000315e000 JavaThread "Reference Handler" daemon [_thread_blocked, id=21840, stack(0x000000001f320000,0x000000001f420000)]
  0x0000000003063800 JavaThread "main" [_thread_blocked, id=7452, stack(0x0000000000c20000,0x0000000000d20000)]

Other Threads:
  0x000000001caf7800 VMThread [stack: 0x000000001f220000,0x000000001f320000] [id=12492]
  0x000000001e292000 WatcherThread [stack: 0x000000001fd20000,0x000000001fe20000] [id=9324]

VM state:not at safepoint (normal execution)

VM Mutex/Monitor currently owned by a thread: None

heap address: 0x00000006c6000000, size: 4000 MB, Compressed Oops mode: Zero based, Oop shift amount: 3
Narrow klass base: 0x0000000000000000, Narrow klass shift: 3
Compressed class space size: 1073741824 Address: 0x00000007c0000000

Heap:
 PSYoungGen      total 1067520K, used 668304K [0x000000076cb00000, 0x00000007b5300000, 0x00000007c0000000)
  eden space 1013760K, 61% used [0x000000076cb00000,0x0000000792b94278,0x00000007aa900000)
  from space 53760K, 83% used [0x00000007b1e80000,0x00000007b4a8fe50,0x00000007b5300000)
  to   space 87040K, 0% used [0x00000007aa900000,0x00000007aa900000,0x00000007afe00000)
 ParOldGen       total 521728K, used 170296K [0x00000006c6000000, 0x00000006e5d80000, 0x000000076cb00000)
  object space 521728K, 32% used [0x00000006c6000000,0x00000006d064e0f8,0x00000006e5d80000)
 Metaspace       used 106183K, capacity 107204K, committed 107980K, reserved 1140736K
  class space    used 16468K, capacity 16745K, committed 16844K, reserved 1048576K

Card table byte_map: [0x0000000012520000,0x0000000012d00000] byte_map_base: 0x000000000eef0000

Marking Bits: (ParMarkBitMap*) 0x000000005e375ce0
 Begin Bits: [0x0000000013c40000, 0x0000000017ac0000)
 End Bits:   [0x0000000017ac0000, 0x000000001b940000)

Polling page: 0x0000000002f60000

CodeCache: size=245760Kb used=61516Kb max_used=61733Kb free=184244Kb
 bounds [0x0000000003160000, 0x0000000006e20000, 0x0000000012160000]
 total_blobs=17115 nmethods=16152 adapters=869
 compilation: enabled

Compilation events (10 events):
Event: 1091.862 Thread 0x000000001e1e4800 nmethod 21351 0x0000000003b4a090 code [0x0000000003b4a280, 0x0000000003b4ad08]
Event: 1091.882 Thread 0x000000001e1d0800 nmethod 21344 0x0000000004391190 code [0x0000000004391680, 0x00000000043953b0]
Event: 1092.267 Thread 0x000000001e1e4800 21352       3       com.jidesoft.plaf.vsnet.VsnetMenuUI::paintText (222 bytes)
Event: 1092.272 Thread 0x000000001e1e4800 nmethod 21352 0x0000000006ac1f50 code [0x0000000006ac2280, 0x0000000006ac4348]
Event: 1092.322 Thread 0x000000001e1e4800 21353       1       javax.xml.transform.sax.SAXSource::getXMLReader (5 bytes)
Event: 1092.323 Thread 0x000000001e1e4800 nmethod 21353 0x0000000006ac1c90 code [0x0000000006ac1de0, 0x0000000006ac1ef0]
Event: 1092.344 Thread 0x000000001e1e4800 21354       3       org.apache.xerces.impl.xs.XMLSchemaValidatorXerces::xmlDecl (58 bytes)
Event: 1092.344 Thread 0x000000001e1e4800 nmethod 21354 0x00000000040f41d0 code [0x00000000040f4360, 0x00000000040f4858]
Event: 1092.344 Thread 0x000000001e1d6000 21355       4       sun.awt.SunToolkit::flushPendingEvents (19 bytes)
Event: 1092.345 Thread 0x000000001e1d6000 nmethod 21355 0x0000000003432510 code [0x0000000003432660, 0x0000000003432738]

GC Heap History (10 events):
Event: 45.730 GC heap before
{Heap before GC invocations=14 (full 3):
 PSYoungGen      total 789504K, used 312772K [0x000000076cb00000, 0x00000007a2480000, 0x00000007c0000000)
  eden space 721408K, 33% used [0x000000076cb00000,0x000000077ba25638,0x0000000798b80000)
  from space 68096K, 99% used [0x000000079de80000,0x00000007a20cbbf8,0x00000007a2100000)
  to   space 78336K, 0% used [0x0000000798b80000,0x0000000798b80000,0x000000079d800000)
 ParOldGen       total 284672K, used 103973K [0x00000006c6000000, 0x00000006d7600000, 0x000000076cb00000)
  object space 284672K, 36% used [0x00000006c6000000,0x00000006cc5894b8,0x00000006d7600000)
 Metaspace       used 98451K, capacity 99430K, committed 100128K, reserved 1134592K
  class space    used 15803K, capacity 16066K, committed 16076K, reserved 1048576K
Event: 45.766 GC heap after
Heap after GC invocations=14 (full 3):
 PSYoungGen      total 799744K, used 78321K [0x000000076cb00000, 0x00000007af080000, 0x00000007c0000000)
  eden space 721408K, 0% used [0x000000076cb00000,0x000000076cb00000,0x0000000798b80000)
  from space 78336K, 99% used [0x0000000798b80000,0x000000079d7fc600,0x000000079d800000)
  to   space 93696K, 0% used [0x00000007a9500000,0x00000007a9500000,0x00000007af080000)
 ParOldGen       total 284672K, used 111795K [0x00000006c6000000, 0x00000006d7600000, 0x000000076cb00000)
  object space 284672K, 39% used [0x00000006c6000000,0x00000006ccd2cdc0,0x00000006d7600000)
 Metaspace       used 98451K, capacity 99430K, committed 100128K, reserved 1134592K
  class space    used 15803K, capacity 16066K, committed 16076K, reserved 1048576K
}
Event: 45.766 GC heap before
{Heap before GC invocations=15 (full 4):
 PSYoungGen      total 799744K, used 78321K [0x000000076cb00000, 0x00000007af080000, 0x00000007c0000000)
  eden space 721408K, 0% used [0x000000076cb00000,0x000000076cb00000,0x0000000798b80000)
  from space 78336K, 99% used [0x0000000798b80000,0x000000079d7fc600,0x000000079d800000)
  to   space 93696K, 0% used [0x00000007a9500000,0x00000007a9500000,0x00000007af080000)
 ParOldGen       total 284672K, used 111795K [0x00000006c6000000, 0x00000006d7600000, 0x000000076cb00000)
  object space 284672K, 39% used [0x00000006c6000000,0x00000006ccd2cdc0,0x00000006d7600000)
 Metaspace       used 98451K, capacity 99430K, committed 100128K, reserved 1134592K
  class space    used 15803K, capacity 16066K, committed 16076K, reserved 1048576K
Event: 46.045 GC heap after
Heap after GC invocations=15 (full 4):
 PSYoungGen      total 799744K, used 0K [0x000000076cb00000, 0x00000007af080000, 0x00000007c0000000)
  eden space 721408K, 0% used [0x000000076cb00000,0x000000076cb00000,0x0000000798b80000)
  from space 78336K, 0% used [0x0000000798b80000,0x0000000798b80000,0x000000079d800000)
  to   space 93696K, 0% used [0x00000007a9500000,0x00000007a9500000,0x00000007af080000)
 ParOldGen       total 521728K, used 169976K [0x00000006c6000000, 0x00000006e5d80000, 0x000000076cb00000)
  object space 521728K, 32% used [0x00000006c6000000,0x00000006d05fe1e0,0x00000006e5d80000)
 Metaspace       used 98406K, capacity 99358K, committed 100128K, reserved 1134592K
  class space    used 15794K, capacity 16050K, committed 16076K, reserved 1048576K
}
Event: 122.409 GC heap before
{Heap before GC invocations=16 (full 4):
 PSYoungGen      total 799744K, used 721408K [0x000000076cb00000, 0x00000007af080000, 0x00000007c0000000)
  eden space 721408K, 100% used [0x000000076cb00000,0x0000000798b80000,0x0000000798b80000)
  from space 78336K, 0% used [0x0000000798b80000,0x0000000798b80000,0x000000079d800000)
  to   space 93696K, 0% used [0x00000007a9500000,0x00000007a9500000,0x00000007af080000)
 ParOldGen       total 521728K, used 169976K [0x00000006c6000000, 0x00000006e5d80000, 0x000000076cb00000)
  object space 521728K, 32% used [0x00000006c6000000,0x00000006d05fe1e0,0x00000006e5d80000)
 Metaspace       used 102610K, capacity 103574K, committed 104268K, reserved 1136640K
  class space    used 16197K, capacity 16444K, committed 16460K, reserved 1048576K
Event: 122.448 GC heap after
Heap after GC invocations=16 (full 4):
 PSYoungGen      total 953344K, used 47533K [0x000000076cb00000, 0x00000007adb00000, 0x00000007c0000000)
  eden space 881664K, 0% used [0x000000076cb00000,0x000000076cb00000,0x00000007a2800000)
  from space 71680K, 66% used [0x00000007a9500000,0x00000007ac36b6a0,0x00000007adb00000)
  to   space 91648K, 0% used [0x00000007a2800000,0x00000007a2800000,0x00000007a8180000)
 ParOldGen       total 521728K, used 170048K [0x00000006c6000000, 0x00000006e5d80000, 0x000000076cb00000)
  object space 521728K, 32% used [0x00000006c6000000,0x00000006d06101f0,0x00000006e5d80000)
 Metaspace       used 102610K, capacity 103574K, committed 104268K, reserved 1136640K
  class space    used 16197K, capacity 16444K, committed 16460K, reserved 1048576K
}
Event: 311.594 GC heap before
{Heap before GC invocations=17 (full 4):
 PSYoungGen      total 953344K, used 929197K [0x000000076cb00000, 0x00000007adb00000, 0x00000007c0000000)
  eden space 881664K, 100% used [0x000000076cb00000,0x00000007a2800000,0x00000007a2800000)
  from space 71680K, 66% used [0x00000007a9500000,0x00000007ac36b6a0,0x00000007adb00000)
  to   space 91648K, 0% used [0x00000007a2800000,0x00000007a2800000,0x00000007a8180000)
 ParOldGen       total 521728K, used 170048K [0x00000006c6000000, 0x00000006e5d80000, 0x000000076cb00000)
  object space 521728K, 32% used [0x00000006c6000000,0x00000006d06101f0,0x00000006e5d80000)
 Metaspace       used 105061K, capacity 106136K, committed 106828K, reserved 1138688K
  class space    used 16453K, capacity 16711K, committed 16716K, reserved 1048576K
Event: 311.614 GC heap after
Heap after GC invocations=17 (full 4):
 PSYoungGen      total 973312K, used 48672K [0x000000076cb00000, 0x00000007b7680000, 0x00000007c0000000)
  eden space 881664K, 0% used [0x000000076cb00000,0x000000076cb00000,0x00000007a2800000)
  from space 91648K, 53% used [0x00000007a2800000,0x00000007a57883f8,0x00000007a8180000)
  to   space 90112K, 0% used [0x00000007b1e80000,0x00000007b1e80000,0x00000007b7680000)
 ParOldGen       total 521728K, used 170056K [0x00000006c6000000, 0x00000006e5d80000, 0x000000076cb00000)
  object space 521728K, 32% used [0x00000006c6000000,0x00000006d06121f0,0x00000006e5d80000)
 Metaspace       used 105061K, capacity 106136K, committed 106828K, reserved 1138688K
  class space    used 16453K, capacity 16711K, committed 16716K, reserved 1048576K
}
Event: 578.611 GC heap before
{Heap before GC invocations=18 (full 4):
 PSYoungGen      total 973312K, used 930336K [0x000000076cb00000, 0x00000007b7680000, 0x00000007c0000000)
  eden space 881664K, 100% used [0x000000076cb00000,0x00000007a2800000,0x00000007a2800000)
  from space 91648K, 53% used [0x00000007a2800000,0x00000007a57883f8,0x00000007a8180000)
  to   space 90112K, 0% used [0x00000007b1e80000,0x00000007b1e80000,0x00000007b7680000)
 ParOldGen       total 521728K, used 170056K [0x00000006c6000000, 0x00000006e5d80000, 0x000000076cb00000)
  object space 521728K, 32% used [0x00000006c6000000,0x00000006d06121f0,0x00000006e5d80000)
 Metaspace       used 105831K, capacity 106846K, committed 107596K, reserved 1140736K
  class space    used 16457K, capacity 16712K, committed 16716K, reserved 1048576K
Event: 578.640 GC heap after
Heap after GC invocations=18 (full 4):
 PSYoungGen      total 1067520K, used 45119K [0x000000076cb00000, 0x00000007b5300000, 0x00000007c0000000)
  eden space 1013760K, 0% used [0x000000076cb00000,0x000000076cb00000,0x00000007aa900000)
  from space 53760K, 83% used [0x00000007b1e80000,0x00000007b4a8fe50,0x00000007b5300000)
  to   space 87040K, 0% used [0x00000007aa900000,0x00000007aa900000,0x00000007afe00000)
 ParOldGen       total 521728K, used 170296K [0x00000006c6000000, 0x00000006e5d80000, 0x000000076cb00000)
  object space 521728K, 32% used [0x00000006c6000000,0x00000006d064e0f8,0x00000006e5d80000)
 Metaspace       used 105831K, capacity 106846K, committed 107596K, reserved 1140736K
  class space    used 16457K, capacity 16712K, committed 16716K, reserved 1048576K
}

Deoptimization events (10 events):
Event: 1020.794 Thread 0x000000002350d800 Uncommon trap: reason=class_check action=maybe_recompile pc=0x0000000004453190 method=ro.sync.syntaxhighlight.g.paint(Ljava/awt/Graphics;Ljava/awt/Shape;)V @ 293
Event: 1020.815 Thread 0x000000002350d800 Uncommon trap: reason=class_check action=maybe_recompile pc=0x0000000004453190 method=ro.sync.syntaxhighlight.g.paint(Ljava/awt/Graphics;Ljava/awt/Shape;)V @ 293
Event: 1025.076 Thread 0x00000000204bb800 Uncommon trap: reason=unstable_if action=reinterpret pc=0x000000000465d6d4 method=sun.awt.windows.WWindowPeer.preprocessPostEvent(Ljava/awt/AWTEvent;)V @ 4
Event: 1025.077 Thread 0x000000002350d800 Uncommon trap: reason=unstable_if action=reinterpret pc=0x0000000005e34d38 method=java.awt.Frame.getState()I @ 6
Event: 1025.893 Thread 0x000000002350d800 Uncommon trap: reason=unstable_if action=reinterpret pc=0x0000000006641d28 method=sun.awt.PostEventQueue.flush()V @ 23
Event: 1025.895 Thread 0x000000002350d800 Uncommon trap: reason=unstable_if action=reinterpret pc=0x0000000003f458c0 method=java.awt.Window.dispatchEventImpl(Ljava/awt/AWTEvent;)V @ 6
Event: 1025.938 Thread 0x000000002350d800 Uncommon trap: reason=class_check action=maybe_recompile pc=0x000000000521e3f0 method=ro.sync.syntaxhighlight.x.setSize(FF)V @ 7
Event: 1072.105 Thread 0x00000000206b9000 Uncommon trap: reason=null_check action=make_not_entrant pc=0x0000000003ec4cf0 method=ro.sync.ecss.dom.builder.c.k(Lro/sync/ecss/dom/z;Lro/sync/ecss/css/u;ZZ)Lro/sync/exml/serialize/state/m; @ 82
Event: 1088.548 Thread 0x00000000206b9000 Uncommon trap: reason=null_check action=make_not_entrant pc=0x0000000006dcaeb8 method=ro.sync.ecss.dom.builder.c.k(Lro/sync/ecss/dom/z;Lro/sync/ecss/css/u;ZZ)Lro/sync/exml/serialize/state/m; @ 92
Event: 1092.343 Thread 0x00000000206b9000 Uncommon trap: reason=null_check action=make_not_entrant pc=0x0000000003548f7c method=ro.sync.ecss.dom.builder.c.k(Lro/sync/ecss/dom/z;Lro/sync/ecss/css/u;ZZ)Lro/sync/exml/serialize/state/m; @ 102

Classes redefined (0 events):
No events

Internal exceptions (10 events):
Event: 323.555 Thread 0x000000002415c000 Exception <a 'java/lang/ClassNotFoundException': sun/net/www/protocol/c/Handler> (0x0000000770d324a0) thrown at [C:\re\workspace\8-2-build-windows-amd64-cygwin\jdk8u202\12323\hotspot\src\share\vm\classfile\systemDictionary.cpp, line 210]
Event: 324.873 Thread 0x000000002415c000 Exception <a 'java/io/IOException'> (0x0000000770d6a8b0) thrown at [C:\re\workspace\8-2-build-windows-amd64-cygwin\jdk8u202\12323\hotspot\src\share\vm\prims\jni.cpp, line 710]
Event: 340.006 Thread 0x0000000029fa8800 Exception <a 'sun/nio/fs/WindowsException'> (0x00000007748a33b0) thrown at [C:\re\workspace\8-2-build-windows-amd64-cygwin\jdk8u202\12323\hotspot\src\share\vm\prims\jni.cpp, line 710]
Event: 544.986 Thread 0x00000000206b9000 Implicit null exception at 0x0000000004e225db to 0x0000000004e22c35
Event: 554.314 Thread 0x000000002350d800 Implicit null exception at 0x0000000005a29ea9 to 0x0000000005a2b439
Event: 585.413 Thread 0x00000000206b9000 Implicit null exception at 0x0000000005c811d6 to 0x0000000005c81809
Event: 952.831 Thread 0x00000000206b9000 Implicit null exception at 0x0000000006c895d0 to 0x0000000006c89b59
Event: 1009.540 Thread 0x000000002415c000 Exception <a 'java/lang/ArrayIndexOutOfBoundsException': 137> (0x000000077e55e410) thrown at [C:\re\workspace\8-2-build-windows-amd64-cygwin\jdk8u202\12323\hotspot\src\share\vm\interpreter\interpreterRuntime.cpp, line 368]
Event: 1072.105 Thread 0x00000000206b9000 Implicit null exception at 0x0000000003ec4852 to 0x0000000003ec4ce1
Event: 1088.548 Thread 0x00000000206b9000 Implicit null exception at 0x0000000006dcab07 to 0x0000000006dcaea9

Events (10 events):
Event: 1091.816 Thread 0x000000001e1e4800 flushing nmethod 0x000000000615df50
Event: 1091.816 Thread 0x000000001e1e4800 flushing nmethod 0x00000000061679d0
Event: 1091.817 Thread 0x000000001e1e4800 flushing nmethod 0x000000000629bc50
Event: 1091.817 Thread 0x000000001e1e4800 flushing nmethod 0x0000000006330a90
Event: 1091.818 Thread 0x000000001e1e4800 flushing nmethod 0x0000000006570110
Event: 1091.819 Thread 0x000000001e1e4800 flushing nmethod 0x000000000691d850
Event: 1091.819 Thread 0x000000001e1e4800 flushing nmethod 0x0000000006ac1c90
Event: 1092.343 Thread 0x00000000206b9000 Uncommon trap: trap_request=0xfffffff4 fr.pc=0x0000000003548f7c
Event: 1092.343 Thread 0x00000000206b9000 DEOPT PACKING pc=0x0000000003548f7c sp=0x00000000260cdb00
Event: 1092.343 Thread 0x00000000206b9000 DEOPT UNPACKING pc=0x00000000031a583b sp=0x00000000260cd9a8 mode 2


Dynamic libraries:
0x00007ff6931b0000 - 0x00007ff69325f000 	C:\Program Files\Oxygen XML Author 21\oxygenAuthor21.1.exe
0x00007fff2b3a0000 - 0x00007fff2b590000 	C:\WINDOWS\SYSTEM32\ntdll.dll
0x00007fff29450000 - 0x00007fff29502000 	C:\WINDOWS\System32\KERNEL32.DLL
0x00007fff28750000 - 0x00007fff289f3000 	C:\WINDOWS\System32\KERNELBASE.dll
0x0000000060550000 - 0x00000000605e5000 	C:\WINDOWS\System32\SYSFER.DLL
0x00007fff2b210000 - 0x00007fff2b2b3000 	C:\WINDOWS\System32\ADVAPI32.dll
0x00007fff29590000 - 0x00007fff2962e000 	C:\WINDOWS\System32\msvcrt.dll
0x00007fff2a240000 - 0x00007fff2a2d7000 	C:\WINDOWS\System32\sechost.dll
0x00007fff29630000 - 0x00007fff29750000 	C:\WINDOWS\System32\RPCRT4.dll
0x00007fff2a390000 - 0x00007fff2a524000 	C:\WINDOWS\System32\USER32.dll
0x00007fff28720000 - 0x00007fff28741000 	C:\WINDOWS\System32\win32u.dll
0x00007fff2a530000 - 0x00007fff2a556000 	C:\WINDOWS\System32\GDI32.dll
0x00007fff29280000 - 0x00007fff29414000 	C:\WINDOWS\System32\gdi32full.dll
0x00007fff28620000 - 0x00007fff286be000 	C:\WINDOWS\System32\msvcp_win.dll
0x00007fff29180000 - 0x00007fff2927a000 	C:\WINDOWS\System32\ucrtbase.dll
0x00007fff2b0b0000 - 0x00007fff2b206000 	C:\WINDOWS\System32\ole32.dll
0x00007fff2a570000 - 0x00007fff2a8a6000 	C:\WINDOWS\System32\combase.dll
0x00007fff283e0000 - 0x00007fff28460000 	C:\WINDOWS\System32\bcryptPrimitives.dll
0x00007fff2a130000 - 0x00007fff2a15e000 	C:\WINDOWS\System32\IMM32.DLL
0x0000000068000000 - 0x000000006805e000 	C:\WINDOWS\System32\QIPCAP64.dll
0x00007fff29890000 - 0x00007fff29f75000 	C:\WINDOWS\System32\SHELL32.dll
0x00007fff28460000 - 0x00007fff284aa000 	C:\WINDOWS\System32\cfgmgr32.dll
0x00007fff2af20000 - 0x00007fff2afc9000 	C:\WINDOWS\System32\shcore.dll
0x00007fff28a00000 - 0x00007fff2917f000 	C:\WINDOWS\System32\windows.storage.dll
0x00007fff28310000 - 0x00007fff2832f000 	C:\WINDOWS\System32\profapi.dll
0x00007fff282c0000 - 0x00007fff2830a000 	C:\WINDOWS\System32\powrprof.dll
0x00007fff28270000 - 0x00007fff28280000 	C:\WINDOWS\System32\UMPDC.dll
0x00007fff2a8b0000 - 0x00007fff2a902000 	C:\WINDOWS\System32\shlwapi.dll
0x00007fff28280000 - 0x00007fff28291000 	C:\WINDOWS\System32\kernel.appcore.dll
0x00007fff28600000 - 0x00007fff28617000 	C:\WINDOWS\System32\cryptsp.dll
0x00007fff27840000 - 0x00007fff2790a000 	C:\WINDOWS\SYSTEM32\DNSAPI.dll
0x00007fff2aeb0000 - 0x00007fff2af1f000 	C:\WINDOWS\System32\WS2_32.dll
0x00007fff2afd0000 - 0x00007fff2afd8000 	C:\WINDOWS\System32\NSI.dll
0x00007fff277f0000 - 0x00007fff2782a000 	C:\WINDOWS\SYSTEM32\IPHLPAPI.DLL
0x00007fff104a0000 - 0x00007fff10725000 	C:\WINDOWS\WinSxS\amd64_microsoft.windows.common-controls_6595b64144ccf1df_6.0.18362.592_none_e6c0b1911312be02\comctl32.dll
0x000000005db50000 - 0x000000005e3f5000 	c:\program files\oxygen xml author 21\jre\bin\server\jvm.dll
0x0000000002cd0000 - 0x0000000002cd8000 	C:\WINDOWS\System32\PSAPI.DLL
0x00007fff11ea0000 - 0x00007fff11ea9000 	C:\WINDOWS\SYSTEM32\WSOCK32.dll
0x00007fff26010000 - 0x00007fff26034000 	C:\WINDOWS\SYSTEM32\WINMM.dll
0x00007fff203a0000 - 0x00007fff203aa000 	C:\WINDOWS\SYSTEM32\VERSION.dll
0x000000005e510000 - 0x000000005e5e2000 	C:\WINDOWS\SYSTEM32\MSVCR100.dll
0x00007fff25fe0000 - 0x00007fff2600d000 	C:\WINDOWS\SYSTEM32\WINMMBASE.dll
0x00007ffed34e0000 - 0x00007ffed34ef000 	c:\program files\oxygen xml author 21\jre\bin\verify.dll
0x00007ffec2d30000 - 0x00007ffec2d59000 	c:\program files\oxygen xml author 21\jre\bin\java.dll
0x00007ffec2760000 - 0x00007ffec2776000 	c:\program files\oxygen xml author 21\jre\bin\zip.dll
0x0000000180000000 - 0x0000000180032000 	C:\Program Files\Oxygen XML Author 21\.install4j\i4jinst.dll
0x000000001fe20000 - 0x000000001fee4000 	C:\WINDOWS\System32\OLEAUT32.dll
0x00007ffec3420000 - 0x00007ffec342d000 	C:\Program Files\Oxygen XML Author 21\jre\bin\management.dll
0x00007fff225c0000 - 0x00007fff225e6000 	C:\Program Files\Oxygen XML Author 21\jre\bin\JavaAccessBridge-64.dll
0x00007ffea9c50000 - 0x00007ffea9de9000 	C:\Program Files\Oxygen XML Author 21\jre\bin\awt.dll
0x00007fff25df0000 - 0x00007fff25e7f000 	C:\WINDOWS\SYSTEM32\apphelp.dll
0x00007fff26260000 - 0x00007fff262f9000 	C:\WINDOWS\system32\uxtheme.dll
0x00007fff29750000 - 0x00007fff29885000 	C:\WINDOWS\System32\MSCTF.dll
0x00007fff26680000 - 0x00007fff266ad000 	C:\WINDOWS\system32\DWMAPI.DLL
0x00007fff016f0000 - 0x00007fff01846000 	C:\WINDOWS\system32\opengl32.dll
0x00007fff02920000 - 0x00007fff0294c000 	C:\WINDOWS\SYSTEM32\GLU32.dll
0x00007fff26ee0000 - 0x00007fff26f00000 	C:\WINDOWS\SYSTEM32\dxcore.dll
0x00007fff27650000 - 0x00007fff27683000 	C:\WINDOWS\system32\rsaenh.dll
0x00007fff29420000 - 0x00007fff29446000 	C:\WINDOWS\System32\bcrypt.dll
0x00007fff28160000 - 0x00007fff28185000 	C:\WINDOWS\SYSTEM32\USERENV.dll
0x00007fff27cb0000 - 0x00007fff27cbc000 	C:\WINDOWS\SYSTEM32\CRYPTBASE.dll
0x00007fff01ae0000 - 0x00007fff01afa000 	C:\Program Files\Oxygen XML Author 21\jre\bin\net.dll
0x00007fff13540000 - 0x00007fff13716000 	C:\WINDOWS\SYSTEM32\urlmon.dll
0x00007fff171c0000 - 0x00007fff17466000 	C:\WINDOWS\SYSTEM32\iertutil.dll
0x00007fff27ae0000 - 0x00007fff27b47000 	C:\WINDOWS\system32\mswsock.dll
0x00007fff23a80000 - 0x00007fff23a96000 	C:\WINDOWS\SYSTEM32\dhcpcsvc6.DLL
0x00007fff239d0000 - 0x00007fff239ec000 	C:\WINDOWS\SYSTEM32\dhcpcsvc.DLL
0x00007fff01ac0000 - 0x00007fff01ad2000 	C:\Program Files\Oxygen XML Author 21\jre\bin\nio.dll
0x000000001ff60000 - 0x000000001ff98000 	C:\Program Files\Oxygen XML Author 21\lib\com\sun\jna\win32-x86-64\jnidispatch.dll
0x00007ffebf6d0000 - 0x00007ffebf717000 	C:\Program Files\Oxygen XML Author 21\jre\bin\fontmanager.dll
0x00007fff123d0000 - 0x00007fff1246e000 	C:\WINDOWS\System32\TextInputFramework.dll
0x00007fff21ee0000 - 0x00007fff2220a000 	C:\WINDOWS\System32\CoreUIComponents.dll
0x00007fff25bc0000 - 0x00007fff25c94000 	C:\WINDOWS\System32\CoreMessaging.dll
0x00007fff27270000 - 0x00007fff272a1000 	C:\WINDOWS\SYSTEM32\ntmarta.dll
0x00007fff21ca0000 - 0x00007fff21df3000 	C:\WINDOWS\SYSTEM32\wintypes.dll
0x00007fff181c0000 - 0x00007fff181ea000 	C:\Program Files\Oxygen XML Author 21\jre\bin\dcpr.dll
0x00007ffebd070000 - 0x00007ffebd0b2000 	C:\Program Files\Oxygen XML Author 21\jre\bin\t2k.dll
0x0000000003020000 - 0x0000000003037000 	C:\Program Files\Oxygen XML Author 21\lib\WindowsNativeHelper64.dll
0x0000000025610000 - 0x00000000256e0000 	C:\WINDOWS\System32\comdlg32.dll
0x00007fff16690000 - 0x00007fff16739000 	C:\WINDOWS\WinSxS\amd64_microsoft.windows.common-controls_6595b64144ccf1df_5.82.18362.592_none_2a2c5e32466583af\comctl32.dll
0x00007fff0c180000 - 0x00007fff0c1a4000 	C:\Program Files\Oxygen XML Author 21\jre\bin\sunec.dll
0x00007fff0aee0000 - 0x00007fff0aef6000 	C:\WINDOWS\system32\napinsp.dll
0x00007fff0aec0000 - 0x00007fff0aeda000 	C:\WINDOWS\system32\pnrpnsp.dll
0x00007fff15420000 - 0x00007fff1542e000 	C:\WINDOWS\System32\winrnr.dll
0x00007fff245e0000 - 0x00007fff245fc000 	C:\WINDOWS\system32\NLAapi.dll
0x00007fff0aea0000 - 0x00007fff0aeb5000 	C:\WINDOWS\system32\wshbth.dll
0x00007fff23c00000 - 0x00007fff23c77000 	C:\WINDOWS\System32\fwpuclnt.dll
0x00007fff1a6e0000 - 0x00007fff1a6ea000 	C:\Windows\System32\rasadhlp.dll
0x00007fff24750000 - 0x00007fff2475b000 	C:\Program Files\Oxygen XML Author 21\jre\bin\sunmscapi.dll
0x00007fff284b0000 - 0x00007fff285f9000 	C:\WINDOWS\System32\CRYPT32.dll
0x00007fff282a0000 - 0x00007fff282b2000 	C:\WINDOWS\System32\MSASN1.dll
0x00000000256e0000 - 0x0000000025758000 	\\?\C:\PROGRA~1\OXYGEN~1\lib\hunspell\HUNSPE~2.DLL
0x0000000030730000 - 0x00000000307d2000 	C:\WINDOWS\System32\clbcatq.dll
0x00007fff21770000 - 0x00007fff2191f000 	C:\WINDOWS\SYSTEM32\WindowsCodecs.dll
0x00007fff03760000 - 0x00007fff0379a000 	C:\WINDOWS\system32\dataexchange.dll
0x00007fff24f20000 - 0x00007fff2517b000 	C:\WINDOWS\system32\d3d11.dll
0x00007fff255e0000 - 0x00007fff257bb000 	C:\WINDOWS\system32\dcomp.dll
0x00007fff26f70000 - 0x00007fff2705b000 	C:\WINDOWS\system32\dxgi.dll
0x00007fff26350000 - 0x00007fff265aa000 	C:\WINDOWS\system32\twinapi.appcore.dll
0x00007fff26840000 - 0x00007fff26869000 	C:\WINDOWS\system32\RMCLIENT.dll
0x00007fff15220000 - 0x00007fff15243000 	C:\WINDOWS\SYSTEM32\edputil.dll
0x00007fff26a60000 - 0x00007fff26c54000 	C:\WINDOWS\SYSTEM32\dbghelp.dll

VM Arguments:
jvm_args: -Dexe4j.semaphoreName=Local\c:_program_files_oxygen_xml_author_21_oxygenauthor21.1.exe -Dexe4j.isInstall4j=true -Dexe4j.moduleName=C:\Program Files\Oxygen XML Author 21\oxygenAuthor21.1.exe -Dexe4j.tempDir= -Dexe4j.unextractedPosition=0 -Djava.library.path=c:\program files\oxygen xml author 21\jre\bin;C:\Program Files\Oxygen XML Author 21\.\jre\bin;C:\Program Files (x86)\Common Files\Oracle\Java\javapath;C:\WINDOWS\system32;C:\WINDOWS;C:\WINDOWS\System32\Wbem;C:\WINDOWS\System32\WindowsPowerShell\v1.0\;C:\WINDOWS\System32\OpenSSH\;C:\Program Files\Git\cmd;C:\Program Files (x86)\HCL\SafeLinx Client\;C:\Program Files\Intel\WiFi\bin\;C:\Program Files\Common Files\Intel\WirelessCommon\;C:\Program Files (x86)\ooRexx;C:\DITATools\IDWB\bin;C:\Users\rebecca.nethala\dita-otv-0.1.7\dita-ot\bin;C:\Users\rebecca.nethala\AppData\Local\GitHubDesktop\bin;C:\Users\rebecca.nethala\AppData\Local\Programs\Microsoft VS Code\bin -Dexe4j.consoleCodepage=cp0 -Dcom.oxygenxml.app.descriptor=ro.sync.exml.AuthorFrameDescriptor -XX:-OmitStackTraceInFastThrow -XX:SoftRefLRUPolicyMSPerMB=10 -Dsun.java2d.noddraw=true -Dsun.awt.nopixfmt=true -Dsun.java2d.dpiaware=true -Djava.net.preferIPv4Stack=true -Dsun.awt.keepWorkingSetOnMinimize=true -Dinstall4j.launcherId=19 -Dinstall4j.swt=false -Xmx4000m -Dcom.oxygenxml.language=English -XX:+UseParallelGC -XX:ErrorFile=C:\Users\REBECC~1.NET\AppData\Local\Temp\/oxy_jvm_crash.log -XX:OnError="C:\Program Files\Oxygen XML Author 21/rp.exe" 
java_command: C:\Program Files\Oxygen XML Author 21\oxygenAuthor21.1.exe
java_class_path (initial): C:\Program Files\Oxygen XML Author 21\.install4j\i4jruntime.jar;C:\Program Files\Oxygen XML Author 21\.\lib\oxygenAuthor.jar;C:\Program Files\Oxygen XML Author 21\.\lib\oxygen-basic-utilities.jar
Launcher Type: generic

Environment Variables:
PATH=c:\program files\oxygen xml author 21\jre\bin;C:\Program Files\Oxygen XML Author 21\.\jre\bin;C:\Program Files (x86)\Common Files\Oracle\Java\javapath;C:\WINDOWS\system32;C:\WINDOWS;C:\WINDOWS\System32\Wbem;C:\WINDOWS\System32\WindowsPowerShell\v1.0\;C:\WINDOWS\System32\OpenSSH\;C:\Program Files\Git\cmd;C:\Program Files (x86)\HCL\SafeLinx Client\;C:\Program Files\Intel\WiFi\bin\;C:\Program Files\Common Files\Intel\WirelessCommon\;C:\Program Files (x86)\ooRexx;C:\DITATools\IDWB\bin;C:\Users\rebecca.nethala\dita-otv-0.1.7\dita-ot\bin;C:\Users\rebecca.nethala\AppData\Local\GitHubDesktop\bin;C:\Users\rebecca.nethala\AppData\Local\Programs\Microsoft VS Code\bin
USERNAME=rebecca.nethala
OS=Windows_NT
PROCESSOR_IDENTIFIER=Intel64 Family 6 Model 158 Stepping 10, GenuineIntel



---------------  S Y S T E M  ---------------

OS: Windows 10.0 , 64 bit Build 18362 (10.0.18362.329)

CPU:total 12 (initial active 12) (6 cores per cpu, 2 threads per core) family 6 model 158 stepping 10, cmov, cx8, fxsr, mmx, sse, sse2, sse3, ssse3, sse4.1, sse4.2, popcnt, avx, avx2, aes, clmul, erms, 3dnowpref, lzcnt, ht, tsc, tscinvbit, bmi1, bmi2, adx

Memory: 4k page, physical 33282592k(21214712k free), swap 38263328k(22837732k free)

vm_info: Java HotSpot(TM) 64-Bit Server VM (25.202-b08) for windows-amd64 JRE (1.8.0_202-b08), built on Dec 15 2018 19:54:30 by "java_re" with MS VC++ 10.0 (VS2010)

time: Sat May 09 00:05:58 2020
timezone: India Standard Time
elapsed time: 1098 seconds (0d 0h 18m 18s)

