#
# A fatal error has been detected by the Java Runtime Environment:
#
#  EXCEPTION_ACCESS_VIOLATION (0xc0000005) at pc=0x00000000674cfead, pid=12784, tid=0x00000000000015bc
#
# JRE version: Java(TM) SE Runtime Environment (8.0_202-b08) (build 1.8.0_202-b08)
# Java VM: Java HotSpot(TM) 64-Bit Server VM (25.202-b08 mixed mode windows-amd64 compressed oops)
# Problematic frame:
# V  [jvm.dll+0x14fead]
#
# Failed to write core dump. Minidumps are not enabled by default on client versions of Windows
#
# If you would like to submit a bug report, please visit:
#   http://bugreport.java.com/bugreport/crash.jsp
#

---------------  T H R E A D  ---------------

Current thread (0x00000000203d2000):  JavaThread "AWT-Windows" daemon [_thread_in_vm, id=5564, stack(0x0000000020b10000,0x0000000020c10000)]

siginfo: ExceptionCode=0xc0000005, reading address 0x0000000000000000

Registers:
RAX=0x0000000000000000, RBX=0x00000000203d2000, RCX=0x0000000000000200, RDX=0x00000000237c02d0
RSP=0x0000000020c0ec90, RBP=0x0000000020c0ed88, RSI=0x0000000000000000, RDI=0x00000000203d21f8
R8 =0x0000000000000000, R9 =0x0000000020c0ed88, R10=0x00000000016fd190, R11=0x0000000000000000
R12=0x00000000237c02d0, R13=0x0000000000000308, R14=0x0000000000100390, R15=0x0000000000000000
RIP=0x00000000674cfead, EFLAGS=0x0000000000010246

Top of Stack: (sp=0x0000000020c0ec90)
0x0000000020c0ec90:   0000000020c0eed8 0000000000000308
0x0000000020c0eca0:   0000000000000001 00007ffac752d39d
0x0000000020c0ecb0:   0000000020c0eed8 ffffffff00000000
0x0000000020c0ecc0:   0000000000000000 fffffffffffffffe
0x0000000020c0ecd0:   0000000000000001 00007ffac752e279
0x0000000020c0ece0:   00000000203d2000 0000000000000000
0x0000000020c0ecf0:   0000000000000000 0000000000000001
0x0000000020c0ed00:   fffffffffffffffe 00000000674c731f
0x0000000020c0ed10:   0000000020c0eeb8 00007ffae66b36ca
0x0000000020c0ed20:   0000000000a83000 0000000000030000
0x0000000020c0ed30:   0000000000000000 00007ffac74c9e28
0x0000000020c0ed40:   0000000000000000 0000000000000000
0x0000000020c0ed50:   0000000000000000 0000000000000000
0x0000000020c0ed60:   00000000203d21f8 00007ffac74e9d37
0x0000000020c0ed70:   0000000000000000 0000000000000000
0x0000000020c0ed80:   0000000000000000 0000000000000000 

Instructions: (pc=0x00000000674cfead)
0x00000000674cfe8d:   00 48 83 7b 08 00 48 89 5c 24 50 48 c7 44 24 58
0x00000000674cfe9d:   00 00 00 00 74 0a 48 8d 4c 24 50 e8 03 ef 12 00
0x00000000674cfead:   48 8b 06 c7 44 24 40 0e 00 00 00 48 8d 4c 24 70
0x00000000674cfebd:   48 8b 50 08 0f b7 42 24 48 8b 52 08 48 8b 54 c2 


Register to memory mapping:

RAX=0x0000000000000000 is an unknown value
RBX=0x00000000203d2000 is a thread
RCX=0x0000000000000200 is an unknown value
RDX=0x00000000237c02d0 is a global jni handle
RSP=0x0000000020c0ec90 is pointing into the stack for thread: 0x00000000203d2000
RBP=0x0000000020c0ed88 is pointing into the stack for thread: 0x00000000203d2000
RSI=0x0000000000000000 is an unknown value
RDI=0x00000000203d21f8 is an unknown value
R8 =0x0000000000000000 is an unknown value
R9 =0x0000000020c0ed88 is pointing into the stack for thread: 0x00000000203d2000
R10=0x00000000016fd190 is an unknown value
R11=0x0000000000000000 is an unknown value
R12=0x00000000237c02d0 is a global jni handle
R13=0x0000000000000308 is an unknown value
R14=0x0000000000100390 is an unknown value
R15=0x0000000000000000 is an unknown value


Stack: [0x0000000020b10000,0x0000000020c10000],  sp=0x0000000020c0ec90,  free space=1019k
Native frames: (J=compiled Java code, j=interpreted, Vv=VM code, C=native code)
V  [jvm.dll+0x14fead]
C  [awt.dll+0x69e28]
C  [awt.dll+0x89d37]
C  [awt.dll+0xcda3c]
C  [USER32.dll+0x15b6d]
C  [USER32.dll+0x15562]
C  [awt.dll+0xcd32c]
C  [awt.dll+0xcd5db]
C  0x0000000003148c67

Java frames: (J=compiled Java code, j=interpreted, Vv=VM code)
j  sun.awt.windows.WToolkit.eventLoop()V+0
j  sun.awt.windows.WToolkit.run()V+58
j  java.lang.Thread.run()V+11
v  ~StubRoutines::call_stub

---------------  P R O C E S S  ---------------

Java Threads: ( => current thread )
  0x0000000028b24800 JavaThread "Detect hyperlinks at caret" daemon [_thread_blocked, id=14216, stack(0x0000000000fd0000,0x00000000010d0000)]
  0x0000000028b1b800 JavaThread "Tooltip timer in CC Editor" daemon [_thread_blocked, id=21708, stack(0x0000000030a20000,0x0000000030b20000)]
  0x0000000028b22000 JavaThread "Collect project resource thread" daemon [_thread_blocked, id=7884, stack(0x000000002f230000,0x000000002f330000)]
  0x0000000028b1f000 JavaThread "Batik CleanerThread" daemon [_thread_blocked, id=17744, stack(0x000000002fd00000,0x000000002fe00000)]
  0x0000000028b18800 JavaThread "Show host component tooltip timer" daemon [_thread_blocked, id=1840, stack(0x000000002e730000,0x000000002e830000)]
  0x0000000028b1e800 JavaThread "OxygenSingletonChecker-Thread" [_thread_in_native, id=23428, stack(0x000000002e630000,0x000000002e730000)]
  0x0000000028b17000 JavaThread "pool-7-thread-4" [_thread_blocked, id=22072, stack(0x0000000030120000,0x0000000030220000)]
  0x0000000028b1d000 JavaThread "pool-7-thread-3" [_thread_blocked, id=13160, stack(0x0000000030020000,0x0000000030120000)]
  0x0000000028b1d800 JavaThread "pool-7-thread-2" [_thread_blocked, id=22548, stack(0x000000002ff20000,0x0000000030020000)]
  0x0000000028b1c000 JavaThread "pool-7-thread-1" [_thread_blocked, id=15836, stack(0x000000002fe20000,0x000000002ff20000)]
  0x0000000028b20000 JavaThread "AuthorExtensionBuilder" daemon [_thread_blocked, id=23420, stack(0x000000002eb30000,0x000000002ec30000)]
  0x0000000028b1a800 JavaThread "Brackets Highlighter" [_thread_blocked, id=20164, stack(0x000000002e530000,0x000000002e630000)]
  0x0000000028b16000 JavaThread "Mark occurrences in current file" daemon [_thread_blocked, id=11812, stack(0x000000002e230000,0x000000002e330000)]
  0x0000000028b17800 JavaThread "'Save backup info' timer" [_thread_blocked, id=11980, stack(0x000000002b560000,0x000000002b660000)]
  0x00000000234d8800 JavaThread "" [_thread_blocked, id=22380, stack(0x000000002a260000,0x000000002a360000)]
  0x00000000234d7000 JavaThread "DocumentTypeProviderTimer" daemon [_thread_blocked, id=12080, stack(0x00000000243e0000,0x00000000244e0000)]
  0x00000000234d8000 JavaThread "DB Sessions Manager fire timer" daemon [_thread_blocked, id=15052, stack(0x00000000277c0000,0x00000000278c0000)]
  0x00000000234d9800 JavaThread "AutomaticallyValidation" daemon [_thread_blocked, id=10688, stack(0x00000000270c0000,0x00000000275c0000)]
  0x00000000234d6800 JavaThread "Autosave" daemon [_thread_blocked, id=2256, stack(0x0000000026fc0000,0x00000000270c0000)]
  0x0000000023354800 JavaThread "TimerQueue" daemon [_thread_blocked, id=14896, stack(0x00000000259e0000,0x0000000025ae0000)]
  0x000000002008d800 JavaThread "AutomaticallyValidation" daemon [_thread_blocked, id=8360, stack(0x00000000252e0000,0x00000000257e0000)]
  0x0000000020365000 JavaThread "Autosave" daemon [_thread_blocked, id=11856, stack(0x00000000251e0000,0x00000000252e0000)]
  0x0000000021bb7000 JavaThread "AWT-EventQueue-0" [_thread_blocked, id=17740, stack(0x00000000245e0000,0x00000000246e0000)]
  0x0000000020e69000 JavaThread "AWT-Shutdown" [_thread_blocked, id=14864, stack(0x00000000244e0000,0x00000000245e0000)]
=>0x00000000203d2000 JavaThread "AWT-Windows" daemon [_thread_in_vm, id=5564, stack(0x0000000020b10000,0x0000000020c10000)]
  0x00000000203d0800 JavaThread "Java2D Disposer" daemon [_thread_blocked, id=3976, stack(0x0000000020910000,0x0000000020a10000)]
  0x000000001e24c000 JavaThread "Service Thread" daemon [_thread_blocked, id=6488, stack(0x000000001fc20000,0x000000001fd20000)]
  0x000000001e1c5000 JavaThread "C1 CompilerThread3" daemon [_thread_blocked, id=22564, stack(0x000000001fb20000,0x000000001fc20000)]
  0x000000001e1c4800 JavaThread "C2 CompilerThread2" daemon [_thread_blocked, id=7460, stack(0x000000001fa20000,0x000000001fb20000)]
  0x000000001e1bf800 JavaThread "C2 CompilerThread1" daemon [_thread_blocked, id=2836, stack(0x000000001f920000,0x000000001fa20000)]
  0x000000001e1b5800 JavaThread "C2 CompilerThread0" daemon [_thread_blocked, id=17340, stack(0x000000001f820000,0x000000001f920000)]
  0x000000001e1b2800 JavaThread "Attach Listener" daemon [_thread_blocked, id=18292, stack(0x000000001f720000,0x000000001f820000)]
  0x000000001e1b2000 JavaThread "Signal Dispatcher" daemon [_thread_blocked, id=14860, stack(0x000000001f620000,0x000000001f720000)]
  0x000000001e1a3800 JavaThread "Finalizer" daemon [_thread_blocked, id=23076, stack(0x000000001f420000,0x000000001f520000)]
  0x00000000030dc000 JavaThread "Reference Handler" daemon [_thread_blocked, id=2144, stack(0x000000001f320000,0x000000001f420000)]
  0x0000000002fe3800 JavaThread "main" [_thread_blocked, id=23540, stack(0x0000000000c00000,0x0000000000d00000)]

Other Threads:
  0x000000001cac7800 VMThread [stack: 0x000000001f220000,0x000000001f320000] [id=10640]
  0x000000001e270800 WatcherThread [stack: 0x000000001fd20000,0x000000001fe20000] [id=1964]

VM state:not at safepoint (normal execution)

VM Mutex/Monitor currently owned by a thread: None

heap address: 0x00000006c6000000, size: 4000 MB, Compressed Oops mode: Zero based, Oop shift amount: 3
Narrow klass base: 0x0000000000000000, Narrow klass shift: 3
Compressed class space size: 1073741824 Address: 0x00000007c0000000

Heap:
 PSYoungGen      total 1078272K, used 833602K [0x000000076cb00000, 0x00000007b3a00000, 0x00000007c0000000)
  eden space 1008640K, 80% used [0x000000076cb00000,0x000000079e36ce68,0x00000007aa400000)
  from space 69632K, 31% used [0x00000007af600000,0x00000007b0ba3c28,0x00000007b3a00000)
  to   space 76800K, 0% used [0x00000007aa400000,0x00000007aa400000,0x00000007aef00000)
 ParOldGen       total 446464K, used 128999K [0x00000006c6000000, 0x00000006e1400000, 0x000000076cb00000)
  object space 446464K, 28% used [0x00000006c6000000,0x00000006cddf9e18,0x00000006e1400000)
 Metaspace       used 103020K, capacity 104056K, committed 105004K, reserved 1138688K
  class space    used 16115K, capacity 16371K, committed 16428K, reserved 1048576K

Card table byte_map: [0x00000000124f0000,0x0000000012cd0000] byte_map_base: 0x000000000eec0000

Marking Bits: (ParMarkBitMap*) 0x0000000067ba5ce0
 Begin Bits: [0x0000000013c10000, 0x0000000017a90000)
 End Bits:   [0x0000000017a90000, 0x000000001b910000)

Polling page: 0x0000000002e50000

CodeCache: size=245760Kb used=58615Kb max_used=58632Kb free=187144Kb
 bounds [0x0000000003130000, 0x0000000006ae0000, 0x0000000012130000]
 total_blobs=16160 nmethods=15214 adapters=851
 compilation: enabled

Compilation events (10 events):
Event: 699.808 Thread 0x000000001e1c5000 nmethod 19699 0x0000000006ac6bd0 code [0x0000000006ac6d40, 0x0000000006ac6f70]
Event: 699.809 Thread 0x000000001e1c5000 19700       3       java.lang.AbstractStringBuilder::lastIndexOf (15 bytes)
Event: 699.809 Thread 0x000000001e1c5000 nmethod 19700 0x0000000006ac1990 code [0x0000000006ac1b00, 0x0000000006ac1d28]
Event: 699.809 Thread 0x000000001e1c5000 19702       1       org.apache.xerces.impl.XMLErrorReporter::setDocumentLocator (6 bytes)
Event: 699.809 Thread 0x000000001e1c5000 nmethod 19702 0x0000000006ac8210 code [0x0000000006ac8360, 0x0000000006ac8490]
Event: 699.809 Thread 0x000000001e1c5000 19701       3       java.lang.String::lastIndexOf (19 bytes)
Event: 699.810 Thread 0x000000001e1c5000 nmethod 19701 0x0000000006ac8510 code [0x0000000006ac8680, 0x0000000006ac8808]
Event: 699.815 Thread 0x000000001e1c5000 19703       3       ro.sync.ui.f.m::u (32 bytes)
Event: 699.815 Thread 0x000000001e1c5000 nmethod 19703 0x0000000006ac8910 code [0x0000000006ac8ac0, 0x0000000006ac91b0]
Event: 699.833 Thread 0x000000001e1c4800 nmethod 19695 0x0000000006acd750 code [0x0000000006acd980, 0x0000000006acee78]

GC Heap History (10 events):
Event: 17.517 GC heap before
{Heap before GC invocations=12 (full 3):
 PSYoungGen      total 610304K, used 572928K [0x000000076cb00000, 0x0000000798a00000, 0x00000007c0000000)
  eden space 572928K, 100% used [0x000000076cb00000,0x000000078fa80000,0x000000078fa80000)
  from space 37376K, 0% used [0x0000000792000000,0x0000000792000000,0x0000000794480000)
  to   space 38400K, 0% used [0x000000078fa80000,0x000000078fa80000,0x0000000792000000)
 ParOldGen       total 264192K, used 33830K [0x00000006c6000000, 0x00000006d6200000, 0x000000076cb00000)
  object space 264192K, 12% used [0x00000006c6000000,0x00000006c8109950,0x00000006d6200000)
 Metaspace       used 80402K, capacity 81322K, committed 82220K, reserved 1118208K
  class space    used 13338K, capacity 13590K, committed 13612K, reserved 1048576K
Event: 17.546 GC heap after
Heap after GC invocations=12 (full 3):
 PSYoungGen      total 611328K, used 38390K [0x000000076cb00000, 0x00000007a4080000, 0x00000007c0000000)
  eden space 572928K, 0% used [0x000000076cb00000,0x000000076cb00000,0x000000078fa80000)
  from space 38400K, 99% used [0x000000078fa80000,0x0000000791ffda88,0x0000000792000000)
  to   space 53248K, 0% used [0x00000007a0c80000,0x00000007a0c80000,0x00000007a4080000)
 ParOldGen       total 264192K, used 57727K [0x00000006c6000000, 0x00000006d6200000, 0x000000076cb00000)
  object space 264192K, 21% used [0x00000006c6000000,0x00000006c985fda8,0x00000006d6200000)
 Metaspace       used 80402K, capacity 81322K, committed 82220K, reserved 1118208K
  class space    used 13338K, capacity 13590K, committed 13612K, reserved 1048576K
}
Event: 39.577 GC heap before
{Heap before GC invocations=13 (full 3):
 PSYoungGen      total 611328K, used 611318K [0x000000076cb00000, 0x00000007a4080000, 0x00000007c0000000)
  eden space 572928K, 100% used [0x000000076cb00000,0x000000078fa80000,0x000000078fa80000)
  from space 38400K, 99% used [0x000000078fa80000,0x0000000791ffda88,0x0000000792000000)
  to   space 53248K, 0% used [0x00000007a0c80000,0x00000007a0c80000,0x00000007a4080000)
 ParOldGen       total 264192K, used 57727K [0x00000006c6000000, 0x00000006d6200000, 0x000000076cb00000)
  object space 264192K, 21% used [0x00000006c6000000,0x00000006c985fda8,0x00000006d6200000)
 Metaspace       used 95973K, capacity 96918K, committed 97964K, reserved 1132544K
  class space    used 15475K, capacity 15734K, committed 15788K, reserved 1048576K
Event: 39.619 GC heap after
Heap after GC invocations=13 (full 3):
 PSYoungGen      total 822272K, used 53235K [0x000000076cb00000, 0x00000007a6780000, 0x00000007c0000000)
  eden space 769024K, 0% used [0x000000076cb00000,0x000000076cb00000,0x000000079ba00000)
  from space 53248K, 99% used [0x00000007a0c80000,0x00000007a407cec8,0x00000007a4080000)
  to   space 84480K, 0% used [0x000000079ba00000,0x000000079ba00000,0x00000007a0c80000)
 ParOldGen       total 264192K, used 120684K [0x00000006c6000000, 0x00000006d6200000, 0x000000076cb00000)
  object space 264192K, 45% used [0x00000006c6000000,0x00000006cd5db020,0x00000006d6200000)
 Metaspace       used 95973K, capacity 96918K, committed 97964K, reserved 1132544K
  class space    used 15475K, capacity 15734K, committed 15788K, reserved 1048576K
}
Event: 52.448 GC heap before
{Heap before GC invocations=14 (full 3):
 PSYoungGen      total 822272K, used 456294K [0x000000076cb00000, 0x00000007a6780000, 0x00000007c0000000)
  eden space 769024K, 52% used [0x000000076cb00000,0x000000078549ccb0,0x000000079ba00000)
  from space 53248K, 99% used [0x00000007a0c80000,0x00000007a407cec8,0x00000007a4080000)
  to   space 84480K, 0% used [0x000000079ba00000,0x000000079ba00000,0x00000007a0c80000)
 ParOldGen       total 264192K, used 120684K [0x00000006c6000000, 0x00000006d6200000, 0x000000076cb00000)
  object space 264192K, 45% used [0x00000006c6000000,0x00000006cd5db020,0x00000006d6200000)
 Metaspace       used 98886K, capacity 99808K, committed 100680K, reserved 1134592K
  class space    used 15777K, capacity 16031K, committed 16044K, reserved 1048576K
Event: 52.474 GC heap after
Heap after GC invocations=14 (full 3):
 PSYoungGen      total 853504K, used 34343K [0x000000076cb00000, 0x00000007b4380000, 0x00000007c0000000)
  eden space 769024K, 0% used [0x000000076cb00000,0x000000076cb00000,0x000000079ba00000)
  from space 84480K, 40% used [0x000000079ba00000,0x000000079db89fc8,0x00000007a0c80000)
  to   space 79360K, 0% used [0x00000007af600000,0x00000007af600000,0x00000007b4380000)
 ParOldGen       total 264192K, used 149013K [0x00000006c6000000, 0x00000006d6200000, 0x000000076cb00000)
  object space 264192K, 56% used [0x00000006c6000000,0x00000006cf1857c0,0x00000006d6200000)
 Metaspace       used 98886K, capacity 99808K, committed 100680K, reserved 1134592K
  class space    used 15777K, capacity 16031K, committed 16044K, reserved 1048576K
}
Event: 52.474 GC heap before
{Heap before GC invocations=15 (full 4):
 PSYoungGen      total 853504K, used 34343K [0x000000076cb00000, 0x00000007b4380000, 0x00000007c0000000)
  eden space 769024K, 0% used [0x000000076cb00000,0x000000076cb00000,0x000000079ba00000)
  from space 84480K, 40% used [0x000000079ba00000,0x000000079db89fc8,0x00000007a0c80000)
  to   space 79360K, 0% used [0x00000007af600000,0x00000007af600000,0x00000007b4380000)
 ParOldGen       total 264192K, used 149013K [0x00000006c6000000, 0x00000006d6200000, 0x000000076cb00000)
  object space 264192K, 56% used [0x00000006c6000000,0x00000006cf1857c0,0x00000006d6200000)
 Metaspace       used 98886K, capacity 99808K, committed 100680K, reserved 1134592K
  class space    used 15777K, capacity 16031K, committed 16044K, reserved 1048576K
Event: 52.614 GC heap after
Heap after GC invocations=15 (full 4):
 PSYoungGen      total 853504K, used 0K [0x000000076cb00000, 0x00000007b4380000, 0x00000007c0000000)
  eden space 769024K, 0% used [0x000000076cb00000,0x000000076cb00000,0x000000079ba00000)
  from space 84480K, 0% used [0x000000079ba00000,0x000000079ba00000,0x00000007a0c80000)
  to   space 79360K, 0% used [0x00000007af600000,0x00000007af600000,0x00000007b4380000)
 ParOldGen       total 446464K, used 128991K [0x00000006c6000000, 0x00000006e1400000, 0x000000076cb00000)
  object space 446464K, 28% used [0x00000006c6000000,0x00000006cddf7e18,0x00000006e1400000)
 Metaspace       used 98845K, capacity 99742K, committed 100680K, reserved 1134592K
  class space    used 15768K, capacity 16016K, committed 16044K, reserved 1048576K
}
Event: 141.224 GC heap before
{Heap before GC invocations=16 (full 4):
 PSYoungGen      total 853504K, used 769024K [0x000000076cb00000, 0x00000007b4380000, 0x00000007c0000000)
  eden space 769024K, 100% used [0x000000076cb00000,0x000000079ba00000,0x000000079ba00000)
  from space 84480K, 0% used [0x000000079ba00000,0x000000079ba00000,0x00000007a0c80000)
  to   space 79360K, 0% used [0x00000007af600000,0x00000007af600000,0x00000007b4380000)
 ParOldGen       total 446464K, used 128991K [0x00000006c6000000, 0x00000006e1400000, 0x000000076cb00000)
  object space 446464K, 28% used [0x00000006c6000000,0x00000006cddf7e18,0x00000006e1400000)
 Metaspace       used 101002K, capacity 102034K, committed 103084K, reserved 1136640K
  class space    used 15970K, capacity 16226K, committed 16300K, reserved 1048576K
Event: 141.242 GC heap after
Heap after GC invocations=16 (full 4):
 PSYoungGen      total 1078272K, used 22159K [0x000000076cb00000, 0x00000007b3a00000, 0x00000007c0000000)
  eden space 1008640K, 0% used [0x000000076cb00000,0x000000076cb00000,0x00000007aa400000)
  from space 69632K, 31% used [0x00000007af600000,0x00000007b0ba3c28,0x00000007b3a00000)
  to   space 76800K, 0% used [0x00000007aa400000,0x00000007aa400000,0x00000007aef00000)
 ParOldGen       total 446464K, used 128999K [0x00000006c6000000, 0x00000006e1400000, 0x000000076cb00000)
  object space 446464K, 28% used [0x00000006c6000000,0x00000006cddf9e18,0x00000006e1400000)
 Metaspace       used 101002K, capacity 102034K, committed 103084K, reserved 1136640K
  class space    used 15970K, capacity 16226K, committed 16300K, reserved 1048576K
}

Deoptimization events (10 events):
Event: 692.332 Thread 0x0000000021bb7000 Uncommon trap: reason=class_check action=none pc=0x0000000004b7a70c method=java.awt.Font.equals(Ljava/lang/Object;)Z @ 12
Event: 692.341 Thread 0x0000000021bb7000 Uncommon trap: reason=class_check action=none pc=0x0000000004b7a70c method=java.awt.Font.equals(Ljava/lang/Object;)Z @ 12
Event: 696.140 Thread 0x0000000021bb7000 Uncommon trap: reason=class_check action=none pc=0x0000000004b7a70c method=java.awt.Font.equals(Ljava/lang/Object;)Z @ 12
Event: 696.201 Thread 0x0000000021bb7000 Uncommon trap: reason=class_check action=none pc=0x0000000004b7a70c method=java.awt.Font.equals(Ljava/lang/Object;)Z @ 12
Event: 696.205 Thread 0x0000000021bb7000 Uncommon trap: reason=class_check action=none pc=0x0000000004b7a70c method=java.awt.Font.equals(Ljava/lang/Object;)Z @ 12
Event: 696.586 Thread 0x0000000021bb7000 Uncommon trap: reason=class_check action=none pc=0x0000000004b7a70c method=java.awt.Font.equals(Ljava/lang/Object;)Z @ 12
Event: 696.702 Thread 0x0000000021bb7000 Uncommon trap: reason=class_check action=none pc=0x0000000004b7a70c method=java.awt.Font.equals(Ljava/lang/Object;)Z @ 12
Event: 696.748 Thread 0x0000000021bb7000 Uncommon trap: reason=class_check action=none pc=0x0000000004b7a70c method=java.awt.Font.equals(Ljava/lang/Object;)Z @ 12
Event: 697.516 Thread 0x0000000021bb7000 Uncommon trap: reason=class_check action=none pc=0x0000000004b7a70c method=java.awt.Font.equals(Ljava/lang/Object;)Z @ 12
Event: 697.517 Thread 0x0000000021bb7000 Uncommon trap: reason=class_check action=none pc=0x0000000004b7a70c method=java.awt.Font.equals(Ljava/lang/Object;)Z @ 12

Classes redefined (0 events):
No events

Internal exceptions (10 events):
Event: 696.702 Thread 0x0000000021bb7000 Exception <a 'java/lang/ClassCastException'> (0x0000000795b6e0a8) thrown at [C:\re\workspace\8-2-build-windows-amd64-cygwin\jdk8u202\12323\hotspot\src\share\vm\runtime\sharedRuntime.cpp, line 605]
Event: 696.748 Thread 0x0000000021bb7000 Exception <a 'java/lang/ClassCastException'> (0x0000000795b85ee8) thrown at [C:\re\workspace\8-2-build-windows-amd64-cygwin\jdk8u202\12323\hotspot\src\share\vm\runtime\sharedRuntime.cpp, line 605]
Event: 696.748 Thread 0x0000000021bb7000 Exception <a 'java/lang/ClassCastException': java.awt.font.ShapeGraphicAttribute cannot be cast to java.awt.Font> (0x0000000795b86b00) thrown at [C:\re\workspace\8-2-build-windows-amd64-cygwin\jdk8u202\12323\hotspot\src\share\vm\interpreter\interpreterRun
Event: 696.748 Thread 0x0000000021bb7000 Exception <a 'java/lang/ClassCastException'> (0x0000000795b871a8) thrown at [C:\re\workspace\8-2-build-windows-amd64-cygwin\jdk8u202\12323\hotspot\src\share\vm\runtime\sharedRuntime.cpp, line 605]
Event: 697.516 Thread 0x0000000021bb7000 Exception <a 'java/lang/ClassCastException'> (0x0000000795c5e190) thrown at [C:\re\workspace\8-2-build-windows-amd64-cygwin\jdk8u202\12323\hotspot\src\share\vm\runtime\sharedRuntime.cpp, line 605]
Event: 697.516 Thread 0x0000000021bb7000 Exception <a 'java/lang/ClassCastException': java.awt.font.ShapeGraphicAttribute cannot be cast to java.awt.Font> (0x0000000795c5eda8) thrown at [C:\re\workspace\8-2-build-windows-amd64-cygwin\jdk8u202\12323\hotspot\src\share\vm\interpreter\interpreterRun
Event: 697.516 Thread 0x0000000021bb7000 Exception <a 'java/lang/ClassCastException'> (0x0000000795c5f450) thrown at [C:\re\workspace\8-2-build-windows-amd64-cygwin\jdk8u202\12323\hotspot\src\share\vm\runtime\sharedRuntime.cpp, line 605]
Event: 697.517 Thread 0x0000000021bb7000 Exception <a 'java/lang/ClassCastException'> (0x0000000795c7f120) thrown at [C:\re\workspace\8-2-build-windows-amd64-cygwin\jdk8u202\12323\hotspot\src\share\vm\runtime\sharedRuntime.cpp, line 605]
Event: 697.517 Thread 0x0000000021bb7000 Exception <a 'java/lang/ClassCastException': java.awt.font.ShapeGraphicAttribute cannot be cast to java.awt.Font> (0x0000000795c7fd38) thrown at [C:\re\workspace\8-2-build-windows-amd64-cygwin\jdk8u202\12323\hotspot\src\share\vm\interpreter\interpreterRun
Event: 697.517 Thread 0x0000000021bb7000 Exception <a 'java/lang/ClassCastException'> (0x0000000795c803e0) thrown at [C:\re\workspace\8-2-build-windows-amd64-cygwin\jdk8u202\12323\hotspot\src\share\vm\runtime\sharedRuntime.cpp, line 605]

Events (10 events):
Event: 699.791 Thread 0x0000000023095000 Thread added: 0x0000000023095000
Event: 699.794 Thread 0x0000000023095000 Thread exited: 0x0000000023095000
Event: 699.796 Thread 0x0000000023090800 Thread added: 0x0000000023090800
Event: 699.798 Thread 0x0000000023090800 Thread exited: 0x0000000023090800
Event: 699.799 Thread 0x000000002008d800 DEOPT PACKING pc=0x0000000006aa99a7 sp=0x00000000257de380
Event: 699.799 Thread 0x000000002008d800 DEOPT UNPACKING pc=0x0000000003177890 sp=0x00000000257de108 mode 0
Event: 699.803 Thread 0x0000000023094800 Thread added: 0x0000000023094800
Event: 699.805 Thread 0x0000000023094800 Thread exited: 0x0000000023094800
Event: 699.808 Thread 0x0000000023096000 Thread added: 0x0000000023096000
Event: 699.809 Thread 0x0000000023096000 Thread exited: 0x0000000023096000


Dynamic libraries:
0x00007ff7b1af0000 - 0x00007ff7b1b9f000 	C:\Program Files\Oxygen XML Author 21\oxygenAuthor21.1.exe
0x00007ffae7980000 - 0x00007ffae7b70000 	C:\WINDOWS\SYSTEM32\ntdll.dll
0x00007ffae6a50000 - 0x00007ffae6b02000 	C:\WINDOWS\System32\KERNEL32.DLL
0x00007ffae5330000 - 0x00007ffae55d3000 	C:\WINDOWS\System32\KERNELBASE.dll
0x000000006a140000 - 0x000000006a1d5000 	C:\WINDOWS\System32\SYSFER.DLL
0x00007ffae64c0000 - 0x00007ffae6563000 	C:\WINDOWS\System32\ADVAPI32.dll
0x00007ffae6b10000 - 0x00007ffae6bae000 	C:\WINDOWS\System32\msvcrt.dll
0x00007ffae7630000 - 0x00007ffae76c7000 	C:\WINDOWS\System32\sechost.dll
0x00007ffae6570000 - 0x00007ffae6690000 	C:\WINDOWS\System32\RPCRT4.dll
0x00007ffabebb0000 - 0x00007ffabedd6000 	C:\WINDOWS\system32\ctiuser.dll
0x00007ffae6690000 - 0x00007ffae6824000 	C:\WINDOWS\System32\USER32.dll
0x00007ffae4a60000 - 0x00007ffae4a81000 	C:\WINDOWS\System32\win32u.dll
0x00007ffae6d10000 - 0x00007ffae6d36000 	C:\WINDOWS\System32\GDI32.dll
0x00007ffae5830000 - 0x00007ffae59c4000 	C:\WINDOWS\System32\gdi32full.dll
0x00007ffae4910000 - 0x00007ffae49ae000 	C:\WINDOWS\System32\msvcp_win.dll
0x00007ffae55e0000 - 0x00007ffae56da000 	C:\WINDOWS\System32\ucrtbase.dll
0x00007ffae6bb0000 - 0x00007ffae6d06000 	C:\WINDOWS\System32\ole32.dll
0x00007ffae5d10000 - 0x00007ffae6046000 	C:\WINDOWS\System32\combase.dll
0x00007ffae5280000 - 0x00007ffae5300000 	C:\WINDOWS\System32\bcryptPrimitives.dll
0x00007ffae76d0000 - 0x00007ffae76d8000 	C:\WINDOWS\System32\PSAPI.DLL
0x00007ffada4a0000 - 0x00007ffada4aa000 	C:\WINDOWS\SYSTEM32\FLTLIB.DLL
0x00007ffae7890000 - 0x00007ffae78be000 	C:\WINDOWS\System32\IMM32.DLL
0x0000000068000000 - 0x000000006805e000 	C:\WINDOWS\System32\QIPCAP64.dll
0x00007ffae6e70000 - 0x00007ffae7555000 	C:\WINDOWS\System32\SHELL32.dll
0x00007ffae5210000 - 0x00007ffae525a000 	C:\WINDOWS\System32\cfgmgr32.dll
0x00007ffae68c0000 - 0x00007ffae6969000 	C:\WINDOWS\System32\shcore.dll
0x00007ffae4a90000 - 0x00007ffae520f000 	C:\WINDOWS\System32\windows.storage.dll
0x00007ffae48f0000 - 0x00007ffae490f000 	C:\WINDOWS\System32\profapi.dll
0x00007ffae4860000 - 0x00007ffae48aa000 	C:\WINDOWS\System32\powrprof.dll
0x00007ffae4850000 - 0x00007ffae4860000 	C:\WINDOWS\System32\UMPDC.dll
0x00007ffae5c00000 - 0x00007ffae5c52000 	C:\WINDOWS\System32\shlwapi.dll
0x00007ffae48d0000 - 0x00007ffae48e1000 	C:\WINDOWS\System32\kernel.appcore.dll
0x00007ffae5260000 - 0x00007ffae5277000 	C:\WINDOWS\System32\cryptsp.dll
0x00007ffae3e20000 - 0x00007ffae3eea000 	C:\WINDOWS\SYSTEM32\DNSAPI.dll
0x00007ffae75c0000 - 0x00007ffae762f000 	C:\WINDOWS\System32\WS2_32.dll
0x00007ffae6830000 - 0x00007ffae6838000 	C:\WINDOWS\System32\NSI.dll
0x00007ffae3dd0000 - 0x00007ffae3e0a000 	C:\WINDOWS\SYSTEM32\IPHLPAPI.DLL
0x00007ffad24d0000 - 0x00007ffad2755000 	C:\WINDOWS\WinSxS\amd64_microsoft.windows.common-controls_6595b64144ccf1df_6.0.18362.592_none_e6c0b1911312be02\comctl32.dll
0x0000000067380000 - 0x0000000067c25000 	c:\program files\oxygen xml author 21\jre\bin\server\jvm.dll
0x00007ffad33a0000 - 0x00007ffad33a9000 	C:\WINDOWS\SYSTEM32\WSOCK32.dll
0x00007ffad5b20000 - 0x00007ffad5b44000 	C:\WINDOWS\SYSTEM32\WINMM.dll
0x00007ffade680000 - 0x00007ffade68a000 	C:\WINDOWS\SYSTEM32\VERSION.dll
0x0000000067d50000 - 0x0000000067e22000 	C:\WINDOWS\SYSTEM32\MSVCR100.dll
0x00007ffad6b80000 - 0x00007ffad6bad000 	C:\WINDOWS\SYSTEM32\WINMMBASE.dll
0x00007ffade910000 - 0x00007ffade91f000 	c:\program files\oxygen xml author 21\jre\bin\verify.dll
0x00007ffadc330000 - 0x00007ffadc359000 	c:\program files\oxygen xml author 21\jre\bin\java.dll
0x00007ffadde10000 - 0x00007ffadde26000 	c:\program files\oxygen xml author 21\jre\bin\zip.dll
0x0000000180000000 - 0x0000000180032000 	C:\Program Files\Oxygen XML Author 21\.install4j\i4jinst.dll
0x000000001fe20000 - 0x000000001fee4000 	C:\WINDOWS\System32\OLEAUT32.dll
0x00007ffadde90000 - 0x00007ffadde9d000 	C:\Program Files\Oxygen XML Author 21\jre\bin\management.dll
0x00007ffadc300000 - 0x00007ffadc326000 	C:\Program Files\Oxygen XML Author 21\jre\bin\JavaAccessBridge-64.dll
0x00007ffac7460000 - 0x00007ffac75f9000 	C:\Program Files\Oxygen XML Author 21\jre\bin\awt.dll
0x00007ffae2010000 - 0x00007ffae209f000 	C:\WINDOWS\SYSTEM32\apphelp.dll
0x00007ffae2ac0000 - 0x00007ffae2b59000 	C:\WINDOWS\system32\uxtheme.dll
0x00007ffae76e0000 - 0x00007ffae7815000 	C:\WINDOWS\System32\MSCTF.dll
0x00007ffae2d40000 - 0x00007ffae2d6d000 	C:\WINDOWS\system32\DWMAPI.DLL
0x00007ffab2e20000 - 0x00007ffab2f76000 	C:\WINDOWS\system32\opengl32.dll
0x00007ffab2db0000 - 0x00007ffab2ddc000 	C:\WINDOWS\SYSTEM32\GLU32.dll
0x00007ffae34c0000 - 0x00007ffae34e0000 	C:\WINDOWS\SYSTEM32\dxcore.dll
0x00007ffae3c30000 - 0x00007ffae3c63000 	C:\WINDOWS\system32\rsaenh.dll
0x000000001fef0000 - 0x000000001ff16000 	C:\WINDOWS\System32\bcrypt.dll
0x00007ffae4770000 - 0x00007ffae4795000 	C:\WINDOWS\SYSTEM32\USERENV.dll
0x00007ffae4290000 - 0x00007ffae429c000 	C:\WINDOWS\SYSTEM32\CRYPTBASE.dll
0x00007ffadc2e0000 - 0x00007ffadc2fa000 	C:\Program Files\Oxygen XML Author 21\jre\bin\net.dll
0x00007ffad5870000 - 0x00007ffad5a46000 	C:\WINDOWS\SYSTEM32\urlmon.dll
0x00007ffad9bf0000 - 0x00007ffad9e96000 	C:\WINDOWS\SYSTEM32\iertutil.dll
0x00007ffae40c0000 - 0x00007ffae4127000 	C:\WINDOWS\system32\mswsock.dll
0x00007ffadf940000 - 0x00007ffadf956000 	C:\WINDOWS\SYSTEM32\dhcpcsvc6.DLL
0x00007ffadf280000 - 0x00007ffadf29c000 	C:\WINDOWS\SYSTEM32\dhcpcsvc.DLL
0x00007ffadc2c0000 - 0x00007ffadc2d2000 	C:\Program Files\Oxygen XML Author 21\jre\bin\nio.dll
0x0000000020a10000 - 0x0000000020a48000 	C:\Program Files\Oxygen XML Author 21\lib\com\sun\jna\win32-x86-64\jnidispatch.dll
0x00007ffad9140000 - 0x00007ffad9187000 	C:\Program Files\Oxygen XML Author 21\jre\bin\fontmanager.dll
0x00007ffac7330000 - 0x00007ffac73ce000 	C:\WINDOWS\System32\TextInputFramework.dll
0x00007ffac8610000 - 0x00007ffac893a000 	C:\WINDOWS\System32\CoreUIComponents.dll
0x00007ffae1f00000 - 0x00007ffae1fd4000 	C:\WINDOWS\System32\CoreMessaging.dll
0x00007ffae3880000 - 0x00007ffae38b1000 	C:\WINDOWS\SYSTEM32\ntmarta.dll
0x00007ffadef30000 - 0x00007ffadf083000 	C:\WINDOWS\SYSTEM32\wintypes.dll
0x00007ffad9110000 - 0x00007ffad913a000 	C:\Program Files\Oxygen XML Author 21\jre\bin\dcpr.dll
0x00007ffad90c0000 - 0x00007ffad9102000 	C:\Program Files\Oxygen XML Author 21\jre\bin\t2k.dll
0x000000001ff20000 - 0x000000001ff37000 	C:\Program Files\Oxygen XML Author 21\lib\WindowsNativeHelper64.dll
0x00007ffae6d40000 - 0x00007ffae6e10000 	C:\WINDOWS\System32\comdlg32.dll
0x00007ffad7790000 - 0x00007ffad7839000 	C:\WINDOWS\WinSxS\amd64_microsoft.windows.common-controls_6595b64144ccf1df_5.82.18362.592_none_2a2c5e32466583af\comctl32.dll
0x00007fface5a0000 - 0x00007fface5b6000 	C:\WINDOWS\system32\napinsp.dll
0x00007fface580000 - 0x00007fface59a000 	C:\WINDOWS\system32\pnrpnsp.dll
0x00007fface570000 - 0x00007fface57e000 	C:\WINDOWS\System32\winrnr.dll
0x00007ffae2500000 - 0x00007ffae251c000 	C:\WINDOWS\system32\NLAapi.dll
0x00007fface550000 - 0x00007fface565000 	C:\WINDOWS\system32\wshbth.dll
0x00007ffadf6d0000 - 0x00007ffadf747000 	C:\WINDOWS\System32\fwpuclnt.dll
0x00007ffadd410000 - 0x00007ffadd41a000 	C:\Windows\System32\rasadhlp.dll
0x0000000025ae0000 - 0x0000000025b58000 	\\?\C:\PROGRA~1\OXYGEN~1\lib\hunspell\HUNSPE~2.DLL
0x00007ffae5c60000 - 0x00007ffae5d02000 	C:\WINDOWS\System32\clbcatq.dll
0x00007ffac8150000 - 0x00007ffac82ff000 	C:\WINDOWS\SYSTEM32\WindowsCodecs.dll
0x00007ffab2c10000 - 0x00007ffab2c4a000 	C:\WINDOWS\system32\dataexchange.dll
0x00007ffae1420000 - 0x00007ffae167b000 	C:\WINDOWS\system32\d3d11.dll
0x00007ffae19f0000 - 0x00007ffae1bcb000 	C:\WINDOWS\system32\dcomp.dll
0x00007ffae3550000 - 0x00007ffae363b000 	C:\WINDOWS\system32\dxgi.dll
0x00007ffae27a0000 - 0x00007ffae29fa000 	C:\WINDOWS\system32\twinapi.appcore.dll
0x00007ffae2e20000 - 0x00007ffae2e49000 	C:\WINDOWS\system32\RMCLIENT.dll
0x00007ffae3190000 - 0x00007ffae3384000 	C:\WINDOWS\SYSTEM32\dbghelp.dll
0x00007ffad6030000 - 0x00007ffad605a000 	C:\WINDOWS\SYSTEM32\dbgcore.DLL

VM Arguments:
jvm_args: -Dexe4j.semaphoreName=Local\c:_program_files_oxygen_xml_author_21_oxygenauthor21.1.exe -Dexe4j.isInstall4j=true -Dexe4j.moduleName=C:\Program Files\Oxygen XML Author 21\oxygenAuthor21.1.exe -Dexe4j.tempDir= -Dexe4j.unextractedPosition=0 -Djava.library.path=c:\program files\oxygen xml author 21\jre\bin;C:\Program Files\Oxygen XML Author 21\.\jre\bin;C:\Program Files (x86)\Common Files\Oracle\Java\javapath;C:\WINDOWS\system32;C:\WINDOWS;C:\WINDOWS\System32\Wbem;C:\WINDOWS\System32\WindowsPowerShell\v1.0\;C:\WINDOWS\System32\OpenSSH\;C:\Program Files\Git\cmd;C:\Program Files (x86)\HCL\SafeLinx Client\;C:\Program Files\Intel\WiFi\bin\;C:\Program Files\Common Files\Intel\WirelessCommon\;C:\Program Files (x86)\ooRexx;C:\DITATools\IDWB\bin;C:\Program Files\Amazon\AWSCLI\bin\;C:\Users\rebecca.nethala\dita-otv-0.1.7\dita-ot\bin;C:\Users\rebecca.nethala\AppData\Local\GitHubDesktop\bin;C:\Users\rebecca.nethala\AppData\Local\Programs\Microsoft VS Code\bin -Dexe4j.consoleCodepage=cp0 -Dcom.oxygenxml.app.descriptor=ro.sync.exml.AuthorFrameDescriptor -XX:-OmitStackTraceInFastThrow -XX:SoftRefLRUPolicyMSPerMB=10 -Dsun.java2d.noddraw=true -Dsun.awt.nopixfmt=true -Dsun.java2d.dpiaware=true -Djava.net.preferIPv4Stack=true -Dsun.awt.keepWorkingSetOnMinimize=true -Dinstall4j.launcherId=19 -Dinstall4j.swt=false -Xmx4000m -Dcom.oxygenxml.language=English -XX:+UseParallelGC -XX:ErrorFile=C:\Users\REBECC~1.NET\AppData\Local\Temp\/oxy_jvm_crash.log -XX:OnError="C:\Program Files\Oxygen XML Author 21/rp.exe" 
java_command: C:\Program Files\Oxygen XML Author 21\oxygenAuthor21.1.exe
java_class_path (initial): C:\Program Files\Oxygen XML Author 21\.install4j\i4jruntime.jar;C:\Program Files\Oxygen XML Author 21\.\lib\oxygenAuthor.jar;C:\Program Files\Oxygen XML Author 21\.\lib\oxygen-basic-utilities.jar
Launcher Type: generic

Environment Variables:
PATH=c:\program files\oxygen xml author 21\jre\bin;C:\Program Files\Oxygen XML Author 21\.\jre\bin;C:\Program Files (x86)\Common Files\Oracle\Java\javapath;C:\WINDOWS\system32;C:\WINDOWS;C:\WINDOWS\System32\Wbem;C:\WINDOWS\System32\WindowsPowerShell\v1.0\;C:\WINDOWS\System32\OpenSSH\;C:\Program Files\Git\cmd;C:\Program Files (x86)\HCL\SafeLinx Client\;C:\Program Files\Intel\WiFi\bin\;C:\Program Files\Common Files\Intel\WirelessCommon\;C:\Program Files (x86)\ooRexx;C:\DITATools\IDWB\bin;C:\Program Files\Amazon\AWSCLI\bin\;C:\Users\rebecca.nethala\dita-otv-0.1.7\dita-ot\bin;C:\Users\rebecca.nethala\AppData\Local\GitHubDesktop\bin;C:\Users\rebecca.nethala\AppData\Local\Programs\Microsoft VS Code\bin
USERNAME=rebecca.nethala
OS=Windows_NT
PROCESSOR_IDENTIFIER=Intel64 Family 6 Model 158 Stepping 10, GenuineIntel



---------------  S Y S T E M  ---------------

OS: Windows 10.0 , 64 bit Build 18362 (10.0.18362.329)

CPU:total 12 (initial active 12) (6 cores per cpu, 2 threads per core) family 6 model 158 stepping 10, cmov, cx8, fxsr, mmx, sse, sse2, sse3, ssse3, sse4.1, sse4.2, popcnt, avx, avx2, aes, clmul, erms, 3dnowpref, lzcnt, ht, tsc, tscinvbit, bmi1, bmi2, adx

Memory: 4k page, physical 33282592k(21409876k free), swap 66837024k(52396724k free)

vm_info: Java HotSpot(TM) 64-Bit Server VM (25.202-b08) for windows-amd64 JRE (1.8.0_202-b08), built on Dec 15 2018 19:54:30 by "java_re" with MS VC++ 10.0 (VS2010)

time: Tue Mar 23 15:27:41 2021
timezone: India Standard Time
elapsed time: 891 seconds (0d 0h 14m 51s)

