#
# A fatal error has been detected by the Java Runtime Environment:
#
#  EXCEPTION_ACCESS_VIOLATION (0xc0000005) at pc=0x0000000072b0fead, pid=25556, tid=0x00000000000055e4
#
# JRE version: Java(TM) SE Runtime Environment (8.0_202-b08) (build 1.8.0_202-b08)
# Java VM: Java HotSpot(TM) 64-Bit Server VM (25.202-b08 mixed mode windows-amd64 compressed oops)
# Problematic frame:
# V  [jvm.dll+0x14fead]
#
# Failed to write core dump. Minidumps are not enabled by default on client versions of Windows
#
# If you would like to submit a bug report, please visit:
#   http://bugreport.java.com/bugreport/crash.jsp
#

---------------  T H R E A D  ---------------

Current thread (0x000000002079c000):  JavaThread "AWT-Windows" daemon [_thread_in_vm, id=21988, stack(0x0000000020f00000,0x0000000021000000)]

siginfo: ExceptionCode=0xc0000005, reading address 0x0000000000000000

Registers:
RAX=0x0000000000000000, RBX=0x000000002079c000, RCX=0x0000000000000c00, RDX=0x000000002a111e70
RSP=0x0000000020fff1b0, RBP=0x0000000020fff2a8, RSI=0x0000000000000000, RDI=0x000000002079c1f8
R8 =0x0000000000000000, R9 =0x0000000020fff2a8, R10=0x0000000001ba9e60, R11=0x0000000000000000
R12=0x000000002a111e70, R13=0x0000000000000308, R14=0x000000000032150e, R15=0x0000000000000000
RIP=0x0000000072b0fead, EFLAGS=0x0000000000010246

Top of Stack: (sp=0x0000000020fff1b0)
0x0000000020fff1b0:   0000000020fff3f8 0000000000000308
0x0000000020fff1c0:   0000000000000001 00007ffed0b4d39d
0x0000000020fff1d0:   0000000020fff3f8 ffffffff00000000
0x0000000020fff1e0:   0000000000000000 fffffffffffffffe
0x0000000020fff1f0:   0000000000000001 00007ffed0b4e279
0x0000000020fff200:   000000002079c000 0000000000000000
0x0000000020fff210:   0000000000000000 0000000000000001
0x0000000020fff220:   fffffffffffffffe 0000000072b0731f
0x0000000020fff230:   0000000020fff3d8 00007ffef52436ca
0x0000000020fff240:   0000000000f5a000 0000000000030000
0x0000000020fff250:   0000000000000000 00007ffed0ae9e28
0x0000000020fff260:   0000000000000000 0000000000000000
0x0000000020fff270:   0000000000000000 0000000000000000
0x0000000020fff280:   000000002079c1f8 00007ffed0b09d37
0x0000000020fff290:   0000000000000000 0000000000000000
0x0000000020fff2a0:   0000000000000000 0000000000000000 

Instructions: (pc=0x0000000072b0fead)
0x0000000072b0fe8d:   00 48 83 7b 08 00 48 89 5c 24 50 48 c7 44 24 58
0x0000000072b0fe9d:   00 00 00 00 74 0a 48 8d 4c 24 50 e8 03 ef 12 00
0x0000000072b0fead:   48 8b 06 c7 44 24 40 0e 00 00 00 48 8d 4c 24 70
0x0000000072b0febd:   48 8b 50 08 0f b7 42 24 48 8b 52 08 48 8b 54 c2 


Register to memory mapping:

RAX=0x0000000000000000 is an unknown value
RBX=0x000000002079c000 is a thread
RCX=0x0000000000000c00 is an unknown value
RDX=0x000000002a111e70 is a global jni handle
RSP=0x0000000020fff1b0 is pointing into the stack for thread: 0x000000002079c000
RBP=0x0000000020fff2a8 is pointing into the stack for thread: 0x000000002079c000
RSI=0x0000000000000000 is an unknown value
RDI=0x000000002079c1f8 is an unknown value
R8 =0x0000000000000000 is an unknown value
R9 =0x0000000020fff2a8 is pointing into the stack for thread: 0x000000002079c000
R10=0x0000000001ba9e60 is an unknown value
R11=0x0000000000000000 is an unknown value
R12=0x000000002a111e70 is a global jni handle
R13=0x0000000000000308 is an unknown value
R14=0x000000000032150e is an unknown value
R15=0x0000000000000000 is an unknown value


Stack: [0x0000000020f00000,0x0000000021000000],  sp=0x0000000020fff1b0,  free space=1020k
Native frames: (J=compiled Java code, j=interpreted, Vv=VM code, C=native code)
V  [jvm.dll+0x14fead]
C  [awt.dll+0x69e28]
C  [awt.dll+0x89d37]
C  [awt.dll+0xcda3c]
C  [USER32.dll+0x15b6d]
C  [USER32.dll+0x15562]
C  [awt.dll+0xcd32c]
C  [awt.dll+0xcd5db]
C  0x00000000034e8c67

Java frames: (J=compiled Java code, j=interpreted, Vv=VM code)
j  sun.awt.windows.WToolkit.eventLoop()V+0
j  sun.awt.windows.WToolkit.run()V+58
j  java.lang.Thread.run()V+11
v  ~StubRoutines::call_stub

---------------  P R O C E S S  ---------------

Java Threads: ( => current thread )
  0x00000000217ea000 JavaThread "Detect hyperlinks at caret" daemon [_thread_blocked, id=20268, stack(0x0000000030f00000,0x0000000031000000)]
  0x00000000217e9800 JavaThread "Tooltip timer in CC Editor" daemon [_thread_blocked, id=20344, stack(0x0000000001560000,0x0000000001660000)]
  0x000000002483a800 JavaThread "Batik CleanerThread" daemon [_thread_blocked, id=7972, stack(0x000000002e6a0000,0x000000002e7a0000)]
  0x000000002546d000 JavaThread "Collect project resource thread" daemon [_thread_blocked, id=25516, stack(0x00000000281a0000,0x00000000282a0000)]
  0x000000002546a800 JavaThread "Show host component tooltip timer" daemon [_thread_blocked, id=24476, stack(0x0000000030e00000,0x0000000030f00000)]
  0x0000000025469000 JavaThread "OxygenSingletonChecker-Thread" [_thread_in_native, id=13212, stack(0x000000002fd00000,0x000000002fe00000)]
  0x0000000025461000 JavaThread "pool-7-thread-4" [_thread_blocked, id=24792, stack(0x000000002f7c0000,0x000000002f8c0000)]
  0x0000000025467800 JavaThread "pool-7-thread-3" [_thread_blocked, id=24920, stack(0x000000002efc0000,0x000000002f0c0000)]
  0x0000000025467000 JavaThread "pool-7-thread-2" [_thread_blocked, id=16076, stack(0x000000002e2a0000,0x000000002e3a0000)]
  0x0000000025465800 JavaThread "pool-7-thread-1" [_thread_blocked, id=5712, stack(0x000000002e1a0000,0x000000002e2a0000)]
  0x0000000025460000 JavaThread "AuthorExtensionBuilder" daemon [_thread_blocked, id=2184, stack(0x000000002e3a0000,0x000000002e4a0000)]
  0x0000000025462800 JavaThread "Brackets Highlighter" [_thread_blocked, id=19700, stack(0x000000002dea0000,0x000000002dfa0000)]
  0x0000000025461800 JavaThread "Mark occurrences in current file" daemon [_thread_blocked, id=24300, stack(0x000000002c7c0000,0x000000002c8c0000)]
  0x000000002545e800 JavaThread "'Save backup info' timer" [_thread_blocked, id=3116, stack(0x000000002aa70000,0x000000002ab70000)]
  0x0000000025464000 JavaThread "" [_thread_blocked, id=23884, stack(0x000000002a740000,0x000000002a840000)]
  0x0000000024839000 JavaThread "DocumentTypeProviderTimer" daemon [_thread_blocked, id=24628, stack(0x00000000282a0000,0x00000000283a0000)]
  0x0000000024838800 JavaThread "DB Sessions Manager fire timer" daemon [_thread_blocked, id=11056, stack(0x0000000027ca0000,0x0000000027da0000)]
  0x000000002483a000 JavaThread "AutomaticallyValidation" daemon [_thread_blocked, id=21428, stack(0x00000000275a0000,0x0000000027aa0000)]
  0x000000002483b800 JavaThread "Autosave" daemon [_thread_blocked, id=18772, stack(0x00000000274a0000,0x00000000275a0000)]
  0x000000001e8fe800 JavaThread "TimerQueue" daemon [_thread_blocked, id=20180, stack(0x0000000025e90000,0x0000000025f90000)]
  0x0000000022086000 JavaThread "AutomaticallyValidation" daemon [_thread_blocked, id=22608, stack(0x0000000025790000,0x0000000025c90000)]
  0x00000000245a3800 JavaThread "Autosave" daemon [_thread_blocked, id=24620, stack(0x0000000025690000,0x0000000025790000)]
  0x0000000020b51000 JavaThread "AWT-EventQueue-0" [_thread_blocked, id=20956, stack(0x0000000023100000,0x0000000023200000)]
  0x0000000022156000 JavaThread "AWT-Shutdown" [_thread_blocked, id=24988, stack(0x0000000023000000,0x0000000023100000)]
=>0x000000002079c000 JavaThread "AWT-Windows" daemon [_thread_in_vm, id=21988, stack(0x0000000020f00000,0x0000000021000000)]
  0x000000002079b000 JavaThread "Java2D Disposer" daemon [_thread_blocked, id=20748, stack(0x0000000020d00000,0x0000000020e00000)]
  0x000000001e647000 JavaThread "Service Thread" daemon [_thread_blocked, id=7664, stack(0x0000000020020000,0x0000000020120000)]
  0x000000001e5e2000 JavaThread "C1 CompilerThread3" daemon [_thread_blocked, id=24140, stack(0x000000001ff20000,0x0000000020020000)]
  0x000000001e5c1800 JavaThread "C2 CompilerThread2" daemon [_thread_blocked, id=11460, stack(0x000000001fe20000,0x000000001ff20000)]
  0x000000001e5bc800 JavaThread "C2 CompilerThread1" daemon [_thread_blocked, id=24404, stack(0x000000001fd20000,0x000000001fe20000)]
  0x000000001e5b2000 JavaThread "C2 CompilerThread0" daemon [_thread_blocked, id=20720, stack(0x000000001fc20000,0x000000001fd20000)]
  0x000000001e5b0800 JavaThread "Attach Listener" daemon [_thread_blocked, id=25484, stack(0x000000001fb20000,0x000000001fc20000)]
  0x000000001e5af800 JavaThread "Signal Dispatcher" daemon [_thread_blocked, id=15160, stack(0x000000001fa20000,0x000000001fb20000)]
  0x000000001e5a3000 JavaThread "Finalizer" daemon [_thread_blocked, id=21756, stack(0x000000001f820000,0x000000001f920000)]
  0x000000001cebc800 JavaThread "Reference Handler" daemon [_thread_blocked, id=21412, stack(0x000000001f720000,0x000000001f820000)]
  0x00000000033b3800 JavaThread "main" [_thread_blocked, id=25244, stack(0x0000000001000000,0x0000000001100000)]

Other Threads:
  0x000000001ceb8800 VMThread [stack: 0x000000001f620000,0x000000001f720000] [id=18956]
  0x000000001e66c800 WatcherThread [stack: 0x0000000020120000,0x0000000020220000] [id=24172]

VM state:not at safepoint (normal execution)

VM Mutex/Monitor currently owned by a thread: None

heap address: 0x00000006c6000000, size: 4000 MB, Compressed Oops mode: Zero based, Oop shift amount: 3
Narrow klass base: 0x0000000000000000, Narrow klass shift: 3
Compressed class space size: 1073741824 Address: 0x00000007c0000000

Heap:
 PSYoungGen      total 222720K, used 123144K [0x000000076cb00000, 0x000000077dd80000, 0x00000007c0000000)
  eden space 167424K, 65% used [0x000000076cb00000,0x0000000773581f10,0x0000000776e80000)
  from space 55296K, 25% used [0x000000077a780000,0x000000077b540308,0x000000077dd80000)
  to   space 56832K, 0% used [0x0000000776e80000,0x0000000776e80000,0x000000077a600000)
 ParOldGen       total 1086464K, used 210414K [0x00000006c6000000, 0x0000000708500000, 0x000000076cb00000)
  object space 1086464K, 19% used [0x00000006c6000000,0x00000006d2d7bb58,0x0000000708500000)
 Metaspace       used 112208K, capacity 113534K, committed 114176K, reserved 1146880K
  class space    used 16774K, capacity 17094K, committed 17152K, reserved 1048576K

Card table byte_map: [0x0000000012890000,0x0000000013070000] byte_map_base: 0x000000000f260000

Marking Bits: (ParMarkBitMap*) 0x00000000731e5ce0
 Begin Bits: [0x0000000013fb0000, 0x0000000017e30000)
 End Bits:   [0x0000000017e30000, 0x000000001bcb0000)

Polling page: 0x0000000002fb0000

CodeCache: size=245760Kb used=84182Kb max_used=84228Kb free=161577Kb
 bounds [0x00000000034d0000, 0x00000000087c0000, 0x00000000124d0000]
 total_blobs=22232 nmethods=21261 adapters=877
 compilation: enabled

Compilation events (10 events):
Event: 46569.571 Thread 0x000000001e5c1800 28232       4       javax.swing.text.DefaultHighlighter::paintLayeredHighlights (104 bytes)
Event: 46569.587 Thread 0x000000001e5c1800 nmethod 28232 0x0000000004851590 code [0x0000000004851720, 0x0000000004851f68]
Event: 46571.535 Thread 0x000000001e5e2000 28233       1       ro.sync.ecss.g.g::ob (2 bytes)
Event: 46571.536 Thread 0x000000001e5e2000 nmethod 28233 0x00000000064ca6d0 code [0x00000000064ca820, 0x00000000064ca930]
Event: 46571.539 Thread 0x000000001e5e2000 28234       3       ro.sync.ecss.css.functions.fb::l (7 bytes)
Event: 46571.539 Thread 0x000000001e5e2000 nmethod 28234 0x00000000087a1690 code [0x00000000087a1800, 0x00000000087a1a08]
Event: 46571.539 Thread 0x000000001e5e2000 28235       3       ro.sync.ecss.css.functions.z::i (54 bytes)
Event: 46571.540 Thread 0x000000001e5e2000 nmethod 28235 0x0000000005972850 code [0x0000000005972a20, 0x0000000005973118]
Event: 46572.541 Thread 0x000000001e5bc800 28236 %     4       javax.swing.text.GapContent::removeUnusedMarks @ 19 (65 bytes)
Event: 46572.553 Thread 0x000000001e5bc800 nmethod 28236% 0x0000000004487190 code [0x0000000004487320, 0x0000000004487a08]

GC Heap History (10 events):
Event: 46425.747 GC heap before
{Heap before GC invocations=68 (full 4):
 PSYoungGen      total 196096K, used 195976K [0x000000076cb00000, 0x000000077ee80000, 0x00000007c0000000)
  eden space 172544K, 100% used [0x000000076cb00000,0x0000000777380000,0x0000000777380000)
  from space 23552K, 99% used [0x0000000777480000,0x0000000778b62060,0x0000000778b80000)
  to   space 62976K, 0% used [0x000000077b100000,0x000000077b100000,0x000000077ee80000)
 ParOldGen       total 1086464K, used 204292K [0x00000006c6000000, 0x0000000708500000, 0x000000076cb00000)
  object space 1086464K, 18% used [0x00000006c6000000,0x00000006d2781058,0x0000000708500000)
 Metaspace       used 112037K, capacity 113306K, committed 114176K, reserved 1146880K
  class space    used 16770K, capacity 17088K, committed 17152K, reserved 1048576K
Event: 46425.755 GC heap after
Heap after GC invocations=68 (full 4):
 PSYoungGen      total 231424K, used 17894K [0x000000076cb00000, 0x000000077eb80000, 0x00000007c0000000)
  eden space 171520K, 0% used [0x000000076cb00000,0x000000076cb00000,0x0000000777280000)
  from space 59904K, 29% used [0x000000077b100000,0x000000077c2799d0,0x000000077eb80000)
  to   space 61952K, 0% used [0x0000000777280000,0x0000000777280000,0x000000077af00000)
 ParOldGen       total 1086464K, used 205528K [0x00000006c6000000, 0x0000000708500000, 0x000000076cb00000)
  object space 1086464K, 18% used [0x00000006c6000000,0x00000006d28b63e0,0x0000000708500000)
 Metaspace       used 112037K, capacity 113306K, committed 114176K, reserved 1146880K
  class space    used 16770K, capacity 17088K, committed 17152K, reserved 1048576K
}
Event: 46529.766 GC heap before
{Heap before GC invocations=69 (full 4):
 PSYoungGen      total 231424K, used 189414K [0x000000076cb00000, 0x000000077eb80000, 0x00000007c0000000)
  eden space 171520K, 100% used [0x000000076cb00000,0x0000000777280000,0x0000000777280000)
  from space 59904K, 29% used [0x000000077b100000,0x000000077c2799d0,0x000000077eb80000)
  to   space 61952K, 0% used [0x0000000777280000,0x0000000777280000,0x000000077af00000)
 ParOldGen       total 1086464K, used 205528K [0x00000006c6000000, 0x0000000708500000, 0x000000076cb00000)
  object space 1086464K, 18% used [0x00000006c6000000,0x00000006d28b63e0,0x0000000708500000)
 Metaspace       used 112084K, capacity 113370K, committed 114176K, reserved 1146880K
  class space    used 16770K, capacity 17088K, committed 17152K, reserved 1048576K
Event: 46529.778 GC heap after
Heap after GC invocations=69 (full 4):
 PSYoungGen      total 190976K, used 20308K [0x000000076cb00000, 0x000000077e780000, 0x00000007c0000000)
  eden space 170496K, 0% used [0x000000076cb00000,0x000000076cb00000,0x0000000777180000)
  from space 20480K, 99% used [0x0000000777280000,0x0000000778655160,0x0000000778680000)
  to   space 60416K, 0% used [0x000000077ac80000,0x000000077ac80000,0x000000077e780000)
 ParOldGen       total 1086464K, used 207926K [0x00000006c6000000, 0x0000000708500000, 0x000000076cb00000)
  object space 1086464K, 19% used [0x00000006c6000000,0x00000006d2b0da38,0x0000000708500000)
 Metaspace       used 112084K, capacity 113370K, committed 114176K, reserved 1146880K
  class space    used 16770K, capacity 17088K, committed 17152K, reserved 1048576K
}
Event: 46540.872 GC heap before
{Heap before GC invocations=70 (full 4):
 PSYoungGen      total 190976K, used 190804K [0x000000076cb00000, 0x000000077e780000, 0x00000007c0000000)
  eden space 170496K, 100% used [0x000000076cb00000,0x0000000777180000,0x0000000777180000)
  from space 20480K, 99% used [0x0000000777280000,0x0000000778655160,0x0000000778680000)
  to   space 60416K, 0% used [0x000000077ac80000,0x000000077ac80000,0x000000077e780000)
 ParOldGen       total 1086464K, used 207926K [0x00000006c6000000, 0x0000000708500000, 0x000000076cb00000)
  object space 1086464K, 19% used [0x00000006c6000000,0x00000006d2b0da38,0x0000000708500000)
 Metaspace       used 112100K, capacity 113370K, committed 114176K, reserved 1146880K
  class space    used 16770K, capacity 17088K, committed 17152K, reserved 1048576K
Event: 46540.888 GC heap after
Heap after GC invocations=70 (full 4):
 PSYoungGen      total 226816K, used 18376K [0x000000076cb00000, 0x000000077e480000, 0x00000007c0000000)
  eden space 169472K, 0% used [0x000000076cb00000,0x000000076cb00000,0x0000000777080000)
  from space 57344K, 32% used [0x000000077ac80000,0x000000077be72180,0x000000077e480000)
  to   space 59392K, 0% used [0x0000000777080000,0x0000000777080000,0x000000077aa80000)
 ParOldGen       total 1086464K, used 208062K [0x00000006c6000000, 0x0000000708500000, 0x000000076cb00000)
  object space 1086464K, 19% used [0x00000006c6000000,0x00000006d2b2fa38,0x0000000708500000)
 Metaspace       used 112100K, capacity 113370K, committed 114176K, reserved 1146880K
  class space    used 16770K, capacity 17088K, committed 17152K, reserved 1048576K
}
Event: 46547.563 GC heap before
{Heap before GC invocations=71 (full 4):
 PSYoungGen      total 226816K, used 187848K [0x000000076cb00000, 0x000000077e480000, 0x00000007c0000000)
  eden space 169472K, 100% used [0x000000076cb00000,0x0000000777080000,0x0000000777080000)
  from space 57344K, 32% used [0x000000077ac80000,0x000000077be72180,0x000000077e480000)
  to   space 59392K, 0% used [0x0000000777080000,0x0000000777080000,0x000000077aa80000)
 ParOldGen       total 1086464K, used 208062K [0x00000006c6000000, 0x0000000708500000, 0x000000076cb00000)
  object space 1086464K, 19% used [0x00000006c6000000,0x00000006d2b2fa38,0x0000000708500000)
 Metaspace       used 112151K, capacity 113498K, committed 114176K, reserved 1146880K
  class space    used 16770K, capacity 17088K, committed 17152K, reserved 1048576K
Event: 46547.575 GC heap after
Heap after GC invocations=71 (full 4):
 PSYoungGen      total 188416K, used 19931K [0x000000076cb00000, 0x000000077df80000, 0x00000007c0000000)
  eden space 168448K, 0% used [0x000000076cb00000,0x000000076cb00000,0x0000000776f80000)
  from space 19968K, 99% used [0x0000000777080000,0x00000007783f6e68,0x0000000778400000)
  to   space 57344K, 0% used [0x000000077a780000,0x000000077a780000,0x000000077df80000)
 ParOldGen       total 1086464K, used 208158K [0x00000006c6000000, 0x0000000708500000, 0x000000076cb00000)
  object space 1086464K, 19% used [0x00000006c6000000,0x00000006d2b47a48,0x0000000708500000)
 Metaspace       used 112151K, capacity 113498K, committed 114176K, reserved 1146880K
  class space    used 16770K, capacity 17088K, committed 17152K, reserved 1048576K
}
Event: 46563.288 GC heap before
{Heap before GC invocations=72 (full 4):
 PSYoungGen      total 188416K, used 188379K [0x000000076cb00000, 0x000000077df80000, 0x00000007c0000000)
  eden space 168448K, 100% used [0x000000076cb00000,0x0000000776f80000,0x0000000776f80000)
  from space 19968K, 99% used [0x0000000777080000,0x00000007783f6e68,0x0000000778400000)
  to   space 57344K, 0% used [0x000000077a780000,0x000000077a780000,0x000000077df80000)
 ParOldGen       total 1086464K, used 208158K [0x00000006c6000000, 0x0000000708500000, 0x000000076cb00000)
  object space 1086464K, 19% used [0x00000006c6000000,0x00000006d2b47a48,0x0000000708500000)
 Metaspace       used 112176K, capacity 113498K, committed 114176K, reserved 1146880K
  class space    used 16770K, capacity 17088K, committed 17152K, reserved 1048576K
Event: 46563.296 GC heap after
Heap after GC invocations=72 (full 4):
 PSYoungGen      total 222720K, used 14080K [0x000000076cb00000, 0x000000077dd80000, 0x00000007c0000000)
  eden space 167424K, 0% used [0x000000076cb00000,0x000000076cb00000,0x0000000776e80000)
  from space 55296K, 25% used [0x000000077a780000,0x000000077b540308,0x000000077dd80000)
  to   space 56832K, 0% used [0x0000000776e80000,0x0000000776e80000,0x000000077a600000)
 ParOldGen       total 1086464K, used 210414K [0x00000006c6000000, 0x0000000708500000, 0x000000076cb00000)
  object space 1086464K, 19% used [0x00000006c6000000,0x00000006d2d7bb58,0x0000000708500000)
 Metaspace       used 112176K, capacity 113498K, committed 114176K, reserved 1146880K
  class space    used 16770K, capacity 17088K, committed 17152K, reserved 1048576K
}

Deoptimization events (10 events):
Event: 46570.728 Thread 0x0000000020b51000 Uncommon trap: reason=class_check action=none pc=0x0000000008799910 method=java.awt.font.ShapeGraphicAttribute.equals(Ljava/lang/Object;)Z @ 2
Event: 46570.729 Thread 0x0000000020b51000 Uncommon trap: reason=class_check action=none pc=0x0000000005310ca4 method=java.awt.font.ShapeGraphicAttribute.equals(Ljava/lang/Object;)Z @ 2
Event: 46570.729 Thread 0x0000000020b51000 Uncommon trap: reason=class_check action=none pc=0x0000000005a3f438 method=java.awt.Font.equals(Ljava/lang/Object;)Z @ 12
Event: 46570.729 Thread 0x0000000020b51000 Uncommon trap: reason=class_check action=none pc=0x0000000008799910 method=java.awt.font.ShapeGraphicAttribute.equals(Ljava/lang/Object;)Z @ 2
Event: 46570.729 Thread 0x0000000020b51000 Uncommon trap: reason=class_check action=none pc=0x0000000005310ca4 method=java.awt.font.ShapeGraphicAttribute.equals(Ljava/lang/Object;)Z @ 2
Event: 46570.729 Thread 0x0000000020b51000 Uncommon trap: reason=class_check action=none pc=0x0000000005a3f438 method=java.awt.Font.equals(Ljava/lang/Object;)Z @ 12
Event: 46570.729 Thread 0x0000000020b51000 Uncommon trap: reason=class_check action=none pc=0x0000000008799910 method=java.awt.font.ShapeGraphicAttribute.equals(Ljava/lang/Object;)Z @ 2
Event: 46570.730 Thread 0x0000000020b51000 Uncommon trap: reason=class_check action=none pc=0x0000000005310ca4 method=java.awt.font.ShapeGraphicAttribute.equals(Ljava/lang/Object;)Z @ 2
Event: 46570.730 Thread 0x0000000020b51000 Uncommon trap: reason=class_check action=none pc=0x0000000005a3f438 method=java.awt.Font.equals(Ljava/lang/Object;)Z @ 12
Event: 46570.730 Thread 0x0000000020b51000 Uncommon trap: reason=class_check action=none pc=0x0000000008799910 method=java.awt.font.ShapeGraphicAttribute.equals(Ljava/lang/Object;)Z @ 2

Classes redefined (0 events):
No events

Internal exceptions (10 events):
Event: 46570.728 Thread 0x0000000020b51000 Exception <a 'java/lang/ClassCastException': java.awt.font.StyledParagraph cannot be cast to java.awt.font.ShapeGraphicAttribute> (0x0000000770f4a618) thrown at [C:\re\workspace\8-2-build-windows-amd64-cygwin\jdk8u202\12323\hotspot\src\share\vm\interprete
Event: 46570.729 Thread 0x0000000020b51000 Exception <a 'java/lang/ClassCastException': java.awt.Font cannot be cast to java.awt.font.ShapeGraphicAttribute> (0x0000000770f4f200) thrown at [C:\re\workspace\8-2-build-windows-amd64-cygwin\jdk8u202\12323\hotspot\src\share\vm\interpreter\interpreterRun
Event: 46570.729 Thread 0x0000000020b51000 Exception <a 'java/lang/ClassCastException': java.awt.font.ShapeGraphicAttribute cannot be cast to java.awt.Font> (0x0000000770f4fd38) thrown at [C:\re\workspace\8-2-build-windows-amd64-cygwin\jdk8u202\12323\hotspot\src\share\vm\interpreter\interpreterRun
Event: 46570.729 Thread 0x0000000020b51000 Exception <a 'java/lang/ClassCastException': java.awt.font.StyledParagraph cannot be cast to java.awt.font.ShapeGraphicAttribute> (0x0000000770f503e0) thrown at [C:\re\workspace\8-2-build-windows-amd64-cygwin\jdk8u202\12323\hotspot\src\share\vm\interprete
Event: 46570.729 Thread 0x0000000020b51000 Exception <a 'java/lang/ClassCastException': java.awt.Font cannot be cast to java.awt.font.ShapeGraphicAttribute> (0x0000000770f581b0) thrown at [C:\re\workspace\8-2-build-windows-amd64-cygwin\jdk8u202\12323\hotspot\src\share\vm\interpreter\interpreterRun
Event: 46570.729 Thread 0x0000000020b51000 Exception <a 'java/lang/ClassCastException': java.awt.font.ShapeGraphicAttribute cannot be cast to java.awt.Font> (0x0000000770f58ce8) thrown at [C:\re\workspace\8-2-build-windows-amd64-cygwin\jdk8u202\12323\hotspot\src\share\vm\interpreter\interpreterRun
Event: 46570.729 Thread 0x0000000020b51000 Exception <a 'java/lang/ClassCastException': java.awt.font.StyledParagraph cannot be cast to java.awt.font.ShapeGraphicAttribute> (0x0000000770f59390) thrown at [C:\re\workspace\8-2-build-windows-amd64-cygwin\jdk8u202\12323\hotspot\src\share\vm\interprete
Event: 46570.730 Thread 0x0000000020b51000 Exception <a 'java/lang/ClassCastException': java.awt.Font cannot be cast to java.awt.font.ShapeGraphicAttribute> (0x0000000770f5dfd8) thrown at [C:\re\workspace\8-2-build-windows-amd64-cygwin\jdk8u202\12323\hotspot\src\share\vm\interpreter\interpreterRun
Event: 46570.730 Thread 0x0000000020b51000 Exception <a 'java/lang/ClassCastException': java.awt.font.ShapeGraphicAttribute cannot be cast to java.awt.Font> (0x0000000770f5eb10) thrown at [C:\re\workspace\8-2-build-windows-amd64-cygwin\jdk8u202\12323\hotspot\src\share\vm\interpreter\interpreterRun
Event: 46570.730 Thread 0x0000000020b51000 Exception <a 'java/lang/ClassCastException': java.awt.font.StyledParagraph cannot be cast to java.awt.font.ShapeGraphicAttribute> (0x0000000770f5f1b8) thrown at [C:\re\workspace\8-2-build-windows-amd64-cygwin\jdk8u202\12323\hotspot\src\share\vm\interprete

Events (10 events):
Event: 46572.542 Thread 0x00000000217e8800 Thread added: 0x00000000217e8800
Event: 46572.544 Thread 0x00000000217f2800 Thread added: 0x00000000217f2800
Event: 46572.544 Thread 0x00000000217e8800 Thread exited: 0x00000000217e8800
Event: 46572.546 Thread 0x00000000217f2800 Thread exited: 0x00000000217f2800
Event: 46572.548 Thread 0x00000000217e8800 Thread added: 0x00000000217e8800
Event: 46572.551 Thread 0x00000000217e8800 Thread exited: 0x00000000217e8800
Event: 46572.553 Thread 0x00000000217e8800 Thread added: 0x00000000217e8800
Event: 46572.554 Thread 0x00000000217e8800 Thread exited: 0x00000000217e8800
Event: 46572.557 Thread 0x00000000217e8800 Thread added: 0x00000000217e8800
Event: 46572.563 Thread 0x00000000217e8800 Thread exited: 0x00000000217e8800


Dynamic libraries:
0x00007ff7f1630000 - 0x00007ff7f16df000 	C:\Program Files\Oxygen XML Author 21\oxygenAuthor21.1.exe
0x00007ffef5500000 - 0x00007ffef56f0000 	C:\WINDOWS\SYSTEM32\ntdll.dll
0x00007ffef5400000 - 0x00007ffef54b2000 	C:\WINDOWS\System32\KERNEL32.DLL
0x00007ffef2530000 - 0x00007ffef27d3000 	C:\WINDOWS\System32\KERNELBASE.dll
0x0000000075450000 - 0x00000000754e5000 	C:\WINDOWS\System32\SYSFER.DLL
0x00007ffef41a0000 - 0x00007ffef4243000 	C:\WINDOWS\System32\ADVAPI32.dll
0x00007ffef44f0000 - 0x00007ffef458e000 	C:\WINDOWS\System32\msvcrt.dll
0x00007ffef50a0000 - 0x00007ffef5137000 	C:\WINDOWS\System32\sechost.dll
0x00007ffef4970000 - 0x00007ffef4a90000 	C:\WINDOWS\System32\RPCRT4.dll
0x00007ffecbfd0000 - 0x00007ffecc1f6000 	C:\WINDOWS\system32\ctiuser.dll
0x00007ffef5220000 - 0x00007ffef53b4000 	C:\WINDOWS\System32\USER32.dll
0x00007ffef2d00000 - 0x00007ffef2d21000 	C:\WINDOWS\System32\win32u.dll
0x00007ffef53c0000 - 0x00007ffef53e6000 	C:\WINDOWS\System32\GDI32.dll
0x00007ffef2ab0000 - 0x00007ffef2c44000 	C:\WINDOWS\System32\gdi32full.dll
0x00007ffef2490000 - 0x00007ffef252e000 	C:\WINDOWS\System32\msvcp_win.dll
0x00007ffef34b0000 - 0x00007ffef35aa000 	C:\WINDOWS\System32\ucrtbase.dll
0x00007ffef4810000 - 0x00007ffef4966000 	C:\WINDOWS\System32\ole32.dll
0x00007ffef4d00000 - 0x00007ffef5036000 	C:\WINDOWS\System32\combase.dll
0x00007ffef2c80000 - 0x00007ffef2d00000 	C:\WINDOWS\System32\bcryptPrimitives.dll
0x00007ffef53f0000 - 0x00007ffef53f8000 	C:\WINDOWS\System32\PSAPI.DLL
0x00007ffee8020000 - 0x00007ffee802a000 	C:\WINDOWS\SYSTEM32\FLTLIB.DLL
0x00007ffef4c00000 - 0x00007ffef4c2e000 	C:\WINDOWS\System32\IMM32.DLL
0x0000000068000000 - 0x000000006805e000 	C:\WINDOWS\System32\QIPCAP64.dll
0x00007ffef35b0000 - 0x00007ffef3c95000 	C:\WINDOWS\System32\SHELL32.dll
0x00007ffef27e0000 - 0x00007ffef282a000 	C:\WINDOWS\System32\cfgmgr32.dll
0x00007ffef4b50000 - 0x00007ffef4bf9000 	C:\WINDOWS\System32\shcore.dll
0x00007ffef2d30000 - 0x00007ffef34af000 	C:\WINDOWS\System32\windows.storage.dll
0x00007ffef2420000 - 0x00007ffef243f000 	C:\WINDOWS\System32\profapi.dll
0x00007ffef2440000 - 0x00007ffef248a000 	C:\WINDOWS\System32\powrprof.dll
0x00007ffef23d0000 - 0x00007ffef23e0000 	C:\WINDOWS\System32\UMPDC.dll
0x00007ffef5140000 - 0x00007ffef5192000 	C:\WINDOWS\System32\shlwapi.dll
0x00007ffef2400000 - 0x00007ffef2411000 	C:\WINDOWS\System32\kernel.appcore.dll
0x00007ffef2980000 - 0x00007ffef2997000 	C:\WINDOWS\System32\cryptsp.dll
0x00007ffef19a0000 - 0x00007ffef1a6a000 	C:\WINDOWS\SYSTEM32\DNSAPI.dll
0x00007ffef47a0000 - 0x00007ffef480f000 	C:\WINDOWS\System32\WS2_32.dll
0x00007ffef4190000 - 0x00007ffef4198000 	C:\WINDOWS\System32\NSI.dll
0x00007ffef1950000 - 0x00007ffef198a000 	C:\WINDOWS\SYSTEM32\IPHLPAPI.DLL
0x00007ffee07a0000 - 0x00007ffee0a25000 	C:\WINDOWS\WinSxS\amd64_microsoft.windows.common-controls_6595b64144ccf1df_6.0.18362.592_none_e6c0b1911312be02\comctl32.dll
0x00000000729c0000 - 0x0000000073265000 	c:\program files\oxygen xml author 21\jre\bin\server\jvm.dll
0x00007ffee25b0000 - 0x00007ffee25b9000 	C:\WINDOWS\SYSTEM32\WSOCK32.dll
0x00007ffee3290000 - 0x00007ffee32b4000 	C:\WINDOWS\SYSTEM32\WINMM.dll
0x00007ffeebd90000 - 0x00007ffeebd9a000 	C:\WINDOWS\SYSTEM32\VERSION.dll
0x0000000073390000 - 0x0000000073462000 	C:\WINDOWS\SYSTEM32\MSVCR100.dll
0x00007ffee46a0000 - 0x00007ffee46cd000 	C:\WINDOWS\SYSTEM32\WINMMBASE.dll
0x00007ffeeeeb0000 - 0x00007ffeeeebf000 	c:\program files\oxygen xml author 21\jre\bin\verify.dll
0x00007ffee7040000 - 0x00007ffee7069000 	c:\program files\oxygen xml author 21\jre\bin\java.dll
0x00007ffeed420000 - 0x00007ffeed436000 	c:\program files\oxygen xml author 21\jre\bin\zip.dll
0x0000000180000000 - 0x0000000180032000 	C:\Program Files\Oxygen XML Author 21\.install4j\i4jinst.dll
0x0000000020220000 - 0x00000000202e4000 	C:\WINDOWS\System32\OLEAUT32.dll
0x00007ffeeeea0000 - 0x00007ffeeeead000 	C:\Program Files\Oxygen XML Author 21\jre\bin\management.dll
0x00007ffee7010000 - 0x00007ffee7036000 	C:\Program Files\Oxygen XML Author 21\jre\bin\JavaAccessBridge-64.dll
0x00007ffed0a80000 - 0x00007ffed0c19000 	C:\Program Files\Oxygen XML Author 21\jre\bin\awt.dll
0x00007ffeefaa0000 - 0x00007ffeefb2f000 	C:\WINDOWS\SYSTEM32\apphelp.dll
0x00007ffef0640000 - 0x00007ffef06d9000 	C:\WINDOWS\system32\uxtheme.dll
0x0000000021000000 - 0x0000000021135000 	C:\WINDOWS\System32\MSCTF.dll
0x00007ffef08c0000 - 0x00007ffef08ed000 	C:\WINDOWS\system32\DWMAPI.DLL
0x00007ffec22c0000 - 0x00007ffec2416000 	C:\WINDOWS\system32\opengl32.dll
0x00007ffec2b10000 - 0x00007ffec2b3c000 	C:\WINDOWS\SYSTEM32\GLU32.dll
0x00007ffef1040000 - 0x00007ffef1060000 	C:\WINDOWS\SYSTEM32\dxcore.dll
0x00007ffef17b0000 - 0x00007ffef17e3000 	C:\WINDOWS\system32\rsaenh.dll
0x00007ffef2c50000 - 0x00007ffef2c76000 	C:\WINDOWS\System32\bcrypt.dll
0x00007ffef22f0000 - 0x00007ffef2315000 	C:\WINDOWS\SYSTEM32\USERENV.dll
0x00007ffef1e10000 - 0x00007ffef1e1c000 	C:\WINDOWS\SYSTEM32\CRYPTBASE.dll
0x00007ffee9e60000 - 0x00007ffee9e7a000 	C:\Program Files\Oxygen XML Author 21\jre\bin\net.dll
0x00007ffee3ab0000 - 0x00007ffee3c86000 	C:\WINDOWS\SYSTEM32\urlmon.dll
0x00007ffee7660000 - 0x00007ffee7906000 	C:\WINDOWS\SYSTEM32\iertutil.dll
0x00007ffef1c40000 - 0x00007ffef1ca7000 	C:\WINDOWS\system32\mswsock.dll
0x00007ffeed2b0000 - 0x00007ffeed2c6000 	C:\WINDOWS\SYSTEM32\dhcpcsvc6.DLL
0x00007ffeed160000 - 0x00007ffeed17c000 	C:\WINDOWS\SYSTEM32\dhcpcsvc.DLL
0x00007ffee6a30000 - 0x00007ffee6a42000 	C:\Program Files\Oxygen XML Author 21\jre\bin\nio.dll
0x0000000022850000 - 0x0000000022888000 	C:\Program Files\Oxygen XML Author 21\lib\com\sun\jna\win32-x86-64\jnidispatch.dll
0x00007ffee1d60000 - 0x00007ffee1da7000 	C:\Program Files\Oxygen XML Author 21\jre\bin\fontmanager.dll
0x00007ffed5650000 - 0x00007ffed56ee000 	C:\WINDOWS\System32\TextInputFramework.dll
0x00007ffed6d30000 - 0x00007ffed705a000 	C:\WINDOWS\System32\CoreUIComponents.dll
0x00007ffeefb90000 - 0x00007ffeefc64000 	C:\WINDOWS\System32\CoreMessaging.dll
0x00007ffef1400000 - 0x00007ffef1431000 	C:\WINDOWS\SYSTEM32\ntmarta.dll
0x00007ffeec8e0000 - 0x00007ffeeca33000 	C:\WINDOWS\SYSTEM32\wintypes.dll
0x00007ffee1cf0000 - 0x00007ffee1d32000 	C:\Program Files\Oxygen XML Author 21\jre\bin\t2k.dll
0x00007ffee6c90000 - 0x00007ffee6cba000 	C:\Program Files\Oxygen XML Author 21\jre\bin\dcpr.dll
0x0000000020e70000 - 0x0000000020e87000 	C:\Program Files\Oxygen XML Author 21\lib\WindowsNativeHelper64.dll
0x00007ffef4420000 - 0x00007ffef44f0000 	C:\WINDOWS\System32\comdlg32.dll
0x00007ffee5340000 - 0x00007ffee53e9000 	C:\WINDOWS\WinSxS\amd64_microsoft.windows.common-controls_6595b64144ccf1df_5.82.18362.592_none_2a2c5e32466583af\comctl32.dll
0x00007ffed6cc0000 - 0x00007ffed6d25000 	C:\WINDOWS\system32\Ninput.dll
0x00007ffee6c60000 - 0x00007ffee6c84000 	C:\Program Files\Oxygen XML Author 21\jre\bin\sunec.dll
0x00007ffedb2f0000 - 0x00007ffedb306000 	C:\WINDOWS\system32\napinsp.dll
0x00007ffedb2d0000 - 0x00007ffedb2ea000 	C:\WINDOWS\system32\pnrpnsp.dll
0x00007ffede4e0000 - 0x00007ffede4ee000 	C:\WINDOWS\System32\winrnr.dll
0x00007ffef00f0000 - 0x00007ffef010c000 	C:\WINDOWS\system32\NLAapi.dll
0x00007ffedb2b0000 - 0x00007ffedb2c5000 	C:\WINDOWS\system32\wshbth.dll
0x00007ffeed6d0000 - 0x00007ffeed747000 	C:\WINDOWS\System32\fwpuclnt.dll
0x00007ffeeacc0000 - 0x00007ffeeacca000 	C:\Windows\System32\rasadhlp.dll
0x00007ffeeee30000 - 0x00007ffeeee3b000 	C:\Program Files\Oxygen XML Author 21\jre\bin\sunmscapi.dll
0x00007ffef2830000 - 0x00007ffef2979000 	C:\WINDOWS\System32\CRYPT32.dll
0x00000000234a0000 - 0x00000000234b2000 	C:\WINDOWS\System32\MSASN1.dll
0x0000000025f90000 - 0x0000000026008000 	\\?\C:\PROGRA~1\OXYGEN~1\lib\hunspell\HUNSPE~2.DLL
0x00007ffef4aa0000 - 0x00007ffef4b42000 	C:\WINDOWS\System32\clbcatq.dll
0x00007ffed6800000 - 0x00007ffed69af000 	C:\WINDOWS\SYSTEM32\WindowsCodecs.dll
0x00007ffec2a60000 - 0x00007ffec2a9a000 	C:\WINDOWS\system32\dataexchange.dll
0x00007ffeef020000 - 0x00007ffeef27b000 	C:\WINDOWS\system32\d3d11.dll
0x00007ffeef5f0000 - 0x00007ffeef7cb000 	C:\WINDOWS\system32\dcomp.dll
0x00007ffef10d0000 - 0x00007ffef11bb000 	C:\WINDOWS\system32\dxgi.dll
0x00007ffef0320000 - 0x00007ffef057a000 	C:\WINDOWS\system32\twinapi.appcore.dll
0x00007ffef09a0000 - 0x00007ffef09c9000 	C:\WINDOWS\system32\RMCLIENT.dll
0x00007ffef0d10000 - 0x00007ffef0f04000 	C:\WINDOWS\SYSTEM32\dbghelp.dll
0x00007ffee1e40000 - 0x00007ffee1e6a000 	C:\WINDOWS\SYSTEM32\dbgcore.DLL

VM Arguments:
jvm_args: -Dexe4j.semaphoreName=Local\c:_program_files_oxygen_xml_author_21_oxygenauthor21.1.exe -Dexe4j.isInstall4j=true -Dexe4j.moduleName=C:\Program Files\Oxygen XML Author 21\oxygenAuthor21.1.exe -Dexe4j.tempDir= -Dexe4j.unextractedPosition=0 -Djava.library.path=c:\program files\oxygen xml author 21\jre\bin;C:\Program Files\Oxygen XML Author 21\.\jre\bin;C:\Program Files (x86)\Common Files\Oracle\Java\javapath;C:\WINDOWS\system32;C:\WINDOWS;C:\WINDOWS\System32\Wbem;C:\WINDOWS\System32\WindowsPowerShell\v1.0\;C:\WINDOWS\System32\OpenSSH\;C:\Program Files\Git\cmd;C:\Program Files (x86)\HCL\SafeLinx Client\;C:\Program Files\Intel\WiFi\bin\;C:\Program Files\Common Files\Intel\WirelessCommon\;C:\Program Files (x86)\ooRexx;C:\DITATools\IDWB\bin;C:\Program Files\Amazon\AWSCLI\bin\;C:\Users\rebecca.nethala\dita-otv-0.1.7\dita-ot\bin;C:\Users\rebecca.nethala\AppData\Local\GitHubDesktop\bin;C:\Users\rebecca.nethala\AppData\Local\Programs\Microsoft VS Code\bin -Dexe4j.consoleCodepage=cp0 -Dcom.oxygenxml.app.descriptor=ro.sync.exml.AuthorFrameDescriptor -XX:-OmitStackTraceInFastThrow -XX:SoftRefLRUPolicyMSPerMB=10 -Dsun.java2d.noddraw=true -Dsun.awt.nopixfmt=true -Dsun.java2d.dpiaware=true -Djava.net.preferIPv4Stack=true -Dsun.awt.keepWorkingSetOnMinimize=true -Dinstall4j.launcherId=19 -Dinstall4j.swt=false -Xmx4000m -Dcom.oxygenxml.language=English -XX:+UseParallelGC -XX:ErrorFile=C:\Users\REBECC~1.NET\AppData\Local\Temp\/oxy_jvm_crash.log -XX:OnError="C:\Program Files\Oxygen XML Author 21/rp.exe" 
java_command: C:\Program Files\Oxygen XML Author 21\oxygenAuthor21.1.exe
java_class_path (initial): C:\Program Files\Oxygen XML Author 21\.install4j\i4jruntime.jar;C:\Program Files\Oxygen XML Author 21\.\lib\oxygenAuthor.jar;C:\Program Files\Oxygen XML Author 21\.\lib\oxygen-basic-utilities.jar
Launcher Type: generic

Environment Variables:
PATH=c:\program files\oxygen xml author 21\jre\bin;C:\Program Files\Oxygen XML Author 21\.\jre\bin;C:\Program Files (x86)\Common Files\Oracle\Java\javapath;C:\WINDOWS\system32;C:\WINDOWS;C:\WINDOWS\System32\Wbem;C:\WINDOWS\System32\WindowsPowerShell\v1.0\;C:\WINDOWS\System32\OpenSSH\;C:\Program Files\Git\cmd;C:\Program Files (x86)\HCL\SafeLinx Client\;C:\Program Files\Intel\WiFi\bin\;C:\Program Files\Common Files\Intel\WirelessCommon\;C:\Program Files (x86)\ooRexx;C:\DITATools\IDWB\bin;C:\Program Files\Amazon\AWSCLI\bin\;C:\Users\rebecca.nethala\dita-otv-0.1.7\dita-ot\bin;C:\Users\rebecca.nethala\AppData\Local\GitHubDesktop\bin;C:\Users\rebecca.nethala\AppData\Local\Programs\Microsoft VS Code\bin
USERNAME=rebecca.nethala
OS=Windows_NT
PROCESSOR_IDENTIFIER=Intel64 Family 6 Model 158 Stepping 10, GenuineIntel



---------------  S Y S T E M  ---------------

OS: Windows 10.0 , 64 bit Build 18362 (10.0.18362.329)

CPU:total 12 (initial active 12) (6 cores per cpu, 2 threads per core) family 6 model 158 stepping 10, cmov, cx8, fxsr, mmx, sse, sse2, sse3, ssse3, sse4.1, sse4.2, popcnt, avx, avx2, aes, clmul, erms, 3dnowpref, lzcnt, ht, tsc, tscinvbit, bmi1, bmi2, adx

Memory: 4k page, physical 33282592k(20416520k free), swap 66837024k(50767920k free)

vm_info: Java HotSpot(TM) 64-Bit Server VM (25.202-b08) for windows-amd64 JRE (1.8.0_202-b08), built on Dec 15 2018 19:54:30 by "java_re" with MS VC++ 10.0 (VS2010)

time: Thu Mar 25 12:04:28 2021
timezone: India Standard Time
elapsed time: 46584 seconds (0d 12h 56m 24s)

