#
# A fatal error has been detected by the Java Runtime Environment:
#
#  EXCEPTION_ACCESS_VIOLATION (0xc0000005) at pc=0x000000006209fead, pid=20720, tid=0x0000000000003bc4
#
# JRE version: Java(TM) SE Runtime Environment (8.0_202-b08) (build 1.8.0_202-b08)
# Java VM: Java HotSpot(TM) 64-Bit Server VM (25.202-b08 mixed mode windows-amd64 compressed oops)
# Problematic frame:
# V  [jvm.dll+0x14fead]
#
# Failed to write core dump. Minidumps are not enabled by default on client versions of Windows
#
# If you would like to submit a bug report, please visit:
#   http://bugreport.java.com/bugreport/crash.jsp
#

---------------  T H R E A D  ---------------

Current thread (0x0000000020505000):  JavaThread "AWT-Windows" daemon [_thread_in_vm, id=15300, stack(0x0000000020bb0000,0x0000000020cb0000)]

siginfo: ExceptionCode=0xc0000005, reading address 0x0000000000000000

Registers:
RAX=0x0000000000000000, RBX=0x0000000020505000, RCX=0x0000000000000500, RDX=0x00000000212723d0
RSP=0x0000000020caeb60, RBP=0x0000000020caec58, RSI=0x0000000000000000, RDI=0x00000000205051f8
R8 =0x0000000000000000, R9 =0x0000000020caec58, R10=0x0000000001c043e0, R11=0x0000000000000000
R12=0x00000000212723d0, R13=0x0000000000000308, R14=0x00000000002622c6, R15=0x0000000000000000
RIP=0x000000006209fead, EFLAGS=0x0000000000010246

Top of Stack: (sp=0x0000000020caeb60)
0x0000000020caeb60:   0000000020caeda8 0000000000000308
0x0000000020caeb70:   0000000000000001 00007ffceb4dd39d
0x0000000020caeb80:   0000000020caeda8 ffffffff00000000
0x0000000020caeb90:   0000000000000000 fffffffffffffffe
0x0000000020caeba0:   0000000000000001 00007ffceb4de279
0x0000000020caebb0:   0000000020505000 0000000000000000
0x0000000020caebc0:   0000000000000000 0000000000000001
0x0000000020caebd0:   fffffffffffffffe 000000006209731f
0x0000000020caebe0:   0000000020caed88 00007ffd139336ca
0x0000000020caebf0:   0000000000c4b000 0000000000030000
0x0000000020caec00:   0000000000000000 00007ffceb479e28
0x0000000020caec10:   0000000000000000 0000000000000000
0x0000000020caec20:   0000000000000000 0000000000000000
0x0000000020caec30:   00000000205051f8 00007ffceb499d37
0x0000000020caec40:   0000000000000000 0000000000000000
0x0000000020caec50:   0000000000000000 0000000000000000 

Instructions: (pc=0x000000006209fead)
0x000000006209fe8d:   00 48 83 7b 08 00 48 89 5c 24 50 48 c7 44 24 58
0x000000006209fe9d:   00 00 00 00 74 0a 48 8d 4c 24 50 e8 03 ef 12 00
0x000000006209fead:   48 8b 06 c7 44 24 40 0e 00 00 00 48 8d 4c 24 70
0x000000006209febd:   48 8b 50 08 0f b7 42 24 48 8b 52 08 48 8b 54 c2 


Register to memory mapping:

RAX=0x0000000000000000 is an unknown value
RBX=0x0000000020505000 is a thread
RCX=0x0000000000000500 is an unknown value
RDX=0x00000000212723d0 is a global jni handle
RSP=0x0000000020caeb60 is pointing into the stack for thread: 0x0000000020505000
RBP=0x0000000020caec58 is pointing into the stack for thread: 0x0000000020505000
RSI=0x0000000000000000 is an unknown value
RDI=0x00000000205051f8 is an unknown value
R8 =0x0000000000000000 is an unknown value
R9 =0x0000000020caec58 is pointing into the stack for thread: 0x0000000020505000
R10=0x0000000001c043e0 is an unknown value
R11=0x0000000000000000 is an unknown value
R12=0x00000000212723d0 is a global jni handle
R13=0x0000000000000308 is an unknown value
R14=0x00000000002622c6 is an unknown value
R15=0x0000000000000000 is an unknown value


Stack: [0x0000000020bb0000,0x0000000020cb0000],  sp=0x0000000020caeb60,  free space=1018k
Native frames: (J=compiled Java code, j=interpreted, Vv=VM code, C=native code)
V  [jvm.dll+0x14fead]
C  [awt.dll+0x69e28]
C  [awt.dll+0x89d37]
C  [awt.dll+0xcda3c]
C  [USER32.dll+0x15b6d]
C  [USER32.dll+0x15562]
C  [awt.dll+0xcd32c]
C  [awt.dll+0xcd5db]
C  0x0000000003308c67

Java frames: (J=compiled Java code, j=interpreted, Vv=VM code)
j  sun.awt.windows.WToolkit.eventLoop()V+0
j  sun.awt.windows.WToolkit.run()V+58
j  java.lang.Thread.run()V+11
v  ~StubRoutines::call_stub

---------------  P R O C E S S  ---------------

Java Threads: ( => current thread )
  0x0000000023ef3000 JavaThread "pool-20-thread-4" [_thread_blocked, id=22972, stack(0x0000000035c30000,0x0000000035d30000)]
  0x000000002125a000 JavaThread "pool-20-thread-3" [_thread_blocked, id=11808, stack(0x0000000037430000,0x0000000037530000)]
  0x0000000023eec000 JavaThread "pool-20-thread-2" [_thread_blocked, id=28540, stack(0x0000000037130000,0x0000000037230000)]
  0x000000002ad77800 JavaThread "pool-20-thread-1" [_thread_blocked, id=9068, stack(0x0000000037030000,0x0000000037130000)]
  0x000000002ad6b800 JavaThread "Save project thread" daemon [_thread_blocked, id=28324, stack(0x00000000347f0000,0x00000000348f0000)]
  0x0000000023eed000 JavaThread "Thread-18" daemon [_thread_in_native, id=23864, stack(0x0000000002f10000,0x0000000003010000)]
  0x000000002124c000 JavaThread "Preview Image" [_thread_blocked, id=14312, stack(0x00000000342f0000,0x00000000343f0000)]
  0x0000000021252800 JavaThread "Swing-Shell" daemon [_thread_blocked, id=27736, stack(0x00000000345f0000,0x00000000346f0000)]
  0x000000002124d800 JavaThread "Detect hyperlinks at caret" daemon [_thread_blocked, id=26628, stack(0x0000000033940000,0x0000000033a40000)]
  0x000000002124f800 JavaThread "Tooltip timer in CC Editor" daemon [_thread_blocked, id=14324, stack(0x0000000022b50000,0x0000000022c50000)]
  0x0000000023d9d000 JavaThread "Collect project resource thread" daemon [_thread_blocked, id=5436, stack(0x00000000012b0000,0x00000000013b0000)]
  0x0000000023ef6800 JavaThread "Opened editors lock manager" [_thread_blocked, id=27900, stack(0x0000000001140000,0x0000000001240000)]
  0x0000000023eea000 JavaThread "Batik CleanerThread" daemon [_thread_blocked, id=20096, stack(0x000000002ffa0000,0x00000000300a0000)]
  0x0000000023ef5000 JavaThread "Show host component tooltip timer" daemon [_thread_blocked, id=1864, stack(0x0000000033640000,0x0000000033740000)]
  0x0000000023ef6000 JavaThread "OxygenSingletonChecker-Thread" [_thread_in_native, id=28520, stack(0x0000000033540000,0x0000000033640000)]
  0x0000000023ef1800 JavaThread "pool-8-thread-4" [_thread_blocked, id=22696, stack(0x00000000301a0000,0x00000000302a0000)]
  0x0000000023ef0800 JavaThread "pool-8-thread-3" [_thread_blocked, id=26368, stack(0x000000002eea0000,0x000000002efa0000)]
  0x0000000023eef000 JavaThread "pool-8-thread-2" [_thread_blocked, id=16976, stack(0x000000002e430000,0x000000002e530000)]
  0x0000000023ef3800 JavaThread "pool-8-thread-1" [_thread_blocked, id=27984, stack(0x0000000028db0000,0x0000000028eb0000)]
  0x0000000023ee8800 JavaThread "AuthorExtensionBuilder" daemon [_thread_blocked, id=28052, stack(0x000000002fea0000,0x000000002ffa0000)]
  0x0000000023eeb800 JavaThread "Brackets Highlighter" [_thread_blocked, id=5408, stack(0x000000002e920000,0x000000002ea20000)]
  0x0000000023eee800 JavaThread "Mark occurrences in current file" daemon [_thread_blocked, id=21800, stack(0x000000002e330000,0x000000002e430000)]
  0x0000000023eed800 JavaThread "'Save backup info' timer" [_thread_blocked, id=3392, stack(0x000000002cf60000,0x000000002d060000)]
  0x0000000023d9c800 JavaThread "pool-7-thread-4" [_thread_blocked, id=4572, stack(0x000000002ce60000,0x000000002cf60000)]
  0x0000000023d9b800 JavaThread "pool-7-thread-3" [_thread_blocked, id=25624, stack(0x000000002cd60000,0x000000002ce60000)]
  0x0000000023d98800 JavaThread "pool-7-thread-2" [_thread_blocked, id=3812, stack(0x000000002cc60000,0x000000002cd60000)]
  0x0000000023d97800 JavaThread "pool-7-thread-1" [_thread_blocked, id=26184, stack(0x000000002cb60000,0x000000002cc60000)]
  0x0000000023d9b000 JavaThread "" [_thread_blocked, id=28200, stack(0x000000002c500000,0x000000002c600000)]
  0x0000000023d97000 JavaThread "DocumentTypeProviderTimer" daemon [_thread_blocked, id=26808, stack(0x000000002c860000,0x000000002c960000)]
  0x0000000023d9a000 JavaThread "DB Sessions Manager fire timer" daemon [_thread_blocked, id=28524, stack(0x00000000288b0000,0x00000000289b0000)]
  0x0000000023d99800 JavaThread "AutomaticallyValidation" daemon [_thread_blocked, id=28924, stack(0x00000000281b0000,0x00000000286b0000)]
  0x0000000023d9e000 JavaThread "Autosave" daemon [_thread_blocked, id=28764, stack(0x0000000026400000,0x0000000026500000)]
  0x0000000025511000 JavaThread "TimerQueue" daemon [_thread_blocked, id=10092, stack(0x0000000026290000,0x0000000026390000)]
  0x00000000213ab000 JavaThread "AutomaticallyValidation" daemon [_thread_blocked, id=13612, stack(0x0000000026690000,0x0000000026b90000)]
  0x00000000211f6800 JavaThread "Autosave" daemon [_thread_blocked, id=28616, stack(0x0000000026590000,0x0000000026690000)]
  0x00000000232db000 JavaThread "AWT-EventQueue-0" [_thread_blocked, id=10296, stack(0x0000000022d50000,0x0000000022e50000)]
  0x000000001e6e1800 JavaThread "AWT-Shutdown" [_thread_blocked, id=27960, stack(0x0000000022c50000,0x0000000022d50000)]
=>0x0000000020505000 JavaThread "AWT-Windows" daemon [_thread_in_vm, id=15300, stack(0x0000000020bb0000,0x0000000020cb0000)]
  0x0000000020503800 JavaThread "Java2D Disposer" daemon [_thread_blocked, id=29208, stack(0x00000000209b0000,0x0000000020ab0000)]
  0x000000001e419000 JavaThread "Service Thread" daemon [_thread_blocked, id=3876, stack(0x000000001fdd0000,0x000000001fed0000)]
  0x000000001e39b000 JavaThread "C1 CompilerThread3" daemon [_thread_blocked, id=14236, stack(0x000000001fcd0000,0x000000001fdd0000)]
  0x000000001e392800 JavaThread "C2 CompilerThread2" daemon [_thread_blocked, id=18420, stack(0x000000001fbd0000,0x000000001fcd0000)]
  0x000000001e38d800 JavaThread "C2 CompilerThread1" daemon [_thread_blocked, id=17884, stack(0x000000001fad0000,0x000000001fbd0000)]
  0x000000001e383800 JavaThread "C2 CompilerThread0" daemon [_thread_blocked, id=26216, stack(0x000000001f9d0000,0x000000001fad0000)]
  0x000000001e382000 JavaThread "Attach Listener" daemon [_thread_blocked, id=25748, stack(0x000000001f8d0000,0x000000001f9d0000)]
  0x000000001e381000 JavaThread "Signal Dispatcher" daemon [_thread_blocked, id=27096, stack(0x000000001f7d0000,0x000000001f8d0000)]
  0x000000001e373000 JavaThread "Finalizer" daemon [_thread_blocked, id=24956, stack(0x000000001f5d0000,0x000000001f6d0000)]
  0x00000000032ec800 JavaThread "Reference Handler" daemon [_thread_blocked, id=22216, stack(0x000000001f4d0000,0x000000001f5d0000)]
  0x00000000031f3800 JavaThread "main" [_thread_blocked, id=23728, stack(0x0000000000e00000,0x0000000000f00000)]

Other Threads:
  0x000000001cc88000 VMThread [stack: 0x000000001f3d0000,0x000000001f4d0000] [id=25720]
  0x000000001e435800 WatcherThread [stack: 0x000000001fed0000,0x000000001ffd0000] [id=29220]

VM state:not at safepoint (normal execution)

VM Mutex/Monitor currently owned by a thread: None

heap address: 0x00000006c6000000, size: 4000 MB, Compressed Oops mode: Zero based, Oop shift amount: 3
Narrow klass base: 0x0000000000000000, Narrow klass shift: 3
Compressed class space size: 1073741824 Address: 0x00000007c0000000

Heap:
 PSYoungGen      total 271872K, used 208708K [0x000000076cb00000, 0x0000000781580000, 0x00000007c0000000)
  eden space 212480K, 85% used [0x000000076cb00000,0x0000000777ca4390,0x0000000779a80000)
  from space 59392K, 45% used [0x000000077db80000,0x000000077f5acef0,0x0000000781580000)
  to   space 62976K, 0% used [0x0000000779a80000,0x0000000779a80000,0x000000077d800000)
 ParOldGen       total 1047552K, used 315848K [0x00000006c6000000, 0x0000000705f00000, 0x000000076cb00000)
  object space 1047552K, 30% used [0x00000006c6000000,0x00000006d9472188,0x0000000705f00000)
 Metaspace       used 124725K, capacity 125962K, committed 127104K, reserved 1157120K
  class space    used 18111K, capacity 18392K, committed 18560K, reserved 1048576K

Card table byte_map: [0x00000000126b0000,0x0000000012e90000] byte_map_base: 0x000000000f080000

Marking Bits: (ParMarkBitMap*) 0x0000000062775ce0
 Begin Bits: [0x0000000013dd0000, 0x0000000017c50000)
 End Bits:   [0x0000000017c50000, 0x000000001bad0000)

Polling page: 0x00000000015b0000

CodeCache: size=245760Kb used=114570Kb max_used=114608Kb free=131189Kb
 bounds [0x00000000032f0000, 0x000000000a3d0000, 0x00000000122f0000]
 total_blobs=28466 nmethods=27468 adapters=901
 compilation: enabled

Compilation events (10 events):
Event: 66940.474 Thread 0x000000001e39b000 40263       3       sun.awt.windows.WComponentPeer::createScreenSurface (28 bytes)
Event: 66940.477 Thread 0x000000001e39b000 nmethod 40263 0x000000000a390790 code [0x000000000a390940, 0x000000000a3910b8]
Event: 66940.477 Thread 0x000000001e39b000 40264       3       sun.java2d.ScreenUpdateManager::createScreenSurface (7 bytes)
Event: 66940.478 Thread 0x000000001e39b000 nmethod 40264 0x00000000053dee10 code [0x00000000053def80, 0x00000000053df1a8]
Event: 66940.478 Thread 0x000000001e39b000 40265       3       sun.java2d.SurfaceData::<init> (10 bytes)
Event: 66940.478 Thread 0x000000001e39b000 nmethod 40265 0x000000000a38e590 code [0x000000000a38e700, 0x000000000a38e938]
Event: 66941.336 Thread 0x000000001e39b000 40266  s    3       sun.awt.windows.WDesktopProperties::setStringProperty (70 bytes)
Event: 66941.338 Thread 0x000000001e39b000 nmethod 40266 0x00000000055a07d0 code [0x00000000055a0a00, 0x00000000055a1688]
Event: 67755.583 Thread 0x000000001e39b000 40267   !   3       ro.sync.exml.editor.af::h (224 bytes)
Event: 67755.590 Thread 0x000000001e39b000 nmethod 40267 0x000000000757fb10 code [0x000000000757fde0, 0x0000000007581848]

GC Heap History (10 events):
Event: 23776.489 GC heap before
{Heap before GC invocations=183 (full 11):
 PSYoungGen      total 250880K, used 250457K [0x000000076cb00000, 0x0000000782e80000, 0x00000007c0000000)
  eden space 222720K, 100% used [0x000000076cb00000,0x000000077a480000,0x000000077a480000)
  from space 28160K, 98% used [0x000000077a680000,0x000000077c196798,0x000000077c200000)
  to   space 70656K, 0% used [0x000000077e980000,0x000000077e980000,0x0000000782e80000)
 ParOldGen       total 1047552K, used 300930K [0x00000006c6000000, 0x0000000705f00000, 0x000000076cb00000)
  object space 1047552K, 28% used [0x00000006c6000000,0x00000006d85e0800,0x0000000705f00000)
 Metaspace       used 124636K, capacity 125834K, committed 127104K, reserved 1157120K
  class space    used 18110K, capacity 18392K, committed 18560K, reserved 1048576K
Event: 23776.504 GC heap after
Heap after GC invocations=183 (full 11):
 PSYoungGen      total 286208K, used 29224K [0x000000076cb00000, 0x0000000782980000, 0x00000007c0000000)
  eden space 220672K, 0% used [0x000000076cb00000,0x000000076cb00000,0x000000077a280000)
  from space 65536K, 44% used [0x000000077e980000,0x000000078060a328,0x0000000782980000)
  to   space 69120K, 0% used [0x000000077a280000,0x000000077a280000,0x000000077e600000)
 ParOldGen       total 1047552K, used 304381K [0x00000006c6000000, 0x0000000705f00000, 0x000000076cb00000)
  object space 1047552K, 29% used [0x00000006c6000000,0x00000006d893f6f0,0x0000000705f00000)
 Metaspace       used 124636K, capacity 125834K, committed 127104K, reserved 1157120K
  class space    used 18110K, capacity 18392K, committed 18560K, reserved 1048576K
}
Event: 23794.279 GC heap before
{Heap before GC invocations=184 (full 11):
 PSYoungGen      total 286208K, used 249896K [0x000000076cb00000, 0x0000000782980000, 0x00000007c0000000)
  eden space 220672K, 100% used [0x000000076cb00000,0x000000077a280000,0x000000077a280000)
  from space 65536K, 44% used [0x000000077e980000,0x000000078060a328,0x0000000782980000)
  to   space 69120K, 0% used [0x000000077a280000,0x000000077a280000,0x000000077e600000)
 ParOldGen       total 1047552K, used 304381K [0x00000006c6000000, 0x0000000705f00000, 0x000000076cb00000)
  object space 1047552K, 29% used [0x00000006c6000000,0x00000006d893f6f0,0x0000000705f00000)
 Metaspace       used 124655K, capacity 125834K, committed 127104K, reserved 1157120K
  class space    used 18110K, capacity 18392K, committed 18560K, reserved 1048576K
Event: 23794.293 GC heap after
Heap after GC invocations=184 (full 11):
 PSYoungGen      total 246784K, used 27830K [0x000000076cb00000, 0x0000000782480000, 0x00000007c0000000)
  eden space 218624K, 0% used [0x000000076cb00000,0x000000076cb00000,0x000000077a080000)
  from space 28160K, 98% used [0x000000077a280000,0x000000077bdad990,0x000000077be00000)
  to   space 67584K, 0% used [0x000000077e280000,0x000000077e280000,0x0000000782480000)
 ParOldGen       total 1047552K, used 309855K [0x00000006c6000000, 0x0000000705f00000, 0x000000076cb00000)
  object space 1047552K, 29% used [0x00000006c6000000,0x00000006d8e97f00,0x0000000705f00000)
 Metaspace       used 124655K, capacity 125834K, committed 127104K, reserved 1157120K
  class space    used 18110K, capacity 18392K, committed 18560K, reserved 1048576K
}
Event: 23861.330 GC heap before
{Heap before GC invocations=185 (full 11):
 PSYoungGen      total 246784K, used 246454K [0x000000076cb00000, 0x0000000782480000, 0x00000007c0000000)
  eden space 218624K, 100% used [0x000000076cb00000,0x000000077a080000,0x000000077a080000)
  from space 28160K, 98% used [0x000000077a280000,0x000000077bdad990,0x000000077be00000)
  to   space 67584K, 0% used [0x000000077e280000,0x000000077e280000,0x0000000782480000)
 ParOldGen       total 1047552K, used 309855K [0x00000006c6000000, 0x0000000705f00000, 0x000000076cb00000)
  object space 1047552K, 29% used [0x00000006c6000000,0x00000006d8e97f00,0x0000000705f00000)
 Metaspace       used 124658K, capacity 125834K, committed 127104K, reserved 1157120K
  class space    used 18110K, capacity 18392K, committed 18560K, reserved 1048576K
Event: 23861.345 GC heap after
Heap after GC invocations=185 (full 11):
 PSYoungGen      total 279040K, used 29579K [0x000000076cb00000, 0x0000000781f80000, 0x00000007c0000000)
  eden space 216576K, 0% used [0x000000076cb00000,0x000000076cb00000,0x0000000779e80000)
  from space 62464K, 47% used [0x000000077e280000,0x000000077ff62ff0,0x0000000781f80000)
  to   space 66048K, 0% used [0x0000000779e80000,0x0000000779e80000,0x000000077df00000)
 ParOldGen       total 1047552K, used 313378K [0x00000006c6000000, 0x0000000705f00000, 0x000000076cb00000)
  object space 1047552K, 29% used [0x00000006c6000000,0x00000006d92088a8,0x0000000705f00000)
 Metaspace       used 124658K, capacity 125834K, committed 127104K, reserved 1157120K
  class space    used 18110K, capacity 18392K, committed 18560K, reserved 1048576K
}
Event: 24019.648 GC heap before
{Heap before GC invocations=186 (full 11):
 PSYoungGen      total 279040K, used 246155K [0x000000076cb00000, 0x0000000781f80000, 0x00000007c0000000)
  eden space 216576K, 100% used [0x000000076cb00000,0x0000000779e80000,0x0000000779e80000)
  from space 62464K, 47% used [0x000000077e280000,0x000000077ff62ff0,0x0000000781f80000)
  to   space 66048K, 0% used [0x0000000779e80000,0x0000000779e80000,0x000000077df00000)
 ParOldGen       total 1047552K, used 313378K [0x00000006c6000000, 0x0000000705f00000, 0x000000076cb00000)
  object space 1047552K, 29% used [0x00000006c6000000,0x00000006d92088a8,0x0000000705f00000)
 Metaspace       used 124706K, capacity 125898K, committed 127104K, reserved 1157120K
  class space    used 18110K, capacity 18392K, committed 18560K, reserved 1048576K
Event: 24019.660 GC heap after
Heap after GC invocations=186 (full 11):
 PSYoungGen      total 242688K, used 28034K [0x000000076cb00000, 0x0000000781a80000, 0x00000007c0000000)
  eden space 214528K, 0% used [0x000000076cb00000,0x000000076cb00000,0x0000000779c80000)
  from space 28160K, 99% used [0x0000000779e80000,0x000000077b9e0b10,0x000000077ba00000)
  to   space 64512K, 0% used [0x000000077db80000,0x000000077db80000,0x0000000781a80000)
 ParOldGen       total 1047552K, used 313530K [0x00000006c6000000, 0x0000000705f00000, 0x000000076cb00000)
  object space 1047552K, 29% used [0x00000006c6000000,0x00000006d922e8a8,0x0000000705f00000)
 Metaspace       used 124706K, capacity 125898K, committed 127104K, reserved 1157120K
  class space    used 18110K, capacity 18392K, committed 18560K, reserved 1048576K
}
Event: 24104.912 GC heap before
{Heap before GC invocations=187 (full 11):
 PSYoungGen      total 242688K, used 242562K [0x000000076cb00000, 0x0000000781a80000, 0x00000007c0000000)
  eden space 214528K, 100% used [0x000000076cb00000,0x0000000779c80000,0x0000000779c80000)
  from space 28160K, 99% used [0x0000000779e80000,0x000000077b9e0b10,0x000000077ba00000)
  to   space 64512K, 0% used [0x000000077db80000,0x000000077db80000,0x0000000781a80000)
 ParOldGen       total 1047552K, used 313530K [0x00000006c6000000, 0x0000000705f00000, 0x000000076cb00000)
  object space 1047552K, 29% used [0x00000006c6000000,0x00000006d922e8a8,0x0000000705f00000)
 Metaspace       used 124711K, capacity 125898K, committed 127104K, reserved 1157120K
  class space    used 18110K, capacity 18392K, committed 18560K, reserved 1048576K
Event: 24104.925 GC heap after
Heap after GC invocations=187 (full 11):
 PSYoungGen      total 271872K, used 26803K [0x000000076cb00000, 0x0000000781580000, 0x00000007c0000000)
  eden space 212480K, 0% used [0x000000076cb00000,0x000000076cb00000,0x0000000779a80000)
  from space 59392K, 45% used [0x000000077db80000,0x000000077f5acef0,0x0000000781580000)
  to   space 62976K, 0% used [0x0000000779a80000,0x0000000779a80000,0x000000077d800000)
 ParOldGen       total 1047552K, used 315848K [0x00000006c6000000, 0x0000000705f00000, 0x000000076cb00000)
  object space 1047552K, 30% used [0x00000006c6000000,0x00000006d9472188,0x0000000705f00000)
 Metaspace       used 124711K, capacity 125898K, committed 127104K, reserved 1157120K
  class space    used 18110K, capacity 18392K, committed 18560K, reserved 1048576K
}

Deoptimization events (10 events):
Event: 24113.732 Thread 0x00000000232db000 Uncommon trap: reason=class_check action=none pc=0x000000000860ae38 method=java.awt.font.ShapeGraphicAttribute.equals(Ljava/lang/Object;)Z @ 2
Event: 24113.732 Thread 0x00000000232db000 Uncommon trap: reason=class_check action=none pc=0x0000000006f83c8c method=java.awt.Font.equals(Ljava/lang/Object;)Z @ 12
Event: 24113.732 Thread 0x00000000232db000 Uncommon trap: reason=class_check action=none pc=0x0000000007737a64 method=java.awt.font.ShapeGraphicAttribute.equals(Ljava/lang/Object;)Z @ 2
Event: 24113.732 Thread 0x00000000232db000 Uncommon trap: reason=class_check action=none pc=0x000000000860ae38 method=java.awt.font.ShapeGraphicAttribute.equals(Ljava/lang/Object;)Z @ 2
Event: 24113.732 Thread 0x00000000232db000 Uncommon trap: reason=class_check action=none pc=0x0000000006f83c8c method=java.awt.Font.equals(Ljava/lang/Object;)Z @ 12
Event: 24113.732 Thread 0x00000000232db000 Uncommon trap: reason=class_check action=none pc=0x0000000007737a64 method=java.awt.font.ShapeGraphicAttribute.equals(Ljava/lang/Object;)Z @ 2
Event: 24118.049 Thread 0x00000000232db000 Uncommon trap: reason=unstable_if action=reinterpret pc=0x000000000a2db020 method=javax.swing.JTree.getPathForLocation(II)Ljavax/swing/tree/TreePath; @ 68
Event: 24118.487 Thread 0x00000000232db000 Uncommon trap: reason=unstable_if action=reinterpret pc=0x00000000067cda28 method=java.awt.Container.findComponentAtImpl(IIZ)Ljava/awt/Component; @ 6
Event: 24118.487 Thread 0x00000000232db000 Uncommon trap: reason=unstable_if action=reinterpret pc=0x0000000006f50eac method=sun.awt.GlobalCursorManager._updateCursor(Z)V @ 135
Event: 66940.367 Thread 0x00000000232db000 Uncommon trap: reason=unstable_if action=reinterpret pc=0x0000000005ae709c method=sun.awt.Win32GraphicsDevice.getDefaultConfiguration()Ljava/awt/GraphicsConfiguration; @ 4

Classes redefined (0 events):
No events

Internal exceptions (10 events):
Event: 24113.730 Thread 0x00000000232db000 Exception <a 'java/lang/ClassCastException': java.awt.Font cannot be cast to java.awt.font.ShapeGraphicAttribute> (0x0000000771040418) thrown at [C:\re\workspace\8-2-build-windows-amd64-cygwin\jdk8u202\12323\hotspot\src\share\vm\interpreter\interpreterRun
Event: 24113.730 Thread 0x00000000232db000 Exception <a 'java/lang/ClassCastException': java.awt.font.ShapeGraphicAttribute cannot be cast to java.awt.Font> (0x0000000771040d68) thrown at [C:\re\workspace\8-2-build-windows-amd64-cygwin\jdk8u202\12323\hotspot\src\share\vm\interpreter\interpreterRun
Event: 24113.730 Thread 0x00000000232db000 Exception <a 'java/lang/ClassCastException': java.awt.font.StyledParagraph cannot be cast to java.awt.font.ShapeGraphicAttribute> (0x0000000771041228) thrown at [C:\re\workspace\8-2-build-windows-amd64-cygwin\jdk8u202\12323\hotspot\src\share\vm\interprete
Event: 24113.732 Thread 0x00000000232db000 Exception <a 'java/lang/ClassCastException': java.awt.Font cannot be cast to java.awt.font.ShapeGraphicAttribute> (0x000000077104a9b0) thrown at [C:\re\workspace\8-2-build-windows-amd64-cygwin\jdk8u202\12323\hotspot\src\share\vm\interpreter\interpreterRun
Event: 24113.732 Thread 0x00000000232db000 Exception <a 'java/lang/ClassCastException': java.awt.font.ShapeGraphicAttribute cannot be cast to java.awt.Font> (0x000000077104b300) thrown at [C:\re\workspace\8-2-build-windows-amd64-cygwin\jdk8u202\12323\hotspot\src\share\vm\interpreter\interpreterRun
Event: 24113.732 Thread 0x00000000232db000 Exception <a 'java/lang/ClassCastException': java.awt.font.StyledParagraph cannot be cast to java.awt.font.ShapeGraphicAttribute> (0x000000077104b7c0) thrown at [C:\re\workspace\8-2-build-windows-amd64-cygwin\jdk8u202\12323\hotspot\src\share\vm\interprete
Event: 24113.732 Thread 0x00000000232db000 Exception <a 'java/lang/ClassCastException': java.awt.Font cannot be cast to java.awt.font.ShapeGraphicAttribute> (0x0000000771050a50) thrown at [C:\re\workspace\8-2-build-windows-amd64-cygwin\jdk8u202\12323\hotspot\src\share\vm\interpreter\interpreterRun
Event: 24113.732 Thread 0x00000000232db000 Exception <a 'java/lang/ClassCastException': java.awt.font.ShapeGraphicAttribute cannot be cast to java.awt.Font> (0x00000007710513a0) thrown at [C:\re\workspace\8-2-build-windows-amd64-cygwin\jdk8u202\12323\hotspot\src\share\vm\interpreter\interpreterRun
Event: 24113.732 Thread 0x00000000232db000 Exception <a 'java/lang/ClassCastException': java.awt.font.StyledParagraph cannot be cast to java.awt.font.ShapeGraphicAttribute> (0x0000000771051860) thrown at [C:\re\workspace\8-2-build-windows-amd64-cygwin\jdk8u202\12323\hotspot\src\share\vm\interprete
Event: 24118.487 Thread 0x00000000232db000 Implicit null exception at 0x0000000006f508fb to 0x0000000006f50e7d

Events (10 events):
Event: 24118.487 Thread 0x00000000232db000 Uncommon trap: trap_request=0xffffff65 fr.pc=0x0000000006f50eac
Event: 24118.487 Thread 0x00000000232db000 DEOPT PACKING pc=0x0000000006f50eac sp=0x0000000022e4d300
Event: 24118.487 Thread 0x00000000232db000 DEOPT UNPACKING pc=0x000000000333583b sp=0x0000000022e4d2b8 mode 2
Event: 66940.355 loading class sun/awt/windows/WToolkit$3
Event: 66940.356 loading class sun/awt/windows/WToolkit$3 done
Event: 66940.367 Thread 0x00000000232db000 Uncommon trap: trap_request=0xffffff65 fr.pc=0x0000000005ae709c
Event: 66940.367 Thread 0x00000000232db000 DEOPT PACKING pc=0x0000000005ae709c sp=0x0000000022e4dd90
Event: 66940.367 Thread 0x00000000232db000 DEOPT UNPACKING pc=0x000000000333583b sp=0x0000000022e4dd30 mode 2
Event: 66940.585 loading class javax/swing/RepaintManager$DisplayChangedRunnable
Event: 66940.587 loading class javax/swing/RepaintManager$DisplayChangedRunnable done


Dynamic libraries:
0x00007ff7fcd50000 - 0x00007ff7fcdff000 	C:\Program Files\Oxygen XML Author 21\oxygenAuthor21.1.exe
0x00007ffd14ba0000 - 0x00007ffd14d90000 	C:\WINDOWS\SYSTEM32\ntdll.dll
0x00007ffd13570000 - 0x00007ffd13622000 	C:\WINDOWS\System32\KERNEL32.DLL
0x00007ffd11b30000 - 0x00007ffd11dd3000 	C:\WINDOWS\System32\KERNELBASE.dll
0x0000000064d10000 - 0x0000000064da5000 	C:\WINDOWS\System32\SYSFER.DLL
0x00007ffd134b0000 - 0x00007ffd13553000 	C:\WINDOWS\System32\ADVAPI32.dll
0x00007ffd144e0000 - 0x00007ffd1457e000 	C:\WINDOWS\System32\msvcrt.dll
0x00007ffd13630000 - 0x00007ffd136c7000 	C:\WINDOWS\System32\sechost.dll
0x00007ffd13b70000 - 0x00007ffd13c90000 	C:\WINDOWS\System32\RPCRT4.dll
0x00007ffceb160000 - 0x00007ffceb386000 	C:\WINDOWS\system32\ctiuser.dll
0x00007ffd13910000 - 0x00007ffd13aa4000 	C:\WINDOWS\System32\USER32.dll
0x00007ffd126d0000 - 0x00007ffd126f1000 	C:\WINDOWS\System32\win32u.dll
0x00007ffd12cb0000 - 0x00007ffd12cd6000 	C:\WINDOWS\System32\GDI32.dll
0x00007ffd12890000 - 0x00007ffd12a24000 	C:\WINDOWS\System32\gdi32full.dll
0x00007ffd12bb0000 - 0x00007ffd12c4e000 	C:\WINDOWS\System32\msvcp_win.dll
0x00007ffd12a30000 - 0x00007ffd12b2a000 	C:\WINDOWS\System32\ucrtbase.dll
0x00007ffd13740000 - 0x00007ffd13896000 	C:\WINDOWS\System32\ole32.dll
0x00007ffd13dd0000 - 0x00007ffd14106000 	C:\WINDOWS\System32\combase.dll
0x00007ffd12b30000 - 0x00007ffd12bb0000 	C:\WINDOWS\System32\bcryptPrimitives.dll
0x00007ffd13560000 - 0x00007ffd13568000 	C:\WINDOWS\System32\PSAPI.DLL
0x00007ffd050b0000 - 0x00007ffd050ba000 	C:\WINDOWS\SYSTEM32\FLTLIB.DLL
0x00007ffd14290000 - 0x00007ffd142be000 	C:\WINDOWS\System32\IMM32.DLL
0x0000000068000000 - 0x000000006805e000 	C:\WINDOWS\System32\QIPCAP64.dll
0x00007ffd12d40000 - 0x00007ffd13425000 	C:\WINDOWS\System32\SHELL32.dll
0x00007ffd12840000 - 0x00007ffd1288a000 	C:\WINDOWS\System32\cfgmgr32.dll
0x00007ffd13ab0000 - 0x00007ffd13b59000 	C:\WINDOWS\System32\shcore.dll
0x00007ffd11f50000 - 0x00007ffd126cf000 	C:\WINDOWS\System32\windows.storage.dll
0x00007ffd11ac0000 - 0x00007ffd11adf000 	C:\WINDOWS\System32\profapi.dll
0x00007ffd11ae0000 - 0x00007ffd11b2a000 	C:\WINDOWS\System32\powrprof.dll
0x00007ffd11a70000 - 0x00007ffd11a80000 	C:\WINDOWS\System32\UMPDC.dll
0x00007ffd14480000 - 0x00007ffd144d2000 	C:\WINDOWS\System32\shlwapi.dll
0x00007ffd11a80000 - 0x00007ffd11a91000 	C:\WINDOWS\System32\kernel.appcore.dll
0x00007ffd11f30000 - 0x00007ffd11f47000 	C:\WINDOWS\System32\cryptsp.dll
0x00007ffd11040000 - 0x00007ffd1110a000 	C:\WINDOWS\SYSTEM32\DNSAPI.dll
0x00007ffd136d0000 - 0x00007ffd1373f000 	C:\WINDOWS\System32\WS2_32.dll
0x00007ffd13b60000 - 0x00007ffd13b68000 	C:\WINDOWS\System32\NSI.dll
0x00007ffd10ff0000 - 0x00007ffd1102a000 	C:\WINDOWS\SYSTEM32\IPHLPAPI.DLL
0x00007ffcff350000 - 0x00007ffcff5d5000 	C:\WINDOWS\WinSxS\amd64_microsoft.windows.common-controls_6595b64144ccf1df_6.0.18362.592_none_e6c0b1911312be02\comctl32.dll
0x0000000061f50000 - 0x00000000627f5000 	c:\program files\oxygen xml author 21\jre\bin\server\jvm.dll
0x00007ffd0f410000 - 0x00007ffd0f419000 	C:\WINDOWS\SYSTEM32\WSOCK32.dll
0x00007ffd02710000 - 0x00007ffd02734000 	C:\WINDOWS\SYSTEM32\WINMM.dll
0x00007ffd0b8b0000 - 0x00007ffd0b8ba000 	C:\WINDOWS\SYSTEM32\VERSION.dll
0x0000000062920000 - 0x00000000629f2000 	C:\WINDOWS\SYSTEM32\MSVCR100.dll
0x00007ffd03e20000 - 0x00007ffd03e4d000 	C:\WINDOWS\SYSTEM32\WINMMBASE.dll
0x00007ffd06a80000 - 0x00007ffd06a8f000 	c:\program files\oxygen xml author 21\jre\bin\verify.dll
0x00007ffcf51c0000 - 0x00007ffcf51e9000 	c:\program files\oxygen xml author 21\jre\bin\java.dll
0x00007ffcfe3e0000 - 0x00007ffcfe3f6000 	c:\program files\oxygen xml author 21\jre\bin\zip.dll
0x0000000180000000 - 0x0000000180032000 	C:\Program Files\Oxygen XML Author 21\.install4j\i4jinst.dll
0x00007ffd149f0000 - 0x00007ffd14ab4000 	C:\WINDOWS\System32\OLEAUT32.dll
0x00007ffd069c0000 - 0x00007ffd069cd000 	C:\Program Files\Oxygen XML Author 21\jre\bin\management.dll
0x00007ffcec2c0000 - 0x00007ffcec2e6000 	C:\Program Files\Oxygen XML Author 21\jre\bin\JavaAccessBridge-64.dll
0x00007ffceb410000 - 0x00007ffceb5a9000 	C:\Program Files\Oxygen XML Author 21\jre\bin\awt.dll
0x00007ffd0f140000 - 0x00007ffd0f1cf000 	C:\WINDOWS\SYSTEM32\apphelp.dll
0x00007ffd0fce0000 - 0x00007ffd0fd79000 	C:\WINDOWS\system32\uxtheme.dll
0x00007ffd13c90000 - 0x00007ffd13dc5000 	C:\WINDOWS\System32\MSCTF.dll
0x00007ffd0ff60000 - 0x00007ffd0ff8d000 	C:\WINDOWS\system32\DWMAPI.DLL
0x00007ffce0c90000 - 0x00007ffce0de6000 	C:\WINDOWS\system32\opengl32.dll
0x00007ffd011c0000 - 0x00007ffd011ec000 	C:\WINDOWS\SYSTEM32\GLU32.dll
0x00007ffd106e0000 - 0x00007ffd10700000 	C:\WINDOWS\SYSTEM32\dxcore.dll
0x00007ffd10e50000 - 0x00007ffd10e83000 	C:\WINDOWS\system32\rsaenh.dll
0x00007ffd12700000 - 0x00007ffd12726000 	C:\WINDOWS\System32\bcrypt.dll
0x00007ffd11990000 - 0x00007ffd119b5000 	C:\WINDOWS\SYSTEM32\USERENV.dll
0x00007ffd114b0000 - 0x00007ffd114bc000 	C:\WINDOWS\SYSTEM32\CRYPTBASE.dll
0x00007ffcf0110000 - 0x00007ffcf012a000 	C:\Program Files\Oxygen XML Author 21\jre\bin\net.dll
0x00007ffd031c0000 - 0x00007ffd03396000 	C:\WINDOWS\SYSTEM32\urlmon.dll
0x00007ffd06f40000 - 0x00007ffd071e6000 	C:\WINDOWS\SYSTEM32\iertutil.dll
0x00007ffd112e0000 - 0x00007ffd11347000 	C:\WINDOWS\system32\mswsock.dll
0x00007ffd0c300000 - 0x00007ffd0c316000 	C:\WINDOWS\SYSTEM32\dhcpcsvc6.DLL
0x00007ffd0c240000 - 0x00007ffd0c25c000 	C:\WINDOWS\SYSTEM32\dhcpcsvc.DLL
0x00007ffcf00f0000 - 0x00007ffcf0102000 	C:\Program Files\Oxygen XML Author 21\jre\bin\nio.dll
0x0000000020ab0000 - 0x0000000020ae8000 	C:\Program Files\Oxygen XML Author 21\lib\com\sun\jna\win32-x86-64\jnidispatch.dll
0x00007ffced190000 - 0x00007ffced1d7000 	C:\Program Files\Oxygen XML Author 21\jre\bin\fontmanager.dll
0x00007ffcf5840000 - 0x00007ffcf58de000 	C:\WINDOWS\System32\TextInputFramework.dll
0x00007ffcf5ad0000 - 0x00007ffcf5dfa000 	C:\WINDOWS\System32\CoreUIComponents.dll
0x00007ffd0f6e0000 - 0x00007ffd0f7b4000 	C:\WINDOWS\System32\CoreMessaging.dll
0x00007ffd10aa0000 - 0x00007ffd10ad1000 	C:\WINDOWS\SYSTEM32\ntmarta.dll
0x00007ffd0c0e0000 - 0x00007ffd0c233000 	C:\WINDOWS\SYSTEM32\wintypes.dll
0x00007ffcecfc0000 - 0x00007ffced002000 	C:\Program Files\Oxygen XML Author 21\jre\bin\t2k.dll
0x00007ffcebd30000 - 0x00007ffcebd5a000 	C:\Program Files\Oxygen XML Author 21\jre\bin\dcpr.dll
0x0000000020040000 - 0x0000000020057000 	C:\Program Files\Oxygen XML Author 21\lib\WindowsNativeHelper64.dll
0x00007ffd14110000 - 0x00007ffd141e0000 	C:\WINDOWS\System32\comdlg32.dll
0x00007ffd04590000 - 0x00007ffd04639000 	C:\WINDOWS\WinSxS\amd64_microsoft.windows.common-controls_6595b64144ccf1df_5.82.18362.592_none_2a2c5e32466583af\comctl32.dll
0x00007ffcebd00000 - 0x00007ffcebd24000 	C:\Program Files\Oxygen XML Author 21\jre\bin\sunec.dll
0x00007ffcfa900000 - 0x00007ffcfa916000 	C:\WINDOWS\system32\napinsp.dll
0x00007ffcfa8e0000 - 0x00007ffcfa8fa000 	C:\WINDOWS\system32\pnrpnsp.dll
0x00007ffcfa8d0000 - 0x00007ffcfa8de000 	C:\WINDOWS\System32\winrnr.dll
0x00007ffd0f0f0000 - 0x00007ffd0f10c000 	C:\WINDOWS\system32\NLAapi.dll
0x00007ffcfa8b0000 - 0x00007ffcfa8c5000 	C:\WINDOWS\system32\wshbth.dll
0x00007ffd0c280000 - 0x00007ffd0c2f7000 	C:\WINDOWS\System32\fwpuclnt.dll
0x00007ffd08e60000 - 0x00007ffd08e6a000 	C:\Windows\System32\rasadhlp.dll
0x00007ffd06a90000 - 0x00007ffd06a9b000 	C:\Program Files\Oxygen XML Author 21\jre\bin\sunmscapi.dll
0x00007ffd11de0000 - 0x00007ffd11f29000 	C:\WINDOWS\System32\CRYPT32.dll
0x0000000020b00000 - 0x0000000020b12000 	C:\WINDOWS\System32\MSASN1.dll
0x00007ffd141e0000 - 0x00007ffd14282000 	C:\WINDOWS\System32\clbcatq.dll
0x00007ffcf5690000 - 0x00007ffcf583f000 	C:\WINDOWS\SYSTEM32\WindowsCodecs.dll
0x00007ffce0af0000 - 0x00007ffce0b2a000 	C:\WINDOWS\system32\dataexchange.dll
0x00007ffd0e5f0000 - 0x00007ffd0e84b000 	C:\WINDOWS\system32\d3d11.dll
0x00007ffd0ebc0000 - 0x00007ffd0ed9b000 	C:\WINDOWS\system32\dcomp.dll
0x00007ffd10770000 - 0x00007ffd1085b000 	C:\WINDOWS\system32\dxgi.dll
0x00007ffd0f9e0000 - 0x00007ffd0fc3a000 	C:\WINDOWS\system32\twinapi.appcore.dll
0x00007ffd0ff90000 - 0x00007ffd0ffb9000 	C:\WINDOWS\system32\RMCLIENT.dll
0x0000000026500000 - 0x0000000026578000 	\\?\C:\PROGRA~1\OXYGEN~1\lib\hunspell\HUNSPE~2.DLL
0x00007ffd0f5e0000 - 0x00007ffd0f6cf000 	C:\WINDOWS\system32\propsys.dll
0x00007ffcd2c80000 - 0x00007ffcd2e33000 	C:\WINDOWS\SYSTEM32\DUI70.dll
0x00007ffcde600000 - 0x00007ffcde693000 	C:\WINDOWS\SYSTEM32\DUser.dll
0x00007ffce07c0000 - 0x00007ffce081e000 	C:\Windows\System32\thumbcache.dll
0x00007ffd0ac60000 - 0x00007ffd0ace6000 	C:\WINDOWS\SYSTEM32\policymanager.dll
0x00007ffd0a650000 - 0x00007ffd0a6da000 	C:\WINDOWS\SYSTEM32\msvcp110_win.dll
0x00007ffcedc80000 - 0x00007ffcede38000 	C:\Windows\System32\Windows.Globalization.dll
0x00007ffcefe80000 - 0x00007ffcefedd000 	C:\Windows\System32\Bcp47Langs.dll
0x00007ffcef390000 - 0x00007ffcef3c0000 	C:\Windows\System32\bcp47mrm.dll
0x00007ffd0bdb0000 - 0x00007ffd0bdd5000 	C:\WINDOWS\SYSTEM32\globinputhost.dll
0x00007ffcec3e0000 - 0x00007ffcec403000 	C:\WINDOWS\SYSTEM32\edputil.dll
0x00007ffd0f360000 - 0x00007ffd0f408000 	C:\WINDOWS\System32\StructuredQuery.dll
0x00007ffd0a100000 - 0x00007ffd0a10d000 	C:\WINDOWS\SYSTEM32\atlthunk.dll
0x00007ffcf0340000 - 0x00007ffcf0475000 	C:\Windows\System32\Windows.StateRepositoryPS.dll
0x00007ffcde280000 - 0x00007ffcde33d000 	C:\WINDOWS\system32\Windows.Storage.Search.dll
0x00007ffd026a0000 - 0x00007ffd02705000 	C:\Windows\System32\oleacc.dll
0x00007ffd14ae0000 - 0x00007ffd14b56000 	C:\WINDOWS\System32\coml2.dll
0x00007ffd00fd0000 - 0x00007ffd00feb000 	C:\WINDOWS\SYSTEM32\MPR.dll
0x00007ffd0be20000 - 0x00007ffd0be2d000 	C:\WINDOWS\SYSTEM32\LINKINFO.dll
0x00007ffcfe3d0000 - 0x00007ffcfe3db000 	C:\WINDOWS\System32\drprov.dll
0x00007ffd10b70000 - 0x00007ffd10bcc000 	C:\WINDOWS\System32\WINSTA.dll
0x00007ffcfdb60000 - 0x00007ffcfdb75000 	C:\WINDOWS\System32\ntlanman.dll
0x00007ffd01d10000 - 0x00007ffd01d2d000 	C:\WINDOWS\System32\davclnt.dll
0x00007ffd039c0000 - 0x00007ffd039cc000 	C:\WINDOWS\System32\DAVHLPR.dll
0x00007ffd0ad90000 - 0x00007ffd0ada7000 	C:\WINDOWS\System32\wkscli.dll
0x00007ffd03aa0000 - 0x00007ffd03ab2000 	C:\WINDOWS\SYSTEM32\cscapi.dll

VM Arguments:
jvm_args: -Dexe4j.semaphoreName=Local\c:_program_files_oxygen_xml_author_21_oxygenauthor21.1.exe -Dexe4j.isInstall4j=true -Dexe4j.moduleName=C:\Program Files\Oxygen XML Author 21\oxygenAuthor21.1.exe -Dexe4j.tempDir= -Dexe4j.unextractedPosition=0 -Djava.library.path=c:\program files\oxygen xml author 21\jre\bin;C:\Program Files\Oxygen XML Author 21\.\jre\bin;C:\Program Files (x86)\Common Files\Oracle\Java\javapath;C:\WINDOWS\system32;C:\WINDOWS;C:\WINDOWS\System32\Wbem;C:\WINDOWS\System32\WindowsPowerShell\v1.0\;C:\WINDOWS\System32\OpenSSH\;C:\Program Files\Git\cmd;C:\Program Files (x86)\HCL\SafeLinx Client\;C:\Program Files\Intel\WiFi\bin\;C:\Program Files\Common Files\Intel\WirelessCommon\;C:\Program Files (x86)\ooRexx;C:\DITATools\IDWB\bin;C:\Program Files\Amazon\AWSCLI\bin\;C:\Users\rebecca.nethala\dita-otv-0.1.7\dita-ot\bin;C:\Users\rebecca.nethala\AppData\Local\GitHubDesktop\bin;C:\Users\rebecca.nethala\AppData\Local\Programs\Microsoft VS Code\bin -Dexe4j.consoleCodepage=cp0 -Dcom.oxygenxml.app.descriptor=ro.sync.exml.AuthorFrameDescriptor -XX:-OmitStackTraceInFastThrow -XX:SoftRefLRUPolicyMSPerMB=10 -Dsun.java2d.noddraw=true -Dsun.awt.nopixfmt=true -Dsun.java2d.dpiaware=true -Djava.net.preferIPv4Stack=true -Dsun.awt.keepWorkingSetOnMinimize=true -Dinstall4j.launcherId=19 -Dinstall4j.swt=false -Xmx4000m -Dcom.oxygenxml.language=English -XX:+UseParallelGC -XX:ErrorFile=C:\Users\REBECC~1.NET\AppData\Local\Temp\/oxy_jvm_crash.log -XX:OnError="C:\Program Files\Oxygen XML Author 21/rp.exe" 
java_command: C:\Program Files\Oxygen XML Author 21\oxygenAuthor21.1.exe
java_class_path (initial): C:\Program Files\Oxygen XML Author 21\.install4j\i4jruntime.jar;C:\Program Files\Oxygen XML Author 21\.\lib\oxygenAuthor.jar;C:\Program Files\Oxygen XML Author 21\.\lib\oxygen-basic-utilities.jar
Launcher Type: generic

Environment Variables:
PATH=c:\program files\oxygen xml author 21\jre\bin;C:\Program Files\Oxygen XML Author 21\.\jre\bin;C:\Program Files (x86)\Common Files\Oracle\Java\javapath;C:\WINDOWS\system32;C:\WINDOWS;C:\WINDOWS\System32\Wbem;C:\WINDOWS\System32\WindowsPowerShell\v1.0\;C:\WINDOWS\System32\OpenSSH\;C:\Program Files\Git\cmd;C:\Program Files (x86)\HCL\SafeLinx Client\;C:\Program Files\Intel\WiFi\bin\;C:\Program Files\Common Files\Intel\WirelessCommon\;C:\Program Files (x86)\ooRexx;C:\DITATools\IDWB\bin;C:\Program Files\Amazon\AWSCLI\bin\;C:\Users\rebecca.nethala\dita-otv-0.1.7\dita-ot\bin;C:\Users\rebecca.nethala\AppData\Local\GitHubDesktop\bin;C:\Users\rebecca.nethala\AppData\Local\Programs\Microsoft VS Code\bin
USERNAME=rebecca.nethala
OS=Windows_NT
PROCESSOR_IDENTIFIER=Intel64 Family 6 Model 158 Stepping 10, GenuineIntel



---------------  S Y S T E M  ---------------

OS: Windows 10.0 , 64 bit Build 18362 (10.0.18362.329)

CPU:total 12 (initial active 12) (6 cores per cpu, 2 threads per core) family 6 model 158 stepping 10, cmov, cx8, fxsr, mmx, sse, sse2, sse3, ssse3, sse4.1, sse4.2, popcnt, avx, avx2, aes, clmul, erms, 3dnowpref, lzcnt, ht, tsc, tscinvbit, bmi1, bmi2, adx

Memory: 4k page, physical 33282592k(17800584k free), swap 66837024k(43792464k free)

vm_info: Java HotSpot(TM) 64-Bit Server VM (25.202-b08) for windows-amd64 JRE (1.8.0_202-b08), built on Dec 15 2018 19:54:30 by "java_re" with MS VC++ 10.0 (VS2010)

time: Fri May 21 10:58:53 2021
timezone: India Standard Time
elapsed time: 67935 seconds (0d 18h 52m 15s)

