#
# A fatal error has been detected by the Java Runtime Environment:
#
#  EXCEPTION_ACCESS_VIOLATION (0xc0000005) at pc=0x0000000072b0fead, pid=14964, tid=0x00000000000074d8
#
# JRE version: Java(TM) SE Runtime Environment (8.0_202-b08) (build 1.8.0_202-b08)
# Java VM: Java HotSpot(TM) 64-Bit Server VM (25.202-b08 mixed mode windows-amd64 compressed oops)
# Problematic frame:
# V  [jvm.dll+0x14fead]
#
# Failed to write core dump. Minidumps are not enabled by default on client versions of Windows
#
# If you would like to submit a bug report, please visit:
#   http://bugreport.java.com/bugreport/crash.jsp
#

---------------  T H R E A D  ---------------

Current thread (0x0000000020389000):  JavaThread "AWT-Windows" daemon [_thread_in_vm, id=29912, stack(0x0000000020960000,0x0000000020a60000)]

siginfo: ExceptionCode=0xc0000005, reading address 0x0000000000000000

Registers:
RAX=0x0000000000000000, RBX=0x0000000020389000, RCX=0x0000000000000900, RDX=0x000000002abbeef0
RSP=0x0000000020a5ea70, RBP=0x0000000020a5eb68, RSI=0x0000000000000000, RDI=0x00000000203891f8
R8 =0x0000000000000000, R9 =0x0000000020a5eb68, R10=0x0000000001767070, R11=0x0000000000000000
R12=0x000000002abbeef0, R13=0x0000000000000308, R14=0x0000000000311a74, R15=0x0000000000000000
RIP=0x0000000072b0fead, EFLAGS=0x0000000000010246

Top of Stack: (sp=0x0000000020a5ea70)
0x0000000020a5ea70:   0000000020a5ecb8 0000000000000308
0x0000000020a5ea80:   0000000000000001 00007ffed0b4d39d
0x0000000020a5ea90:   0000000020a5ecb8 ffffffff00000000
0x0000000020a5eaa0:   0000000000000000 fffffffffffffffe
0x0000000020a5eab0:   0000000000000001 00007ffed0b4e279
0x0000000020a5eac0:   0000000020389000 0000000000000000
0x0000000020a5ead0:   0000000000000000 0000000000000001
0x0000000020a5eae0:   fffffffffffffffe 0000000072b0731f
0x0000000020a5eaf0:   0000000020a5ec98 00007ffef52436ca
0x0000000020a5eb00:   0000000000b53000 0000000000030000
0x0000000020a5eb10:   0000000000000000 00007ffed0ae9e28
0x0000000020a5eb20:   0000000000000000 0000000000000000
0x0000000020a5eb30:   0000000000000000 0000000000000000
0x0000000020a5eb40:   00000000203891f8 00007ffed0b09d37
0x0000000020a5eb50:   0000000000000000 0000000000000000
0x0000000020a5eb60:   0000000000000000 0000000000000000 

Instructions: (pc=0x0000000072b0fead)
0x0000000072b0fe8d:   00 48 83 7b 08 00 48 89 5c 24 50 48 c7 44 24 58
0x0000000072b0fe9d:   00 00 00 00 74 0a 48 8d 4c 24 50 e8 03 ef 12 00
0x0000000072b0fead:   48 8b 06 c7 44 24 40 0e 00 00 00 48 8d 4c 24 70
0x0000000072b0febd:   48 8b 50 08 0f b7 42 24 48 8b 52 08 48 8b 54 c2 


Register to memory mapping:

RAX=0x0000000000000000 is an unknown value
RBX=0x0000000020389000 is a thread
RCX=0x0000000000000900 is an unknown value
RDX=0x000000002abbeef0 is a global jni handle
RSP=0x0000000020a5ea70 is pointing into the stack for thread: 0x0000000020389000
RBP=0x0000000020a5eb68 is pointing into the stack for thread: 0x0000000020389000
RSI=0x0000000000000000 is an unknown value
RDI=0x00000000203891f8 is an unknown value
R8 =0x0000000000000000 is an unknown value
R9 =0x0000000020a5eb68 is pointing into the stack for thread: 0x0000000020389000
R10=0x0000000001767070 is an unknown value
R11=0x0000000000000000 is an unknown value
R12=0x000000002abbeef0 is a global jni handle
R13=0x0000000000000308 is an unknown value
R14=0x0000000000311a74 is an unknown value
R15=0x0000000000000000 is an unknown value


Stack: [0x0000000020960000,0x0000000020a60000],  sp=0x0000000020a5ea70,  free space=1018k
Native frames: (J=compiled Java code, j=interpreted, Vv=VM code, C=native code)
V  [jvm.dll+0x14fead]
C  [awt.dll+0x69e28]
C  [awt.dll+0x89d37]
C  [awt.dll+0xcda3c]
C  [USER32.dll+0x15b6d]
C  [USER32.dll+0x15562]
C  [awt.dll+0xcd32c]
C  [awt.dll+0xcd5db]
C  0x0000000002f98c67

Java frames: (J=compiled Java code, j=interpreted, Vv=VM code)
j  sun.awt.windows.WToolkit.eventLoop()V+0
j  sun.awt.windows.WToolkit.run()V+58
j  java.lang.Thread.run()V+11
v  ~StubRoutines::call_stub

---------------  P R O C E S S  ---------------

Java Threads: ( => current thread )
  0x000000002b367800 JavaThread "Detect hyperlinks at caret" daemon [_thread_blocked, id=24720, stack(0x000000002fdd0000,0x000000002fed0000)]
  0x000000002b363000 JavaThread "Tooltip timer in CC Editor" daemon [_thread_blocked, id=11384, stack(0x0000000027be0000,0x0000000027ce0000)]
  0x00000000299a8000 JavaThread "Batik CleanerThread" daemon [_thread_blocked, id=32028, stack(0x0000000000f50000,0x0000000001050000)]
  0x00000000299a3000 JavaThread "Collect project resource thread" daemon [_thread_blocked, id=14228, stack(0x0000000000e50000,0x0000000000f50000)]
  0x00000000299a7800 JavaThread "Show host component tooltip timer" daemon [_thread_blocked, id=12448, stack(0x0000000030940000,0x0000000030a40000)]
  0x00000000299a0000 JavaThread "OxygenSingletonChecker-Thread" [_thread_in_native, id=12968, stack(0x000000002e310000,0x000000002e410000)]
  0x00000000299a5000 JavaThread "pool-7-thread-4" [_thread_blocked, id=21916, stack(0x00000000303d0000,0x00000000304d0000)]
  0x000000002999d800 JavaThread "pool-7-thread-3" [_thread_blocked, id=29056, stack(0x00000000302d0000,0x00000000303d0000)]
  0x00000000299a3800 JavaThread "pool-7-thread-2" [_thread_blocked, id=15292, stack(0x000000002e010000,0x000000002e110000)]
  0x000000002999b800 JavaThread "pool-7-thread-1" [_thread_blocked, id=32152, stack(0x000000002df10000,0x000000002e010000)]
  0x00000000299a1800 JavaThread "AuthorExtensionBuilder" daemon [_thread_blocked, id=27108, stack(0x000000002e410000,0x000000002e510000)]
  0x00000000299a2000 JavaThread "Brackets Highlighter" [_thread_blocked, id=31056, stack(0x000000002de10000,0x000000002df10000)]
  0x000000002999a800 JavaThread "Mark occurrences in current file" daemon [_thread_blocked, id=25816, stack(0x000000002d910000,0x000000002da10000)]
  0x000000001e067000 JavaThread "'Save backup info' timer" [_thread_blocked, id=3244, stack(0x000000002a180000,0x000000002a280000)]
  0x000000001e066800 JavaThread "" [_thread_blocked, id=19124, stack(0x0000000027ce0000,0x0000000027de0000)]
  0x000000001e068000 JavaThread "DocumentTypeProviderTimer" daemon [_thread_blocked, id=31784, stack(0x0000000023870000,0x0000000023970000)]
  0x000000001e062800 JavaThread "DB Sessions Manager fire timer" daemon [_thread_blocked, id=4400, stack(0x00000000276e0000,0x00000000277e0000)]
  0x000000001e064000 JavaThread "AutomaticallyValidation" daemon [_thread_blocked, id=32288, stack(0x0000000026fe0000,0x00000000274e0000)]
  0x000000001e069800 JavaThread "Autosave" daemon [_thread_blocked, id=24244, stack(0x0000000026ee0000,0x0000000026fe0000)]
  0x000000002116c000 JavaThread "TimerQueue" daemon [_thread_blocked, id=23556, stack(0x0000000025930000,0x0000000025a30000)]
  0x00000000204ad800 JavaThread "AutomaticallyValidation" daemon [_thread_blocked, id=6776, stack(0x0000000025230000,0x0000000025730000)]
  0x0000000021940800 JavaThread "Autosave" daemon [_thread_blocked, id=31400, stack(0x0000000025030000,0x0000000025130000)]
  0x00000000214df800 JavaThread "AWT-EventQueue-0" [_thread_blocked, id=5344, stack(0x0000000022c80000,0x0000000022d80000)]
  0x0000000021b53000 JavaThread "AWT-Shutdown" [_thread_blocked, id=20180, stack(0x0000000022b80000,0x0000000022c80000)]
=>0x0000000020389000 JavaThread "AWT-Windows" daemon [_thread_in_vm, id=29912, stack(0x0000000020960000,0x0000000020a60000)]
  0x0000000020334800 JavaThread "Java2D Disposer" daemon [_thread_blocked, id=28576, stack(0x0000000020760000,0x0000000020860000)]
  0x000000001e0ef000 JavaThread "Service Thread" daemon [_thread_blocked, id=1264, stack(0x000000001faa0000,0x000000001fba0000)]
  0x000000001e068800 JavaThread "C1 CompilerThread3" daemon [_thread_blocked, id=22664, stack(0x000000001f9a0000,0x000000001faa0000)]
  0x000000001e063800 JavaThread "C2 CompilerThread2" daemon [_thread_blocked, id=15300, stack(0x000000001f8a0000,0x000000001f9a0000)]
  0x000000001e05e000 JavaThread "C2 CompilerThread1" daemon [_thread_blocked, id=17904, stack(0x000000001f7a0000,0x000000001f8a0000)]
  0x000000001e052000 JavaThread "C2 CompilerThread0" daemon [_thread_blocked, id=9948, stack(0x000000001f6a0000,0x000000001f7a0000)]
  0x000000001e050800 JavaThread "Attach Listener" daemon [_thread_blocked, id=9708, stack(0x000000001f5a0000,0x000000001f6a0000)]
  0x000000001e05a800 JavaThread "Signal Dispatcher" daemon [_thread_blocked, id=19504, stack(0x000000001f4a0000,0x000000001f5a0000)]
  0x000000001e043000 JavaThread "Finalizer" daemon [_thread_blocked, id=30644, stack(0x000000001f2a0000,0x000000001f3a0000)]
  0x0000000002f4c800 JavaThread "Reference Handler" daemon [_thread_blocked, id=19896, stack(0x000000001f1a0000,0x000000001f2a0000)]
  0x0000000002e53800 JavaThread "main" [_thread_blocked, id=14444, stack(0x00000000008d0000,0x00000000009d0000)]

Other Threads:
  0x000000001c968000 VMThread [stack: 0x000000001f0a0000,0x000000001f1a0000] [id=25976]
  0x000000001e113800 WatcherThread [stack: 0x000000001fba0000,0x000000001fca0000] [id=32312]

VM state:not at safepoint (normal execution)

VM Mutex/Monitor currently owned by a thread: None

heap address: 0x00000006c6000000, size: 4000 MB, Compressed Oops mode: Zero based, Oop shift amount: 3
Narrow klass base: 0x0000000000000000, Narrow klass shift: 3
Compressed class space size: 1073741824 Address: 0x00000007c0000000

Heap:
 PSYoungGen      total 363008K, used 94365K [0x000000076cb00000, 0x0000000789c00000, 0x00000007c0000000)
  eden space 311296K, 13% used [0x000000076cb00000,0x000000076f4d8fb8,0x000000077fb00000)
  from space 51712K, 99% used [0x0000000780100000,0x000000078334e630,0x0000000783380000)
  to   space 82432K, 0% used [0x0000000784b80000,0x0000000784b80000,0x0000000789c00000)
 ParOldGen       total 647680K, used 151657K [0x00000006c6000000, 0x00000006ed880000, 0x000000076cb00000)
  object space 647680K, 23% used [0x00000006c6000000,0x00000006cf41a528,0x00000006ed880000)
 Metaspace       used 111265K, capacity 112494K, committed 113280K, reserved 1144832K
  class space    used 16694K, capacity 16986K, committed 17024K, reserved 1048576K

Card table byte_map: [0x0000000012340000,0x0000000012b20000] byte_map_base: 0x000000000ed10000

Marking Bits: (ParMarkBitMap*) 0x00000000731e5ce0
 Begin Bits: [0x0000000013a60000, 0x00000000178e0000)
 End Bits:   [0x00000000178e0000, 0x000000001b760000)

Polling page: 0x0000000002e30000

CodeCache: size=245760Kb used=80323Kb max_used=80336Kb free=165437Kb
 bounds [0x0000000002f80000, 0x0000000007e90000, 0x0000000011f80000]
 total_blobs=21520 nmethods=20551 adapters=877
 compilation: enabled

Compilation events (10 events):
Event: 1547.305 Thread 0x000000001e05e000 nmethod 27844 0x00000000059e1b50 code [0x00000000059e1ca0, 0x00000000059e1e18]
Event: 1547.323 Thread 0x000000001e052000 nmethod 27841 0x0000000007e83c10 code [0x0000000007e83e60, 0x0000000007e85260]
Event: 1547.783 Thread 0x000000001e063800 27845       4       ro.sync.ecss.dom.builder.c::k (130 bytes)
Event: 1547.784 Thread 0x000000001e068800 27846       3       ro.sync.basic.xml.encoding.EncodingDetectorImpl::extractHeader (57 bytes)
Event: 1547.785 Thread 0x000000001e068800 nmethod 27846 0x0000000007e82e50 code [0x0000000007e83020, 0x0000000007e838d8]
Event: 1547.785 Thread 0x000000001e05e000 27847       4       ro.sync.exml.workspace.api.editor.page.ditamap.keys.EnumerationDefInfo::hashCode (33 bytes)
Event: 1547.790 Thread 0x000000001e05e000 nmethod 27847 0x00000000046226d0 code [0x0000000004622820, 0x0000000004622b38]
Event: 1547.790 Thread 0x000000001e068800 27848       1       ro.sync.ecss.dita.map.checker.n::h (5 bytes)
Event: 1547.790 Thread 0x000000001e068800 nmethod 27848 0x0000000004622350 code [0x00000000046224a0, 0x00000000046225b0]
Event: 1547.792 Thread 0x000000001e063800 nmethod 27845 0x0000000007e7e590 code [0x0000000007e7e740, 0x0000000007e7f128]

GC Heap History (10 events):
Event: 1199.570 GC heap before
{Heap before GC invocations=37 (full 4):
 PSYoungGen      total 407040K, used 401921K [0x000000076cb00000, 0x000000078a200000, 0x00000007c0000000)
  eden space 343040K, 100% used [0x000000076cb00000,0x0000000781a00000,0x0000000781a00000)
  from space 64000K, 92% used [0x0000000785f80000,0x0000000789900418,0x0000000789e00000)
  to   space 69632K, 0% used [0x0000000781a00000,0x0000000781a00000,0x0000000785e00000)
 ParOldGen       total 647680K, used 142910K [0x00000006c6000000, 0x00000006ed880000, 0x000000076cb00000)
  object space 647680K, 22% used [0x00000006c6000000,0x00000006ceb8f8b0,0x00000006ed880000)
 Metaspace       used 110924K, capacity 112132K, committed 113024K, reserved 1144832K
  class space    used 16685K, capacity 16979K, committed 17024K, reserved 1048576K
Event: 1199.586 GC heap after
Heap after GC invocations=37 (full 4):
 PSYoungGen      total 397824K, used 61095K [0x000000076cb00000, 0x000000078a580000, 0x00000007c0000000)
  eden space 336384K, 0% used [0x000000076cb00000,0x000000076cb00000,0x0000000781380000)
  from space 61440K, 99% used [0x0000000781a00000,0x00000007855a9d60,0x0000000785600000)
  to   space 74752K, 0% used [0x0000000785c80000,0x0000000785c80000,0x000000078a580000)
 ParOldGen       total 647680K, used 143390K [0x00000006c6000000, 0x00000006ed880000, 0x000000076cb00000)
  object space 647680K, 22% used [0x00000006c6000000,0x00000006cec07b30,0x00000006ed880000)
 Metaspace       used 110924K, capacity 112132K, committed 113024K, reserved 1144832K
  class space    used 16685K, capacity 16979K, committed 17024K, reserved 1048576K
}
Event: 1313.214 GC heap before
{Heap before GC invocations=38 (full 4):
 PSYoungGen      total 397824K, used 397479K [0x000000076cb00000, 0x000000078a580000, 0x00000007c0000000)
  eden space 336384K, 100% used [0x000000076cb00000,0x0000000781380000,0x0000000781380000)
  from space 61440K, 99% used [0x0000000781a00000,0x00000007855a9d60,0x0000000785600000)
  to   space 74752K, 0% used [0x0000000785c80000,0x0000000785c80000,0x000000078a580000)
 ParOldGen       total 647680K, used 143390K [0x00000006c6000000, 0x00000006ed880000, 0x000000076cb00000)
  object space 647680K, 22% used [0x00000006c6000000,0x00000006cec07b30,0x00000006ed880000)
 Metaspace       used 111002K, capacity 112196K, committed 113024K, reserved 1144832K
  class space    used 16689K, capacity 16979K, committed 17024K, reserved 1048576K
Event: 1313.232 GC heap after
Heap after GC invocations=38 (full 4):
 PSYoungGen      total 404480K, used 63505K [0x000000076cb00000, 0x000000078a900000, 0x00000007c0000000)
  eden space 329728K, 0% used [0x000000076cb00000,0x000000076cb00000,0x0000000780d00000)
  from space 74752K, 84% used [0x0000000785c80000,0x0000000789a84440,0x000000078a580000)
  to   space 79872K, 0% used [0x0000000780d00000,0x0000000780d00000,0x0000000785b00000)
 ParOldGen       total 647680K, used 146065K [0x00000006c6000000, 0x00000006ed880000, 0x000000076cb00000)
  object space 647680K, 22% used [0x00000006c6000000,0x00000006ceea4558,0x00000006ed880000)
 Metaspace       used 111002K, capacity 112196K, committed 113024K, reserved 1144832K
  class space    used 16689K, capacity 16979K, committed 17024K, reserved 1048576K
}
Event: 1361.640 GC heap before
{Heap before GC invocations=39 (full 4):
 PSYoungGen      total 404480K, used 393233K [0x000000076cb00000, 0x000000078a900000, 0x00000007c0000000)
  eden space 329728K, 100% used [0x000000076cb00000,0x0000000780d00000,0x0000000780d00000)
  from space 74752K, 84% used [0x0000000785c80000,0x0000000789a84440,0x000000078a580000)
  to   space 79872K, 0% used [0x0000000780d00000,0x0000000780d00000,0x0000000785b00000)
 ParOldGen       total 647680K, used 146065K [0x00000006c6000000, 0x00000006ed880000, 0x000000076cb00000)
  object space 647680K, 22% used [0x00000006c6000000,0x00000006ceea4558,0x00000006ed880000)
 Metaspace       used 111126K, capacity 112296K, committed 113024K, reserved 1144832K
  class space    used 16693K, capacity 16985K, committed 17024K, reserved 1048576K
Event: 1361.670 GC heap after
Heap after GC invocations=39 (full 4):
 PSYoungGen      total 388096K, used 64221K [0x000000076cb00000, 0x000000078ac00000, 0x00000007c0000000)
  eden space 323584K, 0% used [0x000000076cb00000,0x000000076cb00000,0x0000000780700000)
  from space 64512K, 99% used [0x0000000780d00000,0x0000000784bb77f0,0x0000000784c00000)
  to   space 84480K, 0% used [0x0000000785980000,0x0000000785980000,0x000000078ac00000)
 ParOldGen       total 647680K, used 146213K [0x00000006c6000000, 0x00000006ed880000, 0x000000076cb00000)
  object space 647680K, 22% used [0x00000006c6000000,0x00000006ceec9560,0x00000006ed880000)
 Metaspace       used 111126K, capacity 112296K, committed 113024K, reserved 1144832K
  class space    used 16693K, capacity 16985K, committed 17024K, reserved 1048576K
}
Event: 1523.192 GC heap before
{Heap before GC invocations=40 (full 4):
 PSYoungGen      total 388096K, used 387805K [0x000000076cb00000, 0x000000078ac00000, 0x00000007c0000000)
  eden space 323584K, 100% used [0x000000076cb00000,0x0000000780700000,0x0000000780700000)
  from space 64512K, 99% used [0x0000000780d00000,0x0000000784bb77f0,0x0000000784c00000)
  to   space 84480K, 0% used [0x0000000785980000,0x0000000785980000,0x000000078ac00000)
 ParOldGen       total 647680K, used 146213K [0x00000006c6000000, 0x00000006ed880000, 0x000000076cb00000)
  object space 647680K, 22% used [0x00000006c6000000,0x00000006ceec9578,0x00000006ed880000)
 Metaspace       used 111189K, capacity 112430K, committed 113280K, reserved 1144832K
  class space    used 16694K, capacity 16986K, committed 17024K, reserved 1048576K
Event: 1523.214 GC heap after
Heap after GC invocations=40 (full 4):
 PSYoungGen      total 395776K, used 55515K [0x000000076cb00000, 0x000000078a600000, 0x00000007c0000000)
  eden space 317440K, 0% used [0x000000076cb00000,0x000000076cb00000,0x0000000780100000)
  from space 78336K, 70% used [0x0000000785980000,0x0000000788fb6ff0,0x000000078a600000)
  to   space 84480K, 0% used [0x0000000780100000,0x0000000780100000,0x0000000785380000)
 ParOldGen       total 647680K, used 151464K [0x00000006c6000000, 0x00000006ed880000, 0x000000076cb00000)
  object space 647680K, 23% used [0x00000006c6000000,0x00000006cf3ea278,0x00000006ed880000)
 Metaspace       used 111189K, capacity 112430K, committed 113280K, reserved 1144832K
  class space    used 16694K, capacity 16986K, committed 17024K, reserved 1048576K
}
Event: 1547.213 GC heap before
{Heap before GC invocations=41 (full 4):
 PSYoungGen      total 395776K, used 372955K [0x000000076cb00000, 0x000000078a600000, 0x00000007c0000000)
  eden space 317440K, 100% used [0x000000076cb00000,0x0000000780100000,0x0000000780100000)
  from space 78336K, 70% used [0x0000000785980000,0x0000000788fb6ff0,0x000000078a600000)
  to   space 84480K, 0% used [0x0000000780100000,0x0000000780100000,0x0000000785380000)
 ParOldGen       total 647680K, used 151521K [0x00000006c6000000, 0x00000006ed880000, 0x000000076cb00000)
  object space 647680K, 23% used [0x00000006c6000000,0x00000006cf3f8518,0x00000006ed880000)
 Metaspace       used 111263K, capacity 112494K, committed 113280K, reserved 1144832K
  class space    used 16694K, capacity 16986K, committed 17024K, reserved 1048576K
Event: 1547.229 GC heap after
Heap after GC invocations=41 (full 4):
 PSYoungGen      total 363008K, used 51513K [0x000000076cb00000, 0x0000000789c00000, 0x00000007c0000000)
  eden space 311296K, 0% used [0x000000076cb00000,0x000000076cb00000,0x000000077fb00000)
  from space 51712K, 99% used [0x0000000780100000,0x000000078334e630,0x0000000783380000)
  to   space 82432K, 0% used [0x0000000784b80000,0x0000000784b80000,0x0000000789c00000)
 ParOldGen       total 647680K, used 151657K [0x00000006c6000000, 0x00000006ed880000, 0x000000076cb00000)
  object space 647680K, 23% used [0x00000006c6000000,0x00000006cf41a528,0x00000006ed880000)
 Metaspace       used 111263K, capacity 112494K, committed 113280K, reserved 1144832K
  class space    used 16694K, capacity 16986K, committed 17024K, reserved 1048576K
}

Deoptimization events (10 events):
Event: 1545.673 Thread 0x00000000214df800 Uncommon trap: reason=class_check action=none pc=0x0000000006c03c58 method=java.awt.font.ShapeGraphicAttribute.equals(Ljava/lang/Object;)Z @ 2
Event: 1545.673 Thread 0x00000000214df800 Uncommon trap: reason=class_check action=none pc=0x00000000058a4674 method=java.awt.Font.equals(Ljava/lang/Object;)Z @ 12
Event: 1545.674 Thread 0x00000000214df800 Uncommon trap: reason=class_check action=none pc=0x0000000006c03c58 method=java.awt.font.ShapeGraphicAttribute.equals(Ljava/lang/Object;)Z @ 2
Event: 1545.674 Thread 0x00000000214df800 Uncommon trap: reason=class_check action=none pc=0x00000000058a4674 method=java.awt.Font.equals(Ljava/lang/Object;)Z @ 12
Event: 1545.674 Thread 0x00000000214df800 Uncommon trap: reason=class_check action=none pc=0x0000000006c03c58 method=java.awt.font.ShapeGraphicAttribute.equals(Ljava/lang/Object;)Z @ 2
Event: 1545.674 Thread 0x00000000214df800 Uncommon trap: reason=class_check action=none pc=0x00000000058a4674 method=java.awt.Font.equals(Ljava/lang/Object;)Z @ 12
Event: 1547.299 Thread 0x00000000214df800 Uncommon trap: reason=class_check action=none pc=0x0000000006c03c58 method=java.awt.font.ShapeGraphicAttribute.equals(Ljava/lang/Object;)Z @ 2
Event: 1547.299 Thread 0x00000000214df800 Uncommon trap: reason=class_check action=none pc=0x00000000058a4674 method=java.awt.Font.equals(Ljava/lang/Object;)Z @ 12
Event: 1547.299 Thread 0x00000000214df800 Uncommon trap: reason=class_check action=none pc=0x0000000006c03c58 method=java.awt.font.ShapeGraphicAttribute.equals(Ljava/lang/Object;)Z @ 2
Event: 1547.299 Thread 0x00000000214df800 Uncommon trap: reason=class_check action=none pc=0x00000000058a4674 method=java.awt.Font.equals(Ljava/lang/Object;)Z @ 12

Classes redefined (0 events):
No events

Internal exceptions (10 events):
Event: 1545.674 Thread 0x00000000214df800 Exception <a 'java/lang/ClassCastException'> (0x000000077d7dce60) thrown at [C:\re\workspace\8-2-build-windows-amd64-cygwin\jdk8u202\12323\hotspot\src\share\vm\runtime\sharedRuntime.cpp, line 605]
Event: 1545.674 Thread 0x00000000214df800 Exception <a 'java/lang/ClassCastException': java.awt.Font cannot be cast to java.awt.font.ShapeGraphicAttribute> (0x000000077d7dfe78) thrown at [C:\re\workspace\8-2-build-windows-amd64-cygwin\jdk8u202\12323\hotspot\src\share\vm\interpreter\interpreterRun
Event: 1545.674 Thread 0x00000000214df800 Exception <a 'java/lang/ClassCastException': java.awt.font.ShapeGraphicAttribute cannot be cast to java.awt.Font> (0x000000077d7e07c8) thrown at [C:\re\workspace\8-2-build-windows-amd64-cygwin\jdk8u202\12323\hotspot\src\share\vm\interpreter\interpreterRun
Event: 1545.674 Thread 0x00000000214df800 Exception <a 'java/lang/ClassCastException'> (0x000000077d7e0c88) thrown at [C:\re\workspace\8-2-build-windows-amd64-cygwin\jdk8u202\12323\hotspot\src\share\vm\runtime\sharedRuntime.cpp, line 605]
Event: 1547.299 Thread 0x00000000214df800 Exception <a 'java/lang/ClassCastException': java.awt.Font cannot be cast to java.awt.font.ShapeGraphicAttribute> (0x000000076cf0b190) thrown at [C:\re\workspace\8-2-build-windows-amd64-cygwin\jdk8u202\12323\hotspot\src\share\vm\interpreter\interpreterRun
Event: 1547.299 Thread 0x00000000214df800 Exception <a 'java/lang/ClassCastException': java.awt.font.ShapeGraphicAttribute cannot be cast to java.awt.Font> (0x000000076cf0bb50) thrown at [C:\re\workspace\8-2-build-windows-amd64-cygwin\jdk8u202\12323\hotspot\src\share\vm\interpreter\interpreterRun
Event: 1547.299 Thread 0x00000000214df800 Exception <a 'java/lang/ClassCastException'> (0x000000076cf0c010) thrown at [C:\re\workspace\8-2-build-windows-amd64-cygwin\jdk8u202\12323\hotspot\src\share\vm\runtime\sharedRuntime.cpp, line 605]
Event: 1547.299 Thread 0x00000000214df800 Exception <a 'java/lang/ClassCastException': java.awt.Font cannot be cast to java.awt.font.ShapeGraphicAttribute> (0x000000076cf12e30) thrown at [C:\re\workspace\8-2-build-windows-amd64-cygwin\jdk8u202\12323\hotspot\src\share\vm\interpreter\interpreterRun
Event: 1547.299 Thread 0x00000000214df800 Exception <a 'java/lang/ClassCastException': java.awt.font.ShapeGraphicAttribute cannot be cast to java.awt.Font> (0x000000076cf13780) thrown at [C:\re\workspace\8-2-build-windows-amd64-cygwin\jdk8u202\12323\hotspot\src\share\vm\interpreter\interpreterRun
Event: 1547.299 Thread 0x00000000214df800 Exception <a 'java/lang/ClassCastException'> (0x000000076cf13c40) thrown at [C:\re\workspace\8-2-build-windows-amd64-cygwin\jdk8u202\12323\hotspot\src\share\vm\runtime\sharedRuntime.cpp, line 605]

Events (10 events):
Event: 1547.758 Thread 0x00000000299a6800 Thread added: 0x00000000299a6800
Event: 1547.767 Thread 0x000000002b371800 Thread added: 0x000000002b371800
Event: 1547.767 Thread 0x00000000299a6800 Thread exited: 0x00000000299a6800
Event: 1547.769 Thread 0x000000002b371800 Thread exited: 0x000000002b371800
Event: 1547.771 Thread 0x000000002b371800 Thread added: 0x000000002b371800
Event: 1547.775 Thread 0x000000002b371800 Thread exited: 0x000000002b371800
Event: 1547.777 Thread 0x000000002b371800 Thread added: 0x000000002b371800
Event: 1547.779 Thread 0x000000002b371800 Thread exited: 0x000000002b371800
Event: 1547.782 Thread 0x000000002b371800 Thread added: 0x000000002b371800
Event: 1547.785 Thread 0x000000002b371800 Thread exited: 0x000000002b371800


Dynamic libraries:
0x00007ff7f1630000 - 0x00007ff7f16df000 	C:\Program Files\Oxygen XML Author 21\oxygenAuthor21.1.exe
0x00007ffef5500000 - 0x00007ffef56f0000 	C:\WINDOWS\SYSTEM32\ntdll.dll
0x00007ffef5400000 - 0x00007ffef54b2000 	C:\WINDOWS\System32\KERNEL32.DLL
0x00007ffef2530000 - 0x00007ffef27d3000 	C:\WINDOWS\System32\KERNELBASE.dll
0x0000000075450000 - 0x00000000754e5000 	C:\WINDOWS\System32\SYSFER.DLL
0x00007ffef41a0000 - 0x00007ffef4243000 	C:\WINDOWS\System32\ADVAPI32.dll
0x00007ffef44f0000 - 0x00007ffef458e000 	C:\WINDOWS\System32\msvcrt.dll
0x00007ffef50a0000 - 0x00007ffef5137000 	C:\WINDOWS\System32\sechost.dll
0x00007ffef4970000 - 0x00007ffef4a90000 	C:\WINDOWS\System32\RPCRT4.dll
0x00007ffecbfd0000 - 0x00007ffecc1f6000 	C:\WINDOWS\system32\ctiuser.dll
0x00007ffef5220000 - 0x00007ffef53b4000 	C:\WINDOWS\System32\USER32.dll
0x00007ffef2d00000 - 0x00007ffef2d21000 	C:\WINDOWS\System32\win32u.dll
0x00007ffef53c0000 - 0x00007ffef53e6000 	C:\WINDOWS\System32\GDI32.dll
0x00007ffef2ab0000 - 0x00007ffef2c44000 	C:\WINDOWS\System32\gdi32full.dll
0x00007ffef2490000 - 0x00007ffef252e000 	C:\WINDOWS\System32\msvcp_win.dll
0x00007ffef34b0000 - 0x00007ffef35aa000 	C:\WINDOWS\System32\ucrtbase.dll
0x00007ffef4810000 - 0x00007ffef4966000 	C:\WINDOWS\System32\ole32.dll
0x00007ffef4d00000 - 0x00007ffef5036000 	C:\WINDOWS\System32\combase.dll
0x00007ffef2c80000 - 0x00007ffef2d00000 	C:\WINDOWS\System32\bcryptPrimitives.dll
0x00007ffef53f0000 - 0x00007ffef53f8000 	C:\WINDOWS\System32\PSAPI.DLL
0x00007ffee8020000 - 0x00007ffee802a000 	C:\WINDOWS\SYSTEM32\FLTLIB.DLL
0x00007ffef4c00000 - 0x00007ffef4c2e000 	C:\WINDOWS\System32\IMM32.DLL
0x0000000068000000 - 0x000000006805e000 	C:\WINDOWS\System32\QIPCAP64.dll
0x00007ffef35b0000 - 0x00007ffef3c95000 	C:\WINDOWS\System32\SHELL32.dll
0x00007ffef27e0000 - 0x00007ffef282a000 	C:\WINDOWS\System32\cfgmgr32.dll
0x00007ffef4b50000 - 0x00007ffef4bf9000 	C:\WINDOWS\System32\shcore.dll
0x00007ffef2d30000 - 0x00007ffef34af000 	C:\WINDOWS\System32\windows.storage.dll
0x00007ffef2420000 - 0x00007ffef243f000 	C:\WINDOWS\System32\profapi.dll
0x00007ffef2440000 - 0x00007ffef248a000 	C:\WINDOWS\System32\powrprof.dll
0x00007ffef23d0000 - 0x00007ffef23e0000 	C:\WINDOWS\System32\UMPDC.dll
0x00007ffef5140000 - 0x00007ffef5192000 	C:\WINDOWS\System32\shlwapi.dll
0x00007ffef2400000 - 0x00007ffef2411000 	C:\WINDOWS\System32\kernel.appcore.dll
0x00007ffef2980000 - 0x00007ffef2997000 	C:\WINDOWS\System32\cryptsp.dll
0x00007ffef19a0000 - 0x00007ffef1a6a000 	C:\WINDOWS\SYSTEM32\DNSAPI.dll
0x00007ffef47a0000 - 0x00007ffef480f000 	C:\WINDOWS\System32\WS2_32.dll
0x00007ffef4190000 - 0x00007ffef4198000 	C:\WINDOWS\System32\NSI.dll
0x00007ffef1950000 - 0x00007ffef198a000 	C:\WINDOWS\SYSTEM32\IPHLPAPI.DLL
0x00007ffee07a0000 - 0x00007ffee0a25000 	C:\WINDOWS\WinSxS\amd64_microsoft.windows.common-controls_6595b64144ccf1df_6.0.18362.592_none_e6c0b1911312be02\comctl32.dll
0x00000000729c0000 - 0x0000000073265000 	c:\program files\oxygen xml author 21\jre\bin\server\jvm.dll
0x00007ffee25b0000 - 0x00007ffee25b9000 	C:\WINDOWS\SYSTEM32\WSOCK32.dll
0x00007ffee3290000 - 0x00007ffee32b4000 	C:\WINDOWS\SYSTEM32\WINMM.dll
0x00007ffeebd90000 - 0x00007ffeebd9a000 	C:\WINDOWS\SYSTEM32\VERSION.dll
0x0000000073390000 - 0x0000000073462000 	C:\WINDOWS\SYSTEM32\MSVCR100.dll
0x00007ffee46a0000 - 0x00007ffee46cd000 	C:\WINDOWS\SYSTEM32\WINMMBASE.dll
0x00007ffeeeeb0000 - 0x00007ffeeeebf000 	c:\program files\oxygen xml author 21\jre\bin\verify.dll
0x00007ffee7040000 - 0x00007ffee7069000 	c:\program files\oxygen xml author 21\jre\bin\java.dll
0x00007ffeed420000 - 0x00007ffeed436000 	c:\program files\oxygen xml author 21\jre\bin\zip.dll
0x0000000180000000 - 0x0000000180032000 	C:\Program Files\Oxygen XML Author 21\.install4j\i4jinst.dll
0x000000001fca0000 - 0x000000001fd64000 	C:\WINDOWS\System32\OLEAUT32.dll
0x00007ffeeeea0000 - 0x00007ffeeeead000 	C:\Program Files\Oxygen XML Author 21\jre\bin\management.dll
0x00007ffee7010000 - 0x00007ffee7036000 	C:\Program Files\Oxygen XML Author 21\jre\bin\JavaAccessBridge-64.dll
0x00007ffed0a80000 - 0x00007ffed0c19000 	C:\Program Files\Oxygen XML Author 21\jre\bin\awt.dll
0x00007ffeefaa0000 - 0x00007ffeefb2f000 	C:\WINDOWS\SYSTEM32\apphelp.dll
0x00007ffef0640000 - 0x00007ffef06d9000 	C:\WINDOWS\system32\uxtheme.dll
0x0000000020a60000 - 0x0000000020b95000 	C:\WINDOWS\System32\MSCTF.dll
0x00007ffef08c0000 - 0x00007ffef08ed000 	C:\WINDOWS\system32\DWMAPI.DLL
0x00007ffec22c0000 - 0x00007ffec2416000 	C:\WINDOWS\system32\opengl32.dll
0x00007ffec2b10000 - 0x00007ffec2b3c000 	C:\WINDOWS\SYSTEM32\GLU32.dll
0x00007ffef1040000 - 0x00007ffef1060000 	C:\WINDOWS\SYSTEM32\dxcore.dll
0x00007ffef17b0000 - 0x00007ffef17e3000 	C:\WINDOWS\system32\rsaenh.dll
0x00007ffef2c50000 - 0x00007ffef2c76000 	C:\WINDOWS\System32\bcrypt.dll
0x00007ffef22f0000 - 0x00007ffef2315000 	C:\WINDOWS\SYSTEM32\USERENV.dll
0x00007ffef1e10000 - 0x00007ffef1e1c000 	C:\WINDOWS\SYSTEM32\CRYPTBASE.dll
0x00007ffee9e60000 - 0x00007ffee9e7a000 	C:\Program Files\Oxygen XML Author 21\jre\bin\net.dll
0x00007ffee3ab0000 - 0x00007ffee3c86000 	C:\WINDOWS\SYSTEM32\urlmon.dll
0x00007ffee7660000 - 0x00007ffee7906000 	C:\WINDOWS\SYSTEM32\iertutil.dll
0x00007ffef1c40000 - 0x00007ffef1ca7000 	C:\WINDOWS\system32\mswsock.dll
0x00007ffeed2b0000 - 0x00007ffeed2c6000 	C:\WINDOWS\SYSTEM32\dhcpcsvc6.DLL
0x00007ffeed160000 - 0x00007ffeed17c000 	C:\WINDOWS\SYSTEM32\dhcpcsvc.DLL
0x00007ffee6a30000 - 0x00007ffee6a42000 	C:\Program Files\Oxygen XML Author 21\jre\bin\nio.dll
0x0000000020ba0000 - 0x0000000020bd8000 	C:\Program Files\Oxygen XML Author 21\lib\com\sun\jna\win32-x86-64\jnidispatch.dll
0x00007ffee1d60000 - 0x00007ffee1da7000 	C:\Program Files\Oxygen XML Author 21\jre\bin\fontmanager.dll
0x00007ffee1cf0000 - 0x00007ffee1d32000 	C:\Program Files\Oxygen XML Author 21\jre\bin\t2k.dll
0x00007ffee6d10000 - 0x00007ffee6d3a000 	C:\Program Files\Oxygen XML Author 21\jre\bin\dcpr.dll
0x00000000208d0000 - 0x00000000208e7000 	C:\Program Files\Oxygen XML Author 21\lib\WindowsNativeHelper64.dll
0x00007ffef4420000 - 0x00007ffef44f0000 	C:\WINDOWS\System32\comdlg32.dll
0x00007ffee5340000 - 0x00007ffee53e9000 	C:\WINDOWS\WinSxS\amd64_microsoft.windows.common-controls_6595b64144ccf1df_5.82.18362.592_none_2a2c5e32466583af\comctl32.dll
0x00007ffee6c80000 - 0x00007ffee6ca4000 	C:\Program Files\Oxygen XML Author 21\jre\bin\sunec.dll
0x00007ffedb2f0000 - 0x00007ffedb306000 	C:\WINDOWS\system32\napinsp.dll
0x00007ffedb2d0000 - 0x00007ffedb2ea000 	C:\WINDOWS\system32\pnrpnsp.dll
0x00007ffede4e0000 - 0x00007ffede4ee000 	C:\WINDOWS\System32\winrnr.dll
0x00007ffef00f0000 - 0x00007ffef010c000 	C:\WINDOWS\system32\NLAapi.dll
0x00007ffedb2b0000 - 0x00007ffedb2c5000 	C:\WINDOWS\system32\wshbth.dll
0x00007ffeed6d0000 - 0x00007ffeed747000 	C:\WINDOWS\System32\fwpuclnt.dll
0x00007ffeeacc0000 - 0x00007ffeeacca000 	C:\Windows\System32\rasadhlp.dll
0x00007ffeeee30000 - 0x00007ffeeee3b000 	C:\Program Files\Oxygen XML Author 21\jre\bin\sunmscapi.dll
0x00007ffef2830000 - 0x00007ffef2979000 	C:\WINDOWS\System32\CRYPT32.dll
0x0000000020bf0000 - 0x0000000020c02000 	C:\WINDOWS\System32\MSASN1.dll
0x00007ffed5650000 - 0x00007ffed56ee000 	C:\WINDOWS\System32\TextInputFramework.dll
0x00007ffed6d30000 - 0x00007ffed705a000 	C:\WINDOWS\System32\CoreUIComponents.dll
0x00007ffeefb90000 - 0x00007ffeefc64000 	C:\WINDOWS\System32\CoreMessaging.dll
0x00007ffef1400000 - 0x00007ffef1431000 	C:\WINDOWS\SYSTEM32\ntmarta.dll
0x00007ffeec8e0000 - 0x00007ffeeca33000 	C:\WINDOWS\SYSTEM32\wintypes.dll
0x0000000023970000 - 0x00000000239e8000 	\\?\C:\PROGRA~1\OXYGEN~1\lib\hunspell\HUNSPE~2.DLL
0x00007ffef4aa0000 - 0x00007ffef4b42000 	C:\WINDOWS\System32\clbcatq.dll
0x00007ffed6800000 - 0x00007ffed69af000 	C:\WINDOWS\SYSTEM32\WindowsCodecs.dll
0x00007ffec2a60000 - 0x00007ffec2a9a000 	C:\WINDOWS\system32\dataexchange.dll
0x00007ffeef020000 - 0x00007ffeef27b000 	C:\WINDOWS\system32\d3d11.dll
0x00007ffeef5f0000 - 0x00007ffeef7cb000 	C:\WINDOWS\system32\dcomp.dll
0x00007ffef10d0000 - 0x00007ffef11bb000 	C:\WINDOWS\system32\dxgi.dll
0x00007ffef0320000 - 0x00007ffef057a000 	C:\WINDOWS\system32\twinapi.appcore.dll
0x00007ffef09a0000 - 0x00007ffef09c9000 	C:\WINDOWS\system32\RMCLIENT.dll
0x00007ffed6cc0000 - 0x00007ffed6d25000 	C:\WINDOWS\system32\Ninput.dll
0x00007ffec0d00000 - 0x00007ffec0d23000 	C:\WINDOWS\SYSTEM32\edputil.dll
0x00007ffef0d10000 - 0x00007ffef0f04000 	C:\WINDOWS\SYSTEM32\dbghelp.dll
0x00007ffee1e40000 - 0x00007ffee1e6a000 	C:\WINDOWS\SYSTEM32\dbgcore.DLL

VM Arguments:
jvm_args: -Dexe4j.semaphoreName=Local\c:_program_files_oxygen_xml_author_21_oxygenauthor21.1.exe -Dexe4j.isInstall4j=true -Dexe4j.moduleName=C:\Program Files\Oxygen XML Author 21\oxygenAuthor21.1.exe -Dexe4j.tempDir= -Dexe4j.unextractedPosition=0 -Djava.library.path=c:\program files\oxygen xml author 21\jre\bin;C:\Program Files\Oxygen XML Author 21\.\jre\bin;C:\Program Files (x86)\Common Files\Oracle\Java\javapath;C:\WINDOWS\system32;C:\WINDOWS;C:\WINDOWS\System32\Wbem;C:\WINDOWS\System32\WindowsPowerShell\v1.0\;C:\WINDOWS\System32\OpenSSH\;C:\Program Files\Git\cmd;C:\Program Files (x86)\HCL\SafeLinx Client\;C:\Program Files\Intel\WiFi\bin\;C:\Program Files\Common Files\Intel\WirelessCommon\;C:\Program Files (x86)\ooRexx;C:\DITATools\IDWB\bin;C:\Program Files\Amazon\AWSCLI\bin\;C:\Users\rebecca.nethala\dita-otv-0.1.7\dita-ot\bin;C:\Users\rebecca.nethala\AppData\Local\GitHubDesktop\bin;C:\Users\rebecca.nethala\AppData\Local\Programs\Microsoft VS Code\bin -Dexe4j.consoleCodepage=cp0 -Dcom.oxygenxml.app.descriptor=ro.sync.exml.AuthorFrameDescriptor -XX:-OmitStackTraceInFastThrow -XX:SoftRefLRUPolicyMSPerMB=10 -Dsun.java2d.noddraw=true -Dsun.awt.nopixfmt=true -Dsun.java2d.dpiaware=true -Djava.net.preferIPv4Stack=true -Dsun.awt.keepWorkingSetOnMinimize=true -Dinstall4j.launcherId=19 -Dinstall4j.swt=false -Xmx4000m -Dcom.oxygenxml.language=English -XX:+UseParallelGC -XX:ErrorFile=C:\Users\REBECC~1.NET\AppData\Local\Temp\/oxy_jvm_crash.log -XX:OnError="C:\Program Files\Oxygen XML Author 21/rp.exe" 
java_command: C:\Program Files\Oxygen XML Author 21\oxygenAuthor21.1.exe
java_class_path (initial): C:\Program Files\Oxygen XML Author 21\.install4j\i4jruntime.jar;C:\Program Files\Oxygen XML Author 21\.\lib\oxygenAuthor.jar;C:\Program Files\Oxygen XML Author 21\.\lib\oxygen-basic-utilities.jar
Launcher Type: generic

Environment Variables:
PATH=c:\program files\oxygen xml author 21\jre\bin;C:\Program Files\Oxygen XML Author 21\.\jre\bin;C:\Program Files (x86)\Common Files\Oracle\Java\javapath;C:\WINDOWS\system32;C:\WINDOWS;C:\WINDOWS\System32\Wbem;C:\WINDOWS\System32\WindowsPowerShell\v1.0\;C:\WINDOWS\System32\OpenSSH\;C:\Program Files\Git\cmd;C:\Program Files (x86)\HCL\SafeLinx Client\;C:\Program Files\Intel\WiFi\bin\;C:\Program Files\Common Files\Intel\WirelessCommon\;C:\Program Files (x86)\ooRexx;C:\DITATools\IDWB\bin;C:\Program Files\Amazon\AWSCLI\bin\;C:\Users\rebecca.nethala\dita-otv-0.1.7\dita-ot\bin;C:\Users\rebecca.nethala\AppData\Local\GitHubDesktop\bin;C:\Users\rebecca.nethala\AppData\Local\Programs\Microsoft VS Code\bin
USERNAME=rebecca.nethala
OS=Windows_NT
PROCESSOR_IDENTIFIER=Intel64 Family 6 Model 158 Stepping 10, GenuineIntel



---------------  S Y S T E M  ---------------

OS: Windows 10.0 , 64 bit Build 18362 (10.0.18362.329)

CPU:total 12 (initial active 12) (6 cores per cpu, 2 threads per core) family 6 model 158 stepping 10, cmov, cx8, fxsr, mmx, sse, sse2, sse3, ssse3, sse4.1, sse4.2, popcnt, avx, avx2, aes, clmul, erms, 3dnowpref, lzcnt, ht, tsc, tscinvbit, bmi1, bmi2, adx

Memory: 4k page, physical 33282592k(16970824k free), swap 66837024k(44344496k free)

vm_info: Java HotSpot(TM) 64-Bit Server VM (25.202-b08) for windows-amd64 JRE (1.8.0_202-b08), built on Dec 15 2018 19:54:30 by "java_re" with MS VC++ 10.0 (VS2010)

time: Fri Mar 26 16:07:01 2021
timezone: India Standard Time
elapsed time: 1551 seconds (0d 0h 25m 51s)

