#
# A fatal error has been detected by the Java Runtime Environment:
#
#  EXCEPTION_ACCESS_VIOLATION (0xc0000005) at pc=0x0000000051bdfead, pid=5020, tid=0x00000000000032dc
#
# JRE version: Java(TM) SE Runtime Environment (8.0_202-b08) (build 1.8.0_202-b08)
# Java VM: Java HotSpot(TM) 64-Bit Server VM (25.202-b08 mixed mode windows-amd64 compressed oops)
# Problematic frame:
# V  [jvm.dll+0x14fead]
#
# Failed to write core dump. Minidumps are not enabled by default on client versions of Windows
#
# If you would like to submit a bug report, please visit:
#   http://bugreport.java.com/bugreport/crash.jsp
#

---------------  T H R E A D  ---------------

Current thread (0x000000002029e000):  JavaThread "AWT-Windows" daemon [_thread_in_vm, id=13020, stack(0x00000000209c0000,0x0000000020ac0000)]

siginfo: ExceptionCode=0xc0000005, reading address 0x0000000000000000

Registers:
RAX=0x0000000000000000, RBX=0x000000002029e000, RCX=0x0000000000000e00, RDX=0x000000002198dc18
RSP=0x0000000020abf090, RBP=0x0000000020abf188, RSI=0x0000000000000000, RDI=0x000000002029e1f8
R8 =0x0000000000000000, R9 =0x0000000020abf188, R10=0x0000000001896650, R11=0x0000000000000000
R12=0x000000002198dc18, R13=0x0000000000000308, R14=0x00000000004d0c8e, R15=0x0000000000000000
RIP=0x0000000051bdfead, EFLAGS=0x0000000000010246

Top of Stack: (sp=0x0000000020abf090)
0x0000000020abf090:   0000000020abf2d8 0000000000000308
0x0000000020abf0a0:   0000000000000001 00007ff84293d39d
0x0000000020abf0b0:   0000000020abf2d8 ffffffff00000000
0x0000000020abf0c0:   0000000000000000 fffffffffffffffe
0x0000000020abf0d0:   0000000000000001 00007ff84293e279
0x0000000020abf0e0:   000000002029e000 0000000000000000
0x0000000020abf0f0:   0000000000000000 0000000000000001
0x0000000020abf100:   fffffffffffffffe 0000000051bd731f
0x0000000020abf110:   0000000020abf2b8 00007ff84ee536ca
0x0000000020abf120:   0000000000ba7000 0000000000030000
0x0000000020abf130:   0000000000000000 00007ff8428d9e28
0x0000000020abf140:   0000000000000000 0000000000000000
0x0000000020abf150:   0000000000000000 0000000000000000
0x0000000020abf160:   000000002029e1f8 00007ff8428f9d37
0x0000000020abf170:   0000000000000000 0000000000000000
0x0000000020abf180:   0000000000000000 0000000000000000 

Instructions: (pc=0x0000000051bdfead)
0x0000000051bdfe8d:   00 48 83 7b 08 00 48 89 5c 24 50 48 c7 44 24 58
0x0000000051bdfe9d:   00 00 00 00 74 0a 48 8d 4c 24 50 e8 03 ef 12 00
0x0000000051bdfead:   48 8b 06 c7 44 24 40 0e 00 00 00 48 8d 4c 24 70
0x0000000051bdfebd:   48 8b 50 08 0f b7 42 24 48 8b 52 08 48 8b 54 c2 


Register to memory mapping:

RAX=0x0000000000000000 is an unknown value
RBX=0x000000002029e000 is a thread
RCX=0x0000000000000e00 is an unknown value
RDX=0x000000002198dc18 is a global jni handle
RSP=0x0000000020abf090 is pointing into the stack for thread: 0x000000002029e000
RBP=0x0000000020abf188 is pointing into the stack for thread: 0x000000002029e000
RSI=0x0000000000000000 is an unknown value
RDI=0x000000002029e1f8 is an unknown value
R8 =0x0000000000000000 is an unknown value
R9 =0x0000000020abf188 is pointing into the stack for thread: 0x000000002029e000
R10=0x0000000001896650 is an unknown value
R11=0x0000000000000000 is an unknown value
R12=0x000000002198dc18 is a global jni handle
R13=0x0000000000000308 is an unknown value
R14=0x00000000004d0c8e is an unknown value
R15=0x0000000000000000 is an unknown value


Stack: [0x00000000209c0000,0x0000000020ac0000],  sp=0x0000000020abf090,  free space=1020k
Native frames: (J=compiled Java code, j=interpreted, Vv=VM code, C=native code)
V  [jvm.dll+0x14fead]
C  [awt.dll+0x69e28]
C  [awt.dll+0x89d37]
C  [awt.dll+0xcda3c]
C  [USER32.dll+0x15b6d]
C  [USER32.dll+0x15562]
C  [awt.dll+0xcd32c]
C  [awt.dll+0xcd5db]
C  0x0000000003008c67

Java frames: (J=compiled Java code, j=interpreted, Vv=VM code)
j  sun.awt.windows.WToolkit.eventLoop()V+0
j  sun.awt.windows.WToolkit.run()V+58
j  java.lang.Thread.run()V+11
v  ~StubRoutines::call_stub

---------------  P R O C E S S  ---------------

Java Threads: ( => current thread )
  0x000000002bf20000 JavaThread "Save project thread" daemon [_thread_blocked, id=25516, stack(0x0000000022220000,0x0000000022320000)]
  0x000000002bf29800 JavaThread "Batik CleanerThread" daemon [_thread_blocked, id=10836, stack(0x0000000027b30000,0x0000000027c30000)]
  0x000000002bf29000 JavaThread "Swing-Shell" daemon [_thread_blocked, id=22460, stack(0x0000000032c80000,0x0000000032d80000)]
  0x000000002bf27800 JavaThread "Detect hyperlinks at caret" daemon [_thread_blocked, id=23684, stack(0x0000000032a30000,0x0000000032b30000)]
  0x000000002bf20800 JavaThread "Opened editors lock manager" [_thread_blocked, id=26936, stack(0x0000000032130000,0x0000000032230000)]
  0x000000002bf26800 JavaThread "Tooltip timer in CC Editor" daemon [_thread_blocked, id=11276, stack(0x0000000029fd0000,0x000000002a0d0000)]
  0x000000002bf1f000 JavaThread "Collect project resource thread" daemon [_thread_blocked, id=23820, stack(0x0000000031f30000,0x0000000032030000)]
  0x000000002bf26000 JavaThread "Thread-12" daemon [_thread_in_native, id=5516, stack(0x0000000002c30000,0x0000000002d30000)]
  0x000000002366a000 JavaThread "Show host component tooltip timer" daemon [_thread_blocked, id=9196, stack(0x0000000032030000,0x0000000032130000)]
  0x000000002a3ac800 JavaThread "OxygenSingletonChecker-Thread" [_thread_in_native, id=22916, stack(0x0000000031e30000,0x0000000031f30000)]
  0x000000002a3aa000 JavaThread "pool-10-thread-4" [_thread_blocked, id=24488, stack(0x0000000031830000,0x0000000031930000)]
  0x000000002a3a8800 JavaThread "pool-10-thread-3" [_thread_blocked, id=17672, stack(0x0000000031730000,0x0000000031830000)]
  0x000000002a3ad000 JavaThread "pool-10-thread-2" [_thread_blocked, id=5396, stack(0x0000000031630000,0x0000000031730000)]
  0x000000002a3a9800 JavaThread "pool-10-thread-1" [_thread_blocked, id=9836, stack(0x0000000031530000,0x0000000031630000)]
  0x000000002a39f800 JavaThread "pool-9-thread-4" [_thread_blocked, id=9764, stack(0x00000000310c0000,0x00000000311c0000)]
  0x000000002a3a6800 JavaThread "pool-9-thread-3" [_thread_blocked, id=26476, stack(0x0000000030fc0000,0x00000000310c0000)]
  0x000000002a39f000 JavaThread "pool-9-thread-2" [_thread_blocked, id=9548, stack(0x0000000030ec0000,0x0000000030fc0000)]
  0x000000002a3a5800 JavaThread "pool-9-thread-1" [_thread_blocked, id=8220, stack(0x0000000030dc0000,0x0000000030ec0000)]
  0x000000002a3a3800 JavaThread "AuthorExtensionBuilder" daemon [_thread_blocked, id=27628, stack(0x000000002f220000,0x000000002f320000)]
  0x000000002366e800 JavaThread "Brackets Highlighter" [_thread_blocked, id=13940, stack(0x000000002ec20000,0x000000002ed20000)]
  0x0000000023670000 JavaThread "Mark occurrences in current file" daemon [_thread_blocked, id=23596, stack(0x000000002e920000,0x000000002ea20000)]
  0x000000002366b800 JavaThread "'Save backup info' timer" [_thread_blocked, id=21468, stack(0x000000002b2c0000,0x000000002b3c0000)]
  0x000000002366e000 JavaThread "" [_thread_blocked, id=25172, stack(0x0000000027a30000,0x0000000027b30000)]
  0x000000002366f800 JavaThread "DocumentTypeProviderTimer" daemon [_thread_blocked, id=13804, stack(0x0000000001120000,0x0000000001220000)]
  0x000000002366c000 JavaThread "DB Sessions Manager fire timer" daemon [_thread_blocked, id=11016, stack(0x0000000027530000,0x0000000027630000)]
  0x000000002366d000 JavaThread "AutomaticallyValidation" daemon [_thread_blocked, id=21716, stack(0x0000000026e30000,0x0000000027330000)]
  0x0000000023669000 JavaThread "Autosave" daemon [_thread_blocked, id=23736, stack(0x0000000026d30000,0x0000000026e30000)]
  0x00000000202a8800 JavaThread "TimerQueue" daemon [_thread_blocked, id=23780, stack(0x0000000026630000,0x0000000026730000)]
  0x0000000020265000 JavaThread "AutomaticallyValidation" daemon [_thread_blocked, id=27976, stack(0x0000000025110000,0x0000000025610000)]
  0x0000000020fd3800 JavaThread "Autosave" daemon [_thread_blocked, id=10932, stack(0x0000000022db0000,0x0000000022eb0000)]
  0x0000000021907000 JavaThread "AWT-EventQueue-0" [_thread_blocked, id=26652, stack(0x0000000024470000,0x0000000024570000)]
  0x0000000021906000 JavaThread "AWT-Shutdown" [_thread_blocked, id=20160, stack(0x0000000024370000,0x0000000024470000)]
=>0x000000002029e000 JavaThread "AWT-Windows" daemon [_thread_in_vm, id=13020, stack(0x00000000209c0000,0x0000000020ac0000)]
  0x0000000020273000 JavaThread "Java2D Disposer" daemon [_thread_blocked, id=17628, stack(0x00000000207c0000,0x00000000208c0000)]
  0x000000001e167800 JavaThread "Service Thread" daemon [_thread_blocked, id=28164, stack(0x000000001fb20000,0x000000001fc20000)]
  0x000000001e0f1000 JavaThread "C1 CompilerThread3" daemon [_thread_blocked, id=14952, stack(0x000000001fa20000,0x000000001fb20000)]
  0x000000001e0e0800 JavaThread "C2 CompilerThread2" daemon [_thread_blocked, id=27896, stack(0x000000001f920000,0x000000001fa20000)]
  0x000000001e0db800 JavaThread "C2 CompilerThread1" daemon [_thread_blocked, id=4756, stack(0x000000001f820000,0x000000001f920000)]
  0x000000001e0d1000 JavaThread "C2 CompilerThread0" daemon [_thread_blocked, id=24392, stack(0x000000001f720000,0x000000001f820000)]
  0x000000001e0d0000 JavaThread "Attach Listener" daemon [_thread_blocked, id=27672, stack(0x000000001f620000,0x000000001f720000)]
  0x000000001e0cf000 JavaThread "Signal Dispatcher" daemon [_thread_blocked, id=14868, stack(0x000000001f520000,0x000000001f620000)]
  0x000000001e0c3000 JavaThread "Finalizer" daemon [_thread_blocked, id=15740, stack(0x000000001f320000,0x000000001f420000)]
  0x000000001c9dc800 JavaThread "Reference Handler" daemon [_thread_blocked, id=23964, stack(0x000000001f220000,0x000000001f320000)]
  0x0000000002ea3800 JavaThread "main" [_thread_blocked, id=1720, stack(0x00000000008e0000,0x00000000009e0000)]

Other Threads:
  0x000000001c9d8000 VMThread [stack: 0x000000001f120000,0x000000001f220000] [id=14044]
  0x000000001e183800 WatcherThread [stack: 0x000000001fc20000,0x000000001fd20000] [id=25636]

VM state:not at safepoint (normal execution)

VM Mutex/Monitor currently owned by a thread: None

heap address: 0x00000006c6000000, size: 4000 MB, Compressed Oops mode: Zero based, Oop shift amount: 3
Narrow klass base: 0x0000000000000000, Narrow klass shift: 3
Compressed class space size: 1073741824 Address: 0x00000007c0000000

Heap:
 PSYoungGen      total 148480K, used 81730K [0x000000076cb00000, 0x0000000779780000, 0x00000007c0000000)
  eden space 132608K, 49% used [0x000000076cb00000,0x0000000770b80690,0x0000000774c80000)
  from space 15872K, 98% used [0x0000000774e00000,0x0000000775d50248,0x0000000775d80000)
  to   space 38400K, 0% used [0x0000000777200000,0x0000000777200000,0x0000000779780000)
 ParOldGen       total 580608K, used 357261K [0x00000006c6000000, 0x00000006e9700000, 0x000000076cb00000)
  object space 580608K, 61% used [0x00000006c6000000,0x00000006dbce3588,0x00000006e9700000)
 Metaspace       used 121698K, capacity 122884K, committed 123808K, reserved 1155072K
  class space    used 17817K, capacity 18089K, committed 18092K, reserved 1048576K

Card table byte_map: [0x00000000123b0000,0x0000000012b90000] byte_map_base: 0x000000000ed80000

Marking Bits: (ParMarkBitMap*) 0x00000000522b5ce0
 Begin Bits: [0x0000000013ad0000, 0x0000000017950000)
 End Bits:   [0x0000000017950000, 0x000000001b7d0000)

Polling page: 0x0000000001240000

CodeCache: size=245760Kb used=112564Kb max_used=112871Kb free=133195Kb
 bounds [0x0000000002ff0000, 0x0000000009f10000, 0x0000000011ff0000]
 total_blobs=28799 nmethods=27799 adapters=905
 compilation: enabled

Compilation events (10 events):
Event: 20373.163 Thread 0x000000001e0f1000 nmethod 39490 0x0000000004ce1090 code [0x0000000004ce14c0, 0x0000000004ce36f8]
Event: 20373.166 Thread 0x000000001e0f1000 39491   !   3       java.io.FilePermissionCollection::implies (138 bytes)
Event: 20373.166 Thread 0x000000001e0f1000 nmethod 39491 0x0000000004fc6350 code [0x0000000004fc6520, 0x0000000004fc7168]
Event: 20373.168 Thread 0x000000001e0f1000 39492       3       java.io.FilePermission::impliesIgnoreMask (200 bytes)
Event: 20373.169 Thread 0x000000001e0f1000 nmethod 39492 0x00000000097e7b90 code [0x00000000097e7dc0, 0x00000000097e8f58]
Event: 20373.189 Thread 0x000000001e0d1000 nmethod 39489 0x00000000041f0bd0 code [0x00000000041f0f60, 0x00000000041f2c98]
Event: 20373.220 Thread 0x000000001e0e0800 39493   !   4       org.apache.xerces.impl.XMLDocumentScannerImpl$PrologDispatcher::dispatch (920 bytes)
Event: 20373.772 Thread 0x000000001e0e0800 nmethod 39493 0x00000000097c2b90 code [0x00000000097c3740, 0x00000000097ced68]
Event: 20374.229 Thread 0x000000001e0db800 39494   !   4       net.sf.saxon.serialize.XMLEmitter::writeAttribute (358 bytes)
Event: 20374.238 Thread 0x000000001e0db800 nmethod 39494 0x0000000006dadc90 code [0x0000000006dadfa0, 0x0000000006daef58]

GC Heap History (10 events):
Event: 16759.255 GC heap before
{Heap before GC invocations=119 (full 10):
 PSYoungGen      total 179200K, used 161052K [0x000000076cb00000, 0x000000077a700000, 0x00000007c0000000)
  eden space 140288K, 100% used [0x000000076cb00000,0x0000000775400000,0x0000000775400000)
  from space 38912K, 53% used [0x0000000778100000,0x0000000779547330,0x000000077a700000)
  to   space 42496K, 0% used [0x0000000775400000,0x0000000775400000,0x0000000777d80000)
 ParOldGen       total 580608K, used 346510K [0x00000006c6000000, 0x00000006e9700000, 0x000000076cb00000)
  object space 580608K, 59% used [0x00000006c6000000,0x00000006db263910,0x00000006e9700000)
 Metaspace       used 121643K, capacity 122778K, committed 123552K, reserved 1155072K
  class space    used 17813K, capacity 18082K, committed 18092K, reserved 1048576K
Event: 16759.268 GC heap after
Heap after GC invocations=119 (full 10):
 PSYoungGen      total 165376K, used 26517K [0x000000076cb00000, 0x000000077a480000, 0x00000007c0000000)
  eden space 138752K, 0% used [0x000000076cb00000,0x000000076cb00000,0x0000000775280000)
  from space 26624K, 99% used [0x0000000775400000,0x0000000776de57d0,0x0000000776e00000)
  to   space 41984K, 0% used [0x0000000777b80000,0x0000000777b80000,0x000000077a480000)
 ParOldGen       total 580608K, used 346886K [0x00000006c6000000, 0x00000006e9700000, 0x000000076cb00000)
  object space 580608K, 59% used [0x00000006c6000000,0x00000006db2c1920,0x00000006e9700000)
 Metaspace       used 121643K, capacity 122778K, committed 123552K, reserved 1155072K
  class space    used 17813K, capacity 18082K, committed 18092K, reserved 1048576K
}
Event: 16857.266 GC heap before
{Heap before GC invocations=120 (full 10):
 PSYoungGen      total 165376K, used 165269K [0x000000076cb00000, 0x000000077a480000, 0x00000007c0000000)
  eden space 138752K, 100% used [0x000000076cb00000,0x0000000775280000,0x0000000775280000)
  from space 26624K, 99% used [0x0000000775400000,0x0000000776de57d0,0x0000000776e00000)
  to   space 41984K, 0% used [0x0000000777b80000,0x0000000777b80000,0x000000077a480000)
 ParOldGen       total 580608K, used 346886K [0x00000006c6000000, 0x00000006e9700000, 0x000000076cb00000)
  object space 580608K, 59% used [0x00000006c6000000,0x00000006db2c1920,0x00000006e9700000)
 Metaspace       used 121647K, capacity 122778K, committed 123552K, reserved 1155072K
  class space    used 17813K, capacity 18082K, committed 18092K, reserved 1048576K
Event: 16857.274 GC heap after
Heap after GC invocations=120 (full 10):
 PSYoungGen      total 176640K, used 15019K [0x000000076cb00000, 0x000000077a200000, 0x00000007c0000000)
  eden space 137216K, 0% used [0x000000076cb00000,0x000000076cb00000,0x0000000775100000)
  from space 39424K, 38% used [0x0000000777b80000,0x0000000778a2ac60,0x000000077a200000)
  to   space 41472K, 0% used [0x0000000775100000,0x0000000775100000,0x0000000777980000)
 ParOldGen       total 580608K, used 352406K [0x00000006c6000000, 0x00000006e9700000, 0x000000076cb00000)
  object space 580608K, 60% used [0x00000006c6000000,0x00000006db8258e0,0x00000006e9700000)
 Metaspace       used 121647K, capacity 122778K, committed 123552K, reserved 1155072K
  class space    used 17813K, capacity 18082K, committed 18092K, reserved 1048576K
}
Event: 20317.383 GC heap before
{Heap before GC invocations=121 (full 10):
 PSYoungGen      total 176640K, used 152235K [0x000000076cb00000, 0x000000077a200000, 0x00000007c0000000)
  eden space 137216K, 100% used [0x000000076cb00000,0x0000000775100000,0x0000000775100000)
  from space 39424K, 38% used [0x0000000777b80000,0x0000000778a2ac60,0x000000077a200000)
  to   space 41472K, 0% used [0x0000000775100000,0x0000000775100000,0x0000000777980000)
 ParOldGen       total 580608K, used 352406K [0x00000006c6000000, 0x00000006e9700000, 0x000000076cb00000)
  object space 580608K, 60% used [0x00000006c6000000,0x00000006db8258e0,0x00000006e9700000)
 Metaspace       used 121648K, capacity 122778K, committed 123552K, reserved 1155072K
  class space    used 17813K, capacity 18082K, committed 18092K, reserved 1048576K
Event: 20317.392 GC heap after
Heap after GC invocations=121 (full 10):
 PSYoungGen      total 148992K, used 12818K [0x000000076cb00000, 0x0000000779f80000, 0x00000007c0000000)
  eden space 135680K, 0% used [0x000000076cb00000,0x000000076cb00000,0x0000000774f80000)
  from space 13312K, 96% used [0x0000000775100000,0x0000000775d84988,0x0000000775e00000)
  to   space 40960K, 0% used [0x0000000777780000,0x0000000777780000,0x0000000779f80000)
 ParOldGen       total 580608K, used 354690K [0x00000006c6000000, 0x00000006e9700000, 0x000000076cb00000)
  object space 580608K, 61% used [0x00000006c6000000,0x00000006dba60b60,0x00000006e9700000)
 Metaspace       used 121648K, capacity 122778K, committed 123552K, reserved 1155072K
  class space    used 17813K, capacity 18082K, committed 18092K, reserved 1048576K
}
Event: 20335.184 GC heap before
{Heap before GC invocations=122 (full 10):
 PSYoungGen      total 148992K, used 148498K [0x000000076cb00000, 0x0000000779f80000, 0x00000007c0000000)
  eden space 135680K, 100% used [0x000000076cb00000,0x0000000774f80000,0x0000000774f80000)
  from space 13312K, 96% used [0x0000000775100000,0x0000000775d84988,0x0000000775e00000)
  to   space 40960K, 0% used [0x0000000777780000,0x0000000777780000,0x0000000779f80000)
 ParOldGen       total 580608K, used 354690K [0x00000006c6000000, 0x00000006e9700000, 0x000000076cb00000)
  object space 580608K, 61% used [0x00000006c6000000,0x00000006dba60b60,0x00000006e9700000)
 Metaspace       used 121667K, capacity 122842K, committed 123808K, reserved 1155072K
  class space    used 17813K, capacity 18082K, committed 18092K, reserved 1048576K
Event: 20335.195 GC heap after
Heap after GC invocations=122 (full 10):
 PSYoungGen      total 170496K, used 16698K [0x000000076cb00000, 0x0000000779b00000, 0x00000007c0000000)
  eden space 134144K, 0% used [0x000000076cb00000,0x000000076cb00000,0x0000000774e00000)
  from space 36352K, 45% used [0x0000000777780000,0x00000007787ce9a0,0x0000000779b00000)
  to   space 39424K, 0% used [0x0000000774e00000,0x0000000774e00000,0x0000000777480000)
 ParOldGen       total 580608K, used 354762K [0x00000006c6000000, 0x00000006e9700000, 0x000000076cb00000)
  object space 580608K, 61% used [0x00000006c6000000,0x00000006dba72b60,0x00000006e9700000)
 Metaspace       used 121667K, capacity 122842K, committed 123808K, reserved 1155072K
  class space    used 17813K, capacity 18082K, committed 18092K, reserved 1048576K
}
Event: 20373.672 GC heap before
{Heap before GC invocations=123 (full 10):
 PSYoungGen      total 170496K, used 150842K [0x000000076cb00000, 0x0000000779b00000, 0x00000007c0000000)
  eden space 134144K, 100% used [0x000000076cb00000,0x0000000774e00000,0x0000000774e00000)
  from space 36352K, 45% used [0x0000000777780000,0x00000007787ce9a0,0x0000000779b00000)
  to   space 39424K, 0% used [0x0000000774e00000,0x0000000774e00000,0x0000000777480000)
 ParOldGen       total 580608K, used 354762K [0x00000006c6000000, 0x00000006e9700000, 0x000000076cb00000)
  object space 580608K, 61% used [0x00000006c6000000,0x00000006dba72b60,0x00000006e9700000)
 Metaspace       used 121698K, capacity 122884K, committed 123808K, reserved 1155072K
  class space    used 17817K, capacity 18089K, committed 18092K, reserved 1048576K
Event: 20373.683 GC heap after
Heap after GC invocations=123 (full 10):
 PSYoungGen      total 148480K, used 15680K [0x000000076cb00000, 0x0000000779780000, 0x00000007c0000000)
  eden space 132608K, 0% used [0x000000076cb00000,0x000000076cb00000,0x0000000774c80000)
  from space 15872K, 98% used [0x0000000774e00000,0x0000000775d50248,0x0000000775d80000)
  to   space 38400K, 0% used [0x0000000777200000,0x0000000777200000,0x0000000779780000)
 ParOldGen       total 580608K, used 357261K [0x00000006c6000000, 0x00000006e9700000, 0x000000076cb00000)
  object space 580608K, 61% used [0x00000006c6000000,0x00000006dbce3588,0x00000006e9700000)
 Metaspace       used 121698K, capacity 122884K, committed 123808K, reserved 1155072K
  class space    used 17817K, capacity 18089K, committed 18092K, reserved 1048576K
}

Deoptimization events (10 events):
Event: 20358.203 Thread 0x0000000021907000 Uncommon trap: reason=class_check action=none pc=0x000000000395bcd0 method=java.awt.font.ShapeGraphicAttribute.equals(Ljava/lang/Object;)Z @ 2
Event: 20358.203 Thread 0x0000000021907000 Uncommon trap: reason=class_check action=none pc=0x0000000004b449a0 method=java.awt.font.ShapeGraphicAttribute.equals(Ljava/lang/Object;)Z @ 2
Event: 20358.203 Thread 0x0000000021907000 Uncommon trap: reason=class_check action=none pc=0x0000000003b42880 method=java.awt.Font.equals(Ljava/lang/Object;)Z @ 12
Event: 20358.203 Thread 0x0000000021907000 Uncommon trap: reason=class_check action=none pc=0x000000000395bcd0 method=java.awt.font.ShapeGraphicAttribute.equals(Ljava/lang/Object;)Z @ 2
Event: 20376.687 Thread 0x0000000021907000 Uncommon trap: reason=class_check action=none pc=0x0000000004b449a0 method=java.awt.font.ShapeGraphicAttribute.equals(Ljava/lang/Object;)Z @ 2
Event: 20376.687 Thread 0x0000000021907000 Uncommon trap: reason=class_check action=none pc=0x0000000003b42880 method=java.awt.Font.equals(Ljava/lang/Object;)Z @ 12
Event: 20376.687 Thread 0x0000000021907000 Uncommon trap: reason=class_check action=none pc=0x000000000395bcd0 method=java.awt.font.ShapeGraphicAttribute.equals(Ljava/lang/Object;)Z @ 2
Event: 20376.694 Thread 0x0000000021907000 Uncommon trap: reason=class_check action=none pc=0x0000000004b449a0 method=java.awt.font.ShapeGraphicAttribute.equals(Ljava/lang/Object;)Z @ 2
Event: 20376.694 Thread 0x0000000021907000 Uncommon trap: reason=class_check action=none pc=0x0000000003b42880 method=java.awt.Font.equals(Ljava/lang/Object;)Z @ 12
Event: 20376.694 Thread 0x0000000021907000 Uncommon trap: reason=class_check action=none pc=0x000000000395bcd0 method=java.awt.font.ShapeGraphicAttribute.equals(Ljava/lang/Object;)Z @ 2

Classes redefined (0 events):
No events

Internal exceptions (10 events):
Event: 20358.203 Thread 0x0000000021907000 Exception <a 'java/lang/ClassCastException': java.awt.font.StyledParagraph cannot be cast to java.awt.font.ShapeGraphicAttribute> (0x0000000772dc91e0) thrown at [C:\re\workspace\8-2-build-windows-amd64-cygwin\jdk8u202\12323\hotspot\src\share\vm\interprete
Event: 20358.203 Thread 0x0000000021907000 Exception <a 'java/lang/ClassCastException': java.awt.Font cannot be cast to java.awt.font.ShapeGraphicAttribute> (0x0000000772dcbcb0) thrown at [C:\re\workspace\8-2-build-windows-amd64-cygwin\jdk8u202\12323\hotspot\src\share\vm\interpreter\interpreterRun
Event: 20358.203 Thread 0x0000000021907000 Exception <a 'java/lang/ClassCastException': java.awt.font.ShapeGraphicAttribute cannot be cast to java.awt.Font> (0x0000000772dcc670) thrown at [C:\re\workspace\8-2-build-windows-amd64-cygwin\jdk8u202\12323\hotspot\src\share\vm\interpreter\interpreterRun
Event: 20358.203 Thread 0x0000000021907000 Exception <a 'java/lang/ClassCastException': java.awt.font.StyledParagraph cannot be cast to java.awt.font.ShapeGraphicAttribute> (0x0000000772dccb30) thrown at [C:\re\workspace\8-2-build-windows-amd64-cygwin\jdk8u202\12323\hotspot\src\share\vm\interprete
Event: 20376.687 Thread 0x0000000021907000 Exception <a 'java/lang/ClassCastException': java.awt.Font cannot be cast to java.awt.font.ShapeGraphicAttribute> (0x000000076e188830) thrown at [C:\re\workspace\8-2-build-windows-amd64-cygwin\jdk8u202\12323\hotspot\src\share\vm\interpreter\interpreterRun
Event: 20376.687 Thread 0x0000000021907000 Exception <a 'java/lang/ClassCastException': java.awt.font.ShapeGraphicAttribute cannot be cast to java.awt.Font> (0x000000076e189368) thrown at [C:\re\workspace\8-2-build-windows-amd64-cygwin\jdk8u202\12323\hotspot\src\share\vm\interpreter\interpreterRun
Event: 20376.687 Thread 0x0000000021907000 Exception <a 'java/lang/ClassCastException': java.awt.font.StyledParagraph cannot be cast to java.awt.font.ShapeGraphicAttribute> (0x000000076e189a10) thrown at [C:\re\workspace\8-2-build-windows-amd64-cygwin\jdk8u202\12323\hotspot\src\share\vm\interprete
Event: 20376.694 Thread 0x0000000021907000 Exception <a 'java/lang/ClassCastException': java.awt.Font cannot be cast to java.awt.font.ShapeGraphicAttribute> (0x000000076e193038) thrown at [C:\re\workspace\8-2-build-windows-amd64-cygwin\jdk8u202\12323\hotspot\src\share\vm\interpreter\interpreterRun
Event: 20376.694 Thread 0x0000000021907000 Exception <a 'java/lang/ClassCastException': java.awt.font.ShapeGraphicAttribute cannot be cast to java.awt.Font> (0x000000076e193b70) thrown at [C:\re\workspace\8-2-build-windows-amd64-cygwin\jdk8u202\12323\hotspot\src\share\vm\interpreter\interpreterRun
Event: 20376.694 Thread 0x0000000021907000 Exception <a 'java/lang/ClassCastException': java.awt.font.StyledParagraph cannot be cast to java.awt.font.ShapeGraphicAttribute> (0x000000076e194218) thrown at [C:\re\workspace\8-2-build-windows-amd64-cygwin\jdk8u202\12323\hotspot\src\share\vm\interprete

Events (10 events):
Event: 20376.687 Thread 0x0000000021907000 DEOPT UNPACKING pc=0x000000000303583b sp=0x000000002456c7a8 mode 2
Event: 20376.694 Thread 0x0000000021907000 Uncommon trap: trap_request=0xffffffdf fr.pc=0x0000000004b449a0
Event: 20376.694 Thread 0x0000000021907000 DEOPT PACKING pc=0x0000000004b449a0 sp=0x000000002456c730
Event: 20376.694 Thread 0x0000000021907000 DEOPT UNPACKING pc=0x000000000303583b sp=0x000000002456c6d0 mode 2
Event: 20376.694 Thread 0x0000000021907000 Uncommon trap: trap_request=0xffffffdf fr.pc=0x0000000003b42880
Event: 20376.694 Thread 0x0000000021907000 DEOPT PACKING pc=0x0000000003b42880 sp=0x000000002456c6f0
Event: 20376.694 Thread 0x0000000021907000 DEOPT UNPACKING pc=0x000000000303583b sp=0x000000002456c690 mode 2
Event: 20376.694 Thread 0x0000000021907000 Uncommon trap: trap_request=0xffffffdf fr.pc=0x000000000395bcd0
Event: 20376.694 Thread 0x0000000021907000 DEOPT PACKING pc=0x000000000395bcd0 sp=0x000000002456c720
Event: 20376.694 Thread 0x0000000021907000 DEOPT UNPACKING pc=0x000000000303583b sp=0x000000002456c6a8 mode 2


Dynamic libraries:
0x00007ff601940000 - 0x00007ff6019ef000 	C:\Program Files\Oxygen XML Author 21\oxygenAuthor21.1.exe
0x00007ff850a40000 - 0x00007ff850c30000 	C:\WINDOWS\SYSTEM32\ntdll.dll
0x00007ff84f2e0000 - 0x00007ff84f392000 	C:\WINDOWS\System32\KERNEL32.DLL
0x00007ff84e420000 - 0x00007ff84e6c3000 	C:\WINDOWS\System32\KERNELBASE.dll
0x0000000054520000 - 0x00000000545b5000 	C:\WINDOWS\System32\SYSFER.DLL
0x00007ff84fd10000 - 0x00007ff84fdb3000 	C:\WINDOWS\System32\ADVAPI32.dll
0x00007ff8504b0000 - 0x00007ff85054e000 	C:\WINDOWS\System32\msvcrt.dll
0x00007ff84fc40000 - 0x00007ff84fcd7000 	C:\WINDOWS\System32\sechost.dll
0x00007ff850630000 - 0x00007ff850750000 	C:\WINDOWS\System32\RPCRT4.dll
0x00007ff826480000 - 0x00007ff8266a6000 	C:\WINDOWS\system32\ctiuser.dll
0x00007ff84ee30000 - 0x00007ff84efc4000 	C:\WINDOWS\System32\USER32.dll
0x00007ff84e3f0000 - 0x00007ff84e411000 	C:\WINDOWS\System32\win32u.dll
0x00007ff850600000 - 0x00007ff850626000 	C:\WINDOWS\System32\GDI32.dll
0x00007ff84e6d0000 - 0x00007ff84e864000 	C:\WINDOWS\System32\gdi32full.dll
0x00007ff84e300000 - 0x00007ff84e39e000 	C:\WINDOWS\System32\msvcp_win.dll
0x00007ff84d9d0000 - 0x00007ff84daca000 	C:\WINDOWS\System32\ucrtbase.dll
0x00007ff84fa60000 - 0x00007ff84fbb6000 	C:\WINDOWS\System32\ole32.dll
0x00007ff84eaf0000 - 0x00007ff84ee26000 	C:\WINDOWS\System32\combase.dll
0x00007ff84e9c0000 - 0x00007ff84ea40000 	C:\WINDOWS\System32\bcryptPrimitives.dll
0x00007ff84f9d0000 - 0x00007ff84f9d8000 	C:\WINDOWS\System32\PSAPI.DLL
0x00007ff843370000 - 0x00007ff84337a000 	C:\WINDOWS\SYSTEM32\FLTLIB.DLL
0x00007ff84fce0000 - 0x00007ff84fd0e000 	C:\WINDOWS\System32\IMM32.DLL
0x0000000068000000 - 0x000000006805e000 	C:\WINDOWS\System32\QIPCAP64.dll
0x00007ff84fdc0000 - 0x00007ff8504a5000 	C:\WINDOWS\System32\SHELL32.dll
0x00007ff84e3a0000 - 0x00007ff84e3ea000 	C:\WINDOWS\System32\cfgmgr32.dll
0x00007ff850550000 - 0x00007ff8505f9000 	C:\WINDOWS\System32\shcore.dll
0x00007ff84dad0000 - 0x00007ff84e24f000 	C:\WINDOWS\System32\windows.storage.dll
0x00007ff84d960000 - 0x00007ff84d97f000 	C:\WINDOWS\System32\profapi.dll
0x00007ff84d980000 - 0x00007ff84d9ca000 	C:\WINDOWS\System32\powrprof.dll
0x00007ff84d910000 - 0x00007ff84d920000 	C:\WINDOWS\System32\UMPDC.dll
0x00007ff84f170000 - 0x00007ff84f1c2000 	C:\WINDOWS\System32\shlwapi.dll
0x00007ff84d920000 - 0x00007ff84d931000 	C:\WINDOWS\System32\kernel.appcore.dll
0x00007ff84e2e0000 - 0x00007ff84e2f7000 	C:\WINDOWS\System32\cryptsp.dll
0x00007ff84cee0000 - 0x00007ff84cfaa000 	C:\WINDOWS\SYSTEM32\DNSAPI.dll
0x00007ff84fbd0000 - 0x00007ff84fc3f000 	C:\WINDOWS\System32\WS2_32.dll
0x00007ff84fbc0000 - 0x00007ff84fbc8000 	C:\WINDOWS\System32\NSI.dll
0x00007ff84ce90000 - 0x00007ff84ceca000 	C:\WINDOWS\SYSTEM32\IPHLPAPI.DLL
0x00007ff83b960000 - 0x00007ff83bbe5000 	C:\WINDOWS\WinSxS\amd64_microsoft.windows.common-controls_6595b64144ccf1df_6.0.18362.592_none_e6c0b1911312be02\comctl32.dll
0x0000000051a90000 - 0x0000000052335000 	c:\program files\oxygen xml author 21\jre\bin\server\jvm.dll
0x00007ff83db20000 - 0x00007ff83db29000 	C:\WINDOWS\SYSTEM32\WSOCK32.dll
0x00007ff83e620000 - 0x00007ff83e644000 	C:\WINDOWS\SYSTEM32\WINMM.dll
0x00007ff847b30000 - 0x00007ff847b3a000 	C:\WINDOWS\SYSTEM32\VERSION.dll
0x0000000052460000 - 0x0000000052532000 	C:\WINDOWS\SYSTEM32\MSVCR100.dll
0x00007ff840f50000 - 0x00007ff840f7d000 	C:\WINDOWS\SYSTEM32\WINMMBASE.dll
0x00007ff842a70000 - 0x00007ff842a7f000 	c:\program files\oxygen xml author 21\jre\bin\verify.dll
0x00007ff842a40000 - 0x00007ff842a69000 	c:\program files\oxygen xml author 21\jre\bin\java.dll
0x00007ff842a20000 - 0x00007ff842a36000 	c:\program files\oxygen xml author 21\jre\bin\zip.dll
0x0000000180000000 - 0x0000000180032000 	C:\Program Files\Oxygen XML Author 21\.install4j\i4jinst.dll
0x00007ff84efd0000 - 0x00007ff84f094000 	C:\WINDOWS\System32\OLEAUT32.dll
0x00007ff842a10000 - 0x00007ff842a1d000 	C:\Program Files\Oxygen XML Author 21\jre\bin\management.dll
0x00007ff849400000 - 0x00007ff849426000 	C:\Program Files\Oxygen XML Author 21\jre\bin\JavaAccessBridge-64.dll
0x00007ff842870000 - 0x00007ff842a09000 	C:\Program Files\Oxygen XML Author 21\jre\bin\awt.dll
0x00007ff84b890000 - 0x00007ff84b91f000 	C:\WINDOWS\SYSTEM32\apphelp.dll
0x00007ff84bae0000 - 0x00007ff84bb79000 	C:\WINDOWS\system32\uxtheme.dll
0x00007ff8508c0000 - 0x00007ff8509f5000 	C:\WINDOWS\System32\MSCTF.dll
0x00007ff84be00000 - 0x00007ff84be2d000 	C:\WINDOWS\system32\DWMAPI.DLL
0x00007ff81ef10000 - 0x00007ff81f066000 	C:\WINDOWS\system32\opengl32.dll
0x00007ff81f650000 - 0x00007ff81f67c000 	C:\WINDOWS\SYSTEM32\GLU32.dll
0x00007ff84c580000 - 0x00007ff84c5a0000 	C:\WINDOWS\SYSTEM32\dxcore.dll
0x00007ff84ccf0000 - 0x00007ff84cd23000 	C:\WINDOWS\system32\rsaenh.dll
0x00007ff84e250000 - 0x00007ff84e276000 	C:\WINDOWS\System32\bcrypt.dll
0x00007ff84d830000 - 0x00007ff84d855000 	C:\WINDOWS\SYSTEM32\USERENV.dll
0x00007ff84d350000 - 0x00007ff84d35c000 	C:\WINDOWS\SYSTEM32\CRYPTBASE.dll
0x00007ff8494f0000 - 0x00007ff84950a000 	C:\Program Files\Oxygen XML Author 21\jre\bin\net.dll
0x00007ff83de30000 - 0x00007ff83e006000 	C:\WINDOWS\SYSTEM32\urlmon.dll
0x00007ff842140000 - 0x00007ff8423e6000 	C:\WINDOWS\SYSTEM32\iertutil.dll
0x00007ff84d180000 - 0x00007ff84d1e7000 	C:\WINDOWS\system32\mswsock.dll
0x00007ff848190000 - 0x00007ff8481a6000 	C:\WINDOWS\SYSTEM32\dhcpcsvc6.DLL
0x00007ff847ed0000 - 0x00007ff847eec000 	C:\WINDOWS\SYSTEM32\dhcpcsvc.DLL
0x00007ff8494d0000 - 0x00007ff8494e2000 	C:\Program Files\Oxygen XML Author 21\jre\bin\nio.dll
0x000000001fd90000 - 0x000000001fdc8000 	C:\Program Files\Oxygen XML Author 21\lib\com\sun\jna\win32-x86-64\jnidispatch.dll
0x00007ff849480000 - 0x00007ff8494c7000 	C:\Program Files\Oxygen XML Author 21\jre\bin\fontmanager.dll
0x00007ff8304a0000 - 0x00007ff83053e000 	C:\WINDOWS\System32\TextInputFramework.dll
0x00007ff831320000 - 0x00007ff83164a000 	C:\WINDOWS\System32\CoreUIComponents.dll
0x00007ff84b2c0000 - 0x00007ff84b394000 	C:\WINDOWS\System32\CoreMessaging.dll
0x00007ff84c970000 - 0x00007ff84c9a1000 	C:\WINDOWS\SYSTEM32\ntmarta.dll
0x00007ff848300000 - 0x00007ff848453000 	C:\WINDOWS\SYSTEM32\wintypes.dll
0x00007ff842040000 - 0x00007ff84206a000 	C:\Program Files\Oxygen XML Author 21\jre\bin\dcpr.dll
0x00007ff849430000 - 0x00007ff849472000 	C:\Program Files\Oxygen XML Author 21\jre\bin\t2k.dll
0x0000000002fb0000 - 0x0000000002fc7000 	C:\Program Files\Oxygen XML Author 21\lib\WindowsNativeHelper64.dll
0x00007ff84f0a0000 - 0x00007ff84f170000 	C:\WINDOWS\System32\comdlg32.dll
0x00007ff840840000 - 0x00007ff8408e9000 	C:\WINDOWS\WinSxS\amd64_microsoft.windows.common-controls_6595b64144ccf1df_5.82.18362.592_none_2a2c5e32466583af\comctl32.dll
0x00007ff804540000 - 0x00007ff804564000 	C:\Program Files\Oxygen XML Author 21\jre\bin\sunec.dll
0x00007ff836120000 - 0x00007ff836136000 	C:\WINDOWS\system32\napinsp.dll
0x00007ff836100000 - 0x00007ff83611a000 	C:\WINDOWS\system32\pnrpnsp.dll
0x00007ff8360f0000 - 0x00007ff8360fe000 	C:\WINDOWS\System32\winrnr.dll
0x00007ff8493e0000 - 0x00007ff8493fc000 	C:\WINDOWS\system32\NLAapi.dll
0x00007ff8360d0000 - 0x00007ff8360e5000 	C:\WINDOWS\system32\wshbth.dll
0x00007ff848460000 - 0x00007ff8484d7000 	C:\WINDOWS\System32\fwpuclnt.dll
0x00007ff844470000 - 0x00007ff84447a000 	C:\Windows\System32\rasadhlp.dll
0x00007ff848920000 - 0x00007ff84892b000 	C:\Program Files\Oxygen XML Author 21\jre\bin\sunmscapi.dll
0x00007ff84e870000 - 0x00007ff84e9b9000 	C:\WINDOWS\System32\CRYPT32.dll
0x00007ff84d940000 - 0x00007ff84d952000 	C:\WINDOWS\System32\MSASN1.dll
0x0000000022eb0000 - 0x0000000022f28000 	\\?\C:\PROGRA~1\OXYGEN~1\lib\hunspell\HUNSPE~2.DLL
0x00007ff84f1d0000 - 0x00007ff84f272000 	C:\WINDOWS\System32\clbcatq.dll
0x00007ff830df0000 - 0x00007ff830f9f000 	C:\WINDOWS\SYSTEM32\WindowsCodecs.dll
0x00007ff820b20000 - 0x00007ff820b5a000 	C:\WINDOWS\system32\dataexchange.dll
0x00007ff84a040000 - 0x00007ff84a29b000 	C:\WINDOWS\system32\d3d11.dll
0x00007ff84abe0000 - 0x00007ff84adbb000 	C:\WINDOWS\system32\dcomp.dll
0x00007ff84c610000 - 0x00007ff84c6fb000 	C:\WINDOWS\system32\dxgi.dll
0x00007ff84b5e0000 - 0x00007ff84b83a000 	C:\WINDOWS\system32\twinapi.appcore.dll
0x00007ff84bee0000 - 0x00007ff84bf09000 	C:\WINDOWS\system32\RMCLIENT.dll
0x00007ff84b3c0000 - 0x00007ff84b4af000 	C:\WINDOWS\system32\propsys.dll
0x00007fffdec70000 - 0x00007fffdee23000 	C:\WINDOWS\SYSTEM32\DUI70.dll
0x00007fffeef30000 - 0x00007fffeefc3000 	C:\WINDOWS\SYSTEM32\DUser.dll
0x00007ff81d880000 - 0x00007ff81d8de000 	C:\Windows\System32\thumbcache.dll
0x00007ff846d80000 - 0x00007ff846e06000 	C:\WINDOWS\SYSTEM32\policymanager.dll
0x00007ff846ec0000 - 0x00007ff846f4a000 	C:\WINDOWS\SYSTEM32\msvcp110_win.dll
0x00007ff829990000 - 0x00007ff829b48000 	C:\Windows\System32\Windows.Globalization.dll
0x00007ff831bf0000 - 0x00007ff831c4d000 	C:\Windows\System32\Bcp47Langs.dll
0x00007ff83b830000 - 0x00007ff83b860000 	C:\Windows\System32\bcp47mrm.dll
0x00007ff848b60000 - 0x00007ff848b85000 	C:\WINDOWS\SYSTEM32\globinputhost.dll
0x00007ff839900000 - 0x00007ff839923000 	C:\WINDOWS\SYSTEM32\edputil.dll
0x00007ff84b0f0000 - 0x00007ff84b198000 	C:\WINDOWS\System32\StructuredQuery.dll
0x00007ff8471e0000 - 0x00007ff8471ed000 	C:\WINDOWS\SYSTEM32\atlthunk.dll
0x00007ff829000000 - 0x00007ff829135000 	C:\Windows\System32\Windows.StateRepositoryPS.dll
0x00007ff81b920000 - 0x00007ff81b9dd000 	C:\WINDOWS\system32\Windows.Storage.Search.dll
0x00007ff83eab0000 - 0x00007ff83eb15000 	C:\Windows\System32\oleacc.dll
0x00007ff83cdb0000 - 0x00007ff83cdd0000 	C:\WINDOWS\SYSTEM32\CLDAPI.dll
0x00007ff84d800000 - 0x00007ff84d82f000 	C:\WINDOWS\SYSTEM32\SspiCli.dll
0x0000000035460000 - 0x00000000354d6000 	C:\WINDOWS\System32\coml2.dll
0x00007ff83b8c0000 - 0x00007ff83b8db000 	C:\WINDOWS\SYSTEM32\MPR.dll
0x00007ff849520000 - 0x00007ff84952b000 	C:\WINDOWS\System32\drprov.dll
0x00007ff84ca10000 - 0x00007ff84ca6c000 	C:\WINDOWS\System32\WINSTA.dll
0x00007ff8426e0000 - 0x00007ff8426f5000 	C:\WINDOWS\System32\ntlanman.dll
0x00007ff8374a0000 - 0x00007ff8374ad000 	C:\WINDOWS\SYSTEM32\LINKINFO.dll
0x00007ff842010000 - 0x00007ff84202d000 	C:\WINDOWS\System32\davclnt.dll
0x00007ff8375c0000 - 0x00007ff8375cc000 	C:\WINDOWS\System32\DAVHLPR.dll

VM Arguments:
jvm_args: -Dexe4j.semaphoreName=Local\c:_program_files_oxygen_xml_author_21_oxygenauthor21.1.exe -Dexe4j.isInstall4j=true -Dexe4j.moduleName=C:\Program Files\Oxygen XML Author 21\oxygenAuthor21.1.exe -Dexe4j.tempDir= -Dexe4j.unextractedPosition=0 -Djava.library.path=c:\program files\oxygen xml author 21\jre\bin;C:\Program Files\Oxygen XML Author 21\.\jre\bin;C:\Program Files (x86)\Common Files\Oracle\Java\javapath;C:\WINDOWS\system32;C:\WINDOWS;C:\WINDOWS\System32\Wbem;C:\WINDOWS\System32\WindowsPowerShell\v1.0\;C:\WINDOWS\System32\OpenSSH\;C:\Program Files\Git\cmd;C:\Program Files (x86)\HCL\SafeLinx Client\;C:\Program Files\Intel\WiFi\bin\;C:\Program Files\Common Files\Intel\WirelessCommon\;C:\Program Files (x86)\ooRexx;C:\DITATools\IDWB\bin;C:\Program Files\Amazon\AWSCLI\bin\;C:\Users\rebecca.nethala\dita-otv-0.1.7\dita-ot\bin;C:\Users\rebecca.nethala\AppData\Local\GitHubDesktop\bin;C:\Users\rebecca.nethala\AppData\Local\Programs\Microsoft VS Code\bin -Dexe4j.consoleCodepage=cp0 -Dcom.oxygenxml.app.descriptor=ro.sync.exml.AuthorFrameDescriptor -XX:-OmitStackTraceInFastThrow -XX:SoftRefLRUPolicyMSPerMB=10 -Dsun.java2d.noddraw=true -Dsun.awt.nopixfmt=true -Dsun.java2d.dpiaware=true -Djava.net.preferIPv4Stack=true -Dsun.awt.keepWorkingSetOnMinimize=true -Dinstall4j.launcherId=19 -Dinstall4j.swt=false -Xmx4000m -Dcom.oxygenxml.language=English -XX:+UseParallelGC -XX:ErrorFile=C:\Users\REBECC~1.NET\AppData\Local\Temp\/oxy_jvm_crash.log -XX:OnError="C:\Program Files\Oxygen XML Author 21/rp.exe" 
java_command: C:\Program Files\Oxygen XML Author 21\oxygenAuthor21.1.exe
java_class_path (initial): C:\Program Files\Oxygen XML Author 21\.install4j\i4jruntime.jar;C:\Program Files\Oxygen XML Author 21\.\lib\oxygenAuthor.jar;C:\Program Files\Oxygen XML Author 21\.\lib\oxygen-basic-utilities.jar
Launcher Type: generic

Environment Variables:
PATH=c:\program files\oxygen xml author 21\jre\bin;C:\Program Files\Oxygen XML Author 21\.\jre\bin;C:\Program Files (x86)\Common Files\Oracle\Java\javapath;C:\WINDOWS\system32;C:\WINDOWS;C:\WINDOWS\System32\Wbem;C:\WINDOWS\System32\WindowsPowerShell\v1.0\;C:\WINDOWS\System32\OpenSSH\;C:\Program Files\Git\cmd;C:\Program Files (x86)\HCL\SafeLinx Client\;C:\Program Files\Intel\WiFi\bin\;C:\Program Files\Common Files\Intel\WirelessCommon\;C:\Program Files (x86)\ooRexx;C:\DITATools\IDWB\bin;C:\Program Files\Amazon\AWSCLI\bin\;C:\Users\rebecca.nethala\dita-otv-0.1.7\dita-ot\bin;C:\Users\rebecca.nethala\AppData\Local\GitHubDesktop\bin;C:\Users\rebecca.nethala\AppData\Local\Programs\Microsoft VS Code\bin
USERNAME=rebecca.nethala
OS=Windows_NT
PROCESSOR_IDENTIFIER=Intel64 Family 6 Model 158 Stepping 10, GenuineIntel



---------------  S Y S T E M  ---------------

OS: Windows 10.0 , 64 bit Build 18362 (10.0.18362.329)

CPU:total 12 (initial active 12) (6 cores per cpu, 2 threads per core) family 6 model 158 stepping 10, cmov, cx8, fxsr, mmx, sse, sse2, sse3, ssse3, sse4.1, sse4.2, popcnt, avx, avx2, aes, clmul, erms, 3dnowpref, lzcnt, ht, tsc, tscinvbit, bmi1, bmi2, adx

Memory: 4k page, physical 33282592k(19785740k free), swap 66837024k(50572332k free)

vm_info: Java HotSpot(TM) 64-Bit Server VM (25.202-b08) for windows-amd64 JRE (1.8.0_202-b08), built on Dec 15 2018 19:54:30 by "java_re" with MS VC++ 10.0 (VS2010)

time: Wed Nov 04 18:50:18 2020
timezone: India Standard Time
elapsed time: 20606 seconds (0d 5h 43m 26s)

