#
# A fatal error has been detected by the Java Runtime Environment:
#
#  EXCEPTION_ACCESS_VIOLATION (0xc0000005) at pc=0x000000006209fead, pid=25908, tid=0x0000000000002838
#
# JRE version: Java(TM) SE Runtime Environment (8.0_202-b08) (build 1.8.0_202-b08)
# Java VM: Java HotSpot(TM) 64-Bit Server VM (25.202-b08 mixed mode windows-amd64 compressed oops)
# Problematic frame:
# V  [jvm.dll+0x14fead]
#
# Failed to write core dump. Minidumps are not enabled by default on client versions of Windows
#
# If you would like to submit a bug report, please visit:
#   http://bugreport.java.com/bugreport/crash.jsp
#

---------------  T H R E A D  ---------------

Current thread (0x0000000020474000):  JavaThread "AWT-Windows" daemon [_thread_in_vm, id=10296, stack(0x0000000020b80000,0x0000000020c80000)]

siginfo: ExceptionCode=0xc0000005, reading address 0x0000000000000000

Registers:
RAX=0x0000000000000000, RBX=0x0000000020474000, RCX=0x0000000000000400, RDX=0x000000002346cde0
RSP=0x0000000020c7ed70, RBP=0x0000000020c7ee68, RSI=0x0000000000000000, RDI=0x00000000204741f8
R8 =0x0000000000000000, R9 =0x0000000020c7ee68, R10=0x0000000001b4fe60, R11=0x0000000000000000
R12=0x000000002346cde0, R13=0x0000000000000308, R14=0x0000000000190a12, R15=0x0000000000000000
RIP=0x000000006209fead, EFLAGS=0x0000000000010246

Top of Stack: (sp=0x0000000020c7ed70)
0x0000000020c7ed70:   0000000020c7efb8 0000000000000308
0x0000000020c7ed80:   0000000000000001 00007ffceb4dd39d
0x0000000020c7ed90:   0000000020c7efb8 ffffffff00000000
0x0000000020c7eda0:   0000000000000000 fffffffffffffffe
0x0000000020c7edb0:   0000000000000001 00007ffceb4de279
0x0000000020c7edc0:   0000000020474000 0000000000000000
0x0000000020c7edd0:   0000000000000000 0000000000000001
0x0000000020c7ede0:   fffffffffffffffe 000000006209731f
0x0000000020c7edf0:   0000000020c7ef98 00007ffd139336ca
0x0000000020c7ee00:   0000000000d98000 0000000000030000
0x0000000020c7ee10:   0000000000000000 00007ffceb479e28
0x0000000020c7ee20:   0000000000000000 0000000000000000
0x0000000020c7ee30:   0000000000000000 0000000000000000
0x0000000020c7ee40:   00000000204741f8 00007ffceb499d37
0x0000000020c7ee50:   0000000000000000 0000000000000000
0x0000000020c7ee60:   0000000000000000 0000000000000000 

Instructions: (pc=0x000000006209fead)
0x000000006209fe8d:   00 48 83 7b 08 00 48 89 5c 24 50 48 c7 44 24 58
0x000000006209fe9d:   00 00 00 00 74 0a 48 8d 4c 24 50 e8 03 ef 12 00
0x000000006209fead:   48 8b 06 c7 44 24 40 0e 00 00 00 48 8d 4c 24 70
0x000000006209febd:   48 8b 50 08 0f b7 42 24 48 8b 52 08 48 8b 54 c2 


Register to memory mapping:

RAX=0x0000000000000000 is an unknown value
RBX=0x0000000020474000 is a thread
RCX=0x0000000000000400 is an unknown value
RDX=0x000000002346cde0 is a global jni handle
RSP=0x0000000020c7ed70 is pointing into the stack for thread: 0x0000000020474000
RBP=0x0000000020c7ee68 is pointing into the stack for thread: 0x0000000020474000
RSI=0x0000000000000000 is an unknown value
RDI=0x00000000204741f8 is an unknown value
R8 =0x0000000000000000 is an unknown value
R9 =0x0000000020c7ee68 is pointing into the stack for thread: 0x0000000020474000
R10=0x0000000001b4fe60 is an unknown value
R11=0x0000000000000000 is an unknown value
R12=0x000000002346cde0 is a global jni handle
R13=0x0000000000000308 is an unknown value
R14=0x0000000000190a12 is an unknown value
R15=0x0000000000000000 is an unknown value


Stack: [0x0000000020b80000,0x0000000020c80000],  sp=0x0000000020c7ed70,  free space=1019k
Native frames: (J=compiled Java code, j=interpreted, Vv=VM code, C=native code)
V  [jvm.dll+0x14fead]
C  [awt.dll+0x69e28]
C  [awt.dll+0x89d37]
C  [awt.dll+0xcda3c]
C  [USER32.dll+0x15b6d]
C  [USER32.dll+0x15562]
C  [awt.dll+0xcd32c]
C  [awt.dll+0xcd5db]
C  0x0000000003248c67

Java frames: (J=compiled Java code, j=interpreted, Vv=VM code)
j  sun.awt.windows.WToolkit.eventLoop()V+0
j  sun.awt.windows.WToolkit.run()V+58
j  java.lang.Thread.run()V+11
v  ~StubRoutines::call_stub

---------------  P R O C E S S  ---------------

Java Threads: ( => current thread )
  0x0000000023b03800 JavaThread "Swing-Shell" daemon [_thread_blocked, id=22008, stack(0x0000000032f90000,0x0000000033090000)]
  0x0000000023aff000 JavaThread "Opened editors lock manager" [_thread_blocked, id=11696, stack(0x000000002f350000,0x000000002f450000)]
  0x0000000023af9800 JavaThread "Detect hyperlinks at caret" daemon [_thread_blocked, id=26440, stack(0x0000000032950000,0x0000000032a50000)]
  0x0000000023aff800 JavaThread "Tooltip timer in CC Editor" daemon [_thread_blocked, id=20812, stack(0x0000000032250000,0x0000000032350000)]
  0x000000002a9c3800 JavaThread "Collect project resource thread" daemon [_thread_blocked, id=8812, stack(0x0000000001160000,0x0000000001260000)]
  0x000000002a9c4800 JavaThread "Batik CleanerThread" daemon [_thread_blocked, id=22536, stack(0x000000002ef20000,0x000000002f020000)]
  0x000000002a9ce000 JavaThread "Show host component tooltip timer" daemon [_thread_blocked, id=20100, stack(0x0000000031f50000,0x0000000032050000)]
  0x0000000023450800 JavaThread "OxygenSingletonChecker-Thread" [_thread_in_native, id=22652, stack(0x000000002fa70000,0x000000002fb70000)]
  0x000000002a9cd800 JavaThread "pool-9-thread-4" [_thread_blocked, id=27864, stack(0x0000000031c50000,0x0000000031d50000)]
  0x000000002a9d0800 JavaThread "pool-9-thread-3" [_thread_blocked, id=23792, stack(0x0000000031b50000,0x0000000031c50000)]
  0x000000002a9cf000 JavaThread "pool-9-thread-2" [_thread_blocked, id=13988, stack(0x0000000031a50000,0x0000000031b50000)]
  0x000000002a9cf800 JavaThread "pool-9-thread-1" [_thread_blocked, id=19148, stack(0x0000000031950000,0x0000000031a50000)]
  0x000000002a9c5000 JavaThread "pool-8-thread-4" [_thread_blocked, id=24172, stack(0x0000000031750000,0x0000000031850000)]
  0x000000002a9cb000 JavaThread "pool-8-thread-3" [_thread_blocked, id=11460, stack(0x0000000030460000,0x0000000030560000)]
  0x000000002a9c9800 JavaThread "pool-8-thread-2" [_thread_blocked, id=19888, stack(0x000000002ff20000,0x0000000030020000)]
  0x000000002a9ca800 JavaThread "pool-8-thread-1" [_thread_blocked, id=25892, stack(0x000000002fcf0000,0x000000002fdf0000)]
  0x000000002a9c2000 JavaThread "AuthorExtensionBuilder" daemon [_thread_blocked, id=26432, stack(0x000000002f250000,0x000000002f350000)]
  0x000000002a9c3000 JavaThread "Brackets Highlighter" [_thread_blocked, id=23768, stack(0x000000002ee20000,0x000000002ef20000)]
  0x00000000210f0800 JavaThread "Mark occurrences in current file" daemon [_thread_blocked, id=26188, stack(0x000000002e920000,0x000000002ea20000)]
  0x00000000210ed800 JavaThread "'Save backup info' timer" [_thread_blocked, id=17660, stack(0x000000002d520000,0x000000002d620000)]
  0x0000000023455000 JavaThread "pool-7-thread-4" [_thread_blocked, id=18132, stack(0x000000002d420000,0x000000002d520000)]
  0x0000000023452000 JavaThread "pool-7-thread-3" [_thread_blocked, id=29136, stack(0x000000002d040000,0x000000002d140000)]
  0x000000002344f000 JavaThread "pool-7-thread-2" [_thread_blocked, id=16268, stack(0x000000002b720000,0x000000002b820000)]
  0x0000000023454000 JavaThread "pool-7-thread-1" [_thread_blocked, id=21048, stack(0x000000002a200000,0x000000002a300000)]
  0x0000000023453800 JavaThread "" [_thread_blocked, id=14436, stack(0x0000000022e90000,0x0000000022f90000)]
  0x0000000023452800 JavaThread "DocumentTypeProviderTimer" daemon [_thread_blocked, id=22196, stack(0x00000000244c0000,0x00000000245c0000)]
  0x000000002344f800 JavaThread "DB Sessions Manager fire timer" daemon [_thread_blocked, id=26880, stack(0x0000000027760000,0x0000000027860000)]
  0x00000000210f2000 JavaThread "AutomaticallyValidation" daemon [_thread_blocked, id=16888, stack(0x0000000027060000,0x0000000027560000)]
  0x00000000210f1800 JavaThread "Autosave" daemon [_thread_blocked, id=29352, stack(0x0000000026f60000,0x0000000027060000)]
  0x00000000210ef000 JavaThread "TimerQueue" daemon [_thread_blocked, id=17536, stack(0x0000000026a60000,0x0000000026b60000)]
  0x00000000210ee800 JavaThread "AutomaticallyValidation" daemon [_thread_blocked, id=28752, stack(0x0000000025340000,0x0000000025840000)]
  0x00000000210ed000 JavaThread "Autosave" daemon [_thread_blocked, id=21844, stack(0x0000000025140000,0x0000000025240000)]
  0x00000000210ec000 JavaThread "AWT-EventQueue-0" [_thread_blocked, id=4584, stack(0x00000000246c0000,0x00000000247c0000)]
  0x00000000210f3000 JavaThread "AWT-Shutdown" [_thread_blocked, id=11052, stack(0x00000000245c0000,0x00000000246c0000)]
  0x0000000021274800 JavaThread "Thread-2" daemon [_thread_in_native, id=24300, stack(0x0000000002e90000,0x0000000002f90000)]
=>0x0000000020474000 JavaThread "AWT-Windows" daemon [_thread_in_vm, id=10296, stack(0x0000000020b80000,0x0000000020c80000)]
  0x0000000020493800 JavaThread "Java2D Disposer" daemon [_thread_blocked, id=29440, stack(0x0000000020980000,0x0000000020a80000)]
  0x000000001e3ac000 JavaThread "Service Thread" daemon [_thread_blocked, id=24136, stack(0x000000001fd60000,0x000000001fe60000)]
  0x000000001e335000 JavaThread "C1 CompilerThread3" daemon [_thread_blocked, id=26152, stack(0x000000001fc60000,0x000000001fd60000)]
  0x000000001e324000 JavaThread "C2 CompilerThread2" daemon [_thread_blocked, id=22164, stack(0x000000001fb60000,0x000000001fc60000)]
  0x000000001e31f800 JavaThread "C2 CompilerThread1" daemon [_thread_blocked, id=8788, stack(0x000000001fa60000,0x000000001fb60000)]
  0x000000001e314800 JavaThread "C2 CompilerThread0" daemon [_thread_blocked, id=27288, stack(0x000000001f960000,0x000000001fa60000)]
  0x000000001e30f000 JavaThread "Attach Listener" daemon [_thread_blocked, id=24492, stack(0x000000001f860000,0x000000001f960000)]
  0x000000001e30e000 JavaThread "Signal Dispatcher" daemon [_thread_blocked, id=24788, stack(0x000000001f760000,0x000000001f860000)]
  0x000000001e303000 JavaThread "Finalizer" daemon [_thread_blocked, id=26476, stack(0x000000001f560000,0x000000001f660000)]
  0x00000000031fc800 JavaThread "Reference Handler" daemon [_thread_blocked, id=24828, stack(0x000000001f460000,0x000000001f560000)]
  0x0000000003103800 JavaThread "main" [_thread_blocked, id=3604, stack(0x0000000000e00000,0x0000000000f00000)]

Other Threads:
  0x000000001cc18000 VMThread [stack: 0x000000001f360000,0x000000001f460000] [id=3956]
  0x000000001e3d0800 WatcherThread [stack: 0x000000001fe60000,0x000000001ff60000] [id=28136]

VM state:not at safepoint (normal execution)

VM Mutex/Monitor currently owned by a thread: None

heap address: 0x00000006c6000000, size: 4000 MB, Compressed Oops mode: Zero based, Oop shift amount: 3
Narrow klass base: 0x0000000000000000, Narrow klass shift: 3
Compressed class space size: 1073741824 Address: 0x00000007c0000000

Heap:
 PSYoungGen      total 347136K, used 197629K [0x000000076cb00000, 0x0000000786380000, 0x00000007c0000000)
  eden space 284160K, 54% used [0x000000076cb00000,0x00000007762f7dd8,0x000000077e080000)
  from space 62976K, 66% used [0x0000000782600000,0x0000000784f07838,0x0000000786380000)
  to   space 67072K, 0% used [0x000000077e080000,0x000000077e080000,0x0000000782200000)
 ParOldGen       total 716800K, used 172721K [0x00000006c6000000, 0x00000006f1c00000, 0x000000076cb00000)
  object space 716800K, 24% used [0x00000006c6000000,0x00000006d08ac410,0x00000006f1c00000)
 Metaspace       used 106837K, capacity 107920K, committed 108672K, reserved 1140736K
  class space    used 16410K, capacity 16667K, committed 16768K, reserved 1048576K

Card table byte_map: [0x00000000125f0000,0x0000000012dd0000] byte_map_base: 0x000000000efc0000

Marking Bits: (ParMarkBitMap*) 0x0000000062775ce0
 Begin Bits: [0x0000000013d10000, 0x0000000017b90000)
 End Bits:   [0x0000000017b90000, 0x000000001ba10000)

Polling page: 0x0000000002de0000

CodeCache: size=245760Kb used=75041Kb max_used=75184Kb free=170718Kb
 bounds [0x0000000003230000, 0x0000000007c50000, 0x0000000012230000]
 total_blobs=19704 nmethods=18753 adapters=857
 compilation: enabled

Compilation events (10 events):
Event: 2039.898 Thread 0x000000001e335000 25592       3       net.sf.saxon.om.DocumentURI::normalizeURI (95 bytes)
Event: 2039.900 Thread 0x000000001e335000 nmethod 25592 0x0000000005077290 code [0x0000000005077560, 0x0000000005078c18]
Event: 2039.900 Thread 0x000000001e335000 25593       1       ro.sync.ecss.css.d$_b::b (5 bytes)
Event: 2039.901 Thread 0x000000001e335000 nmethod 25593 0x0000000007be63d0 code [0x0000000007be6520, 0x0000000007be6630]
Event: 2039.901 Thread 0x000000001e324000 25594 %     4       ro.sync.ecss.css.z::<init> @ 669 (863 bytes)
Event: 2039.905 Thread 0x000000001e335000 25595       3       java.util.regex.Pattern$CharProperty::complement (9 bytes)
Event: 2039.905 Thread 0x000000001e335000 nmethod 25595 0x0000000004e18610 code [0x0000000004e187a0, 0x0000000004e18b70]
Event: 2039.905 Thread 0x000000001e335000 25596       3       java.util.regex.Pattern$CharProperty$1::<init> (11 bytes)
Event: 2039.906 Thread 0x000000001e335000 nmethod 25596 0x0000000007be5d90 code [0x0000000007be5f00, 0x0000000007be6210]
Event: 2039.959 Thread 0x000000001e324000 nmethod 25594% 0x0000000007468d10 code [0x00000000074691e0, 0x000000000746afa0]

GC Heap History (10 events):
Event: 1342.939 GC heap before
{Heap before GC invocations=36 (full 4):
 PSYoungGen      total 335360K, used 335212K [0x000000076cb00000, 0x0000000787780000, 0x00000007c0000000)
  eden space 309760K, 100% used [0x000000076cb00000,0x000000077f980000,0x000000077f980000)
  from space 25600K, 99% used [0x000000077ff00000,0x00000007817db008,0x0000000781800000)
  to   space 64512K, 0% used [0x0000000783880000,0x0000000783880000,0x0000000787780000)
 ParOldGen       total 716800K, used 162889K [0x00000006c6000000, 0x00000006f1c00000, 0x000000076cb00000)
  object space 716800K, 22% used [0x00000006c6000000,0x00000006cff12738,0x00000006f1c00000)
 Metaspace       used 106407K, capacity 107506K, committed 108416K, reserved 1140736K
  class space    used 16400K, capacity 16652K, committed 16768K, reserved 1048576K
Event: 1342.950 GC heap after
Heap after GC invocations=36 (full 4):
 PSYoungGen      total 358912K, used 32207K [0x000000076cb00000, 0x0000000786e00000, 0x00000007c0000000)
  eden space 304128K, 0% used [0x000000076cb00000,0x000000076cb00000,0x000000077f400000)
  from space 54784K, 58% used [0x0000000783880000,0x00000007857f3f90,0x0000000786e00000)
  to   space 62464K, 0% used [0x000000077f400000,0x000000077f400000,0x0000000783100000)
 ParOldGen       total 716800K, used 162897K [0x00000006c6000000, 0x00000006f1c00000, 0x000000076cb00000)
  object space 716800K, 22% used [0x00000006c6000000,0x00000006cff14738,0x00000006f1c00000)
 Metaspace       used 106407K, capacity 107506K, committed 108416K, reserved 1140736K
  class space    used 16400K, capacity 16652K, committed 16768K, reserved 1048576K
}
Event: 1358.457 GC heap before
{Heap before GC invocations=37 (full 4):
 PSYoungGen      total 358912K, used 336335K [0x000000076cb00000, 0x0000000786e00000, 0x00000007c0000000)
  eden space 304128K, 100% used [0x000000076cb00000,0x000000077f400000,0x000000077f400000)
  from space 54784K, 58% used [0x0000000783880000,0x00000007857f3f90,0x0000000786e00000)
  to   space 62464K, 0% used [0x000000077f400000,0x000000077f400000,0x0000000783100000)
 ParOldGen       total 716800K, used 162897K [0x00000006c6000000, 0x00000006f1c00000, 0x000000076cb00000)
  object space 716800K, 22% used [0x00000006c6000000,0x00000006cff14738,0x00000006f1c00000)
 Metaspace       used 106504K, capacity 107576K, committed 108416K, reserved 1140736K
  class space    used 16400K, capacity 16653K, committed 16768K, reserved 1048576K
Event: 1358.466 GC heap after
Heap after GC invocations=37 (full 4):
 PSYoungGen      total 322048K, used 22932K [0x000000076cb00000, 0x0000000786400000, 0x00000007c0000000)
  eden space 299008K, 0% used [0x000000076cb00000,0x000000076cb00000,0x000000077ef00000)
  from space 23040K, 99% used [0x000000077f400000,0x0000000780a65318,0x0000000780a80000)
  to   space 59904K, 0% used [0x0000000782980000,0x0000000782980000,0x0000000786400000)
 ParOldGen       total 716800K, used 169041K [0x00000006c6000000, 0x00000006f1c00000, 0x000000076cb00000)
  object space 716800K, 23% used [0x00000006c6000000,0x00000006d05146b0,0x00000006f1c00000)
 Metaspace       used 106504K, capacity 107576K, committed 108416K, reserved 1140736K
  class space    used 16400K, capacity 16653K, committed 16768K, reserved 1048576K
}
Event: 1676.756 GC heap before
{Heap before GC invocations=38 (full 4):
 PSYoungGen      total 322048K, used 321940K [0x000000076cb00000, 0x0000000786400000, 0x00000007c0000000)
  eden space 299008K, 100% used [0x000000076cb00000,0x000000077ef00000,0x000000077ef00000)
  from space 23040K, 99% used [0x000000077f400000,0x0000000780a65318,0x0000000780a80000)
  to   space 59904K, 0% used [0x0000000782980000,0x0000000782980000,0x0000000786400000)
 ParOldGen       total 716800K, used 169041K [0x00000006c6000000, 0x00000006f1c00000, 0x000000076cb00000)
  object space 716800K, 23% used [0x00000006c6000000,0x00000006d05146b0,0x00000006f1c00000)
 Metaspace       used 106598K, capacity 107682K, committed 108416K, reserved 1140736K
  class space    used 16406K, capacity 16660K, committed 16768K, reserved 1048576K
Event: 1676.769 GC heap after
Heap after GC invocations=38 (full 4):
 PSYoungGen      total 353792K, used 44428K [0x000000076cb00000, 0x0000000786500000, 0x00000007c0000000)
  eden space 293888K, 0% used [0x000000076cb00000,0x000000076cb00000,0x000000077ea00000)
  from space 59904K, 74% used [0x0000000782980000,0x00000007854e31e0,0x0000000786400000)
  to   space 62976K, 0% used [0x000000077ea00000,0x000000077ea00000,0x0000000782780000)
 ParOldGen       total 716800K, used 172521K [0x00000006c6000000, 0x00000006f1c00000, 0x000000076cb00000)
  object space 716800K, 24% used [0x00000006c6000000,0x00000006d087a410,0x00000006f1c00000)
 Metaspace       used 106598K, capacity 107682K, committed 108416K, reserved 1140736K
  class space    used 16406K, capacity 16660K, committed 16768K, reserved 1048576K
}
Event: 1808.804 GC heap before
{Heap before GC invocations=39 (full 4):
 PSYoungGen      total 353792K, used 338316K [0x000000076cb00000, 0x0000000786500000, 0x00000007c0000000)
  eden space 293888K, 100% used [0x000000076cb00000,0x000000077ea00000,0x000000077ea00000)
  from space 59904K, 74% used [0x0000000782980000,0x00000007854e31e0,0x0000000786400000)
  to   space 62976K, 0% used [0x000000077ea00000,0x000000077ea00000,0x0000000782780000)
 ParOldGen       total 716800K, used 172521K [0x00000006c6000000, 0x00000006f1c00000, 0x000000076cb00000)
  object space 716800K, 24% used [0x00000006c6000000,0x00000006d087a410,0x00000006f1c00000)
 Metaspace       used 106657K, capacity 107746K, committed 108672K, reserved 1140736K
  class space    used 16406K, capacity 16660K, committed 16768K, reserved 1048576K
Event: 1808.818 GC heap after
Heap after GC invocations=39 (full 4):
 PSYoungGen      total 337408K, used 48247K [0x000000076cb00000, 0x0000000786700000, 0x00000007c0000000)
  eden space 288768K, 0% used [0x000000076cb00000,0x000000076cb00000,0x000000077e500000)
  from space 48640K, 99% used [0x000000077ea00000,0x000000078191de18,0x0000000781980000)
  to   space 66560K, 0% used [0x0000000782600000,0x0000000782600000,0x0000000786700000)
 ParOldGen       total 716800K, used 172625K [0x00000006c6000000, 0x00000006f1c00000, 0x000000076cb00000)
  object space 716800K, 24% used [0x00000006c6000000,0x00000006d0894410,0x00000006f1c00000)
 Metaspace       used 106657K, capacity 107746K, committed 108672K, reserved 1140736K
  class space    used 16406K, capacity 16660K, committed 16768K, reserved 1048576K
}
Event: 1953.501 GC heap before
{Heap before GC invocations=40 (full 4):
 PSYoungGen      total 337408K, used 337015K [0x000000076cb00000, 0x0000000786700000, 0x00000007c0000000)
  eden space 288768K, 100% used [0x000000076cb00000,0x000000077e500000,0x000000077e500000)
  from space 48640K, 99% used [0x000000077ea00000,0x000000078191de18,0x0000000781980000)
  to   space 66560K, 0% used [0x0000000782600000,0x0000000782600000,0x0000000786700000)
 ParOldGen       total 716800K, used 172625K [0x00000006c6000000, 0x00000006f1c00000, 0x000000076cb00000)
  object space 716800K, 24% used [0x00000006c6000000,0x00000006d0894410,0x00000006f1c00000)
 Metaspace       used 106814K, capacity 107856K, committed 108672K, reserved 1140736K
  class space    used 16410K, capacity 16667K, committed 16768K, reserved 1048576K
Event: 1953.516 GC heap after
Heap after GC invocations=40 (full 4):
 PSYoungGen      total 347136K, used 42014K [0x000000076cb00000, 0x0000000786380000, 0x00000007c0000000)
  eden space 284160K, 0% used [0x000000076cb00000,0x000000076cb00000,0x000000077e080000)
  from space 62976K, 66% used [0x0000000782600000,0x0000000784f07838,0x0000000786380000)
  to   space 67072K, 0% used [0x000000077e080000,0x000000077e080000,0x0000000782200000)
 ParOldGen       total 716800K, used 172721K [0x00000006c6000000, 0x00000006f1c00000, 0x000000076cb00000)
  object space 716800K, 24% used [0x00000006c6000000,0x00000006d08ac410,0x00000006f1c00000)
 Metaspace       used 106814K, capacity 107856K, committed 108672K, reserved 1140736K
  class space    used 16410K, capacity 16667K, committed 16768K, reserved 1048576K
}

Deoptimization events (10 events):
Event: 2037.771 Thread 0x00000000210ec000 Uncommon trap: reason=class_check action=none pc=0x00000000042f3620 method=java.awt.font.ShapeGraphicAttribute.equals(Ljava/lang/Object;)Z @ 2
Event: 2037.771 Thread 0x00000000210ec000 Uncommon trap: reason=class_check action=none pc=0x0000000005775e18 method=java.awt.Font.equals(Ljava/lang/Object;)Z @ 12
Event: 2037.772 Thread 0x00000000210ec000 Uncommon trap: reason=class_check action=none pc=0x00000000042f3620 method=java.awt.font.ShapeGraphicAttribute.equals(Ljava/lang/Object;)Z @ 2
Event: 2037.772 Thread 0x00000000210ec000 Uncommon trap: reason=class_check action=none pc=0x0000000005775e18 method=java.awt.Font.equals(Ljava/lang/Object;)Z @ 12
Event: 2037.787 Thread 0x00000000210ec000 Uncommon trap: reason=class_check action=none pc=0x00000000042f3620 method=java.awt.font.ShapeGraphicAttribute.equals(Ljava/lang/Object;)Z @ 2
Event: 2037.787 Thread 0x00000000210ec000 Uncommon trap: reason=class_check action=none pc=0x0000000005775e18 method=java.awt.Font.equals(Ljava/lang/Object;)Z @ 12
Event: 2037.788 Thread 0x00000000210ec000 Uncommon trap: reason=class_check action=none pc=0x00000000042f3620 method=java.awt.font.ShapeGraphicAttribute.equals(Ljava/lang/Object;)Z @ 2
Event: 2037.788 Thread 0x00000000210ec000 Uncommon trap: reason=class_check action=none pc=0x0000000005775e18 method=java.awt.Font.equals(Ljava/lang/Object;)Z @ 12
Event: 2037.789 Thread 0x00000000210ec000 Uncommon trap: reason=class_check action=none pc=0x00000000042f3620 method=java.awt.font.ShapeGraphicAttribute.equals(Ljava/lang/Object;)Z @ 2
Event: 2037.789 Thread 0x00000000210ec000 Uncommon trap: reason=class_check action=none pc=0x0000000005775e18 method=java.awt.Font.equals(Ljava/lang/Object;)Z @ 12

Classes redefined (0 events):
No events

Internal exceptions (10 events):
Event: 2037.772 Thread 0x00000000210ec000 Exception <a 'java/lang/ClassCastException'> (0x000000076f86e5e8) thrown at [C:\re\workspace\8-2-build-windows-amd64-cygwin\jdk8u202\12323\hotspot\src\share\vm\runtime\sharedRuntime.cpp, line 605]
Event: 2037.787 Thread 0x00000000210ec000 Exception <a 'java/lang/ClassCastException': java.awt.Font cannot be cast to java.awt.font.ShapeGraphicAttribute> (0x000000076f8b6b28) thrown at [C:\re\workspace\8-2-build-windows-amd64-cygwin\jdk8u202\12323\hotspot\src\share\vm\interpreter\interpreterRun
Event: 2037.787 Thread 0x00000000210ec000 Exception <a 'java/lang/ClassCastException': java.awt.font.ShapeGraphicAttribute cannot be cast to java.awt.Font> (0x000000076f8b7aa0) thrown at [C:\re\workspace\8-2-build-windows-amd64-cygwin\jdk8u202\12323\hotspot\src\share\vm\interpreter\interpreterRun
Event: 2037.787 Thread 0x00000000210ec000 Exception <a 'java/lang/ClassCastException'> (0x000000076f8b8518) thrown at [C:\re\workspace\8-2-build-windows-amd64-cygwin\jdk8u202\12323\hotspot\src\share\vm\runtime\sharedRuntime.cpp, line 605]
Event: 2037.788 Thread 0x00000000210ec000 Exception <a 'java/lang/ClassCastException': java.awt.Font cannot be cast to java.awt.font.ShapeGraphicAttribute> (0x000000076f8c2b08) thrown at [C:\re\workspace\8-2-build-windows-amd64-cygwin\jdk8u202\12323\hotspot\src\share\vm\interpreter\interpreterRun
Event: 2037.788 Thread 0x00000000210ec000 Exception <a 'java/lang/ClassCastException': java.awt.font.ShapeGraphicAttribute cannot be cast to java.awt.Font> (0x000000076f8c3a10) thrown at [C:\re\workspace\8-2-build-windows-amd64-cygwin\jdk8u202\12323\hotspot\src\share\vm\interpreter\interpreterRun
Event: 2037.788 Thread 0x00000000210ec000 Exception <a 'java/lang/ClassCastException'> (0x000000076f8c4488) thrown at [C:\re\workspace\8-2-build-windows-amd64-cygwin\jdk8u202\12323\hotspot\src\share\vm\runtime\sharedRuntime.cpp, line 605]
Event: 2037.789 Thread 0x00000000210ec000 Exception <a 'java/lang/ClassCastException': java.awt.Font cannot be cast to java.awt.font.ShapeGraphicAttribute> (0x000000076f8ce9c8) thrown at [C:\re\workspace\8-2-build-windows-amd64-cygwin\jdk8u202\12323\hotspot\src\share\vm\interpreter\interpreterRun
Event: 2037.789 Thread 0x00000000210ec000 Exception <a 'java/lang/ClassCastException': java.awt.font.ShapeGraphicAttribute cannot be cast to java.awt.Font> (0x000000076f8cf940) thrown at [C:\re\workspace\8-2-build-windows-amd64-cygwin\jdk8u202\12323\hotspot\src\share\vm\interpreter\interpreterRun
Event: 2037.789 Thread 0x00000000210ec000 Exception <a 'java/lang/ClassCastException'> (0x000000076f8d03b8) thrown at [C:\re\workspace\8-2-build-windows-amd64-cygwin\jdk8u202\12323\hotspot\src\share\vm\runtime\sharedRuntime.cpp, line 605]

Events (10 events):
Event: 2039.884 Thread 0x0000000023b08000 Thread exited: 0x0000000023b08000
Event: 2039.885 Thread 0x0000000023b04000 Thread exited: 0x0000000023b04000
Event: 2039.887 Thread 0x0000000023b05000 Thread added: 0x0000000023b05000
Event: 2039.890 Thread 0x0000000023b05000 Thread exited: 0x0000000023b05000
Event: 2039.893 Thread 0x0000000023b08000 Thread added: 0x0000000023b08000
Event: 2039.898 Thread 0x0000000023b08000 Thread exited: 0x0000000023b08000
Event: 2039.898 Executing VM operation: BulkRevokeBias
Event: 2039.898 Executing VM operation: BulkRevokeBias done
Event: 2039.902 Thread 0x0000000023b08000 Thread added: 0x0000000023b08000
Event: 2039.907 Thread 0x0000000023b08000 Thread exited: 0x0000000023b08000


Dynamic libraries:
0x00007ff7fcd50000 - 0x00007ff7fcdff000 	C:\Program Files\Oxygen XML Author 21\oxygenAuthor21.1.exe
0x00007ffd14ba0000 - 0x00007ffd14d90000 	C:\WINDOWS\SYSTEM32\ntdll.dll
0x00007ffd13570000 - 0x00007ffd13622000 	C:\WINDOWS\System32\KERNEL32.DLL
0x00007ffd11b30000 - 0x00007ffd11dd3000 	C:\WINDOWS\System32\KERNELBASE.dll
0x0000000064d10000 - 0x0000000064da5000 	C:\WINDOWS\System32\SYSFER.DLL
0x00007ffd134b0000 - 0x00007ffd13553000 	C:\WINDOWS\System32\ADVAPI32.dll
0x00007ffd144e0000 - 0x00007ffd1457e000 	C:\WINDOWS\System32\msvcrt.dll
0x00007ffd13630000 - 0x00007ffd136c7000 	C:\WINDOWS\System32\sechost.dll
0x00007ffd13b70000 - 0x00007ffd13c90000 	C:\WINDOWS\System32\RPCRT4.dll
0x00007ffceb160000 - 0x00007ffceb386000 	C:\WINDOWS\system32\ctiuser.dll
0x00007ffd13910000 - 0x00007ffd13aa4000 	C:\WINDOWS\System32\USER32.dll
0x00007ffd126d0000 - 0x00007ffd126f1000 	C:\WINDOWS\System32\win32u.dll
0x00007ffd12cb0000 - 0x00007ffd12cd6000 	C:\WINDOWS\System32\GDI32.dll
0x00007ffd12890000 - 0x00007ffd12a24000 	C:\WINDOWS\System32\gdi32full.dll
0x00007ffd12bb0000 - 0x00007ffd12c4e000 	C:\WINDOWS\System32\msvcp_win.dll
0x00007ffd12a30000 - 0x00007ffd12b2a000 	C:\WINDOWS\System32\ucrtbase.dll
0x00007ffd13740000 - 0x00007ffd13896000 	C:\WINDOWS\System32\ole32.dll
0x00007ffd13dd0000 - 0x00007ffd14106000 	C:\WINDOWS\System32\combase.dll
0x00007ffd12b30000 - 0x00007ffd12bb0000 	C:\WINDOWS\System32\bcryptPrimitives.dll
0x00007ffd13560000 - 0x00007ffd13568000 	C:\WINDOWS\System32\PSAPI.DLL
0x00007ffd050b0000 - 0x00007ffd050ba000 	C:\WINDOWS\SYSTEM32\FLTLIB.DLL
0x00007ffd14290000 - 0x00007ffd142be000 	C:\WINDOWS\System32\IMM32.DLL
0x0000000068000000 - 0x000000006805e000 	C:\WINDOWS\System32\QIPCAP64.dll
0x00007ffd12d40000 - 0x00007ffd13425000 	C:\WINDOWS\System32\SHELL32.dll
0x00007ffd12840000 - 0x00007ffd1288a000 	C:\WINDOWS\System32\cfgmgr32.dll
0x00007ffd13ab0000 - 0x00007ffd13b59000 	C:\WINDOWS\System32\shcore.dll
0x00007ffd11f50000 - 0x00007ffd126cf000 	C:\WINDOWS\System32\windows.storage.dll
0x00007ffd11ac0000 - 0x00007ffd11adf000 	C:\WINDOWS\System32\profapi.dll
0x00007ffd11ae0000 - 0x00007ffd11b2a000 	C:\WINDOWS\System32\powrprof.dll
0x00007ffd11a70000 - 0x00007ffd11a80000 	C:\WINDOWS\System32\UMPDC.dll
0x00007ffd14480000 - 0x00007ffd144d2000 	C:\WINDOWS\System32\shlwapi.dll
0x00007ffd11a80000 - 0x00007ffd11a91000 	C:\WINDOWS\System32\kernel.appcore.dll
0x00007ffd11f30000 - 0x00007ffd11f47000 	C:\WINDOWS\System32\cryptsp.dll
0x00007ffd11040000 - 0x00007ffd1110a000 	C:\WINDOWS\SYSTEM32\DNSAPI.dll
0x00007ffd136d0000 - 0x00007ffd1373f000 	C:\WINDOWS\System32\WS2_32.dll
0x00007ffd13b60000 - 0x00007ffd13b68000 	C:\WINDOWS\System32\NSI.dll
0x00007ffd10ff0000 - 0x00007ffd1102a000 	C:\WINDOWS\SYSTEM32\IPHLPAPI.DLL
0x00007ffcff350000 - 0x00007ffcff5d5000 	C:\WINDOWS\WinSxS\amd64_microsoft.windows.common-controls_6595b64144ccf1df_6.0.18362.592_none_e6c0b1911312be02\comctl32.dll
0x0000000061f50000 - 0x00000000627f5000 	c:\program files\oxygen xml author 21\jre\bin\server\jvm.dll
0x00007ffd0f410000 - 0x00007ffd0f419000 	C:\WINDOWS\SYSTEM32\WSOCK32.dll
0x00007ffd02710000 - 0x00007ffd02734000 	C:\WINDOWS\SYSTEM32\WINMM.dll
0x00007ffd0b8b0000 - 0x00007ffd0b8ba000 	C:\WINDOWS\SYSTEM32\VERSION.dll
0x0000000062920000 - 0x00000000629f2000 	C:\WINDOWS\SYSTEM32\MSVCR100.dll
0x00007ffd03e20000 - 0x00007ffd03e4d000 	C:\WINDOWS\SYSTEM32\WINMMBASE.dll
0x00007ffd06a80000 - 0x00007ffd06a8f000 	c:\program files\oxygen xml author 21\jre\bin\verify.dll
0x00007ffcf51c0000 - 0x00007ffcf51e9000 	c:\program files\oxygen xml author 21\jre\bin\java.dll
0x00007ffcfe3e0000 - 0x00007ffcfe3f6000 	c:\program files\oxygen xml author 21\jre\bin\zip.dll
0x0000000180000000 - 0x0000000180032000 	C:\Program Files\Oxygen XML Author 21\.install4j\i4jinst.dll
0x00007ffd149f0000 - 0x00007ffd14ab4000 	C:\WINDOWS\System32\OLEAUT32.dll
0x00007ffd069c0000 - 0x00007ffd069cd000 	C:\Program Files\Oxygen XML Author 21\jre\bin\management.dll
0x00007ffcec2c0000 - 0x00007ffcec2e6000 	C:\Program Files\Oxygen XML Author 21\jre\bin\JavaAccessBridge-64.dll
0x00007ffceb410000 - 0x00007ffceb5a9000 	C:\Program Files\Oxygen XML Author 21\jre\bin\awt.dll
0x00007ffd0f140000 - 0x00007ffd0f1cf000 	C:\WINDOWS\SYSTEM32\apphelp.dll
0x00007ffd0fce0000 - 0x00007ffd0fd79000 	C:\WINDOWS\system32\uxtheme.dll
0x00007ffd13c90000 - 0x00007ffd13dc5000 	C:\WINDOWS\System32\MSCTF.dll
0x00007ffd0ff60000 - 0x00007ffd0ff8d000 	C:\WINDOWS\system32\DWMAPI.DLL
0x00007ffce0c90000 - 0x00007ffce0de6000 	C:\WINDOWS\system32\opengl32.dll
0x00007ffd011c0000 - 0x00007ffd011ec000 	C:\WINDOWS\SYSTEM32\GLU32.dll
0x00007ffd106e0000 - 0x00007ffd10700000 	C:\WINDOWS\SYSTEM32\dxcore.dll
0x00007ffd10e50000 - 0x00007ffd10e83000 	C:\WINDOWS\system32\rsaenh.dll
0x00007ffd12700000 - 0x00007ffd12726000 	C:\WINDOWS\System32\bcrypt.dll
0x00007ffd11990000 - 0x00007ffd119b5000 	C:\WINDOWS\SYSTEM32\USERENV.dll
0x00007ffd114b0000 - 0x00007ffd114bc000 	C:\WINDOWS\SYSTEM32\CRYPTBASE.dll
0x00007ffcf0110000 - 0x00007ffcf012a000 	C:\Program Files\Oxygen XML Author 21\jre\bin\net.dll
0x00007ffd031c0000 - 0x00007ffd03396000 	C:\WINDOWS\SYSTEM32\urlmon.dll
0x00007ffd06f40000 - 0x00007ffd071e6000 	C:\WINDOWS\SYSTEM32\iertutil.dll
0x00007ffd112e0000 - 0x00007ffd11347000 	C:\WINDOWS\system32\mswsock.dll
0x00007ffd0c300000 - 0x00007ffd0c316000 	C:\WINDOWS\SYSTEM32\dhcpcsvc6.DLL
0x00007ffd0c240000 - 0x00007ffd0c25c000 	C:\WINDOWS\SYSTEM32\dhcpcsvc.DLL
0x00007ffcf00f0000 - 0x00007ffcf0102000 	C:\Program Files\Oxygen XML Author 21\jre\bin\nio.dll
0x000000001ffd0000 - 0x0000000020008000 	C:\Program Files\Oxygen XML Author 21\lib\com\sun\jna\win32-x86-64\jnidispatch.dll
0x00007ffced190000 - 0x00007ffced1d7000 	C:\Program Files\Oxygen XML Author 21\jre\bin\fontmanager.dll
0x00007ffcecfc0000 - 0x00007ffced002000 	C:\Program Files\Oxygen XML Author 21\jre\bin\t2k.dll
0x00007ffcebd30000 - 0x00007ffcebd5a000 	C:\Program Files\Oxygen XML Author 21\jre\bin\dcpr.dll
0x0000000020010000 - 0x0000000020027000 	C:\Program Files\Oxygen XML Author 21\lib\WindowsNativeHelper64.dll
0x00007ffd14110000 - 0x00007ffd141e0000 	C:\WINDOWS\System32\comdlg32.dll
0x00007ffd04590000 - 0x00007ffd04639000 	C:\WINDOWS\WinSxS\amd64_microsoft.windows.common-controls_6595b64144ccf1df_5.82.18362.592_none_2a2c5e32466583af\comctl32.dll
0x00007ffcf5840000 - 0x00007ffcf58de000 	C:\WINDOWS\System32\TextInputFramework.dll
0x00007ffcf5ad0000 - 0x00007ffcf5dfa000 	C:\WINDOWS\System32\CoreUIComponents.dll
0x00007ffd0f6e0000 - 0x00007ffd0f7b4000 	C:\WINDOWS\System32\CoreMessaging.dll
0x00007ffd10aa0000 - 0x00007ffd10ad1000 	C:\WINDOWS\SYSTEM32\ntmarta.dll
0x00007ffd0c0e0000 - 0x00007ffd0c233000 	C:\WINDOWS\SYSTEM32\wintypes.dll
0x00007ffcfa900000 - 0x00007ffcfa916000 	C:\WINDOWS\system32\napinsp.dll
0x00007ffcfa8e0000 - 0x00007ffcfa8fa000 	C:\WINDOWS\system32\pnrpnsp.dll
0x00007ffcfa8d0000 - 0x00007ffcfa8de000 	C:\WINDOWS\System32\winrnr.dll
0x00007ffd0f0f0000 - 0x00007ffd0f10c000 	C:\WINDOWS\system32\NLAapi.dll
0x00007ffcfa8b0000 - 0x00007ffcfa8c5000 	C:\WINDOWS\system32\wshbth.dll
0x00007ffd0c280000 - 0x00007ffd0c2f7000 	C:\WINDOWS\System32\fwpuclnt.dll
0x00007ffd08e60000 - 0x00007ffd08e6a000 	C:\Windows\System32\rasadhlp.dll
0x0000000022c00000 - 0x0000000022c78000 	\\?\C:\PROGRA~1\OXYGEN~1\lib\hunspell\HUNSPE~2.DLL
0x00007ffd141e0000 - 0x00007ffd14282000 	C:\WINDOWS\System32\clbcatq.dll
0x00007ffcf5690000 - 0x00007ffcf583f000 	C:\WINDOWS\SYSTEM32\WindowsCodecs.dll
0x00007ffce0af0000 - 0x00007ffce0b2a000 	C:\WINDOWS\system32\dataexchange.dll
0x00007ffd0e5f0000 - 0x00007ffd0e84b000 	C:\WINDOWS\system32\d3d11.dll
0x00007ffd0ebc0000 - 0x00007ffd0ed9b000 	C:\WINDOWS\system32\dcomp.dll
0x00007ffd10770000 - 0x00007ffd1085b000 	C:\WINDOWS\system32\dxgi.dll
0x00007ffd0f9e0000 - 0x00007ffd0fc3a000 	C:\WINDOWS\system32\twinapi.appcore.dll
0x00007ffd0ff90000 - 0x00007ffd0ffb9000 	C:\WINDOWS\system32\RMCLIENT.dll
0x00007ffd0f5e0000 - 0x00007ffd0f6cf000 	C:\WINDOWS\system32\propsys.dll
0x00007ffcd2c80000 - 0x00007ffcd2e33000 	C:\WINDOWS\SYSTEM32\DUI70.dll
0x00007ffcde600000 - 0x00007ffcde693000 	C:\WINDOWS\SYSTEM32\DUser.dll
0x00007ffce07c0000 - 0x00007ffce081e000 	C:\Windows\System32\thumbcache.dll
0x00007ffd0ac60000 - 0x00007ffd0ace6000 	C:\WINDOWS\SYSTEM32\policymanager.dll
0x00007ffd0a650000 - 0x00007ffd0a6da000 	C:\WINDOWS\SYSTEM32\msvcp110_win.dll
0x00007ffcedc80000 - 0x00007ffcede38000 	C:\Windows\System32\Windows.Globalization.dll
0x00007ffcefe80000 - 0x00007ffcefedd000 	C:\Windows\System32\Bcp47Langs.dll
0x00007ffcef390000 - 0x00007ffcef3c0000 	C:\Windows\System32\bcp47mrm.dll
0x00007ffd0bdb0000 - 0x00007ffd0bdd5000 	C:\WINDOWS\SYSTEM32\globinputhost.dll
0x00007ffcec3e0000 - 0x00007ffcec403000 	C:\WINDOWS\SYSTEM32\edputil.dll
0x00007ffd0f360000 - 0x00007ffd0f408000 	C:\WINDOWS\System32\StructuredQuery.dll
0x00007ffd0a100000 - 0x00007ffd0a10d000 	C:\WINDOWS\SYSTEM32\atlthunk.dll
0x00007ffcf0340000 - 0x00007ffcf0475000 	C:\Windows\System32\Windows.StateRepositoryPS.dll
0x00007ffcde280000 - 0x00007ffcde33d000 	C:\WINDOWS\system32\Windows.Storage.Search.dll
0x00007ffd026a0000 - 0x00007ffd02705000 	C:\Windows\System32\oleacc.dll
0x00007ffd14ae0000 - 0x00007ffd14b56000 	C:\WINDOWS\System32\coml2.dll
0x00007ffd00fd0000 - 0x00007ffd00feb000 	C:\WINDOWS\SYSTEM32\MPR.dll
0x00007ffcfe3d0000 - 0x00007ffcfe3db000 	C:\WINDOWS\System32\drprov.dll
0x00007ffd10b70000 - 0x00007ffd10bcc000 	C:\WINDOWS\System32\WINSTA.dll
0x00007ffcfdb60000 - 0x00007ffcfdb75000 	C:\WINDOWS\System32\ntlanman.dll
0x00007ffd0be20000 - 0x00007ffd0be2d000 	C:\WINDOWS\SYSTEM32\LINKINFO.dll
0x00007ffd01d10000 - 0x00007ffd01d2d000 	C:\WINDOWS\System32\davclnt.dll
0x00007ffd039c0000 - 0x00007ffd039cc000 	C:\WINDOWS\System32\DAVHLPR.dll
0x00007ffd0ad90000 - 0x00007ffd0ada7000 	C:\WINDOWS\System32\wkscli.dll
0x00007ffd03aa0000 - 0x00007ffd03ab2000 	C:\WINDOWS\SYSTEM32\cscapi.dll
0x00007ffd11030000 - 0x00007ffd1103c000 	C:\WINDOWS\System32\netutils.dll
0x00007ffcf0320000 - 0x00007ffcf0340000 	C:\WINDOWS\SYSTEM32\CLDAPI.dll
0x00007ffd11960000 - 0x00007ffd1198f000 	C:\WINDOWS\SYSTEM32\SspiCli.dll
0x00007ffd06ee0000 - 0x00007ffd06f33000 	C:\Windows\System32\dlnashext.dll

VM Arguments:
jvm_args: -Dexe4j.semaphoreName=Local\c:_program_files_oxygen_xml_author_21_oxygenauthor21.1.exe -Dexe4j.isInstall4j=true -Dexe4j.moduleName=C:\Program Files\Oxygen XML Author 21\oxygenAuthor21.1.exe -Dexe4j.tempDir= -Dexe4j.unextractedPosition=0 -Djava.library.path=c:\program files\oxygen xml author 21\jre\bin;C:\Program Files\Oxygen XML Author 21\.\jre\bin;C:\Program Files (x86)\Common Files\Oracle\Java\javapath;C:\WINDOWS\system32;C:\WINDOWS;C:\WINDOWS\System32\Wbem;C:\WINDOWS\System32\WindowsPowerShell\v1.0\;C:\WINDOWS\System32\OpenSSH\;C:\Program Files\Git\cmd;C:\Program Files (x86)\HCL\SafeLinx Client\;C:\Program Files\Intel\WiFi\bin\;C:\Program Files\Common Files\Intel\WirelessCommon\;C:\Program Files (x86)\ooRexx;C:\DITATools\IDWB\bin;C:\Program Files\Amazon\AWSCLI\bin\;C:\Users\rebecca.nethala\dita-otv-0.1.7\dita-ot\bin;C:\Users\rebecca.nethala\AppData\Local\GitHubDesktop\bin;C:\Users\rebecca.nethala\AppData\Local\Programs\Microsoft VS Code\bin -Dexe4j.consoleCodepage=cp0 -Dcom.oxygenxml.app.descriptor=ro.sync.exml.AuthorFrameDescriptor -XX:-OmitStackTraceInFastThrow -XX:SoftRefLRUPolicyMSPerMB=10 -Dsun.java2d.noddraw=true -Dsun.awt.nopixfmt=true -Dsun.java2d.dpiaware=true -Djava.net.preferIPv4Stack=true -Dsun.awt.keepWorkingSetOnMinimize=true -Dinstall4j.launcherId=19 -Dinstall4j.swt=false -Xmx4000m -Dcom.oxygenxml.language=English -XX:+UseParallelGC -XX:ErrorFile=C:\Users\REBECC~1.NET\AppData\Local\Temp\/oxy_jvm_crash.log -XX:OnError="C:\Program Files\Oxygen XML Author 21/rp.exe" 
java_command: C:\Program Files\Oxygen XML Author 21\oxygenAuthor21.1.exe
java_class_path (initial): C:\Program Files\Oxygen XML Author 21\.install4j\i4jruntime.jar;C:\Program Files\Oxygen XML Author 21\.\lib\oxygenAuthor.jar;C:\Program Files\Oxygen XML Author 21\.\lib\oxygen-basic-utilities.jar
Launcher Type: generic

Environment Variables:
PATH=c:\program files\oxygen xml author 21\jre\bin;C:\Program Files\Oxygen XML Author 21\.\jre\bin;C:\Program Files (x86)\Common Files\Oracle\Java\javapath;C:\WINDOWS\system32;C:\WINDOWS;C:\WINDOWS\System32\Wbem;C:\WINDOWS\System32\WindowsPowerShell\v1.0\;C:\WINDOWS\System32\OpenSSH\;C:\Program Files\Git\cmd;C:\Program Files (x86)\HCL\SafeLinx Client\;C:\Program Files\Intel\WiFi\bin\;C:\Program Files\Common Files\Intel\WirelessCommon\;C:\Program Files (x86)\ooRexx;C:\DITATools\IDWB\bin;C:\Program Files\Amazon\AWSCLI\bin\;C:\Users\rebecca.nethala\dita-otv-0.1.7\dita-ot\bin;C:\Users\rebecca.nethala\AppData\Local\GitHubDesktop\bin;C:\Users\rebecca.nethala\AppData\Local\Programs\Microsoft VS Code\bin
USERNAME=rebecca.nethala
OS=Windows_NT
PROCESSOR_IDENTIFIER=Intel64 Family 6 Model 158 Stepping 10, GenuineIntel



---------------  S Y S T E M  ---------------

OS: Windows 10.0 , 64 bit Build 18362 (10.0.18362.329)

CPU:total 12 (initial active 12) (6 cores per cpu, 2 threads per core) family 6 model 158 stepping 10, cmov, cx8, fxsr, mmx, sse, sse2, sse3, ssse3, sse4.1, sse4.2, popcnt, avx, avx2, aes, clmul, erms, 3dnowpref, lzcnt, ht, tsc, tscinvbit, bmi1, bmi2, adx

Memory: 4k page, physical 33282592k(18080900k free), swap 66837024k(47485428k free)

vm_info: Java HotSpot(TM) 64-Bit Server VM (25.202-b08) for windows-amd64 JRE (1.8.0_202-b08), built on Dec 15 2018 19:54:30 by "java_re" with MS VC++ 10.0 (VS2010)

time: Thu May 20 14:16:48 2021
timezone: India Standard Time
elapsed time: 2049 seconds (0d 0h 34m 9s)

