#
# A fatal error has been detected by the Java Runtime Environment:
#
#  EXCEPTION_ACCESS_VIOLATION (0xc0000005) at pc=0x0000000072b0fead, pid=28580, tid=0x0000000000005998
#
# JRE version: Java(TM) SE Runtime Environment (8.0_202-b08) (build 1.8.0_202-b08)
# Java VM: Java HotSpot(TM) 64-Bit Server VM (25.202-b08 mixed mode windows-amd64 compressed oops)
# Problematic frame:
# V  [jvm.dll+0x14fead]
#
# Failed to write core dump. Minidumps are not enabled by default on client versions of Windows
#
# If you would like to submit a bug report, please visit:
#   http://bugreport.java.com/bugreport/crash.jsp
#

---------------  T H R E A D  ---------------

Current thread (0x0000000020513800):  JavaThread "AWT-Windows" daemon [_thread_in_vm, id=22936, stack(0x0000000020c20000,0x0000000020d20000)]

siginfo: ExceptionCode=0xc0000005, reading address 0x0000000000000000

Registers:
RAX=0x0000000000000000, RBX=0x0000000020513800, RCX=0x0000000000000380, RDX=0x0000000020510f18
RSP=0x0000000020d1f0e0, RBP=0x0000000020d1f1d8, RSI=0x0000000000000000, RDI=0x00000000205139f8
R8 =0x0000000000000000, R9 =0x0000000020d1f1d8, R10=0x0000000001b3b6a0, R11=0x0000000000000000
R12=0x0000000020510f18, R13=0x0000000000000308, R14=0x0000000000081a22, R15=0x0000000000000000
RIP=0x0000000072b0fead, EFLAGS=0x0000000000010246

Top of Stack: (sp=0x0000000020d1f0e0)
0x0000000020d1f0e0:   0000000020d1f328 0000000000000308
0x0000000020d1f0f0:   0000000000000001 00007ffed0b4d39d
0x0000000020d1f100:   0000000020d1f328 ffffffff00000000
0x0000000020d1f110:   0000000000000000 fffffffffffffffe
0x0000000020d1f120:   0000000000000001 00007ffed0b4e279
0x0000000020d1f130:   0000000020513800 0000000000000000
0x0000000020d1f140:   0000000000000000 0000000000000001
0x0000000020d1f150:   fffffffffffffffe 0000000072b0731f
0x0000000020d1f160:   0000000020d1f308 00007ffef52436ca
0x0000000020d1f170:   0000000000cc4000 0000000000030000
0x0000000020d1f180:   0000000000000000 00007ffed0ae9e28
0x0000000020d1f190:   0000000000000000 0000000000000000
0x0000000020d1f1a0:   0000000000000000 0000000000000000
0x0000000020d1f1b0:   00000000205139f8 00007ffed0b09d37
0x0000000020d1f1c0:   0000000000000000 0000000000000000
0x0000000020d1f1d0:   0000000000000000 0000000000000000 

Instructions: (pc=0x0000000072b0fead)
0x0000000072b0fe8d:   00 48 83 7b 08 00 48 89 5c 24 50 48 c7 44 24 58
0x0000000072b0fe9d:   00 00 00 00 74 0a 48 8d 4c 24 50 e8 03 ef 12 00
0x0000000072b0fead:   48 8b 06 c7 44 24 40 0e 00 00 00 48 8d 4c 24 70
0x0000000072b0febd:   48 8b 50 08 0f b7 42 24 48 8b 52 08 48 8b 54 c2 


Register to memory mapping:

RAX=0x0000000000000000 is an unknown value
RBX=0x0000000020513800 is a thread
RCX=0x0000000000000380 is an unknown value
RDX=0x0000000020510f18 is a global jni handle
RSP=0x0000000020d1f0e0 is pointing into the stack for thread: 0x0000000020513800
RBP=0x0000000020d1f1d8 is pointing into the stack for thread: 0x0000000020513800
RSI=0x0000000000000000 is an unknown value
RDI=0x00000000205139f8 is an unknown value
R8 =0x0000000000000000 is an unknown value
R9 =0x0000000020d1f1d8 is pointing into the stack for thread: 0x0000000020513800
R10=0x0000000001b3b6a0 is an unknown value
R11=0x0000000000000000 is an unknown value
R12=0x0000000020510f18 is a global jni handle
R13=0x0000000000000308 is an unknown value
R14=0x0000000000081a22 is an unknown value
R15=0x0000000000000000 is an unknown value


Stack: [0x0000000020c20000,0x0000000020d20000],  sp=0x0000000020d1f0e0,  free space=1020k
Native frames: (J=compiled Java code, j=interpreted, Vv=VM code, C=native code)
V  [jvm.dll+0x14fead]
C  [awt.dll+0x69e28]
C  [awt.dll+0x89d37]
C  [awt.dll+0xcda3c]
C  [USER32.dll+0x15b6d]
C  [USER32.dll+0x15562]
C  [awt.dll+0xcd32c]
C  [awt.dll+0xcd5db]
C  0x0000000003268c67

Java frames: (J=compiled Java code, j=interpreted, Vv=VM code)
j  sun.awt.windows.WToolkit.eventLoop()V+0
j  sun.awt.windows.WToolkit.run()V+58
j  java.lang.Thread.run()V+11
v  ~StubRoutines::call_stub

---------------  P R O C E S S  ---------------

Java Threads: ( => current thread )
  0x0000000023a0b800 JavaThread "Detect hyperlinks at caret" daemon [_thread_blocked, id=26120, stack(0x0000000031240000,0x0000000031340000)]
  0x0000000029e09000 JavaThread "Tooltip timer in CC Editor" daemon [_thread_blocked, id=18460, stack(0x0000000030b60000,0x0000000030c60000)]
  0x0000000029e07800 JavaThread "Collect project resource thread" daemon [_thread_blocked, id=4168, stack(0x0000000030760000,0x0000000030860000)]
  0x0000000029e06800 JavaThread "Show host component tooltip timer" daemon [_thread_blocked, id=26680, stack(0x000000002f7e0000,0x000000002f8e0000)]
  0x0000000029e0c800 JavaThread "OxygenSingletonChecker-Thread" [_thread_in_native, id=23944, stack(0x000000002f2e0000,0x000000002f3e0000)]
  0x0000000029e08000 JavaThread "pool-8-thread-4" [_thread_blocked, id=28292, stack(0x000000002e870000,0x000000002e970000)]
  0x0000000029e09800 JavaThread "pool-8-thread-3" [_thread_blocked, id=296, stack(0x000000002b4e0000,0x000000002b5e0000)]
  0x0000000029e06000 JavaThread "pool-8-thread-2" [_thread_blocked, id=24500, stack(0x0000000029040000,0x0000000029140000)]
  0x0000000029e05000 JavaThread "pool-8-thread-1" [_thread_blocked, id=25612, stack(0x0000000027f40000,0x0000000028040000)]
  0x0000000029e03800 JavaThread "AuthorExtensionBuilder" daemon [_thread_blocked, id=5884, stack(0x0000000030860000,0x0000000030960000)]
  0x0000000023a0b000 JavaThread "Brackets Highlighter" [_thread_blocked, id=23244, stack(0x000000002f1e0000,0x000000002f2e0000)]
  0x0000000023a09800 JavaThread "Mark occurrences in current file" daemon [_thread_blocked, id=12828, stack(0x000000002f0e0000,0x000000002f1e0000)]
  0x0000000023a0a000 JavaThread "'Save backup info' timer" [_thread_blocked, id=2068, stack(0x000000002ec70000,0x000000002ed70000)]
  0x0000000023a08800 JavaThread "" [_thread_blocked, id=29080, stack(0x000000002b860000,0x000000002b960000)]
  0x0000000023a08000 JavaThread "DocumentTypeProviderTimer" daemon [_thread_blocked, id=28620, stack(0x0000000024680000,0x0000000024780000)]
  0x0000000023a0d000 JavaThread "DB Sessions Manager fire timer" daemon [_thread_blocked, id=23056, stack(0x0000000027a40000,0x0000000027b40000)]
  0x0000000023a06800 JavaThread "AutomaticallyValidation" daemon [_thread_blocked, id=21820, stack(0x0000000027340000,0x0000000027840000)]
  0x0000000023a0c800 JavaThread "Autosave" daemon [_thread_blocked, id=23476, stack(0x0000000027240000,0x0000000027340000)]
  0x0000000021ac4000 JavaThread "TimerQueue" daemon [_thread_blocked, id=10144, stack(0x0000000026d40000,0x0000000026e40000)]
  0x0000000021ab7000 JavaThread "AutomaticallyValidation" daemon [_thread_blocked, id=20304, stack(0x0000000025520000,0x0000000025a20000)]
  0x000000001e60b000 JavaThread "Autosave" daemon [_thread_blocked, id=11708, stack(0x0000000023030000,0x0000000023130000)]
  0x000000002122c800 JavaThread "AWT-EventQueue-0" [_thread_blocked, id=27560, stack(0x0000000024880000,0x0000000024980000)]
  0x000000002122c000 JavaThread "AWT-Shutdown" [_thread_blocked, id=22860, stack(0x0000000024780000,0x0000000024880000)]
=>0x0000000020513800 JavaThread "AWT-Windows" daemon [_thread_in_vm, id=22936, stack(0x0000000020c20000,0x0000000020d20000)]
  0x000000002050d000 JavaThread "Java2D Disposer" daemon [_thread_blocked, id=22776, stack(0x0000000020a20000,0x0000000020b20000)]
  0x000000001e3a8000 JavaThread "Service Thread" daemon [_thread_blocked, id=28332, stack(0x000000001fd70000,0x000000001fe70000)]
  0x000000001e343000 JavaThread "C1 CompilerThread3" daemon [_thread_blocked, id=26648, stack(0x000000001fc70000,0x000000001fd70000)]
  0x000000001e322800 JavaThread "C2 CompilerThread2" daemon [_thread_blocked, id=23828, stack(0x000000001fb70000,0x000000001fc70000)]
  0x000000001e31d800 JavaThread "C2 CompilerThread1" daemon [_thread_blocked, id=27280, stack(0x000000001fa70000,0x000000001fb70000)]
  0x000000001e313800 JavaThread "C2 CompilerThread0" daemon [_thread_blocked, id=23044, stack(0x000000001f970000,0x000000001fa70000)]
  0x000000001e312000 JavaThread "Attach Listener" daemon [_thread_blocked, id=19192, stack(0x000000001f870000,0x000000001f970000)]
  0x000000001e311000 JavaThread "Signal Dispatcher" daemon [_thread_blocked, id=10700, stack(0x000000001f770000,0x000000001f870000)]
  0x000000001e303000 JavaThread "Finalizer" daemon [_thread_blocked, id=22156, stack(0x000000001f570000,0x000000001f670000)]
  0x000000000323c800 JavaThread "Reference Handler" daemon [_thread_blocked, id=9592, stack(0x000000001f470000,0x000000001f570000)]
  0x0000000003143800 JavaThread "main" [_thread_blocked, id=28436, stack(0x0000000000e00000,0x0000000000f00000)]

Other Threads:
  0x000000001cc38000 VMThread [stack: 0x000000001f370000,0x000000001f470000] [id=13156]
  0x000000001e3cc800 WatcherThread [stack: 0x000000001fe70000,0x000000001ff70000] [id=29632]

VM state:not at safepoint (normal execution)

VM Mutex/Monitor currently owned by a thread: None

heap address: 0x00000006c6000000, size: 4000 MB, Compressed Oops mode: Zero based, Oop shift amount: 3
Narrow klass base: 0x0000000000000000, Narrow klass shift: 3
Compressed class space size: 1073741824 Address: 0x00000007c0000000

Heap:
 PSYoungGen      total 400896K, used 155892K [0x000000076cb00000, 0x0000000789a00000, 0x00000007c0000000)
  eden space 337920K, 36% used [0x000000076cb00000,0x000000077438dd08,0x0000000781500000)
  from space 62976K, 51% used [0x0000000785c80000,0x0000000787c2f4c0,0x0000000789a00000)
  to   space 68096K, 0% used [0x0000000781500000,0x0000000781500000,0x0000000785780000)
 ParOldGen       total 1044992K, used 134608K [0x00000006c6000000, 0x0000000705c80000, 0x000000076cb00000)
  object space 1044992K, 12% used [0x00000006c6000000,0x00000006ce3742c0,0x0000000705c80000)
 Metaspace       used 104716K, capacity 105820K, committed 106752K, reserved 1140736K
  class space    used 16052K, capacity 16344K, committed 16384K, reserved 1048576K

Card table byte_map: [0x0000000012610000,0x0000000012df0000] byte_map_base: 0x000000000efe0000

Marking Bits: (ParMarkBitMap*) 0x00000000731e5ce0
 Begin Bits: [0x0000000013d30000, 0x0000000017bb0000)
 End Bits:   [0x0000000017bb0000, 0x000000001ba30000)

Polling page: 0x0000000002ed0000

CodeCache: size=245760Kb used=65161Kb max_used=65171Kb free=180598Kb
 bounds [0x0000000003250000, 0x0000000007260000, 0x0000000012250000]
 total_blobs=17752 nmethods=16802 adapters=855
 compilation: enabled

Compilation events (10 events):
Event: 6309.621 Thread 0x000000001e343000 nmethod 22421 0x000000000723b810 code [0x000000000723ba80, 0x000000000723c8d8]
Event: 6309.635 Thread 0x000000001e322800 nmethod 22422 0x0000000007256550 code [0x00000000072566e0, 0x0000000007257308]
Event: 6309.636 Thread 0x000000001e343000 22423       3       net.sf.saxon.tree.tiny.TinyBuilder::setStatistics (6 bytes)
Event: 6309.636 Thread 0x000000001e343000 nmethod 22423 0x0000000007256210 code [0x0000000007256360, 0x00000000072564d0]
Event: 6309.647 Thread 0x000000001e343000 22424       1       ro.sync.ecss.dom.builder.k::r (5 bytes)
Event: 6309.647 Thread 0x000000001e343000 nmethod 22424 0x0000000007255f50 code [0x00000000072560a0, 0x00000000072561b0]
Event: 6309.808 Thread 0x000000001e343000 22425       1       com.jidesoft.docking.DefaultDockingManager::isHideFloatingFramesOnSwitchOutOfApplication (5 bytes)
Event: 6309.808 Thread 0x000000001e343000 nmethod 22425 0x0000000007255c90 code [0x0000000007255de0, 0x0000000007255ef0]
Event: 6309.990 Thread 0x000000001e343000 22426       3       java.awt.AWTEventMulticaster::mouseExited (27 bytes)
Event: 6309.991 Thread 0x000000001e343000 nmethod 22426 0x0000000007258ad0 code [0x0000000007258c60, 0x0000000007259178]

GC Heap History (10 events):
Event: 6019.600 GC heap before
{Heap before GC invocations=24 (full 4):
 PSYoungGen      total 402944K, used 335971K [0x000000076cb00000, 0x000000078b400000, 0x00000007c0000000)
  eden space 313344K, 100% used [0x000000076cb00000,0x000000077fd00000,0x000000077fd00000)
  from space 89600K, 25% used [0x000000077fd00000,0x0000000781318d60,0x0000000785480000)
  to   space 86528K, 0% used [0x0000000785f80000,0x0000000785f80000,0x000000078b400000)
 ParOldGen       total 1044992K, used 134568K [0x00000006c6000000, 0x0000000705c80000, 0x000000076cb00000)
  object space 1044992K, 12% used [0x00000006c6000000,0x00000006ce36a2c0,0x0000000705c80000)
 Metaspace       used 102900K, capacity 104012K, committed 104832K, reserved 1138688K
  class space    used 15993K, capacity 16240K, committed 16256K, reserved 1048576K
Event: 6019.612 GC heap after
Heap after GC invocations=24 (full 4):
 PSYoungGen      total 398848K, used 28683K [0x000000076cb00000, 0x000000078a800000, 0x00000007c0000000)
  eden space 324608K, 0% used [0x000000076cb00000,0x000000076cb00000,0x0000000780800000)
  from space 74240K, 38% used [0x0000000785f80000,0x0000000787b82c50,0x000000078a800000)
  to   space 81920K, 0% used [0x0000000780800000,0x0000000780800000,0x0000000785800000)
 ParOldGen       total 1044992K, used 134576K [0x00000006c6000000, 0x0000000705c80000, 0x000000076cb00000)
  object space 1044992K, 12% used [0x00000006c6000000,0x00000006ce36c2c0,0x0000000705c80000)
 Metaspace       used 102900K, capacity 104012K, committed 104832K, reserved 1138688K
  class space    used 15993K, capacity 16240K, committed 16256K, reserved 1048576K
}
Event: 6064.908 GC heap before
{Heap before GC invocations=25 (full 4):
 PSYoungGen      total 398848K, used 353291K [0x000000076cb00000, 0x000000078a800000, 0x00000007c0000000)
  eden space 324608K, 100% used [0x000000076cb00000,0x0000000780800000,0x0000000780800000)
  from space 74240K, 38% used [0x0000000785f80000,0x0000000787b82c50,0x000000078a800000)
  to   space 81920K, 0% used [0x0000000780800000,0x0000000780800000,0x0000000785800000)
 ParOldGen       total 1044992K, used 134576K [0x00000006c6000000, 0x0000000705c80000, 0x000000076cb00000)
  object space 1044992K, 12% used [0x00000006c6000000,0x00000006ce36c2c0,0x0000000705c80000)
 Metaspace       used 103559K, capacity 104626K, committed 105728K, reserved 1138688K
  class space    used 16019K, capacity 16273K, committed 16384K, reserved 1048576K
Event: 6064.924 GC heap after
Heap after GC invocations=25 (full 4):
 PSYoungGen      total 406528K, used 29409K [0x000000076cb00000, 0x000000078a980000, 0x00000007c0000000)
  eden space 324608K, 0% used [0x000000076cb00000,0x000000076cb00000,0x0000000780800000)
  from space 81920K, 35% used [0x0000000780800000,0x00000007824b85e8,0x0000000785800000)
  to   space 77824K, 0% used [0x0000000785d80000,0x0000000785d80000,0x000000078a980000)
 ParOldGen       total 1044992K, used 134584K [0x00000006c6000000, 0x0000000705c80000, 0x000000076cb00000)
  object space 1044992K, 12% used [0x00000006c6000000,0x00000006ce36e2c0,0x0000000705c80000)
 Metaspace       used 103559K, capacity 104626K, committed 105728K, reserved 1138688K
  class space    used 16019K, capacity 16273K, committed 16384K, reserved 1048576K
}
Event: 6220.362 GC heap before
{Heap before GC invocations=26 (full 4):
 PSYoungGen      total 406528K, used 354017K [0x000000076cb00000, 0x000000078a980000, 0x00000007c0000000)
  eden space 324608K, 100% used [0x000000076cb00000,0x0000000780800000,0x0000000780800000)
  from space 81920K, 35% used [0x0000000780800000,0x00000007824b85e8,0x0000000785800000)
  to   space 77824K, 0% used [0x0000000785d80000,0x0000000785d80000,0x000000078a980000)
 ParOldGen       total 1044992K, used 134584K [0x00000006c6000000, 0x0000000705c80000, 0x000000076cb00000)
  object space 1044992K, 12% used [0x00000006c6000000,0x00000006ce36e2c0,0x0000000705c80000)
 Metaspace       used 103918K, capacity 105046K, committed 105984K, reserved 1138688K
  class space    used 16027K, capacity 16279K, committed 16384K, reserved 1048576K
Event: 6220.380 GC heap after
Heap after GC invocations=26 (full 4):
 PSYoungGen      total 402944K, used 37858K [0x000000076cb00000, 0x000000078a280000, 0x00000007c0000000)
  eden space 332288K, 0% used [0x000000076cb00000,0x000000076cb00000,0x0000000780f80000)
  from space 70656K, 53% used [0x0000000785d80000,0x0000000788278ba8,0x000000078a280000)
  to   space 75264K, 0% used [0x0000000780f80000,0x0000000780f80000,0x0000000785900000)
 ParOldGen       total 1044992K, used 134592K [0x00000006c6000000, 0x0000000705c80000, 0x000000076cb00000)
  object space 1044992K, 12% used [0x00000006c6000000,0x00000006ce3702c0,0x0000000705c80000)
 Metaspace       used 103918K, capacity 105046K, committed 105984K, reserved 1138688K
  class space    used 16027K, capacity 16279K, committed 16384K, reserved 1048576K
}
Event: 6231.959 GC heap before
{Heap before GC invocations=27 (full 4):
 PSYoungGen      total 402944K, used 370146K [0x000000076cb00000, 0x000000078a280000, 0x00000007c0000000)
  eden space 332288K, 100% used [0x000000076cb00000,0x0000000780f80000,0x0000000780f80000)
  from space 70656K, 53% used [0x0000000785d80000,0x0000000788278ba8,0x000000078a280000)
  to   space 75264K, 0% used [0x0000000780f80000,0x0000000780f80000,0x0000000785900000)
 ParOldGen       total 1044992K, used 134592K [0x00000006c6000000, 0x0000000705c80000, 0x000000076cb00000)
  object space 1044992K, 12% used [0x00000006c6000000,0x00000006ce3702c0,0x0000000705c80000)
 Metaspace       used 104408K, capacity 105532K, committed 106496K, reserved 1138688K
  class space    used 16050K, capacity 16312K, committed 16384K, reserved 1048576K
Event: 6231.971 GC heap after
Heap after GC invocations=27 (full 4):
 PSYoungGen      total 407552K, used 29368K [0x000000076cb00000, 0x000000078a280000, 0x00000007c0000000)
  eden space 332288K, 0% used [0x000000076cb00000,0x000000076cb00000,0x0000000780f80000)
  from space 75264K, 39% used [0x0000000780f80000,0x0000000782c2e160,0x0000000785900000)
  to   space 71680K, 0% used [0x0000000785c80000,0x0000000785c80000,0x000000078a280000)
 ParOldGen       total 1044992K, used 134600K [0x00000006c6000000, 0x0000000705c80000, 0x000000076cb00000)
  object space 1044992K, 12% used [0x00000006c6000000,0x00000006ce3722c0,0x0000000705c80000)
 Metaspace       used 104408K, capacity 105532K, committed 106496K, reserved 1138688K
  class space    used 16050K, capacity 16312K, committed 16384K, reserved 1048576K
}
Event: 6306.937 GC heap before
{Heap before GC invocations=28 (full 4):
 PSYoungGen      total 407552K, used 361656K [0x000000076cb00000, 0x000000078a280000, 0x00000007c0000000)
  eden space 332288K, 100% used [0x000000076cb00000,0x0000000780f80000,0x0000000780f80000)
  from space 75264K, 39% used [0x0000000780f80000,0x0000000782c2e160,0x0000000785900000)
  to   space 71680K, 0% used [0x0000000785c80000,0x0000000785c80000,0x000000078a280000)
 ParOldGen       total 1044992K, used 134600K [0x00000006c6000000, 0x0000000705c80000, 0x000000076cb00000)
  object space 1044992K, 12% used [0x00000006c6000000,0x00000006ce3722c0,0x0000000705c80000)
 Metaspace       used 104644K, capacity 105756K, committed 106752K, reserved 1140736K
  class space    used 16052K, capacity 16344K, committed 16384K, reserved 1048576K
Event: 6306.949 GC heap after
Heap after GC invocations=28 (full 4):
 PSYoungGen      total 400896K, used 32445K [0x000000076cb00000, 0x0000000789a00000, 0x00000007c0000000)
  eden space 337920K, 0% used [0x000000076cb00000,0x000000076cb00000,0x0000000781500000)
  from space 62976K, 51% used [0x0000000785c80000,0x0000000787c2f4c0,0x0000000789a00000)
  to   space 68096K, 0% used [0x0000000781500000,0x0000000781500000,0x0000000785780000)
 ParOldGen       total 1044992K, used 134608K [0x00000006c6000000, 0x0000000705c80000, 0x000000076cb00000)
  object space 1044992K, 12% used [0x00000006c6000000,0x00000006ce3742c0,0x0000000705c80000)
 Metaspace       used 104644K, capacity 105756K, committed 106752K, reserved 1140736K
  class space    used 16052K, capacity 16344K, committed 16384K, reserved 1048576K
}

Deoptimization events (10 events):
Event: 6308.631 Thread 0x000000002122c800 Uncommon trap: reason=class_check action=none pc=0x0000000005b650f4 method=java.awt.Font.equals(Ljava/lang/Object;)Z @ 12
Event: 6308.631 Thread 0x000000002122c800 Uncommon trap: reason=class_check action=none pc=0x0000000005b650f4 method=java.awt.Font.equals(Ljava/lang/Object;)Z @ 12
Event: 6308.632 Thread 0x000000002122c800 Uncommon trap: reason=class_check action=none pc=0x0000000005b650f4 method=java.awt.Font.equals(Ljava/lang/Object;)Z @ 12
Event: 6308.632 Thread 0x000000002122c800 Uncommon trap: reason=class_check action=none pc=0x0000000005b650f4 method=java.awt.Font.equals(Ljava/lang/Object;)Z @ 12
Event: 6308.633 Thread 0x000000002122c800 Uncommon trap: reason=class_check action=none pc=0x0000000005b650f4 method=java.awt.Font.equals(Ljava/lang/Object;)Z @ 12
Event: 6308.634 Thread 0x000000002122c800 Uncommon trap: reason=class_check action=none pc=0x0000000005b650f4 method=java.awt.Font.equals(Ljava/lang/Object;)Z @ 12
Event: 6308.634 Thread 0x000000002122c800 Uncommon trap: reason=class_check action=none pc=0x0000000005b650f4 method=java.awt.Font.equals(Ljava/lang/Object;)Z @ 12
Event: 6308.640 Thread 0x000000002122c800 Uncommon trap: reason=class_check action=none pc=0x0000000005b650f4 method=java.awt.Font.equals(Ljava/lang/Object;)Z @ 12
Event: 6308.640 Thread 0x000000002122c800 Uncommon trap: reason=class_check action=none pc=0x0000000005b650f4 method=java.awt.Font.equals(Ljava/lang/Object;)Z @ 12
Event: 6308.640 Thread 0x000000002122c800 Uncommon trap: reason=class_check action=none pc=0x0000000005b650f4 method=java.awt.Font.equals(Ljava/lang/Object;)Z @ 12

Classes redefined (0 events):
No events

Internal exceptions (10 events):
Event: 6308.634 Thread 0x000000002122c800 Exception <a 'java/lang/ClassCastException'> (0x00000007726ee460) thrown at [C:\re\workspace\8-2-build-windows-amd64-cygwin\jdk8u202\12323\hotspot\src\share\vm\runtime\sharedRuntime.cpp, line 605]
Event: 6308.640 Thread 0x000000002122c800 Exception <a 'java/lang/ClassCastException'> (0x000000077273f8e0) thrown at [C:\re\workspace\8-2-build-windows-amd64-cygwin\jdk8u202\12323\hotspot\src\share\vm\runtime\sharedRuntime.cpp, line 605]
Event: 6308.640 Thread 0x000000002122c800 Exception <a 'java/lang/ClassCastException': java.awt.font.ShapeGraphicAttribute cannot be cast to java.awt.Font> (0x0000000772740670) thrown at [C:\re\workspace\8-2-build-windows-amd64-cygwin\jdk8u202\12323\hotspot\src\share\vm\interpreter\interpreterRun
Event: 6308.640 Thread 0x000000002122c800 Exception <a 'java/lang/ClassCastException'> (0x00000007727410e8) thrown at [C:\re\workspace\8-2-build-windows-amd64-cygwin\jdk8u202\12323\hotspot\src\share\vm\runtime\sharedRuntime.cpp, line 605]
Event: 6308.640 Thread 0x000000002122c800 Exception <a 'java/lang/ClassCastException'> (0x0000000772743f90) thrown at [C:\re\workspace\8-2-build-windows-amd64-cygwin\jdk8u202\12323\hotspot\src\share\vm\runtime\sharedRuntime.cpp, line 605]
Event: 6308.640 Thread 0x000000002122c800 Exception <a 'java/lang/ClassCastException': java.awt.font.ShapeGraphicAttribute cannot be cast to java.awt.Font> (0x0000000772744d20) thrown at [C:\re\workspace\8-2-build-windows-amd64-cygwin\jdk8u202\12323\hotspot\src\share\vm\interpreter\interpreterRun
Event: 6308.640 Thread 0x000000002122c800 Exception <a 'java/lang/ClassCastException'> (0x0000000772745798) thrown at [C:\re\workspace\8-2-build-windows-amd64-cygwin\jdk8u202\12323\hotspot\src\share\vm\runtime\sharedRuntime.cpp, line 605]
Event: 6308.640 Thread 0x000000002122c800 Exception <a 'java/lang/ClassCastException'> (0x0000000772748678) thrown at [C:\re\workspace\8-2-build-windows-amd64-cygwin\jdk8u202\12323\hotspot\src\share\vm\runtime\sharedRuntime.cpp, line 605]
Event: 6308.640 Thread 0x000000002122c800 Exception <a 'java/lang/ClassCastException': java.awt.font.ShapeGraphicAttribute cannot be cast to java.awt.Font> (0x0000000772749398) thrown at [C:\re\workspace\8-2-build-windows-amd64-cygwin\jdk8u202\12323\hotspot\src\share\vm\interpreter\interpreterRun
Event: 6308.640 Thread 0x000000002122c800 Exception <a 'java/lang/ClassCastException'> (0x0000000772749c28) thrown at [C:\re\workspace\8-2-build-windows-amd64-cygwin\jdk8u202\12323\hotspot\src\share\vm\runtime\sharedRuntime.cpp, line 605]

Events (10 events):
Event: 6309.629 Thread 0x0000000028727800 Thread added: 0x0000000028727800
Event: 6309.632 Thread 0x0000000028727800 Thread exited: 0x0000000028727800
Event: 6309.634 Thread 0x0000000028726000 Thread added: 0x0000000028726000
Event: 6309.636 Thread 0x0000000028726000 Thread exited: 0x0000000028726000
Event: 6309.640 Thread 0x000000002872a800 Thread added: 0x000000002872a800
Event: 6309.644 Thread 0x000000002872a800 Thread exited: 0x000000002872a800
Event: 6310.579 Thread 0x000000002872a800 Thread added: 0x000000002872a800
Event: 6310.584 Thread 0x0000000028729000 Thread added: 0x0000000028729000
Event: 6310.584 Thread 0x000000002872a800 Thread exited: 0x000000002872a800
Event: 6310.586 Thread 0x0000000028729000 Thread exited: 0x0000000028729000


Dynamic libraries:
0x00007ff7f1630000 - 0x00007ff7f16df000 	C:\Program Files\Oxygen XML Author 21\oxygenAuthor21.1.exe
0x00007ffef5500000 - 0x00007ffef56f0000 	C:\WINDOWS\SYSTEM32\ntdll.dll
0x00007ffef5400000 - 0x00007ffef54b2000 	C:\WINDOWS\System32\KERNEL32.DLL
0x00007ffef2530000 - 0x00007ffef27d3000 	C:\WINDOWS\System32\KERNELBASE.dll
0x0000000075450000 - 0x00000000754e5000 	C:\WINDOWS\System32\SYSFER.DLL
0x00007ffef41a0000 - 0x00007ffef4243000 	C:\WINDOWS\System32\ADVAPI32.dll
0x00007ffef44f0000 - 0x00007ffef458e000 	C:\WINDOWS\System32\msvcrt.dll
0x00007ffef50a0000 - 0x00007ffef5137000 	C:\WINDOWS\System32\sechost.dll
0x00007ffef4970000 - 0x00007ffef4a90000 	C:\WINDOWS\System32\RPCRT4.dll
0x00007ffecbfd0000 - 0x00007ffecc1f6000 	C:\WINDOWS\system32\ctiuser.dll
0x00007ffef5220000 - 0x00007ffef53b4000 	C:\WINDOWS\System32\USER32.dll
0x00007ffef2d00000 - 0x00007ffef2d21000 	C:\WINDOWS\System32\win32u.dll
0x00007ffef53c0000 - 0x00007ffef53e6000 	C:\WINDOWS\System32\GDI32.dll
0x00007ffef2ab0000 - 0x00007ffef2c44000 	C:\WINDOWS\System32\gdi32full.dll
0x00007ffef2490000 - 0x00007ffef252e000 	C:\WINDOWS\System32\msvcp_win.dll
0x00007ffef34b0000 - 0x00007ffef35aa000 	C:\WINDOWS\System32\ucrtbase.dll
0x00007ffef4810000 - 0x00007ffef4966000 	C:\WINDOWS\System32\ole32.dll
0x00007ffef4d00000 - 0x00007ffef5036000 	C:\WINDOWS\System32\combase.dll
0x00007ffef2c80000 - 0x00007ffef2d00000 	C:\WINDOWS\System32\bcryptPrimitives.dll
0x00007ffef53f0000 - 0x00007ffef53f8000 	C:\WINDOWS\System32\PSAPI.DLL
0x00007ffee8020000 - 0x00007ffee802a000 	C:\WINDOWS\SYSTEM32\FLTLIB.DLL
0x00007ffef4c00000 - 0x00007ffef4c2e000 	C:\WINDOWS\System32\IMM32.DLL
0x0000000068000000 - 0x000000006805e000 	C:\WINDOWS\System32\QIPCAP64.dll
0x00007ffef35b0000 - 0x00007ffef3c95000 	C:\WINDOWS\System32\SHELL32.dll
0x00007ffef27e0000 - 0x00007ffef282a000 	C:\WINDOWS\System32\cfgmgr32.dll
0x00007ffef4b50000 - 0x00007ffef4bf9000 	C:\WINDOWS\System32\shcore.dll
0x00007ffef2d30000 - 0x00007ffef34af000 	C:\WINDOWS\System32\windows.storage.dll
0x00007ffef2420000 - 0x00007ffef243f000 	C:\WINDOWS\System32\profapi.dll
0x00007ffef2440000 - 0x00007ffef248a000 	C:\WINDOWS\System32\powrprof.dll
0x00007ffef23d0000 - 0x00007ffef23e0000 	C:\WINDOWS\System32\UMPDC.dll
0x00007ffef5140000 - 0x00007ffef5192000 	C:\WINDOWS\System32\shlwapi.dll
0x00007ffef2400000 - 0x00007ffef2411000 	C:\WINDOWS\System32\kernel.appcore.dll
0x00007ffef2980000 - 0x00007ffef2997000 	C:\WINDOWS\System32\cryptsp.dll
0x00007ffef19a0000 - 0x00007ffef1a6a000 	C:\WINDOWS\SYSTEM32\DNSAPI.dll
0x00007ffef47a0000 - 0x00007ffef480f000 	C:\WINDOWS\System32\WS2_32.dll
0x00007ffef4190000 - 0x00007ffef4198000 	C:\WINDOWS\System32\NSI.dll
0x00007ffef1950000 - 0x00007ffef198a000 	C:\WINDOWS\SYSTEM32\IPHLPAPI.DLL
0x00007ffee07a0000 - 0x00007ffee0a25000 	C:\WINDOWS\WinSxS\amd64_microsoft.windows.common-controls_6595b64144ccf1df_6.0.18362.592_none_e6c0b1911312be02\comctl32.dll
0x00000000729c0000 - 0x0000000073265000 	c:\program files\oxygen xml author 21\jre\bin\server\jvm.dll
0x00007ffee25b0000 - 0x00007ffee25b9000 	C:\WINDOWS\SYSTEM32\WSOCK32.dll
0x00007ffee3290000 - 0x00007ffee32b4000 	C:\WINDOWS\SYSTEM32\WINMM.dll
0x00007ffeebd90000 - 0x00007ffeebd9a000 	C:\WINDOWS\SYSTEM32\VERSION.dll
0x0000000073390000 - 0x0000000073462000 	C:\WINDOWS\SYSTEM32\MSVCR100.dll
0x00007ffee46a0000 - 0x00007ffee46cd000 	C:\WINDOWS\SYSTEM32\WINMMBASE.dll
0x00007ffeeeeb0000 - 0x00007ffeeeebf000 	c:\program files\oxygen xml author 21\jre\bin\verify.dll
0x00007ffee7040000 - 0x00007ffee7069000 	c:\program files\oxygen xml author 21\jre\bin\java.dll
0x00007ffeed420000 - 0x00007ffeed436000 	c:\program files\oxygen xml author 21\jre\bin\zip.dll
0x0000000180000000 - 0x0000000180032000 	C:\Program Files\Oxygen XML Author 21\.install4j\i4jinst.dll
0x000000001ff70000 - 0x0000000020034000 	C:\WINDOWS\System32\OLEAUT32.dll
0x00007ffeeeea0000 - 0x00007ffeeeead000 	C:\Program Files\Oxygen XML Author 21\jre\bin\management.dll
0x00007ffee7010000 - 0x00007ffee7036000 	C:\Program Files\Oxygen XML Author 21\jre\bin\JavaAccessBridge-64.dll
0x00007ffed0a80000 - 0x00007ffed0c19000 	C:\Program Files\Oxygen XML Author 21\jre\bin\awt.dll
0x00007ffeefaa0000 - 0x00007ffeefb2f000 	C:\WINDOWS\SYSTEM32\apphelp.dll
0x00007ffef0640000 - 0x00007ffef06d9000 	C:\WINDOWS\system32\uxtheme.dll
0x0000000020d70000 - 0x0000000020ea5000 	C:\WINDOWS\System32\MSCTF.dll
0x00007ffef08c0000 - 0x00007ffef08ed000 	C:\WINDOWS\system32\DWMAPI.DLL
0x00007ffec22c0000 - 0x00007ffec2416000 	C:\WINDOWS\system32\opengl32.dll
0x00007ffec2b10000 - 0x00007ffec2b3c000 	C:\WINDOWS\SYSTEM32\GLU32.dll
0x00007ffef1040000 - 0x00007ffef1060000 	C:\WINDOWS\SYSTEM32\dxcore.dll
0x00007ffef17b0000 - 0x00007ffef17e3000 	C:\WINDOWS\system32\rsaenh.dll
0x00007ffef2c50000 - 0x00007ffef2c76000 	C:\WINDOWS\System32\bcrypt.dll
0x00007ffef22f0000 - 0x00007ffef2315000 	C:\WINDOWS\SYSTEM32\USERENV.dll
0x00007ffef1e10000 - 0x00007ffef1e1c000 	C:\WINDOWS\SYSTEM32\CRYPTBASE.dll
0x00007ffee9e60000 - 0x00007ffee9e7a000 	C:\Program Files\Oxygen XML Author 21\jre\bin\net.dll
0x00007ffee3ab0000 - 0x00007ffee3c86000 	C:\WINDOWS\SYSTEM32\urlmon.dll
0x00007ffee7660000 - 0x00007ffee7906000 	C:\WINDOWS\SYSTEM32\iertutil.dll
0x00007ffef1c40000 - 0x00007ffef1ca7000 	C:\WINDOWS\system32\mswsock.dll
0x00007ffeed2b0000 - 0x00007ffeed2c6000 	C:\WINDOWS\SYSTEM32\dhcpcsvc6.DLL
0x00007ffeed160000 - 0x00007ffeed17c000 	C:\WINDOWS\SYSTEM32\dhcpcsvc.DLL
0x00007ffee6a30000 - 0x00007ffee6a42000 	C:\Program Files\Oxygen XML Author 21\jre\bin\nio.dll
0x0000000020b20000 - 0x0000000020b58000 	C:\Program Files\Oxygen XML Author 21\lib\com\sun\jna\win32-x86-64\jnidispatch.dll
0x00007ffee1d60000 - 0x00007ffee1da7000 	C:\Program Files\Oxygen XML Author 21\jre\bin\fontmanager.dll
0x00007ffed5650000 - 0x00007ffed56ee000 	C:\WINDOWS\System32\TextInputFramework.dll
0x00007ffed6d30000 - 0x00007ffed705a000 	C:\WINDOWS\System32\CoreUIComponents.dll
0x00007ffeefb90000 - 0x00007ffeefc64000 	C:\WINDOWS\System32\CoreMessaging.dll
0x00007ffef1400000 - 0x00007ffef1431000 	C:\WINDOWS\SYSTEM32\ntmarta.dll
0x00007ffeec8e0000 - 0x00007ffeeca33000 	C:\WINDOWS\SYSTEM32\wintypes.dll
0x00007ffee1cf0000 - 0x00007ffee1d32000 	C:\Program Files\Oxygen XML Author 21\jre\bin\t2k.dll
0x00007ffee6c60000 - 0x00007ffee6c8a000 	C:\Program Files\Oxygen XML Author 21\jre\bin\dcpr.dll
0x0000000020b60000 - 0x0000000020b77000 	C:\Program Files\Oxygen XML Author 21\lib\WindowsNativeHelper64.dll
0x00007ffef4420000 - 0x00007ffef44f0000 	C:\WINDOWS\System32\comdlg32.dll
0x00007ffee5340000 - 0x00007ffee53e9000 	C:\WINDOWS\WinSxS\amd64_microsoft.windows.common-controls_6595b64144ccf1df_5.82.18362.592_none_2a2c5e32466583af\comctl32.dll
0x00007ffee3480000 - 0x00007ffee34a4000 	C:\Program Files\Oxygen XML Author 21\jre\bin\sunec.dll
0x00007ffedb2f0000 - 0x00007ffedb306000 	C:\WINDOWS\system32\napinsp.dll
0x00007ffedb2d0000 - 0x00007ffedb2ea000 	C:\WINDOWS\system32\pnrpnsp.dll
0x00007ffede4e0000 - 0x00007ffede4ee000 	C:\WINDOWS\System32\winrnr.dll
0x00007ffef00f0000 - 0x00007ffef010c000 	C:\WINDOWS\system32\NLAapi.dll
0x00007ffedb2b0000 - 0x00007ffedb2c5000 	C:\WINDOWS\system32\wshbth.dll
0x00007ffeed6d0000 - 0x00007ffeed747000 	C:\WINDOWS\System32\fwpuclnt.dll
0x00007ffeeacc0000 - 0x00007ffeeacca000 	C:\Windows\System32\rasadhlp.dll
0x00007ffeeee30000 - 0x00007ffeeee3b000 	C:\Program Files\Oxygen XML Author 21\jre\bin\sunmscapi.dll
0x00007ffef2830000 - 0x00007ffef2979000 	C:\WINDOWS\System32\CRYPT32.dll
0x0000000020b80000 - 0x0000000020b92000 	C:\WINDOWS\System32\MSASN1.dll
0x0000000025c20000 - 0x0000000025c98000 	\\?\C:\PROGRA~1\OXYGEN~1\lib\hunspell\HUNSPE~2.DLL
0x00007ffef4aa0000 - 0x00007ffef4b42000 	C:\WINDOWS\System32\clbcatq.dll
0x00007ffed6800000 - 0x00007ffed69af000 	C:\WINDOWS\SYSTEM32\WindowsCodecs.dll
0x00007ffec2a60000 - 0x00007ffec2a9a000 	C:\WINDOWS\system32\dataexchange.dll
0x00007ffeef020000 - 0x00007ffeef27b000 	C:\WINDOWS\system32\d3d11.dll
0x00007ffeef5f0000 - 0x00007ffeef7cb000 	C:\WINDOWS\system32\dcomp.dll
0x00007ffef10d0000 - 0x00007ffef11bb000 	C:\WINDOWS\system32\dxgi.dll
0x00007ffef0320000 - 0x00007ffef057a000 	C:\WINDOWS\system32\twinapi.appcore.dll
0x00007ffef09a0000 - 0x00007ffef09c9000 	C:\WINDOWS\system32\RMCLIENT.dll
0x00007ffed6cc0000 - 0x00007ffed6d25000 	C:\WINDOWS\system32\Ninput.dll
0x00007ffef0d10000 - 0x00007ffef0f04000 	C:\WINDOWS\SYSTEM32\dbghelp.dll
0x00007ffee1e40000 - 0x00007ffee1e6a000 	C:\WINDOWS\SYSTEM32\dbgcore.DLL

VM Arguments:
jvm_args: -Dexe4j.semaphoreName=Local\c:_program_files_oxygen_xml_author_21_oxygenauthor21.1.exe -Dexe4j.isInstall4j=true -Dexe4j.moduleName=C:\Program Files\Oxygen XML Author 21\oxygenAuthor21.1.exe -Dexe4j.tempDir= -Dexe4j.unextractedPosition=0 -Djava.library.path=c:\program files\oxygen xml author 21\jre\bin;C:\Program Files\Oxygen XML Author 21\.\jre\bin;C:\Program Files (x86)\Common Files\Oracle\Java\javapath;C:\WINDOWS\system32;C:\WINDOWS;C:\WINDOWS\System32\Wbem;C:\WINDOWS\System32\WindowsPowerShell\v1.0\;C:\WINDOWS\System32\OpenSSH\;C:\Program Files\Git\cmd;C:\Program Files (x86)\HCL\SafeLinx Client\;C:\Program Files\Intel\WiFi\bin\;C:\Program Files\Common Files\Intel\WirelessCommon\;C:\Program Files (x86)\ooRexx;C:\DITATools\IDWB\bin;C:\Program Files\Amazon\AWSCLI\bin\;C:\Users\rebecca.nethala\dita-otv-0.1.7\dita-ot\bin;C:\Users\rebecca.nethala\AppData\Local\GitHubDesktop\bin;C:\Users\rebecca.nethala\AppData\Local\Programs\Microsoft VS Code\bin -Dexe4j.consoleCodepage=cp0 -Dcom.oxygenxml.app.descriptor=ro.sync.exml.AuthorFrameDescriptor -XX:-OmitStackTraceInFastThrow -XX:SoftRefLRUPolicyMSPerMB=10 -Dsun.java2d.noddraw=true -Dsun.awt.nopixfmt=true -Dsun.java2d.dpiaware=true -Djava.net.preferIPv4Stack=true -Dsun.awt.keepWorkingSetOnMinimize=true -Dinstall4j.launcherId=19 -Dinstall4j.swt=false -Xmx4000m -Dcom.oxygenxml.language=English -XX:+UseParallelGC -XX:ErrorFile=C:\Users\REBECC~1.NET\AppData\Local\Temp\/oxy_jvm_crash.log -XX:OnError="C:\Program Files\Oxygen XML Author 21/rp.exe" 
java_command: C:\Program Files\Oxygen XML Author 21\oxygenAuthor21.1.exe
java_class_path (initial): C:\Program Files\Oxygen XML Author 21\.install4j\i4jruntime.jar;C:\Program Files\Oxygen XML Author 21\.\lib\oxygenAuthor.jar;C:\Program Files\Oxygen XML Author 21\.\lib\oxygen-basic-utilities.jar
Launcher Type: generic

Environment Variables:
PATH=c:\program files\oxygen xml author 21\jre\bin;C:\Program Files\Oxygen XML Author 21\.\jre\bin;C:\Program Files (x86)\Common Files\Oracle\Java\javapath;C:\WINDOWS\system32;C:\WINDOWS;C:\WINDOWS\System32\Wbem;C:\WINDOWS\System32\WindowsPowerShell\v1.0\;C:\WINDOWS\System32\OpenSSH\;C:\Program Files\Git\cmd;C:\Program Files (x86)\HCL\SafeLinx Client\;C:\Program Files\Intel\WiFi\bin\;C:\Program Files\Common Files\Intel\WirelessCommon\;C:\Program Files (x86)\ooRexx;C:\DITATools\IDWB\bin;C:\Program Files\Amazon\AWSCLI\bin\;C:\Users\rebecca.nethala\dita-otv-0.1.7\dita-ot\bin;C:\Users\rebecca.nethala\AppData\Local\GitHubDesktop\bin;C:\Users\rebecca.nethala\AppData\Local\Programs\Microsoft VS Code\bin
USERNAME=rebecca.nethala
OS=Windows_NT
PROCESSOR_IDENTIFIER=Intel64 Family 6 Model 158 Stepping 10, GenuineIntel



---------------  S Y S T E M  ---------------

OS: Windows 10.0 , 64 bit Build 18362 (10.0.18362.329)

CPU:total 12 (initial active 12) (6 cores per cpu, 2 threads per core) family 6 model 158 stepping 10, cmov, cx8, fxsr, mmx, sse, sse2, sse3, ssse3, sse4.1, sse4.2, popcnt, avx, avx2, aes, clmul, erms, 3dnowpref, lzcnt, ht, tsc, tscinvbit, bmi1, bmi2, adx

Memory: 4k page, physical 33282592k(18928448k free), swap 66837024k(49209156k free)

vm_info: Java HotSpot(TM) 64-Bit Server VM (25.202-b08) for windows-amd64 JRE (1.8.0_202-b08), built on Dec 15 2018 19:54:30 by "java_re" with MS VC++ 10.0 (VS2010)

time: Thu Mar 25 13:59:03 2021
timezone: India Standard Time
elapsed time: 6317 seconds (0d 1h 45m 17s)

