#
# A fatal error has been detected by the Java Runtime Environment:
#
#  EXCEPTION_ACCESS_VIOLATION (0xc0000005) at pc=0x0000000072b0fead, pid=8232, tid=0x00000000000076fc
#
# JRE version: Java(TM) SE Runtime Environment (8.0_202-b08) (build 1.8.0_202-b08)
# Java VM: Java HotSpot(TM) 64-Bit Server VM (25.202-b08 mixed mode windows-amd64 compressed oops)
# Problematic frame:
# V  [jvm.dll+0x14fead]
#
# Failed to write core dump. Minidumps are not enabled by default on client versions of Windows
#
# If you would like to submit a bug report, please visit:
#   http://bugreport.java.com/bugreport/crash.jsp
#

---------------  T H R E A D  ---------------

Current thread (0x000000002084c800):  JavaThread "AWT-Windows" daemon [_thread_in_vm, id=30460, stack(0x0000000020f50000,0x0000000021050000)]

siginfo: ExceptionCode=0xc0000005, reading address 0x0000000000000000

Registers:
RAX=0x0000000000000000, RBX=0x000000002084c800, RCX=0x0000000000000c80, RDX=0x0000000029beafe8
RSP=0x000000002104ed70, RBP=0x000000002104ee68, RSI=0x0000000000000000, RDI=0x000000002084c9f8
R8 =0x0000000000000000, R9 =0x000000002104ee68, R10=0x0000000001b74350, R11=0x0000000000000000
R12=0x0000000029beafe8, R13=0x0000000000000308, R14=0x0000000000c20df8, R15=0x0000000000000000
RIP=0x0000000072b0fead, EFLAGS=0x0000000000010246

Top of Stack: (sp=0x000000002104ed70)
0x000000002104ed70:   000000002104efb8 0000000000000308
0x000000002104ed80:   0000000000000001 00007ffed0b4d39d
0x000000002104ed90:   000000002104efb8 ffffffff00000000
0x000000002104eda0:   0000000000000000 fffffffffffffffe
0x000000002104edb0:   0000000000000001 00007ffed0b4e279
0x000000002104edc0:   000000002084c800 0000000000000000
0x000000002104edd0:   0000000000000000 0000000000000001
0x000000002104ede0:   fffffffffffffffe 0000000072b0731f
0x000000002104edf0:   000000002104ef98 00007ffef52436ca
0x000000002104ee00:   0000000000f2c000 0000000000030000
0x000000002104ee10:   0000000000000000 00007ffed0ae9e28
0x000000002104ee20:   0000000000000000 0000000000000000
0x000000002104ee30:   0000000000000000 0000000000000000
0x000000002104ee40:   000000002084c9f8 00007ffed0b09d37
0x000000002104ee50:   0000000000000000 0000000000000000
0x000000002104ee60:   0000000000000000 0000000000000000 

Instructions: (pc=0x0000000072b0fead)
0x0000000072b0fe8d:   00 48 83 7b 08 00 48 89 5c 24 50 48 c7 44 24 58
0x0000000072b0fe9d:   00 00 00 00 74 0a 48 8d 4c 24 50 e8 03 ef 12 00
0x0000000072b0fead:   48 8b 06 c7 44 24 40 0e 00 00 00 48 8d 4c 24 70
0x0000000072b0febd:   48 8b 50 08 0f b7 42 24 48 8b 52 08 48 8b 54 c2 


Register to memory mapping:

RAX=0x0000000000000000 is an unknown value
RBX=0x000000002084c800 is a thread
RCX=0x0000000000000c80 is an unknown value
RDX=0x0000000029beafe8 is a global jni handle
RSP=0x000000002104ed70 is pointing into the stack for thread: 0x000000002084c800
RBP=0x000000002104ee68 is pointing into the stack for thread: 0x000000002084c800
RSI=0x0000000000000000 is an unknown value
RDI=0x000000002084c9f8 is an unknown value
R8 =0x0000000000000000 is an unknown value
R9 =0x000000002104ee68 is pointing into the stack for thread: 0x000000002084c800
R10=0x0000000001b74350 is an unknown value
R11=0x0000000000000000 is an unknown value
R12=0x0000000029beafe8 is a global jni handle
R13=0x0000000000000308 is an unknown value
R14=0x0000000000c20df8 is an unknown value
R15=0x0000000000000000 is an unknown value


Stack: [0x0000000020f50000,0x0000000021050000],  sp=0x000000002104ed70,  free space=1019k
Native frames: (J=compiled Java code, j=interpreted, Vv=VM code, C=native code)
V  [jvm.dll+0x14fead]
C  [awt.dll+0x69e28]
C  [awt.dll+0x89d37]
C  [awt.dll+0xcda3c]
C  [USER32.dll+0x15b6d]
C  [USER32.dll+0x15562]
C  [awt.dll+0xcd32c]
C  [awt.dll+0xcd5db]
C  0x0000000003568c67

Java frames: (J=compiled Java code, j=interpreted, Vv=VM code)
j  sun.awt.windows.WToolkit.eventLoop()V+0
j  sun.awt.windows.WToolkit.run()V+58
j  java.lang.Thread.run()V+11
v  ~StubRoutines::call_stub

---------------  P R O C E S S  ---------------

Java Threads: ( => current thread )
  0x0000000023f61000 JavaThread "Detect hyperlinks at caret" daemon [_thread_blocked, id=12524, stack(0x0000000030e10000,0x0000000030f10000)]
  0x0000000023f58000 JavaThread "Tooltip timer in CC Editor" daemon [_thread_blocked, id=28652, stack(0x0000000030910000,0x0000000030a10000)]
  0x0000000023f5b000 JavaThread "Collect project resource thread" daemon [_thread_blocked, id=25248, stack(0x00000000015c0000,0x00000000016c0000)]
  0x0000000023f5b800 JavaThread "Show host component tooltip timer" daemon [_thread_blocked, id=23300, stack(0x0000000030360000,0x0000000030460000)]
  0x0000000023f58800 JavaThread "OxygenSingletonChecker-Thread" [_thread_in_native, id=25836, stack(0x000000002ef00000,0x000000002f000000)]
  0x0000000023f59800 JavaThread "pool-7-thread-4" [_thread_blocked, id=22440, stack(0x0000000030260000,0x0000000030360000)]
  0x0000000023f5e000 JavaThread "pool-7-thread-3" [_thread_blocked, id=24564, stack(0x0000000030160000,0x0000000030260000)]
  0x0000000023f53800 JavaThread "pool-7-thread-2" [_thread_blocked, id=26688, stack(0x0000000030060000,0x0000000030160000)]
  0x0000000023f56800 JavaThread "pool-7-thread-1" [_thread_blocked, id=19852, stack(0x000000002fa40000,0x000000002fb40000)]
  0x0000000023f55800 JavaThread "AuthorExtensionBuilder" daemon [_thread_blocked, id=3860, stack(0x000000002f000000,0x000000002f100000)]
  0x0000000023926000 JavaThread "Brackets Highlighter" [_thread_blocked, id=3652, stack(0x000000002ea00000,0x000000002eb00000)]
  0x0000000023925000 JavaThread "Mark occurrences in current file" daemon [_thread_blocked, id=13036, stack(0x000000002ded0000,0x000000002dfd0000)]
  0x0000000023920000 JavaThread "'Save backup info' timer" [_thread_blocked, id=30236, stack(0x000000002a600000,0x000000002a700000)]
  0x0000000023924800 JavaThread "" [_thread_blocked, id=20384, stack(0x00000000292e0000,0x00000000293e0000)]
  0x0000000023921800 JavaThread "DocumentTypeProviderTimer" daemon [_thread_blocked, id=26708, stack(0x00000000228f0000,0x00000000229f0000)]
  0x0000000023920800 JavaThread "DB Sessions Manager fire timer" daemon [_thread_blocked, id=14632, stack(0x0000000027c10000,0x0000000027d10000)]
  0x0000000023923000 JavaThread "AutomaticallyValidation" daemon [_thread_blocked, id=29564, stack(0x0000000027510000,0x0000000027a10000)]
  0x0000000023923800 JavaThread "Autosave" daemon [_thread_blocked, id=23420, stack(0x0000000027410000,0x0000000027510000)]
  0x000000002067a800 JavaThread "TimerQueue" daemon [_thread_blocked, id=30088, stack(0x0000000026f10000,0x0000000027010000)]
  0x00000000204c4000 JavaThread "AutomaticallyValidation" daemon [_thread_blocked, id=28276, stack(0x00000000257f0000,0x0000000025cf0000)]
  0x00000000207fd000 JavaThread "Autosave" daemon [_thread_blocked, id=5096, stack(0x0000000023510000,0x0000000023610000)]
  0x0000000021944000 JavaThread "AWT-EventQueue-0" [_thread_blocked, id=30120, stack(0x0000000024b50000,0x0000000024c50000)]
  0x0000000020487800 JavaThread "AWT-Shutdown" [_thread_blocked, id=30148, stack(0x0000000024a50000,0x0000000024b50000)]
=>0x000000002084c800 JavaThread "AWT-Windows" daemon [_thread_in_vm, id=30460, stack(0x0000000020f50000,0x0000000021050000)]
  0x000000002084b800 JavaThread "Java2D Disposer" daemon [_thread_blocked, id=30464, stack(0x0000000020d50000,0x0000000020e50000)]
  0x000000001e657800 JavaThread "Service Thread" daemon [_thread_blocked, id=14228, stack(0x0000000020010000,0x0000000020110000)]
  0x000000001e5ea800 JavaThread "C1 CompilerThread3" daemon [_thread_blocked, id=30476, stack(0x000000001ff10000,0x0000000020010000)]
  0x000000001e5d1800 JavaThread "C2 CompilerThread2" daemon [_thread_blocked, id=27456, stack(0x000000001fe10000,0x000000001ff10000)]
  0x000000001e5cd000 JavaThread "C2 CompilerThread1" daemon [_thread_blocked, id=28300, stack(0x000000001fd10000,0x000000001fe10000)]
  0x000000001e5c1800 JavaThread "C2 CompilerThread0" daemon [_thread_blocked, id=16660, stack(0x000000001fc10000,0x000000001fd10000)]
  0x000000001e5c0000 JavaThread "Attach Listener" daemon [_thread_blocked, id=24804, stack(0x000000001fb10000,0x000000001fc10000)]
  0x000000001e5ca000 JavaThread "Signal Dispatcher" daemon [_thread_blocked, id=25592, stack(0x000000001fa10000,0x000000001fb10000)]
  0x000000001e5b3000 JavaThread "Finalizer" daemon [_thread_blocked, id=14192, stack(0x000000001f810000,0x000000001f910000)]
  0x000000001ceec800 JavaThread "Reference Handler" daemon [_thread_blocked, id=4024, stack(0x000000001f710000,0x000000001f810000)]
  0x0000000003453800 JavaThread "main" [_thread_blocked, id=23172, stack(0x0000000001000000,0x0000000001100000)]

Other Threads:
  0x000000001cee8000 VMThread [stack: 0x000000001f610000,0x000000001f710000] [id=26964]
  0x000000001e67c800 WatcherThread [stack: 0x0000000020110000,0x0000000020210000] [id=29312]

VM state:not at safepoint (normal execution)

VM Mutex/Monitor currently owned by a thread: None

heap address: 0x00000006c6000000, size: 4000 MB, Compressed Oops mode: Zero based, Oop shift amount: 3
Narrow klass base: 0x0000000000000000, Narrow klass shift: 3
Compressed class space size: 1073741824 Address: 0x00000007c0000000

Heap:
 PSYoungGen      total 440832K, used 282644K [0x000000076cb00000, 0x000000078d980000, 0x00000007c0000000)
  eden space 343552K, 78% used [0x000000076cb00000,0x000000077d346ab0,0x0000000781a80000)
  from space 97280K, 12% used [0x0000000787a80000,0x000000078863e5f0,0x000000078d980000)
  to   space 97792K, 0% used [0x0000000781a80000,0x0000000781a80000,0x0000000787a00000)
 ParOldGen       total 1101312K, used 141403K [0x00000006c6000000, 0x0000000709380000, 0x000000076cb00000)
  object space 1101312K, 12% used [0x00000006c6000000,0x00000006cea16f18,0x0000000709380000)
 Metaspace       used 97880K, capacity 98898K, committed 99968K, reserved 1134592K
  class space    used 15409K, capacity 15650K, committed 15744K, reserved 1048576K

Card table byte_map: [0x0000000012910000,0x00000000130f0000] byte_map_base: 0x000000000f2e0000

Marking Bits: (ParMarkBitMap*) 0x00000000731e5ce0
 Begin Bits: [0x0000000014030000, 0x0000000017eb0000)
 End Bits:   [0x0000000017eb0000, 0x000000001bd30000)

Polling page: 0x0000000002ef0000

CodeCache: size=245760Kb used=54016Kb max_used=54025Kb free=191743Kb
 bounds [0x0000000003550000, 0x0000000006a70000, 0x0000000012550000]
 total_blobs=15282 nmethods=14362 adapters=828
 compilation: enabled

Compilation events (10 events):
Event: 548.149 Thread 0x000000001e5c1800 18536 %     4       java.awt.font.TextLayout::hitTestChar @ 196 (568 bytes)
Event: 548.215 Thread 0x000000001e5c1800 nmethod 18536% 0x0000000006a61890 code [0x0000000006a61bc0, 0x0000000006a64de0]
Event: 548.391 Thread 0x000000001e5ea800 18537       3       ro.sync.ui.application.menu.g::getComponentCount (5 bytes)
Event: 548.392 Thread 0x000000001e5ea800 nmethod 18537 0x0000000006a5a250 code [0x0000000006a5a3c0, 0x0000000006a5a708]
Event: 548.410 Thread 0x000000001e5ea800 18538       3       ro.sync.ecss.component.p::bgl (30 bytes)
Event: 548.411 Thread 0x000000001e5ea800 nmethod 18538 0x0000000006a59650 code [0x0000000006a59800, 0x0000000006a59ed8]
Event: 548.450 Thread 0x000000001e5ea800 18539       3       java.awt.AWTEventMulticaster::windowDeactivated (27 bytes)
Event: 548.451 Thread 0x000000001e5ea800 nmethod 18539 0x0000000006a58e50 code [0x0000000006a58fe0, 0x0000000006a594f8]
Event: 548.852 Thread 0x000000001e5ea800 18540       1       ro.sync.exml.editor.ae::getPerspectiveID (5 bytes)
Event: 548.852 Thread 0x000000001e5ea800 nmethod 18540 0x0000000006a58b90 code [0x0000000006a58ce0, 0x0000000006a58df0]

GC Heap History (10 events):
Event: 66.881 GC heap before
{Heap before GC invocations=18 (full 3):
 PSYoungGen      total 336896K, used 336871K [0x000000076cb00000, 0x0000000787300000, 0x00000007c0000000)
  eden space 271360K, 100% used [0x000000076cb00000,0x000000077d400000,0x000000077d400000)
  from space 65536K, 99% used [0x0000000781f00000,0x0000000785ef9e48,0x0000000785f00000)
  to   space 76800K, 0% used [0x000000077d400000,0x000000077d400000,0x0000000781f00000)
 ParOldGen       total 701952K, used 82018K [0x00000006c6000000, 0x00000006f0d80000, 0x000000076cb00000)
  object space 701952K, 11% used [0x00000006c6000000,0x00000006cb0189a8,0x00000006f0d80000)
 Metaspace       used 93463K, capacity 94476K, committed 95360K, reserved 1130496K
  class space    used 14971K, capacity 15231K, committed 15232K, reserved 1048576K
Event: 66.914 GC heap after
Heap after GC invocations=18 (full 3):
 PSYoungGen      total 348160K, used 76796K [0x000000076cb00000, 0x000000078c300000, 0x00000007c0000000)
  eden space 271360K, 0% used [0x000000076cb00000,0x000000076cb00000,0x000000077d400000)
  from space 76800K, 99% used [0x000000077d400000,0x0000000781eff120,0x0000000781f00000)
  to   space 98304K, 0% used [0x0000000786300000,0x0000000786300000,0x000000078c300000)
 ParOldGen       total 701952K, used 107883K [0x00000006c6000000, 0x00000006f0d80000, 0x000000076cb00000)
  object space 701952K, 15% used [0x00000006c6000000,0x00000006cc95ad38,0x00000006f0d80000)
 Metaspace       used 93463K, capacity 94476K, committed 95360K, reserved 1130496K
  class space    used 14971K, capacity 15231K, committed 15232K, reserved 1048576K
}
Event: 90.043 GC heap before
{Heap before GC invocations=19 (full 3):
 PSYoungGen      total 348160K, used 348156K [0x000000076cb00000, 0x000000078c300000, 0x00000007c0000000)
  eden space 271360K, 100% used [0x000000076cb00000,0x000000077d400000,0x000000077d400000)
  from space 76800K, 99% used [0x000000077d400000,0x0000000781eff120,0x0000000781f00000)
  to   space 98304K, 0% used [0x0000000786300000,0x0000000786300000,0x000000078c300000)
 ParOldGen       total 701952K, used 107883K [0x00000006c6000000, 0x00000006f0d80000, 0x000000076cb00000)
  object space 701952K, 15% used [0x00000006c6000000,0x00000006cc95ad38,0x00000006f0d80000)
 Metaspace       used 96454K, capacity 97500K, committed 98432K, reserved 1132544K
  class space    used 15378K, capacity 15627K, committed 15744K, reserved 1048576K
Event: 90.072 GC heap after
Heap after GC invocations=19 (full 3):
 PSYoungGen      total 401408K, used 55664K [0x000000076cb00000, 0x000000078bb00000, 0x00000007c0000000)
  eden space 311296K, 0% used [0x000000076cb00000,0x000000076cb00000,0x000000077fb00000)
  from space 90112K, 61% used [0x0000000786300000,0x000000078995c1a0,0x000000078bb00000)
  to   space 98304K, 0% used [0x000000077fb00000,0x000000077fb00000,0x0000000785b00000)
 ParOldGen       total 701952K, used 127158K [0x00000006c6000000, 0x00000006f0d80000, 0x000000076cb00000)
  object space 701952K, 18% used [0x00000006c6000000,0x00000006cdc2d8a8,0x00000006f0d80000)
 Metaspace       used 96454K, capacity 97500K, committed 98432K, reserved 1132544K
  class space    used 15378K, capacity 15627K, committed 15744K, reserved 1048576K
}
Event: 91.334 GC heap before
{Heap before GC invocations=20 (full 3):
 PSYoungGen      total 401408K, used 114993K [0x000000076cb00000, 0x000000078bb00000, 0x00000007c0000000)
  eden space 311296K, 19% used [0x000000076cb00000,0x00000007704f04f0,0x000000077fb00000)
  from space 90112K, 61% used [0x0000000786300000,0x000000078995c1a0,0x000000078bb00000)
  to   space 98304K, 0% used [0x000000077fb00000,0x000000077fb00000,0x0000000785b00000)
 ParOldGen       total 701952K, used 127158K [0x00000006c6000000, 0x00000006f0d80000, 0x000000076cb00000)
  object space 701952K, 18% used [0x00000006c6000000,0x00000006cdc2d8a8,0x00000006f0d80000)
 Metaspace       used 96621K, capacity 97628K, committed 98560K, reserved 1132544K
  class space    used 15380K, capacity 15627K, committed 15744K, reserved 1048576K
Event: 91.352 GC heap after
Heap after GC invocations=20 (full 3):
 PSYoungGen      total 409600K, used 56053K [0x000000076cb00000, 0x000000078da00000, 0x00000007c0000000)
  eden space 311296K, 0% used [0x000000076cb00000,0x000000076cb00000,0x000000077fb00000)
  from space 98304K, 57% used [0x000000077fb00000,0x00000007831bd4e8,0x0000000785b00000)
  to   space 97792K, 0% used [0x0000000787a80000,0x0000000787a80000,0x000000078da00000)
 ParOldGen       total 701952K, used 127166K [0x00000006c6000000, 0x00000006f0d80000, 0x000000076cb00000)
  object space 701952K, 18% used [0x00000006c6000000,0x00000006cdc2f8a8,0x00000006f0d80000)
 Metaspace       used 96621K, capacity 97628K, committed 98560K, reserved 1132544K
  class space    used 15380K, capacity 15627K, committed 15744K, reserved 1048576K
}
Event: 91.352 GC heap before
{Heap before GC invocations=21 (full 4):
 PSYoungGen      total 409600K, used 56053K [0x000000076cb00000, 0x000000078da00000, 0x00000007c0000000)
  eden space 311296K, 0% used [0x000000076cb00000,0x000000076cb00000,0x000000077fb00000)
  from space 98304K, 57% used [0x000000077fb00000,0x00000007831bd4e8,0x0000000785b00000)
  to   space 97792K, 0% used [0x0000000787a80000,0x0000000787a80000,0x000000078da00000)
 ParOldGen       total 701952K, used 127166K [0x00000006c6000000, 0x00000006f0d80000, 0x000000076cb00000)
  object space 701952K, 18% used [0x00000006c6000000,0x00000006cdc2f8a8,0x00000006f0d80000)
 Metaspace       used 96621K, capacity 97628K, committed 98560K, reserved 1132544K
  class space    used 15380K, capacity 15627K, committed 15744K, reserved 1048576K
Event: 91.587 GC heap after
Heap after GC invocations=21 (full 4):
 PSYoungGen      total 409600K, used 0K [0x000000076cb00000, 0x000000078da00000, 0x00000007c0000000)
  eden space 311296K, 0% used [0x000000076cb00000,0x000000076cb00000,0x000000077fb00000)
  from space 98304K, 0% used [0x000000077fb00000,0x000000077fb00000,0x0000000785b00000)
  to   space 97792K, 0% used [0x0000000787a80000,0x0000000787a80000,0x000000078da00000)
 ParOldGen       total 1101312K, used 141395K [0x00000006c6000000, 0x0000000709380000, 0x000000076cb00000)
  object space 1101312K, 12% used [0x00000006c6000000,0x00000006cea14f18,0x0000000709380000)
 Metaspace       used 96539K, capacity 97496K, committed 98560K, reserved 1132544K
  class space    used 15366K, capacity 15601K, committed 15744K, reserved 1048576K
}
Event: 210.284 GC heap before
{Heap before GC invocations=22 (full 4):
 PSYoungGen      total 409600K, used 311296K [0x000000076cb00000, 0x000000078da00000, 0x00000007c0000000)
  eden space 311296K, 100% used [0x000000076cb00000,0x000000077fb00000,0x000000077fb00000)
  from space 98304K, 0% used [0x000000077fb00000,0x000000077fb00000,0x0000000785b00000)
  to   space 97792K, 0% used [0x0000000787a80000,0x0000000787a80000,0x000000078da00000)
 ParOldGen       total 1101312K, used 141395K [0x00000006c6000000, 0x0000000709380000, 0x000000076cb00000)
  object space 1101312K, 12% used [0x00000006c6000000,0x00000006cea14f18,0x0000000709380000)
 Metaspace       used 97290K, capacity 98362K, committed 99328K, reserved 1132544K
  class space    used 15392K, capacity 15646K, committed 15744K, reserved 1048576K
Event: 210.298 GC heap after
Heap after GC invocations=22 (full 4):
 PSYoungGen      total 440832K, used 12025K [0x000000076cb00000, 0x000000078d980000, 0x00000007c0000000)
  eden space 343552K, 0% used [0x000000076cb00000,0x000000076cb00000,0x0000000781a80000)
  from space 97280K, 12% used [0x0000000787a80000,0x000000078863e5f0,0x000000078d980000)
  to   space 97792K, 0% used [0x0000000781a80000,0x0000000781a80000,0x0000000787a00000)
 ParOldGen       total 1101312K, used 141403K [0x00000006c6000000, 0x0000000709380000, 0x000000076cb00000)
  object space 1101312K, 12% used [0x00000006c6000000,0x00000006cea16f18,0x0000000709380000)
 Metaspace       used 97290K, capacity 98362K, committed 99328K, reserved 1132544K
  class space    used 15392K, capacity 15646K, committed 15744K, reserved 1048576K
}

Deoptimization events (10 events):
Event: 307.457 Thread 0x0000000021944000 Uncommon trap: reason=range_check action=none pc=0x0000000003d64a68 method=sun.reflect.generics.parser.SignatureParser.current()C @ 34
Event: 307.466 Thread 0x0000000021944000 Uncommon trap: reason=null_check action=make_not_entrant pc=0x00000000045d5cb0 method=java.lang.Class.reflectionData()Ljava/lang/Class$ReflectionData; @ 24
Event: 504.878 Thread 0x0000000021944000 Uncommon trap: reason=unstable_if action=reinterpret pc=0x00000000065616c8 method=java.util.PriorityQueue.offer(Ljava/lang/Object;)Z @ 51
Event: 508.185 Thread 0x0000000021944000 Uncommon trap: reason=unstable_if action=reinterpret pc=0x0000000005088b40 method=ro.sync.ecss.contentcompletion.ccitems.f.b(Ljava/lang/Object;Z)I @ 72
Event: 508.654 Thread 0x0000000021944000 Uncommon trap: reason=class_check action=none pc=0x000000000449c0f4 method=java.awt.Font.equals(Ljava/lang/Object;)Z @ 12
Event: 508.654 Thread 0x0000000021944000 Uncommon trap: reason=class_check action=none pc=0x000000000449c0f4 method=java.awt.Font.equals(Ljava/lang/Object;)Z @ 12
Event: 508.655 Thread 0x0000000021944000 Uncommon trap: reason=class_check action=none pc=0x000000000449c0f4 method=java.awt.Font.equals(Ljava/lang/Object;)Z @ 12
Event: 509.304 Thread 0x0000000021944000 Uncommon trap: reason=class_check action=none pc=0x000000000449c0f4 method=java.awt.Font.equals(Ljava/lang/Object;)Z @ 12
Event: 509.306 Thread 0x0000000021944000 Uncommon trap: reason=class_check action=none pc=0x000000000449c0f4 method=java.awt.Font.equals(Ljava/lang/Object;)Z @ 12
Event: 511.260 Thread 0x00000000204c4000 Uncommon trap: reason=predicate action=maybe_recompile pc=0x0000000004925f3c method=java.util.Arrays.fill([Ljava/lang/Object;Ljava/lang/Object;)V @ 10

Classes redefined (0 events):
No events

Internal exceptions (10 events):
Event: 508.654 Thread 0x0000000021944000 Exception <a 'java/lang/ClassCastException'> (0x0000000777041868) thrown at [C:\re\workspace\8-2-build-windows-amd64-cygwin\jdk8u202\12323\hotspot\src\share\vm\runtime\sharedRuntime.cpp, line 605]
Event: 508.655 Thread 0x0000000021944000 Exception <a 'java/lang/ClassCastException'> (0x0000000777046720) thrown at [C:\re\workspace\8-2-build-windows-amd64-cygwin\jdk8u202\12323\hotspot\src\share\vm\runtime\sharedRuntime.cpp, line 605]
Event: 508.655 Thread 0x0000000021944000 Exception <a 'java/lang/ClassCastException': java.awt.font.ShapeGraphicAttribute cannot be cast to java.awt.Font> (0x0000000777047258) thrown at [C:\re\workspace\8-2-build-windows-amd64-cygwin\jdk8u202\12323\hotspot\src\share\vm\interpreter\interpreterRun
Event: 508.655 Thread 0x0000000021944000 Exception <a 'java/lang/ClassCastException'> (0x0000000777047900) thrown at [C:\re\workspace\8-2-build-windows-amd64-cygwin\jdk8u202\12323\hotspot\src\share\vm\runtime\sharedRuntime.cpp, line 605]
Event: 509.304 Thread 0x0000000021944000 Exception <a 'java/lang/ClassCastException'> (0x000000077725f060) thrown at [C:\re\workspace\8-2-build-windows-amd64-cygwin\jdk8u202\12323\hotspot\src\share\vm\runtime\sharedRuntime.cpp, line 605]
Event: 509.304 Thread 0x0000000021944000 Exception <a 'java/lang/ClassCastException': java.awt.font.ShapeGraphicAttribute cannot be cast to java.awt.Font> (0x000000077725fb98) thrown at [C:\re\workspace\8-2-build-windows-amd64-cygwin\jdk8u202\12323\hotspot\src\share\vm\interpreter\interpreterRun
Event: 509.304 Thread 0x0000000021944000 Exception <a 'java/lang/ClassCastException'> (0x0000000777260240) thrown at [C:\re\workspace\8-2-build-windows-amd64-cygwin\jdk8u202\12323\hotspot\src\share\vm\runtime\sharedRuntime.cpp, line 605]
Event: 509.306 Thread 0x0000000021944000 Exception <a 'java/lang/ClassCastException'> (0x000000077726b0b8) thrown at [C:\re\workspace\8-2-build-windows-amd64-cygwin\jdk8u202\12323\hotspot\src\share\vm\runtime\sharedRuntime.cpp, line 605]
Event: 509.306 Thread 0x0000000021944000 Exception <a 'java/lang/ClassCastException': java.awt.font.ShapeGraphicAttribute cannot be cast to java.awt.Font> (0x000000077726bbf0) thrown at [C:\re\workspace\8-2-build-windows-amd64-cygwin\jdk8u202\12323\hotspot\src\share\vm\interpreter\interpreterRun
Event: 509.306 Thread 0x0000000021944000 Exception <a 'java/lang/ClassCastException'> (0x000000077726c480) thrown at [C:\re\workspace\8-2-build-windows-amd64-cygwin\jdk8u202\12323\hotspot\src\share\vm\runtime\sharedRuntime.cpp, line 605]

Events (10 events):
Event: 511.236 Thread 0x00000000289c1000 Thread exited: 0x00000000289c1000
Event: 511.243 Thread 0x00000000289bc000 Thread added: 0x00000000289bc000
Event: 511.244 Executing VM operation: RevokeBias
Event: 511.244 Executing VM operation: RevokeBias done
Event: 511.252 Executing VM operation: RevokeBias
Event: 511.252 Executing VM operation: RevokeBias done
Event: 511.252 Thread 0x00000000289bc000 Thread exited: 0x00000000289bc000
Event: 511.260 Thread 0x00000000204c4000 Uncommon trap: trap_request=0xffffff86 fr.pc=0x0000000004925f3c
Event: 511.260 Thread 0x00000000204c4000 DEOPT PACKING pc=0x0000000004925f3c sp=0x0000000025cef0a0
Event: 511.260 Thread 0x00000000204c4000 DEOPT UNPACKING pc=0x000000000359583b sp=0x0000000025cef040 mode 2


Dynamic libraries:
0x00007ff7f1630000 - 0x00007ff7f16df000 	C:\Program Files\Oxygen XML Author 21\oxygenAuthor21.1.exe
0x00007ffef5500000 - 0x00007ffef56f0000 	C:\WINDOWS\SYSTEM32\ntdll.dll
0x00007ffef5400000 - 0x00007ffef54b2000 	C:\WINDOWS\System32\KERNEL32.DLL
0x00007ffef2530000 - 0x00007ffef27d3000 	C:\WINDOWS\System32\KERNELBASE.dll
0x0000000075450000 - 0x00000000754e5000 	C:\WINDOWS\System32\SYSFER.DLL
0x00007ffef41a0000 - 0x00007ffef4243000 	C:\WINDOWS\System32\ADVAPI32.dll
0x00007ffef44f0000 - 0x00007ffef458e000 	C:\WINDOWS\System32\msvcrt.dll
0x00007ffef50a0000 - 0x00007ffef5137000 	C:\WINDOWS\System32\sechost.dll
0x00007ffef4970000 - 0x00007ffef4a90000 	C:\WINDOWS\System32\RPCRT4.dll
0x00007ffecbfd0000 - 0x00007ffecc1f6000 	C:\WINDOWS\system32\ctiuser.dll
0x00007ffef5220000 - 0x00007ffef53b4000 	C:\WINDOWS\System32\USER32.dll
0x00007ffef2d00000 - 0x00007ffef2d21000 	C:\WINDOWS\System32\win32u.dll
0x00007ffef53c0000 - 0x00007ffef53e6000 	C:\WINDOWS\System32\GDI32.dll
0x00007ffef2ab0000 - 0x00007ffef2c44000 	C:\WINDOWS\System32\gdi32full.dll
0x00007ffef2490000 - 0x00007ffef252e000 	C:\WINDOWS\System32\msvcp_win.dll
0x00007ffef34b0000 - 0x00007ffef35aa000 	C:\WINDOWS\System32\ucrtbase.dll
0x00007ffef4810000 - 0x00007ffef4966000 	C:\WINDOWS\System32\ole32.dll
0x00007ffef4d00000 - 0x00007ffef5036000 	C:\WINDOWS\System32\combase.dll
0x00007ffef2c80000 - 0x00007ffef2d00000 	C:\WINDOWS\System32\bcryptPrimitives.dll
0x00007ffef53f0000 - 0x00007ffef53f8000 	C:\WINDOWS\System32\PSAPI.DLL
0x00007ffee8020000 - 0x00007ffee802a000 	C:\WINDOWS\SYSTEM32\FLTLIB.DLL
0x00007ffef4c00000 - 0x00007ffef4c2e000 	C:\WINDOWS\System32\IMM32.DLL
0x0000000068000000 - 0x000000006805e000 	C:\WINDOWS\System32\QIPCAP64.dll
0x00007ffef35b0000 - 0x00007ffef3c95000 	C:\WINDOWS\System32\SHELL32.dll
0x00007ffef27e0000 - 0x00007ffef282a000 	C:\WINDOWS\System32\cfgmgr32.dll
0x00007ffef4b50000 - 0x00007ffef4bf9000 	C:\WINDOWS\System32\shcore.dll
0x00007ffef2d30000 - 0x00007ffef34af000 	C:\WINDOWS\System32\windows.storage.dll
0x00007ffef2420000 - 0x00007ffef243f000 	C:\WINDOWS\System32\profapi.dll
0x00007ffef2440000 - 0x00007ffef248a000 	C:\WINDOWS\System32\powrprof.dll
0x00007ffef23d0000 - 0x00007ffef23e0000 	C:\WINDOWS\System32\UMPDC.dll
0x00007ffef5140000 - 0x00007ffef5192000 	C:\WINDOWS\System32\shlwapi.dll
0x00007ffef2400000 - 0x00007ffef2411000 	C:\WINDOWS\System32\kernel.appcore.dll
0x00007ffef2980000 - 0x00007ffef2997000 	C:\WINDOWS\System32\cryptsp.dll
0x00007ffef19a0000 - 0x00007ffef1a6a000 	C:\WINDOWS\SYSTEM32\DNSAPI.dll
0x00007ffef47a0000 - 0x00007ffef480f000 	C:\WINDOWS\System32\WS2_32.dll
0x00007ffef4190000 - 0x00007ffef4198000 	C:\WINDOWS\System32\NSI.dll
0x00007ffef1950000 - 0x00007ffef198a000 	C:\WINDOWS\SYSTEM32\IPHLPAPI.DLL
0x00007ffee07a0000 - 0x00007ffee0a25000 	C:\WINDOWS\WinSxS\amd64_microsoft.windows.common-controls_6595b64144ccf1df_6.0.18362.592_none_e6c0b1911312be02\comctl32.dll
0x00000000729c0000 - 0x0000000073265000 	c:\program files\oxygen xml author 21\jre\bin\server\jvm.dll
0x00007ffee25b0000 - 0x00007ffee25b9000 	C:\WINDOWS\SYSTEM32\WSOCK32.dll
0x00007ffee3290000 - 0x00007ffee32b4000 	C:\WINDOWS\SYSTEM32\WINMM.dll
0x00007ffeebd90000 - 0x00007ffeebd9a000 	C:\WINDOWS\SYSTEM32\VERSION.dll
0x0000000073390000 - 0x0000000073462000 	C:\WINDOWS\SYSTEM32\MSVCR100.dll
0x00007ffee46a0000 - 0x00007ffee46cd000 	C:\WINDOWS\SYSTEM32\WINMMBASE.dll
0x00007ffeeeeb0000 - 0x00007ffeeeebf000 	c:\program files\oxygen xml author 21\jre\bin\verify.dll
0x00007ffee7040000 - 0x00007ffee7069000 	c:\program files\oxygen xml author 21\jre\bin\java.dll
0x00007ffeed420000 - 0x00007ffeed436000 	c:\program files\oxygen xml author 21\jre\bin\zip.dll
0x0000000180000000 - 0x0000000180032000 	C:\Program Files\Oxygen XML Author 21\.install4j\i4jinst.dll
0x0000000020210000 - 0x00000000202d4000 	C:\WINDOWS\System32\OLEAUT32.dll
0x00007ffeeeea0000 - 0x00007ffeeeead000 	C:\Program Files\Oxygen XML Author 21\jre\bin\management.dll
0x00007ffee7010000 - 0x00007ffee7036000 	C:\Program Files\Oxygen XML Author 21\jre\bin\JavaAccessBridge-64.dll
0x00007ffed0a80000 - 0x00007ffed0c19000 	C:\Program Files\Oxygen XML Author 21\jre\bin\awt.dll
0x00007ffeefaa0000 - 0x00007ffeefb2f000 	C:\WINDOWS\SYSTEM32\apphelp.dll
0x00007ffef0640000 - 0x00007ffef06d9000 	C:\WINDOWS\system32\uxtheme.dll
0x0000000021050000 - 0x0000000021185000 	C:\WINDOWS\System32\MSCTF.dll
0x00007ffef08c0000 - 0x00007ffef08ed000 	C:\WINDOWS\system32\DWMAPI.DLL
0x00007ffec22c0000 - 0x00007ffec2416000 	C:\WINDOWS\system32\opengl32.dll
0x00007ffec2b10000 - 0x00007ffec2b3c000 	C:\WINDOWS\SYSTEM32\GLU32.dll
0x00007ffef1040000 - 0x00007ffef1060000 	C:\WINDOWS\SYSTEM32\dxcore.dll
0x00007ffef17b0000 - 0x00007ffef17e3000 	C:\WINDOWS\system32\rsaenh.dll
0x00007ffef2c50000 - 0x00007ffef2c76000 	C:\WINDOWS\System32\bcrypt.dll
0x00007ffef22f0000 - 0x00007ffef2315000 	C:\WINDOWS\SYSTEM32\USERENV.dll
0x00007ffef1e10000 - 0x00007ffef1e1c000 	C:\WINDOWS\SYSTEM32\CRYPTBASE.dll
0x00007ffee9e60000 - 0x00007ffee9e7a000 	C:\Program Files\Oxygen XML Author 21\jre\bin\net.dll
0x00007ffee3ab0000 - 0x00007ffee3c86000 	C:\WINDOWS\SYSTEM32\urlmon.dll
0x00007ffee7660000 - 0x00007ffee7906000 	C:\WINDOWS\SYSTEM32\iertutil.dll
0x00007ffef1c40000 - 0x00007ffef1ca7000 	C:\WINDOWS\system32\mswsock.dll
0x00007ffeed2b0000 - 0x00007ffeed2c6000 	C:\WINDOWS\SYSTEM32\dhcpcsvc6.DLL
0x00007ffeed160000 - 0x00007ffeed17c000 	C:\WINDOWS\SYSTEM32\dhcpcsvc.DLL
0x00007ffee6a30000 - 0x00007ffee6a42000 	C:\Program Files\Oxygen XML Author 21\jre\bin\nio.dll
0x00000000033f0000 - 0x0000000003428000 	C:\Program Files\Oxygen XML Author 21\lib\com\sun\jna\win32-x86-64\jnidispatch.dll
0x00007ffee1d60000 - 0x00007ffee1da7000 	C:\Program Files\Oxygen XML Author 21\jre\bin\fontmanager.dll
0x00007ffed5650000 - 0x00007ffed56ee000 	C:\WINDOWS\System32\TextInputFramework.dll
0x00007ffed6d30000 - 0x00007ffed705a000 	C:\WINDOWS\System32\CoreUIComponents.dll
0x00007ffeefb90000 - 0x00007ffeefc64000 	C:\WINDOWS\System32\CoreMessaging.dll
0x00007ffef1400000 - 0x00007ffef1431000 	C:\WINDOWS\SYSTEM32\ntmarta.dll
0x00007ffeec8e0000 - 0x00007ffeeca33000 	C:\WINDOWS\SYSTEM32\wintypes.dll
0x00007ffed6300000 - 0x00007ffed632a000 	C:\Program Files\Oxygen XML Author 21\jre\bin\dcpr.dll
0x00007ffee1cf0000 - 0x00007ffee1d32000 	C:\Program Files\Oxygen XML Author 21\jre\bin\t2k.dll
0x00000000203c0000 - 0x00000000203d7000 	C:\Program Files\Oxygen XML Author 21\lib\WindowsNativeHelper64.dll
0x00007ffef4420000 - 0x00007ffef44f0000 	C:\WINDOWS\System32\comdlg32.dll
0x00007ffee5340000 - 0x00007ffee53e9000 	C:\WINDOWS\WinSxS\amd64_microsoft.windows.common-controls_6595b64144ccf1df_5.82.18362.592_none_2a2c5e32466583af\comctl32.dll
0x00007ffedb2f0000 - 0x00007ffedb306000 	C:\WINDOWS\system32\napinsp.dll
0x00007ffedb2d0000 - 0x00007ffedb2ea000 	C:\WINDOWS\system32\pnrpnsp.dll
0x00007ffede4e0000 - 0x00007ffede4ee000 	C:\WINDOWS\System32\winrnr.dll
0x00007ffef00f0000 - 0x00007ffef010c000 	C:\WINDOWS\system32\NLAapi.dll
0x00007ffedb2b0000 - 0x00007ffedb2c5000 	C:\WINDOWS\system32\wshbth.dll
0x00007ffeed6d0000 - 0x00007ffeed747000 	C:\WINDOWS\System32\fwpuclnt.dll
0x00007ffeeacc0000 - 0x00007ffeeacca000 	C:\Windows\System32\rasadhlp.dll
0x000000002a700000 - 0x000000002a778000 	\\?\C:\PROGRA~1\OXYGEN~1\lib\hunspell\HUNSPE~2.DLL
0x00007ffef4aa0000 - 0x00007ffef4b42000 	C:\WINDOWS\System32\clbcatq.dll
0x00007ffed6800000 - 0x00007ffed69af000 	C:\WINDOWS\SYSTEM32\WindowsCodecs.dll
0x00007ffec2a60000 - 0x00007ffec2a9a000 	C:\WINDOWS\system32\dataexchange.dll
0x00007ffeef020000 - 0x00007ffeef27b000 	C:\WINDOWS\system32\d3d11.dll
0x00007ffeef5f0000 - 0x00007ffeef7cb000 	C:\WINDOWS\system32\dcomp.dll
0x00007ffef10d0000 - 0x00007ffef11bb000 	C:\WINDOWS\system32\dxgi.dll
0x00007ffef0320000 - 0x00007ffef057a000 	C:\WINDOWS\system32\twinapi.appcore.dll
0x00007ffef09a0000 - 0x00007ffef09c9000 	C:\WINDOWS\system32\RMCLIENT.dll
0x00007ffef0d10000 - 0x00007ffef0f04000 	C:\WINDOWS\SYSTEM32\dbghelp.dll
0x00007ffee1e40000 - 0x00007ffee1e6a000 	C:\WINDOWS\SYSTEM32\dbgcore.DLL

VM Arguments:
jvm_args: -Dexe4j.semaphoreName=Local\c:_program_files_oxygen_xml_author_21_oxygenauthor21.1.exe -Dexe4j.isInstall4j=true -Dexe4j.moduleName=C:\Program Files\Oxygen XML Author 21\oxygenAuthor21.1.exe -Dexe4j.tempDir= -Dexe4j.unextractedPosition=0 -Djava.library.path=c:\program files\oxygen xml author 21\jre\bin;C:\Program Files\Oxygen XML Author 21\.\jre\bin;C:\Program Files (x86)\Common Files\Oracle\Java\javapath;C:\WINDOWS\system32;C:\WINDOWS;C:\WINDOWS\System32\Wbem;C:\WINDOWS\System32\WindowsPowerShell\v1.0\;C:\WINDOWS\System32\OpenSSH\;C:\Program Files\Git\cmd;C:\Program Files (x86)\HCL\SafeLinx Client\;C:\Program Files\Intel\WiFi\bin\;C:\Program Files\Common Files\Intel\WirelessCommon\;C:\Program Files (x86)\ooRexx;C:\DITATools\IDWB\bin;C:\Program Files\Amazon\AWSCLI\bin\;C:\Users\rebecca.nethala\dita-otv-0.1.7\dita-ot\bin;C:\Users\rebecca.nethala\AppData\Local\GitHubDesktop\bin;C:\Users\rebecca.nethala\AppData\Local\Programs\Microsoft VS Code\bin -Dexe4j.consoleCodepage=cp0 -Dcom.oxygenxml.app.descriptor=ro.sync.exml.AuthorFrameDescriptor -XX:-OmitStackTraceInFastThrow -XX:SoftRefLRUPolicyMSPerMB=10 -Dsun.java2d.noddraw=true -Dsun.awt.nopixfmt=true -Dsun.java2d.dpiaware=true -Djava.net.preferIPv4Stack=true -Dsun.awt.keepWorkingSetOnMinimize=true -Dinstall4j.launcherId=19 -Dinstall4j.swt=false -Xmx4000m -Dcom.oxygenxml.language=English -XX:+UseParallelGC -XX:ErrorFile=C:\Users\REBECC~1.NET\AppData\Local\Temp\/oxy_jvm_crash.log -XX:OnError="C:\Program Files\Oxygen XML Author 21/rp.exe" 
java_command: C:\Program Files\Oxygen XML Author 21\oxygenAuthor21.1.exe
java_class_path (initial): C:\Program Files\Oxygen XML Author 21\.install4j\i4jruntime.jar;C:\Program Files\Oxygen XML Author 21\.\lib\oxygenAuthor.jar;C:\Program Files\Oxygen XML Author 21\.\lib\oxygen-basic-utilities.jar
Launcher Type: generic

Environment Variables:
PATH=c:\program files\oxygen xml author 21\jre\bin;C:\Program Files\Oxygen XML Author 21\.\jre\bin;C:\Program Files (x86)\Common Files\Oracle\Java\javapath;C:\WINDOWS\system32;C:\WINDOWS;C:\WINDOWS\System32\Wbem;C:\WINDOWS\System32\WindowsPowerShell\v1.0\;C:\WINDOWS\System32\OpenSSH\;C:\Program Files\Git\cmd;C:\Program Files (x86)\HCL\SafeLinx Client\;C:\Program Files\Intel\WiFi\bin\;C:\Program Files\Common Files\Intel\WirelessCommon\;C:\Program Files (x86)\ooRexx;C:\DITATools\IDWB\bin;C:\Program Files\Amazon\AWSCLI\bin\;C:\Users\rebecca.nethala\dita-otv-0.1.7\dita-ot\bin;C:\Users\rebecca.nethala\AppData\Local\GitHubDesktop\bin;C:\Users\rebecca.nethala\AppData\Local\Programs\Microsoft VS Code\bin
USERNAME=rebecca.nethala
OS=Windows_NT
PROCESSOR_IDENTIFIER=Intel64 Family 6 Model 158 Stepping 10, GenuineIntel



---------------  S Y S T E M  ---------------

OS: Windows 10.0 , 64 bit Build 18362 (10.0.18362.329)

CPU:total 12 (initial active 12) (6 cores per cpu, 2 threads per core) family 6 model 158 stepping 10, cmov, cx8, fxsr, mmx, sse, sse2, sse3, ssse3, sse4.1, sse4.2, popcnt, avx, avx2, aes, clmul, erms, 3dnowpref, lzcnt, ht, tsc, tscinvbit, bmi1, bmi2, adx

Memory: 4k page, physical 33282592k(19236428k free), swap 66837024k(45401220k free)

vm_info: Java HotSpot(TM) 64-Bit Server VM (25.202-b08) for windows-amd64 JRE (1.8.0_202-b08), built on Dec 15 2018 19:54:30 by "java_re" with MS VC++ 10.0 (VS2010)

time: Thu Mar 25 19:29:55 2021
timezone: India Standard Time
elapsed time: 570 seconds (0d 0h 9m 30s)

