#
# A fatal error has been detected by the Java Runtime Environment:
#
#  EXCEPTION_ACCESS_VIOLATION (0xc0000005) at pc=0x00000000674cfead, pid=22012, tid=0x0000000000005bf0
#
# JRE version: Java(TM) SE Runtime Environment (8.0_202-b08) (build 1.8.0_202-b08)
# Java VM: Java HotSpot(TM) 64-Bit Server VM (25.202-b08 mixed mode windows-amd64 compressed oops)
# Problematic frame:
# V  [jvm.dll+0x14fead]
#
# Failed to write core dump. Minidumps are not enabled by default on client versions of Windows
#
# If you would like to submit a bug report, please visit:
#   http://bugreport.java.com/bugreport/crash.jsp
#

---------------  T H R E A D  ---------------

Current thread (0x000000001fe83800):  JavaThread "AWT-Windows" daemon [_thread_in_vm, id=23536, stack(0x00000000205b0000,0x00000000206b0000)]

siginfo: ExceptionCode=0xc0000005, reading address 0x0000000000000000

Registers:
RAX=0x0000000000000000, RBX=0x000000001fe83800, RCX=0x0000000000000380, RDX=0x0000000020c48c30
RSP=0x00000000206aefa0, RBP=0x00000000206af098, RSI=0x0000000000000000, RDI=0x000000001fe839f8
R8 =0x0000000000000000, R9 =0x00000000206af098, R10=0x00000000012b4fa0, R11=0x0000000000000000
R12=0x0000000020c48c30, R13=0x0000000000000308, R14=0x0000000000021298, R15=0x0000000000000000
RIP=0x00000000674cfead, EFLAGS=0x0000000000010246

Top of Stack: (sp=0x00000000206aefa0)
0x00000000206aefa0:   00000000206af1e8 0000000000000308
0x00000000206aefb0:   0000000000000001 00007ffab08cd39d
0x00000000206aefc0:   00000000206af1e8 ffffffff00000000
0x00000000206aefd0:   0000000000000000 fffffffffffffffe
0x00000000206aefe0:   0000000000000001 00007ffab08ce279
0x00000000206aeff0:   000000001fe83800 0000000000000000
0x00000000206af000:   0000000000000000 0000000000000001
0x00000000206af010:   fffffffffffffffe 00000000674c731f
0x00000000206af020:   00000000206af1c8 00007ffae66b36ca
0x00000000206af030:   0000000000563000 0000000000030000
0x00000000206af040:   0000000000000000 00007ffab0869e28
0x00000000206af050:   0000000000000000 0000000000000000
0x00000000206af060:   0000000000000000 0000000000000000
0x00000000206af070:   000000001fe839f8 00007ffab0889d37
0x00000000206af080:   0000000000000000 0000000000000000
0x00000000206af090:   0000000000000000 0000000000000000 

Instructions: (pc=0x00000000674cfead)
0x00000000674cfe8d:   00 48 83 7b 08 00 48 89 5c 24 50 48 c7 44 24 58
0x00000000674cfe9d:   00 00 00 00 74 0a 48 8d 4c 24 50 e8 03 ef 12 00
0x00000000674cfead:   48 8b 06 c7 44 24 40 0e 00 00 00 48 8d 4c 24 70
0x00000000674cfebd:   48 8b 50 08 0f b7 42 24 48 8b 52 08 48 8b 54 c2 


Register to memory mapping:

RAX=0x0000000000000000 is an unknown value
RBX=0x000000001fe83800 is a thread
RCX=0x0000000000000380 is an unknown value
RDX=0x0000000020c48c30 is a global jni handle
RSP=0x00000000206aefa0 is pointing into the stack for thread: 0x000000001fe83800
RBP=0x00000000206af098 is pointing into the stack for thread: 0x000000001fe83800
RSI=0x0000000000000000 is an unknown value
RDI=0x000000001fe839f8 is an unknown value
R8 =0x0000000000000000 is an unknown value
R9 =0x00000000206af098 is pointing into the stack for thread: 0x000000001fe83800
R10=0x00000000012b4fa0 is an unknown value
R11=0x0000000000000000 is an unknown value
R12=0x0000000020c48c30 is a global jni handle
R13=0x0000000000000308 is an unknown value
R14=0x0000000000021298 is an unknown value
R15=0x0000000000000000 is an unknown value


Stack: [0x00000000205b0000,0x00000000206b0000],  sp=0x00000000206aefa0,  free space=1019k
Native frames: (J=compiled Java code, j=interpreted, Vv=VM code, C=native code)
V  [jvm.dll+0x14fead]
C  [awt.dll+0x69e28]
C  [awt.dll+0x89d37]
C  [awt.dll+0xcda3c]
C  [USER32.dll+0x15b6d]
C  [USER32.dll+0x15562]
C  [awt.dll+0xcd32c]
C  [awt.dll+0xcd5db]
C  0x0000000002b28c67

Java frames: (J=compiled Java code, j=interpreted, Vv=VM code)
j  sun.awt.windows.WToolkit.eventLoop()V+0
j  sun.awt.windows.WToolkit.run()V+58
j  java.lang.Thread.run()V+11
v  ~StubRoutines::call_stub

---------------  P R O C E S S  ---------------

Java Threads: ( => current thread )
  0x0000000021553800 JavaThread "Detect hyperlinks at caret" daemon [_thread_blocked, id=22236, stack(0x0000000032c30000,0x0000000032d30000)]
  0x0000000029930000 JavaThread "Tooltip timer in CC Editor" daemon [_thread_blocked, id=23148, stack(0x00000000310b0000,0x00000000311b0000)]
  0x000000002992d000 JavaThread "Batik CleanerThread" daemon [_thread_blocked, id=23156, stack(0x0000000031590000,0x0000000031690000)]
  0x000000002992c800 JavaThread "Collect project resource thread" daemon [_thread_blocked, id=22096, stack(0x0000000029570000,0x0000000029670000)]
  0x000000002992b000 JavaThread "Show host component tooltip timer" daemon [_thread_blocked, id=22808, stack(0x0000000030bb0000,0x0000000030cb0000)]
  0x0000000029929800 JavaThread "OxygenSingletonChecker-Thread" [_thread_in_native, id=23460, stack(0x00000000304b0000,0x00000000305b0000)]
  0x0000000029926800 JavaThread "pool-8-thread-4" [_thread_blocked, id=22996, stack(0x00000000302b0000,0x00000000303b0000)]
  0x000000002992a000 JavaThread "pool-8-thread-3" [_thread_blocked, id=20612, stack(0x000000002feb0000,0x000000002ffb0000)]
  0x000000002992b800 JavaThread "pool-8-thread-2" [_thread_blocked, id=12112, stack(0x000000002fbb0000,0x000000002fcb0000)]
  0x0000000029922000 JavaThread "pool-8-thread-1" [_thread_blocked, id=14572, stack(0x000000002fab0000,0x000000002fbb0000)]
  0x0000000029928800 JavaThread "AuthorExtensionBuilder" daemon [_thread_blocked, id=19452, stack(0x000000002ffb0000,0x00000000300b0000)]
  0x0000000029923800 JavaThread "Brackets Highlighter" [_thread_blocked, id=23324, stack(0x000000002f9b0000,0x000000002fab0000)]
  0x0000000029925000 JavaThread "Mark occurrences in current file" daemon [_thread_blocked, id=21772, stack(0x000000002f6b0000,0x000000002f7b0000)]
  0x0000000029925800 JavaThread "'Save backup info' timer" [_thread_blocked, id=15932, stack(0x000000002aeb0000,0x000000002afb0000)]
  0x0000000029924000 JavaThread "" [_thread_blocked, id=12080, stack(0x0000000023d20000,0x0000000023e20000)]
  0x0000000020f61000 JavaThread "DocumentTypeProviderTimer" daemon [_thread_blocked, id=23340, stack(0x0000000000ba0000,0x0000000000ca0000)]
  0x0000000020f5d800 JavaThread "DB Sessions Manager fire timer" daemon [_thread_blocked, id=22728, stack(0x0000000023a20000,0x0000000023b20000)]
  0x0000000020f64000 JavaThread "AutomaticallyValidation" daemon [_thread_blocked, id=22784, stack(0x0000000026ad0000,0x0000000026fd0000)]
  0x0000000020f60800 JavaThread "Autosave" daemon [_thread_blocked, id=22788, stack(0x00000000269d0000,0x0000000026ad0000)]
  0x0000000020f62000 JavaThread "TimerQueue" daemon [_thread_blocked, id=23060, stack(0x00000000253c0000,0x00000000254c0000)]
  0x0000000020f5f800 JavaThread "AutomaticallyValidation" daemon [_thread_blocked, id=12744, stack(0x0000000024cc0000,0x00000000251c0000)]
  0x0000000020f5e000 JavaThread "Autosave" daemon [_thread_blocked, id=19420, stack(0x0000000024ac0000,0x0000000024bc0000)]
  0x0000000020f5f000 JavaThread "AWT-EventQueue-0" [_thread_blocked, id=22908, stack(0x0000000023920000,0x0000000023a20000)]
  0x0000000020f62800 JavaThread "AWT-Shutdown" [_thread_blocked, id=20740, stack(0x0000000023820000,0x0000000023920000)]
=>0x000000001fe83800 JavaThread "AWT-Windows" daemon [_thread_in_vm, id=23536, stack(0x00000000205b0000,0x00000000206b0000)]
  0x000000001fe82800 JavaThread "Java2D Disposer" daemon [_thread_blocked, id=23544, stack(0x00000000203b0000,0x00000000204b0000)]
  0x000000001dc69000 JavaThread "Service Thread" daemon [_thread_blocked, id=20580, stack(0x000000001f630000,0x000000001f730000)]
  0x000000001dc05000 JavaThread "C1 CompilerThread3" daemon [_thread_blocked, id=21064, stack(0x000000001f530000,0x000000001f630000)]
  0x000000001dbe4000 JavaThread "C2 CompilerThread2" daemon [_thread_blocked, id=23548, stack(0x000000001f430000,0x000000001f530000)]
  0x000000001dbdf800 JavaThread "C2 CompilerThread1" daemon [_thread_blocked, id=19372, stack(0x000000001f330000,0x000000001f430000)]
  0x000000001dbd7000 JavaThread "C2 CompilerThread0" daemon [_thread_blocked, id=19052, stack(0x000000001f230000,0x000000001f330000)]
  0x000000001dbd4000 JavaThread "Attach Listener" daemon [_thread_blocked, id=8964, stack(0x000000001f130000,0x000000001f230000)]
  0x000000001dbd3000 JavaThread "Signal Dispatcher" daemon [_thread_blocked, id=17916, stack(0x000000001f030000,0x000000001f130000)]
  0x000000001dbc3000 JavaThread "Finalizer" daemon [_thread_blocked, id=19508, stack(0x000000001ee30000,0x000000001ef30000)]
  0x0000000002abc800 JavaThread "Reference Handler" daemon [_thread_blocked, id=5176, stack(0x000000001ed30000,0x000000001ee30000)]
  0x00000000029c2800 JavaThread "main" [_thread_blocked, id=23412, stack(0x0000000000640000,0x0000000000740000)]

Other Threads:
  0x000000001c4f8000 VMThread [stack: 0x000000001ec30000,0x000000001ed30000] [id=9960]
  0x000000001dc8b000 WatcherThread [stack: 0x000000001f730000,0x000000001f830000] [id=10904]

VM state:not at safepoint (normal execution)

VM Mutex/Monitor currently owned by a thread: None

heap address: 0x00000006c6000000, size: 4000 MB, Compressed Oops mode: Zero based, Oop shift amount: 3
Narrow klass base: 0x0000000000000000, Narrow klass shift: 3
Compressed class space size: 1073741824 Address: 0x00000007c0000000

Heap:
 PSYoungGen      total 471040K, used 294356K [0x000000076cb00000, 0x000000078c880000, 0x00000007c0000000)
  eden space 429568K, 63% used [0x000000076cb00000,0x000000077d5ce9e0,0x0000000786e80000)
  from space 41472K, 50% used [0x000000078a000000,0x000000078b4a68a0,0x000000078c880000)
  to   space 46080K, 0% used [0x0000000786e80000,0x0000000786e80000,0x0000000789b80000)
 ParOldGen       total 562176K, used 128944K [0x00000006c6000000, 0x00000006e8500000, 0x000000076cb00000)
  object space 562176K, 22% used [0x00000006c6000000,0x00000006cddec2d0,0x00000006e8500000)
 Metaspace       used 107348K, capacity 108416K, committed 109184K, reserved 1142784K
  class space    used 16449K, capacity 16713K, committed 16768K, reserved 1048576K

Card table byte_map: [0x0000000011ed0000,0x00000000126b0000] byte_map_base: 0x000000000e8a0000

Marking Bits: (ParMarkBitMap*) 0x0000000067ba5ce0
 Begin Bits: [0x00000000135f0000, 0x0000000017470000)
 End Bits:   [0x0000000017470000, 0x000000001b2f0000)

Polling page: 0x00000000026b0000

CodeCache: size=245760Kb used=68062Kb max_used=68181Kb free=177697Kb
 bounds [0x0000000002b10000, 0x0000000006e30000, 0x0000000011b10000]
 total_blobs=18582 nmethods=17624 adapters=866
 compilation: enabled

Compilation events (10 events):
Event: 1694.528 Thread 0x000000001dc05000 22959       1       org.apache.xerces.parsers.AbstractXMLDocumentParser::setDTDContentModelSource (6 bytes)
Event: 1694.528 Thread 0x000000001dc05000 nmethod 22959 0x00000000045abb50 code [0x00000000045abca0, 0x00000000045abdd0]
Event: 1694.542 Thread 0x000000001dc05000 22960       3       net.sf.saxon.event.NamespaceReducer::<init> (46 bytes)
Event: 1694.543 Thread 0x000000001dc05000 nmethod 22960 0x00000000036cde50 code [0x00000000036ce000, 0x00000000036ce7e8]
Event: 1694.548 Thread 0x000000001dc05000 22962       3       ro.sync.ecss.dom.builder.u::b (17 bytes)
Event: 1694.549 Thread 0x000000001dc05000 nmethod 22962 0x0000000005644a90 code [0x0000000005644c00, 0x0000000005644e78]
Event: 1694.553 Thread 0x000000001dc05000 22961       3       net.sf.saxon.event.Builder::setPipelineConfiguration (51 bytes)
Event: 1694.555 Thread 0x000000001dc05000 nmethod 22961 0x0000000004d5cdd0 code [0x0000000004d5cf60, 0x0000000004d5d510]
Event: 1694.560 Thread 0x000000001dbdf800 22963       4       com.google.common.collect.Iterators::forArray (51 bytes)
Event: 1694.566 Thread 0x000000001dbdf800 nmethod 22963 0x00000000030b3990 code [0x00000000030b3b00, 0x00000000030b3d18]

GC Heap History (10 events):
Event: 939.078 GC heap before
{Heap before GC invocations=30 (full 4):
 PSYoungGen      total 440320K, used 401378K [0x000000076cb00000, 0x000000078ca00000, 0x00000007c0000000)
  eden space 379904K, 100% used [0x000000076cb00000,0x0000000783e00000,0x0000000783e00000)
  from space 60416K, 35% used [0x0000000783e00000,0x00000007852f8860,0x0000000787900000)
  to   space 57344K, 0% used [0x0000000789200000,0x0000000789200000,0x000000078ca00000)
 ParOldGen       total 562176K, used 128904K [0x00000006c6000000, 0x00000006e8500000, 0x000000076cb00000)
  object space 562176K, 22% used [0x00000006c6000000,0x00000006cdde22d0,0x00000006e8500000)
 Metaspace       used 106499K, capacity 107578K, committed 108416K, reserved 1140736K
  class space    used 16435K, capacity 16712K, committed 16768K, reserved 1048576K
Event: 939.108 GC heap after
Heap after GC invocations=30 (full 4):
 PSYoungGen      total 450560K, used 18885K [0x000000076cb00000, 0x000000078c080000, 0x00000007c0000000)
  eden space 402944K, 0% used [0x000000076cb00000,0x000000076cb00000,0x0000000785480000)
  from space 47616K, 39% used [0x0000000789200000,0x000000078a4716d0,0x000000078c080000)
  to   space 55296K, 0% used [0x0000000785480000,0x0000000785480000,0x0000000788a80000)
 ParOldGen       total 562176K, used 128912K [0x00000006c6000000, 0x00000006e8500000, 0x000000076cb00000)
  object space 562176K, 22% used [0x00000006c6000000,0x00000006cdde42d0,0x00000006e8500000)
 Metaspace       used 106499K, capacity 107578K, committed 108416K, reserved 1140736K
  class space    used 16435K, capacity 16712K, committed 16768K, reserved 1048576K
}
Event: 1286.119 GC heap before
{Heap before GC invocations=31 (full 4):
 PSYoungGen      total 450560K, used 421829K [0x000000076cb00000, 0x000000078c080000, 0x00000007c0000000)
  eden space 402944K, 100% used [0x000000076cb00000,0x0000000785480000,0x0000000785480000)
  from space 47616K, 39% used [0x0000000789200000,0x000000078a4716d0,0x000000078c080000)
  to   space 55296K, 0% used [0x0000000785480000,0x0000000785480000,0x0000000788a80000)
 ParOldGen       total 562176K, used 128912K [0x00000006c6000000, 0x00000006e8500000, 0x000000076cb00000)
  object space 562176K, 22% used [0x00000006c6000000,0x00000006cdde42d0,0x00000006e8500000)
 Metaspace       used 106750K, capacity 107834K, committed 108672K, reserved 1140736K
  class space    used 16443K, capacity 16712K, committed 16768K, reserved 1048576K
Event: 1286.156 GC heap after
Heap after GC invocations=31 (full 4):
 PSYoungGen      total 458240K, used 19685K [0x000000076cb00000, 0x000000078ce80000, 0x00000007c0000000)
  eden space 402944K, 0% used [0x000000076cb00000,0x000000076cb00000,0x0000000785480000)
  from space 55296K, 35% used [0x0000000785480000,0x00000007867b96d0,0x0000000788a80000)
  to   space 52736K, 0% used [0x0000000789b00000,0x0000000789b00000,0x000000078ce80000)
 ParOldGen       total 562176K, used 128920K [0x00000006c6000000, 0x00000006e8500000, 0x000000076cb00000)
  object space 562176K, 22% used [0x00000006c6000000,0x00000006cdde62d0,0x00000006e8500000)
 Metaspace       used 106750K, capacity 107834K, committed 108672K, reserved 1140736K
  class space    used 16443K, capacity 16712K, committed 16768K, reserved 1048576K
}
Event: 1401.880 GC heap before
{Heap before GC invocations=32 (full 4):
 PSYoungGen      total 458240K, used 422629K [0x000000076cb00000, 0x000000078ce80000, 0x00000007c0000000)
  eden space 402944K, 100% used [0x000000076cb00000,0x0000000785480000,0x0000000785480000)
  from space 55296K, 35% used [0x0000000785480000,0x00000007867b96d0,0x0000000788a80000)
  to   space 52736K, 0% used [0x0000000789b00000,0x0000000789b00000,0x000000078ce80000)
 ParOldGen       total 562176K, used 128920K [0x00000006c6000000, 0x00000006e8500000, 0x000000076cb00000)
  object space 562176K, 22% used [0x00000006c6000000,0x00000006cdde62d0,0x00000006e8500000)
 Metaspace       used 106874K, capacity 107898K, committed 108672K, reserved 1140736K
  class space    used 16443K, capacity 16712K, committed 16768K, reserved 1048576K
Event: 1401.913 GC heap after
Heap after GC invocations=32 (full 4):
 PSYoungGen      total 463872K, used 19642K [0x000000076cb00000, 0x000000078c700000, 0x00000007c0000000)
  eden space 418816K, 0% used [0x000000076cb00000,0x000000076cb00000,0x0000000786400000)
  from space 45056K, 43% used [0x0000000789b00000,0x000000078ae2e8a0,0x000000078c700000)
  to   space 50688K, 0% used [0x0000000786400000,0x0000000786400000,0x0000000789580000)
 ParOldGen       total 562176K, used 128928K [0x00000006c6000000, 0x00000006e8500000, 0x000000076cb00000)
  object space 562176K, 22% used [0x00000006c6000000,0x00000006cdde82d0,0x00000006e8500000)
 Metaspace       used 106874K, capacity 107898K, committed 108672K, reserved 1140736K
  class space    used 16443K, capacity 16712K, committed 16768K, reserved 1048576K
}
Event: 1600.512 GC heap before
{Heap before GC invocations=33 (full 4):
 PSYoungGen      total 463872K, used 438458K [0x000000076cb00000, 0x000000078c700000, 0x00000007c0000000)
  eden space 418816K, 100% used [0x000000076cb00000,0x0000000786400000,0x0000000786400000)
  from space 45056K, 43% used [0x0000000789b00000,0x000000078ae2e8a0,0x000000078c700000)
  to   space 50688K, 0% used [0x0000000786400000,0x0000000786400000,0x0000000789580000)
 ParOldGen       total 562176K, used 128928K [0x00000006c6000000, 0x00000006e8500000, 0x000000076cb00000)
  object space 562176K, 22% used [0x00000006c6000000,0x00000006cdde82d0,0x00000006e8500000)
 Metaspace       used 107094K, capacity 108154K, committed 108928K, reserved 1140736K
  class space    used 16444K, capacity 16712K, committed 16768K, reserved 1048576K
Event: 1600.531 GC heap after
Heap after GC invocations=33 (full 4):
 PSYoungGen      total 469504K, used 19429K [0x000000076cb00000, 0x000000078cf80000, 0x00000007c0000000)
  eden space 418816K, 0% used [0x000000076cb00000,0x000000076cb00000,0x0000000786400000)
  from space 50688K, 38% used [0x0000000786400000,0x00000007876f96d0,0x0000000789580000)
  to   space 48640K, 0% used [0x000000078a000000,0x000000078a000000,0x000000078cf80000)
 ParOldGen       total 562176K, used 128936K [0x00000006c6000000, 0x00000006e8500000, 0x000000076cb00000)
  object space 562176K, 22% used [0x00000006c6000000,0x00000006cddea2d0,0x00000006e8500000)
 Metaspace       used 107094K, capacity 108154K, committed 108928K, reserved 1140736K
  class space    used 16444K, capacity 16712K, committed 16768K, reserved 1048576K
}
Event: 1649.937 GC heap before
{Heap before GC invocations=34 (full 4):
 PSYoungGen      total 469504K, used 438245K [0x000000076cb00000, 0x000000078cf80000, 0x00000007c0000000)
  eden space 418816K, 100% used [0x000000076cb00000,0x0000000786400000,0x0000000786400000)
  from space 50688K, 38% used [0x0000000786400000,0x00000007876f96d0,0x0000000789580000)
  to   space 48640K, 0% used [0x000000078a000000,0x000000078a000000,0x000000078cf80000)
 ParOldGen       total 562176K, used 128936K [0x00000006c6000000, 0x00000006e8500000, 0x000000076cb00000)
  object space 562176K, 22% used [0x00000006c6000000,0x00000006cddea2d0,0x00000006e8500000)
 Metaspace       used 107291K, capacity 108282K, committed 109184K, reserved 1142784K
  class space    used 16448K, capacity 16712K, committed 16768K, reserved 1048576K
Event: 1649.980 GC heap after
Heap after GC invocations=34 (full 4):
 PSYoungGen      total 471040K, used 21146K [0x000000076cb00000, 0x000000078c880000, 0x00000007c0000000)
  eden space 429568K, 0% used [0x000000076cb00000,0x000000076cb00000,0x0000000786e80000)
  from space 41472K, 50% used [0x000000078a000000,0x000000078b4a68a0,0x000000078c880000)
  to   space 46080K, 0% used [0x0000000786e80000,0x0000000786e80000,0x0000000789b80000)
 ParOldGen       total 562176K, used 128944K [0x00000006c6000000, 0x00000006e8500000, 0x000000076cb00000)
  object space 562176K, 22% used [0x00000006c6000000,0x00000006cddec2d0,0x00000006e8500000)
 Metaspace       used 107291K, capacity 108282K, committed 109184K, reserved 1142784K
  class space    used 16448K, capacity 16712K, committed 16768K, reserved 1048576K
}

Deoptimization events (10 events):
Event: 1692.543 Thread 0x0000000020f5f000 Uncommon trap: reason=class_check action=none pc=0x00000000052bbec0 method=java.awt.Font.equals(Ljava/lang/Object;)Z @ 12
Event: 1692.544 Thread 0x0000000020f5f000 Uncommon trap: reason=class_check action=none pc=0x00000000052bbec0 method=java.awt.Font.equals(Ljava/lang/Object;)Z @ 12
Event: 1692.545 Thread 0x0000000020f5f000 Uncommon trap: reason=class_check action=none pc=0x00000000052bbec0 method=java.awt.Font.equals(Ljava/lang/Object;)Z @ 12
Event: 1692.545 Thread 0x0000000020f5f000 Uncommon trap: reason=class_check action=none pc=0x00000000052bbec0 method=java.awt.Font.equals(Ljava/lang/Object;)Z @ 12
Event: 1692.546 Thread 0x0000000020f5f000 Uncommon trap: reason=class_check action=none pc=0x00000000052bbec0 method=java.awt.Font.equals(Ljava/lang/Object;)Z @ 12
Event: 1692.547 Thread 0x0000000020f5f000 Uncommon trap: reason=class_check action=none pc=0x00000000052bbec0 method=java.awt.Font.equals(Ljava/lang/Object;)Z @ 12
Event: 1692.550 Thread 0x0000000020f5f000 Uncommon trap: reason=class_check action=none pc=0x00000000052bbec0 method=java.awt.Font.equals(Ljava/lang/Object;)Z @ 12
Event: 1693.503 Thread 0x0000000020f5f000 Uncommon trap: reason=class_check action=none pc=0x00000000052bbec0 method=java.awt.Font.equals(Ljava/lang/Object;)Z @ 12
Event: 1694.535 Thread 0x000000002154e000 Uncommon trap: reason=unstable_if action=reinterpret pc=0x0000000006afd100 method=ro.sync.exml.serialize.s.b(ZLorg/w3c/dom/Node;I)V @ 73
Event: 1694.544 Thread 0x000000002154e000 Uncommon trap: reason=unstable_if action=reinterpret pc=0x0000000006afbbb8 method=ro.sync.exml.serialize.s.b(ZLorg/w3c/dom/Node;I)V @ 73

Classes redefined (0 events):
No events

Internal exceptions (10 events):
Event: 1692.546 Thread 0x0000000020f5f000 Exception <a 'java/lang/ClassCastException'> (0x000000077bbf7c28) thrown at [C:\re\workspace\8-2-build-windows-amd64-cygwin\jdk8u202\12323\hotspot\src\share\vm\runtime\sharedRuntime.cpp, line 605]
Event: 1692.547 Thread 0x0000000020f5f000 Exception <a 'java/lang/ClassCastException'> (0x000000077bbfcaa0) thrown at [C:\re\workspace\8-2-build-windows-amd64-cygwin\jdk8u202\12323\hotspot\src\share\vm\runtime\sharedRuntime.cpp, line 605]
Event: 1692.547 Thread 0x0000000020f5f000 Exception <a 'java/lang/ClassCastException': java.awt.font.ShapeGraphicAttribute cannot be cast to java.awt.Font> (0x000000077bbfd5d8) thrown at [C:\re\workspace\8-2-build-windows-amd64-cygwin\jdk8u202\12323\hotspot\src\share\vm\interpreter\interpreterRun
Event: 1692.547 Thread 0x0000000020f5f000 Exception <a 'java/lang/ClassCastException'> (0x000000077bbfdc80) thrown at [C:\re\workspace\8-2-build-windows-amd64-cygwin\jdk8u202\12323\hotspot\src\share\vm\runtime\sharedRuntime.cpp, line 605]
Event: 1692.550 Thread 0x0000000020f5f000 Exception <a 'java/lang/ClassCastException'> (0x000000077bc141f8) thrown at [C:\re\workspace\8-2-build-windows-amd64-cygwin\jdk8u202\12323\hotspot\src\share\vm\runtime\sharedRuntime.cpp, line 605]
Event: 1692.550 Thread 0x0000000020f5f000 Exception <a 'java/lang/ClassCastException': java.awt.font.ShapeGraphicAttribute cannot be cast to java.awt.Font> (0x000000077bc14da0) thrown at [C:\re\workspace\8-2-build-windows-amd64-cygwin\jdk8u202\12323\hotspot\src\share\vm\interpreter\interpreterRun
Event: 1692.550 Thread 0x0000000020f5f000 Exception <a 'java/lang/ClassCastException'> (0x000000077bc15630) thrown at [C:\re\workspace\8-2-build-windows-amd64-cygwin\jdk8u202\12323\hotspot\src\share\vm\runtime\sharedRuntime.cpp, line 605]
Event: 1693.503 Thread 0x0000000020f5f000 Exception <a 'java/lang/ClassCastException'> (0x000000077be3fb80) thrown at [C:\re\workspace\8-2-build-windows-amd64-cygwin\jdk8u202\12323\hotspot\src\share\vm\runtime\sharedRuntime.cpp, line 605]
Event: 1693.503 Thread 0x0000000020f5f000 Exception <a 'java/lang/ClassCastException': java.awt.font.ShapeGraphicAttribute cannot be cast to java.awt.Font> (0x000000077be406b8) thrown at [C:\re\workspace\8-2-build-windows-amd64-cygwin\jdk8u202\12323\hotspot\src\share\vm\interpreter\interpreterRun
Event: 1693.503 Thread 0x0000000020f5f000 Exception <a 'java/lang/ClassCastException'> (0x000000077be40d60) thrown at [C:\re\workspace\8-2-build-windows-amd64-cygwin\jdk8u202\12323\hotspot\src\share\vm\runtime\sharedRuntime.cpp, line 605]

Events (10 events):
Event: 1694.535 Thread 0x000000002154e000 DEOPT UNPACKING pc=0x0000000002b5583b sp=0x0000000032e2e770 mode 2
Event: 1694.536 Thread 0x000000002154e000 Thread exited: 0x000000002154e000
Event: 1694.538 Thread 0x000000002154e000 Thread added: 0x000000002154e000
Event: 1694.544 Thread 0x000000002154e000 Uncommon trap: trap_request=0xffffff65 fr.pc=0x0000000006afbbb8
Event: 1694.544 Thread 0x000000002154e000 DEOPT PACKING pc=0x0000000006afbbb8 sp=0x0000000032e2e7a0
Event: 1694.544 Thread 0x000000002154e000 DEOPT UNPACKING pc=0x0000000002b5583b sp=0x0000000032e2e790 mode 2
Event: 1694.545 Thread 0x000000002154e000 Thread exited: 0x000000002154e000
Event: 1694.545 Thread 0x000000001dc05000 flushing nmethod 0x00000000062c4190
Event: 1694.550 Thread 0x000000002154e000 Thread added: 0x000000002154e000
Event: 1694.559 Thread 0x000000002154e000 Thread exited: 0x000000002154e000


Dynamic libraries:
0x00007ff7b1af0000 - 0x00007ff7b1b9f000 	C:\Program Files\Oxygen XML Author 21\oxygenAuthor21.1.exe
0x00007ffae7980000 - 0x00007ffae7b70000 	C:\WINDOWS\SYSTEM32\ntdll.dll
0x00007ffae6a50000 - 0x00007ffae6b02000 	C:\WINDOWS\System32\KERNEL32.DLL
0x00007ffae5330000 - 0x00007ffae55d3000 	C:\WINDOWS\System32\KERNELBASE.dll
0x000000006a140000 - 0x000000006a1d5000 	C:\WINDOWS\System32\SYSFER.DLL
0x00007ffae64c0000 - 0x00007ffae6563000 	C:\WINDOWS\System32\ADVAPI32.dll
0x00007ffae6b10000 - 0x00007ffae6bae000 	C:\WINDOWS\System32\msvcrt.dll
0x00007ffae7630000 - 0x00007ffae76c7000 	C:\WINDOWS\System32\sechost.dll
0x00007ffae6570000 - 0x00007ffae6690000 	C:\WINDOWS\System32\RPCRT4.dll
0x00007ffabebb0000 - 0x00007ffabedd6000 	C:\WINDOWS\system32\ctiuser.dll
0x00007ffae6690000 - 0x00007ffae6824000 	C:\WINDOWS\System32\USER32.dll
0x00007ffae4a60000 - 0x00007ffae4a81000 	C:\WINDOWS\System32\win32u.dll
0x00007ffae6d10000 - 0x00007ffae6d36000 	C:\WINDOWS\System32\GDI32.dll
0x00007ffae5830000 - 0x00007ffae59c4000 	C:\WINDOWS\System32\gdi32full.dll
0x00007ffae4910000 - 0x00007ffae49ae000 	C:\WINDOWS\System32\msvcp_win.dll
0x00007ffae55e0000 - 0x00007ffae56da000 	C:\WINDOWS\System32\ucrtbase.dll
0x00007ffae6bb0000 - 0x00007ffae6d06000 	C:\WINDOWS\System32\ole32.dll
0x00007ffae5d10000 - 0x00007ffae6046000 	C:\WINDOWS\System32\combase.dll
0x00007ffae5280000 - 0x00007ffae5300000 	C:\WINDOWS\System32\bcryptPrimitives.dll
0x00007ffae76d0000 - 0x00007ffae76d8000 	C:\WINDOWS\System32\PSAPI.DLL
0x00007ffada4a0000 - 0x00007ffada4aa000 	C:\WINDOWS\SYSTEM32\FLTLIB.DLL
0x00007ffae7890000 - 0x00007ffae78be000 	C:\WINDOWS\System32\IMM32.DLL
0x0000000068000000 - 0x000000006805e000 	C:\WINDOWS\System32\QIPCAP64.dll
0x00007ffae6e70000 - 0x00007ffae7555000 	C:\WINDOWS\System32\SHELL32.dll
0x00007ffae5210000 - 0x00007ffae525a000 	C:\WINDOWS\System32\cfgmgr32.dll
0x00007ffae68c0000 - 0x00007ffae6969000 	C:\WINDOWS\System32\shcore.dll
0x00007ffae4a90000 - 0x00007ffae520f000 	C:\WINDOWS\System32\windows.storage.dll
0x00007ffae48f0000 - 0x00007ffae490f000 	C:\WINDOWS\System32\profapi.dll
0x00007ffae4860000 - 0x00007ffae48aa000 	C:\WINDOWS\System32\powrprof.dll
0x00007ffae4850000 - 0x00007ffae4860000 	C:\WINDOWS\System32\UMPDC.dll
0x00007ffae5c00000 - 0x00007ffae5c52000 	C:\WINDOWS\System32\shlwapi.dll
0x00007ffae48d0000 - 0x00007ffae48e1000 	C:\WINDOWS\System32\kernel.appcore.dll
0x00007ffae5260000 - 0x00007ffae5277000 	C:\WINDOWS\System32\cryptsp.dll
0x00007ffae3e20000 - 0x00007ffae3eea000 	C:\WINDOWS\SYSTEM32\DNSAPI.dll
0x00007ffae75c0000 - 0x00007ffae762f000 	C:\WINDOWS\System32\WS2_32.dll
0x00007ffae6830000 - 0x00007ffae6838000 	C:\WINDOWS\System32\NSI.dll
0x00007ffae3dd0000 - 0x00007ffae3e0a000 	C:\WINDOWS\SYSTEM32\IPHLPAPI.DLL
0x00007ffad24d0000 - 0x00007ffad2755000 	C:\WINDOWS\WinSxS\amd64_microsoft.windows.common-controls_6595b64144ccf1df_6.0.18362.592_none_e6c0b1911312be02\comctl32.dll
0x0000000067380000 - 0x0000000067c25000 	c:\program files\oxygen xml author 21\jre\bin\server\jvm.dll
0x00007ffad33a0000 - 0x00007ffad33a9000 	C:\WINDOWS\SYSTEM32\WSOCK32.dll
0x00007ffad5b20000 - 0x00007ffad5b44000 	C:\WINDOWS\SYSTEM32\WINMM.dll
0x00007ffade680000 - 0x00007ffade68a000 	C:\WINDOWS\SYSTEM32\VERSION.dll
0x0000000067d50000 - 0x0000000067e22000 	C:\WINDOWS\SYSTEM32\MSVCR100.dll
0x00007ffad6b80000 - 0x00007ffad6bad000 	C:\WINDOWS\SYSTEM32\WINMMBASE.dll
0x00007ffaddd10000 - 0x00007ffaddd1f000 	c:\program files\oxygen xml author 21\jre\bin\verify.dll
0x00007ffaddce0000 - 0x00007ffaddd09000 	c:\program files\oxygen xml author 21\jre\bin\java.dll
0x00007ffadc320000 - 0x00007ffadc336000 	c:\program files\oxygen xml author 21\jre\bin\zip.dll
0x0000000180000000 - 0x0000000180032000 	C:\Program Files\Oxygen XML Author 21\.install4j\i4jinst.dll
0x000000001f830000 - 0x000000001f8f4000 	C:\WINDOWS\System32\OLEAUT32.dll
0x00007ffaddcc0000 - 0x00007ffaddccd000 	C:\Program Files\Oxygen XML Author 21\jre\bin\management.dll
0x00007ffadc2f0000 - 0x00007ffadc316000 	C:\Program Files\Oxygen XML Author 21\jre\bin\JavaAccessBridge-64.dll
0x00007ffab0800000 - 0x00007ffab0999000 	C:\Program Files\Oxygen XML Author 21\jre\bin\awt.dll
0x00007ffae2010000 - 0x00007ffae209f000 	C:\WINDOWS\SYSTEM32\apphelp.dll
0x00007ffae2ac0000 - 0x00007ffae2b59000 	C:\WINDOWS\system32\uxtheme.dll
0x00007ffae76e0000 - 0x00007ffae7815000 	C:\WINDOWS\System32\MSCTF.dll
0x00007ffae2d40000 - 0x00007ffae2d6d000 	C:\WINDOWS\system32\DWMAPI.DLL
0x00007ffab2e20000 - 0x00007ffab2f76000 	C:\WINDOWS\system32\opengl32.dll
0x00007ffab2db0000 - 0x00007ffab2ddc000 	C:\WINDOWS\SYSTEM32\GLU32.dll
0x00007ffae34c0000 - 0x00007ffae34e0000 	C:\WINDOWS\SYSTEM32\dxcore.dll
0x00007ffae3c30000 - 0x00007ffae3c63000 	C:\WINDOWS\system32\rsaenh.dll
0x000000001f980000 - 0x000000001f9a6000 	C:\WINDOWS\System32\bcrypt.dll
0x00007ffae4770000 - 0x00007ffae4795000 	C:\WINDOWS\SYSTEM32\USERENV.dll
0x00007ffae4290000 - 0x00007ffae429c000 	C:\WINDOWS\SYSTEM32\CRYPTBASE.dll
0x00007ffadc2d0000 - 0x00007ffadc2ea000 	C:\Program Files\Oxygen XML Author 21\jre\bin\net.dll
0x00007ffad5870000 - 0x00007ffad5a46000 	C:\WINDOWS\SYSTEM32\urlmon.dll
0x00007ffad9bf0000 - 0x00007ffad9e96000 	C:\WINDOWS\SYSTEM32\iertutil.dll
0x00007ffae40c0000 - 0x00007ffae4127000 	C:\WINDOWS\system32\mswsock.dll
0x00007ffadf940000 - 0x00007ffadf956000 	C:\WINDOWS\SYSTEM32\dhcpcsvc6.DLL
0x00007ffadf280000 - 0x00007ffadf29c000 	C:\WINDOWS\SYSTEM32\dhcpcsvc.DLL
0x00007ffadc2b0000 - 0x00007ffadc2c2000 	C:\Program Files\Oxygen XML Author 21\jre\bin\nio.dll
0x000000001f9b0000 - 0x000000001f9e8000 	C:\Program Files\Oxygen XML Author 21\lib\com\sun\jna\win32-x86-64\jnidispatch.dll
0x00007ffabfc40000 - 0x00007ffabfc87000 	C:\Program Files\Oxygen XML Author 21\jre\bin\fontmanager.dll
0x00007ffabfbf0000 - 0x00007ffabfc32000 	C:\Program Files\Oxygen XML Author 21\jre\bin\t2k.dll
0x00007ffad4e50000 - 0x00007ffad4e7a000 	C:\Program Files\Oxygen XML Author 21\jre\bin\dcpr.dll
0x0000000020520000 - 0x0000000020537000 	C:\Program Files\Oxygen XML Author 21\lib\WindowsNativeHelper64.dll
0x00007ffae6d40000 - 0x00007ffae6e10000 	C:\WINDOWS\System32\comdlg32.dll
0x00007ffad7790000 - 0x00007ffad7839000 	C:\WINDOWS\WinSxS\amd64_microsoft.windows.common-controls_6595b64144ccf1df_5.82.18362.592_none_2a2c5e32466583af\comctl32.dll
0x00007ffad0c70000 - 0x00007ffad0c94000 	C:\Program Files\Oxygen XML Author 21\jre\bin\sunec.dll
0x00007fface5a0000 - 0x00007fface5b6000 	C:\WINDOWS\system32\napinsp.dll
0x00007fface580000 - 0x00007fface59a000 	C:\WINDOWS\system32\pnrpnsp.dll
0x00007fface570000 - 0x00007fface57e000 	C:\WINDOWS\System32\winrnr.dll
0x00007ffae2500000 - 0x00007ffae251c000 	C:\WINDOWS\system32\NLAapi.dll
0x00007fface550000 - 0x00007fface565000 	C:\WINDOWS\system32\wshbth.dll
0x00007ffadf6d0000 - 0x00007ffadf747000 	C:\WINDOWS\System32\fwpuclnt.dll
0x00007ffadd410000 - 0x00007ffadd41a000 	C:\Windows\System32\rasadhlp.dll
0x00007ffad6080000 - 0x00007ffad608b000 	C:\Program Files\Oxygen XML Author 21\jre\bin\sunmscapi.dll
0x00007ffae56e0000 - 0x00007ffae5829000 	C:\WINDOWS\System32\CRYPT32.dll
0x00007ffae48b0000 - 0x00007ffae48c2000 	C:\WINDOWS\System32\MSASN1.dll
0x00007ffac7330000 - 0x00007ffac73ce000 	C:\WINDOWS\System32\TextInputFramework.dll
0x00007ffac8610000 - 0x00007ffac893a000 	C:\WINDOWS\System32\CoreUIComponents.dll
0x00007ffae1f00000 - 0x00007ffae1fd4000 	C:\WINDOWS\System32\CoreMessaging.dll
0x00007ffae3880000 - 0x00007ffae38b1000 	C:\WINDOWS\SYSTEM32\ntmarta.dll
0x00007ffadef30000 - 0x00007ffadf083000 	C:\WINDOWS\SYSTEM32\wintypes.dll
0x0000000024120000 - 0x0000000024198000 	\\?\C:\PROGRA~1\OXYGEN~1\lib\hunspell\HUNSPE~2.DLL
0x00007ffae5c60000 - 0x00007ffae5d02000 	C:\WINDOWS\System32\clbcatq.dll
0x00007ffac8150000 - 0x00007ffac82ff000 	C:\WINDOWS\SYSTEM32\WindowsCodecs.dll
0x00007ffab2c10000 - 0x00007ffab2c4a000 	C:\WINDOWS\system32\dataexchange.dll
0x00007ffae1420000 - 0x00007ffae167b000 	C:\WINDOWS\system32\d3d11.dll
0x00007ffae19f0000 - 0x00007ffae1bcb000 	C:\WINDOWS\system32\dcomp.dll
0x00007ffae3550000 - 0x00007ffae363b000 	C:\WINDOWS\system32\dxgi.dll
0x00007ffae27a0000 - 0x00007ffae29fa000 	C:\WINDOWS\system32\twinapi.appcore.dll
0x00007ffae2e20000 - 0x00007ffae2e49000 	C:\WINDOWS\system32\RMCLIENT.dll
0x00007ffae3190000 - 0x00007ffae3384000 	C:\WINDOWS\SYSTEM32\dbghelp.dll
0x00007ffad6030000 - 0x00007ffad605a000 	C:\WINDOWS\SYSTEM32\dbgcore.DLL

VM Arguments:
jvm_args: -Dexe4j.semaphoreName=Local\c:_program_files_oxygen_xml_author_21_oxygenauthor21.1.exe -Dexe4j.isInstall4j=true -Dexe4j.moduleName=C:\Program Files\Oxygen XML Author 21\oxygenAuthor21.1.exe -Dexe4j.tempDir= -Dexe4j.unextractedPosition=0 -Djava.library.path=c:\program files\oxygen xml author 21\jre\bin;C:\Program Files\Oxygen XML Author 21\.\jre\bin;C:\Program Files (x86)\Common Files\Oracle\Java\javapath;C:\WINDOWS\system32;C:\WINDOWS;C:\WINDOWS\System32\Wbem;C:\WINDOWS\System32\WindowsPowerShell\v1.0\;C:\WINDOWS\System32\OpenSSH\;C:\Program Files\Git\cmd;C:\Program Files (x86)\HCL\SafeLinx Client\;C:\Program Files\Intel\WiFi\bin\;C:\Program Files\Common Files\Intel\WirelessCommon\;C:\Program Files (x86)\ooRexx;C:\DITATools\IDWB\bin;C:\Program Files\Amazon\AWSCLI\bin\;C:\Users\rebecca.nethala\dita-otv-0.1.7\dita-ot\bin;C:\Users\rebecca.nethala\AppData\Local\GitHubDesktop\bin;C:\Users\rebecca.nethala\AppData\Local\Programs\Microsoft VS Code\bin -Dexe4j.consoleCodepage=cp0 -Dcom.oxygenxml.app.descriptor=ro.sync.exml.AuthorFrameDescriptor -XX:-OmitStackTraceInFastThrow -XX:SoftRefLRUPolicyMSPerMB=10 -Dsun.java2d.noddraw=true -Dsun.awt.nopixfmt=true -Dsun.java2d.dpiaware=true -Djava.net.preferIPv4Stack=true -Dsun.awt.keepWorkingSetOnMinimize=true -Dinstall4j.launcherId=19 -Dinstall4j.swt=false -Xmx4000m -Dcom.oxygenxml.language=English -XX:+UseParallelGC -XX:ErrorFile=C:\Users\REBECC~1.NET\AppData\Local\Temp\/oxy_jvm_crash.log -XX:OnError="C:\Program Files\Oxygen XML Author 21/rp.exe" 
java_command: C:\Program Files\Oxygen XML Author 21\oxygenAuthor21.1.exe
java_class_path (initial): C:\Program Files\Oxygen XML Author 21\.install4j\i4jruntime.jar;C:\Program Files\Oxygen XML Author 21\.\lib\oxygenAuthor.jar;C:\Program Files\Oxygen XML Author 21\.\lib\oxygen-basic-utilities.jar
Launcher Type: generic

Environment Variables:
PATH=c:\program files\oxygen xml author 21\jre\bin;C:\Program Files\Oxygen XML Author 21\.\jre\bin;C:\Program Files (x86)\Common Files\Oracle\Java\javapath;C:\WINDOWS\system32;C:\WINDOWS;C:\WINDOWS\System32\Wbem;C:\WINDOWS\System32\WindowsPowerShell\v1.0\;C:\WINDOWS\System32\OpenSSH\;C:\Program Files\Git\cmd;C:\Program Files (x86)\HCL\SafeLinx Client\;C:\Program Files\Intel\WiFi\bin\;C:\Program Files\Common Files\Intel\WirelessCommon\;C:\Program Files (x86)\ooRexx;C:\DITATools\IDWB\bin;C:\Program Files\Amazon\AWSCLI\bin\;C:\Users\rebecca.nethala\dita-otv-0.1.7\dita-ot\bin;C:\Users\rebecca.nethala\AppData\Local\GitHubDesktop\bin;C:\Users\rebecca.nethala\AppData\Local\Programs\Microsoft VS Code\bin
USERNAME=rebecca.nethala
OS=Windows_NT
PROCESSOR_IDENTIFIER=Intel64 Family 6 Model 158 Stepping 10, GenuineIntel



---------------  S Y S T E M  ---------------

OS: Windows 10.0 , 64 bit Build 18362 (10.0.18362.329)

CPU:total 12 (initial active 12) (6 cores per cpu, 2 threads per core) family 6 model 158 stepping 10, cmov, cx8, fxsr, mmx, sse, sse2, sse3, ssse3, sse4.1, sse4.2, popcnt, avx, avx2, aes, clmul, erms, 3dnowpref, lzcnt, ht, tsc, tscinvbit, bmi1, bmi2, adx

Memory: 4k page, physical 33282592k(23612600k free), swap 66837024k(54879520k free)

vm_info: Java HotSpot(TM) 64-Bit Server VM (25.202-b08) for windows-amd64 JRE (1.8.0_202-b08), built on Dec 15 2018 19:54:30 by "java_re" with MS VC++ 10.0 (VS2010)

time: Tue Mar 23 14:49:59 2021
timezone: India Standard Time
elapsed time: 1705 seconds (0d 0h 28m 25s)

