#
# A fatal error has been detected by the Java Runtime Environment:
#
#  EXCEPTION_ACCESS_VIOLATION (0xc0000005) at pc=0x0000000072b0fead, pid=29820, tid=0x000000000000562c
#
# JRE version: Java(TM) SE Runtime Environment (8.0_202-b08) (build 1.8.0_202-b08)
# Java VM: Java HotSpot(TM) 64-Bit Server VM (25.202-b08 mixed mode windows-amd64 compressed oops)
# Problematic frame:
# V  [jvm.dll+0x14fead]
#
# Failed to write core dump. Minidumps are not enabled by default on client versions of Windows
#
# If you would like to submit a bug report, please visit:
#   http://bugreport.java.com/bugreport/crash.jsp
#

---------------  T H R E A D  ---------------

Current thread (0x0000000020039800):  JavaThread "AWT-Windows" daemon [_thread_in_vm, id=22060, stack(0x0000000020790000,0x0000000020890000)]

siginfo: ExceptionCode=0xc0000005, reading address 0x0000000000000000

Registers:
RAX=0x0000000000000000, RBX=0x0000000020039800, RCX=0x0000000000000980, RDX=0x000000001de96830
RSP=0x000000002088f160, RBP=0x000000002088f258, RSI=0x0000000000000000, RDI=0x00000000200399f8
R8 =0x0000000000000000, R9 =0x000000002088f258, R10=0x000000000149cd70, R11=0x0000000000000000
R12=0x000000001de96830, R13=0x0000000000000308, R14=0x00000000000d1cb8, R15=0x0000000000000000
RIP=0x0000000072b0fead, EFLAGS=0x0000000000010246

Top of Stack: (sp=0x000000002088f160)
0x000000002088f160:   000000002088f3a8 0000000000000308
0x000000002088f170:   0000000000000001 00007ffed0b4d39d
0x000000002088f180:   000000002088f3a8 ffffffff00000000
0x000000002088f190:   0000000000000000 fffffffffffffffe
0x000000002088f1a0:   0000000000000001 00007ffed0b4e279
0x000000002088f1b0:   0000000020039800 0000000000000000
0x000000002088f1c0:   0000000000000000 0000000000000001
0x000000002088f1d0:   fffffffffffffffe 0000000072b0731f
0x000000002088f1e0:   000000002088f388 00007ffef52436ca
0x000000002088f1f0:   000000000061a000 0000000000030000
0x000000002088f200:   0000000000000000 00007ffed0ae9e28
0x000000002088f210:   0000000000000000 0000000000000000
0x000000002088f220:   0000000000000000 0000000000000000
0x000000002088f230:   00000000200399f8 00007ffed0b09d37
0x000000002088f240:   0000000000000000 0000000000000000
0x000000002088f250:   0000000000000000 0000000000000000 

Instructions: (pc=0x0000000072b0fead)
0x0000000072b0fe8d:   00 48 83 7b 08 00 48 89 5c 24 50 48 c7 44 24 58
0x0000000072b0fe9d:   00 00 00 00 74 0a 48 8d 4c 24 50 e8 03 ef 12 00
0x0000000072b0fead:   48 8b 06 c7 44 24 40 0e 00 00 00 48 8d 4c 24 70
0x0000000072b0febd:   48 8b 50 08 0f b7 42 24 48 8b 52 08 48 8b 54 c2 


Register to memory mapping:

RAX=0x0000000000000000 is an unknown value
RBX=0x0000000020039800 is a thread
RCX=0x0000000000000980 is an unknown value
RDX=0x000000001de96830 is a global jni handle
RSP=0x000000002088f160 is pointing into the stack for thread: 0x0000000020039800
RBP=0x000000002088f258 is pointing into the stack for thread: 0x0000000020039800
RSI=0x0000000000000000 is an unknown value
RDI=0x00000000200399f8 is an unknown value
R8 =0x0000000000000000 is an unknown value
R9 =0x000000002088f258 is pointing into the stack for thread: 0x0000000020039800
R10=0x000000000149cd70 is an unknown value
R11=0x0000000000000000 is an unknown value
R12=0x000000001de96830 is a global jni handle
R13=0x0000000000000308 is an unknown value
R14=0x00000000000d1cb8 is an unknown value
R15=0x0000000000000000 is an unknown value


Stack: [0x0000000020790000,0x0000000020890000],  sp=0x000000002088f160,  free space=1020k
Native frames: (J=compiled Java code, j=interpreted, Vv=VM code, C=native code)
V  [jvm.dll+0x14fead]
C  [awt.dll+0x69e28]
C  [awt.dll+0x89d37]
C  [awt.dll+0xcda3c]
C  [USER32.dll+0x15b6d]
C  [USER32.dll+0x15562]
C  [awt.dll+0xcd32c]
C  [awt.dll+0xcd5db]
C  0x0000000002d28c67

Java frames: (J=compiled Java code, j=interpreted, Vv=VM code)
j  sun.awt.windows.WToolkit.eventLoop()V+0
j  sun.awt.windows.WToolkit.run()V+58
j  java.lang.Thread.run()V+11
v  ~StubRoutines::call_stub

---------------  P R O C E S S  ---------------

Java Threads: ( => current thread )
  0x00000000296e0800 JavaThread "Detect hyperlinks at caret" daemon [_thread_blocked, id=23624, stack(0x0000000031530000,0x0000000031630000)]
  0x00000000296de800 JavaThread "Tooltip timer in CC Editor" daemon [_thread_blocked, id=30672, stack(0x0000000031430000,0x0000000031530000)]
  0x00000000296d9000 JavaThread "Collect project resource thread" daemon [_thread_blocked, id=26020, stack(0x0000000030f20000,0x0000000031020000)]
  0x00000000296d7000 JavaThread "Show host component tooltip timer" daemon [_thread_blocked, id=25744, stack(0x0000000030b20000,0x0000000030c20000)]
  0x00000000296dd800 JavaThread "OxygenSingletonChecker-Thread" [_thread_in_native, id=24324, stack(0x000000002f980000,0x000000002fa80000)]
  0x00000000296db800 JavaThread "pool-7-thread-4" [_thread_blocked, id=26288, stack(0x0000000030a20000,0x0000000030b20000)]
  0x00000000296d4000 JavaThread "pool-7-thread-3" [_thread_blocked, id=13216, stack(0x0000000030920000,0x0000000030a20000)]
  0x00000000296da800 JavaThread "pool-7-thread-2" [_thread_blocked, id=14536, stack(0x000000002f350000,0x000000002f450000)]
  0x00000000296d3000 JavaThread "pool-7-thread-1" [_thread_blocked, id=28468, stack(0x000000002d470000,0x000000002d570000)]
  0x00000000296d7800 JavaThread "AuthorExtensionBuilder" daemon [_thread_blocked, id=19884, stack(0x000000002f880000,0x000000002f980000)]
  0x0000000023424000 JavaThread "Brackets Highlighter" [_thread_blocked, id=29124, stack(0x000000002d080000,0x000000002d180000)]
  0x0000000023428800 JavaThread "Mark occurrences in current file" daemon [_thread_blocked, id=2492, stack(0x000000002a190000,0x000000002a290000)]
  0x0000000023427000 JavaThread "'Save backup info' timer" [_thread_blocked, id=28048, stack(0x0000000029e70000,0x0000000029f70000)]
  0x0000000023422800 JavaThread "" [_thread_blocked, id=19780, stack(0x00000000289a0000,0x0000000028aa0000)]
  0x0000000023425000 JavaThread "DocumentTypeProviderTimer" daemon [_thread_blocked, id=28732, stack(0x0000000000dc0000,0x0000000000ec0000)]
  0x0000000023426800 JavaThread "DB Sessions Manager fire timer" daemon [_thread_blocked, id=27056, stack(0x00000000273d0000,0x00000000274d0000)]
  0x0000000023423800 JavaThread "AutomaticallyValidation" daemon [_thread_blocked, id=10952, stack(0x0000000026cd0000,0x00000000271d0000)]
  0x0000000023422000 JavaThread "Autosave" daemon [_thread_blocked, id=20180, stack(0x0000000026bd0000,0x0000000026cd0000)]
  0x000000001fe2d000 JavaThread "TimerQueue" daemon [_thread_blocked, id=2756, stack(0x0000000025680000,0x0000000025780000)]
  0x00000000219de800 JavaThread "AutomaticallyValidation" daemon [_thread_blocked, id=25256, stack(0x0000000024f80000,0x0000000025480000)]
  0x0000000021b9b800 JavaThread "Autosave" daemon [_thread_blocked, id=25736, stack(0x0000000022cc0000,0x0000000022dc0000)]
  0x0000000021206000 JavaThread "AWT-EventQueue-0" [_thread_blocked, id=26168, stack(0x0000000024380000,0x0000000024480000)]
  0x0000000021484800 JavaThread "AWT-Shutdown" [_thread_blocked, id=10836, stack(0x0000000024280000,0x0000000024380000)]
=>0x0000000020039800 JavaThread "AWT-Windows" daemon [_thread_in_vm, id=22060, stack(0x0000000020790000,0x0000000020890000)]
  0x0000000020038000 JavaThread "Java2D Disposer" daemon [_thread_blocked, id=25676, stack(0x0000000020590000,0x0000000020690000)]
  0x000000001de68800 JavaThread "Service Thread" daemon [_thread_blocked, id=3980, stack(0x000000001f820000,0x000000001f920000)]
  0x000000001ddfb000 JavaThread "C1 CompilerThread3" daemon [_thread_blocked, id=500, stack(0x000000001f720000,0x000000001f820000)]
  0x000000001dde2800 JavaThread "C2 CompilerThread2" daemon [_thread_blocked, id=29232, stack(0x000000001f620000,0x000000001f720000)]
  0x000000001dddd800 JavaThread "C2 CompilerThread1" daemon [_thread_blocked, id=28660, stack(0x000000001f520000,0x000000001f620000)]
  0x000000001ddd5000 JavaThread "C2 CompilerThread0" daemon [_thread_blocked, id=4164, stack(0x000000001f420000,0x000000001f520000)]
  0x000000001ddcf800 JavaThread "Attach Listener" daemon [_thread_blocked, id=27996, stack(0x000000001f320000,0x000000001f420000)]
  0x000000001ddce800 JavaThread "Signal Dispatcher" daemon [_thread_blocked, id=19920, stack(0x000000001f220000,0x000000001f320000)]
  0x000000001ddc3000 JavaThread "Finalizer" daemon [_thread_blocked, id=13428, stack(0x000000001f020000,0x000000001f120000)]
  0x0000000002d0c800 JavaThread "Reference Handler" daemon [_thread_blocked, id=21424, stack(0x000000001ef20000,0x000000001f020000)]
  0x0000000002c13800 JavaThread "main" [_thread_blocked, id=17268, stack(0x0000000000840000,0x0000000000940000)]

Other Threads:
  0x000000001c6f8000 VMThread [stack: 0x000000001ee20000,0x000000001ef20000] [id=27984]
  0x000000001de85000 WatcherThread [stack: 0x000000001f920000,0x000000001fa20000] [id=28684]

VM state:not at safepoint (normal execution)

VM Mutex/Monitor currently owned by a thread: None

heap address: 0x00000006c6000000, size: 4000 MB, Compressed Oops mode: Zero based, Oop shift amount: 3
Narrow klass base: 0x0000000000000000, Narrow klass shift: 3
Compressed class space size: 1073741824 Address: 0x00000007c0000000

Heap:
 PSYoungGen      total 469504K, used 171900K [0x000000076cb00000, 0x0000000790e00000, 0x00000007c0000000)
  eden space 354816K, 43% used [0x000000076cb00000,0x00000007761b3e88,0x0000000782580000)
  from space 114688K, 15% used [0x0000000782580000,0x00000007836ab1c8,0x0000000789580000)
  to   space 110592K, 0% used [0x000000078a200000,0x000000078a200000,0x0000000790e00000)
 ParOldGen       total 667648K, used 140515K [0x00000006c6000000, 0x00000006eec00000, 0x000000076cb00000)
  object space 667648K, 21% used [0x00000006c6000000,0x00000006ce938e90,0x00000006eec00000)
 Metaspace       used 100453K, capacity 101546K, committed 102400K, reserved 1136640K
  class space    used 15600K, capacity 15858K, committed 15872K, reserved 1048576K

Card table byte_map: [0x00000000120d0000,0x00000000128b0000] byte_map_base: 0x000000000eaa0000

Marking Bits: (ParMarkBitMap*) 0x00000000731e5ce0
 Begin Bits: [0x00000000137f0000, 0x0000000017670000)
 End Bits:   [0x0000000017670000, 0x000000001b4f0000)

Polling page: 0x0000000002a10000

CodeCache: size=245760Kb used=59747Kb max_used=59747Kb free=186012Kb
 bounds [0x0000000002d10000, 0x00000000067d0000, 0x0000000011d10000]
 total_blobs=16714 nmethods=15786 adapters=836
 compilation: enabled

Compilation events (10 events):
Event: 720.572 Thread 0x000000001ddfb000 21021       3       org.apache.xerces.impl.xs.SchemaGrammar::getGlobalTypeDecl (12 bytes)
Event: 720.573 Thread 0x000000001ddfb000 nmethod 21021 0x00000000067bdcd0 code [0x00000000067bde80, 0x00000000067be468]
Event: 720.574 Thread 0x000000001ddfb000 21022       3       org.apache.xerces.impl.dtd.XMLDTDProcessor::startDTD (73 bytes)
Event: 720.575 Thread 0x000000001ddfb000 nmethod 21022 0x00000000067c0150 code [0x00000000067c0300, 0x00000000067c0aa8]
Event: 720.584 Thread 0x000000001ddfb000 21023  s    3       ro.sync.xml.transformer.s::p (16 bytes)
Event: 720.584 Thread 0x000000001ddfb000 nmethod 21023 0x00000000067b8050 code [0x00000000067b81e0, 0x00000000067b86b8]
Event: 720.585 Thread 0x000000001ddfb000 21024       3       ro.sync.ui.f.m::e (55 bytes)
Event: 720.586 Thread 0x000000001ddfb000 nmethod 21024 0x00000000067c2a90 code [0x00000000067c2c20, 0x00000000067c3248]
Event: 720.586 Thread 0x000000001ddfb000 21025       3       ro.sync.ui.f.m::jb (42 bytes)
Event: 720.586 Thread 0x000000001ddfb000 nmethod 21025 0x00000000067c1dd0 code [0x00000000067c1f80, 0x00000000067c2690]

GC Heap History (10 events):
Event: 418.074 GC heap before
{Heap before GC invocations=23 (full 4):
 PSYoungGen      total 417792K, used 306688K [0x000000076cb00000, 0x000000078ef00000, 0x00000007c0000000)
  eden space 306688K, 100% used [0x000000076cb00000,0x000000077f680000,0x000000077f680000)
  from space 111104K, 0% used [0x0000000786e80000,0x0000000786e80000,0x000000078db00000)
  to   space 122880K, 0% used [0x000000077f680000,0x000000077f680000,0x0000000786e80000)
 ParOldGen       total 667648K, used 140475K [0x00000006c6000000, 0x00000006eec00000, 0x000000076cb00000)
  object space 667648K, 21% used [0x00000006c6000000,0x00000006ce92ee90,0x00000006eec00000)
 Metaspace       used 97208K, capacity 98278K, committed 99328K, reserved 1132544K
  class space    used 15419K, capacity 15654K, committed 15744K, reserved 1048576K
Event: 418.082 GC heap after
Heap after GC invocations=23 (full 4):
 PSYoungGen      total 429568K, used 11648K [0x000000076cb00000, 0x0000000790780000, 0x00000007c0000000)
  eden space 306688K, 0% used [0x000000076cb00000,0x000000076cb00000,0x000000077f680000)
  from space 122880K, 9% used [0x000000077f680000,0x00000007801e0240,0x0000000786e80000)
  to   space 122368K, 0% used [0x0000000789000000,0x0000000789000000,0x0000000790780000)
 ParOldGen       total 667648K, used 140483K [0x00000006c6000000, 0x00000006eec00000, 0x000000076cb00000)
  object space 667648K, 21% used [0x00000006c6000000,0x00000006ce930e90,0x00000006eec00000)
 Metaspace       used 97208K, capacity 98278K, committed 99328K, reserved 1132544K
  class space    used 15419K, capacity 15654K, committed 15744K, reserved 1048576K
}
Event: 452.167 GC heap before
{Heap before GC invocations=24 (full 4):
 PSYoungGen      total 429568K, used 318336K [0x000000076cb00000, 0x0000000790780000, 0x00000007c0000000)
  eden space 306688K, 100% used [0x000000076cb00000,0x000000077f680000,0x000000077f680000)
  from space 122880K, 9% used [0x000000077f680000,0x00000007801e0240,0x0000000786e80000)
  to   space 122368K, 0% used [0x0000000789000000,0x0000000789000000,0x0000000790780000)
 ParOldGen       total 667648K, used 140483K [0x00000006c6000000, 0x00000006eec00000, 0x000000076cb00000)
  object space 667648K, 21% used [0x00000006c6000000,0x00000006ce930e90,0x00000006eec00000)
 Metaspace       used 97637K, capacity 98696K, committed 99584K, reserved 1132544K
  class space    used 15435K, capacity 15687K, committed 15744K, reserved 1048576K
Event: 452.172 GC heap after
Heap after GC invocations=24 (full 4):
 PSYoungGen      total 448512K, used 8954K [0x000000076cb00000, 0x000000078ff00000, 0x00000007c0000000)
  eden space 334848K, 0% used [0x000000076cb00000,0x000000076cb00000,0x0000000781200000)
  from space 113664K, 7% used [0x0000000789000000,0x00000007898be850,0x000000078ff00000)
  to   space 121344K, 0% used [0x0000000781200000,0x0000000781200000,0x0000000788880000)
 ParOldGen       total 667648K, used 140491K [0x00000006c6000000, 0x00000006eec00000, 0x000000076cb00000)
  object space 667648K, 21% used [0x00000006c6000000,0x00000006ce932e90,0x00000006eec00000)
 Metaspace       used 97637K, capacity 98696K, committed 99584K, reserved 1132544K
  class space    used 15435K, capacity 15687K, committed 15744K, reserved 1048576K
}
Event: 497.294 GC heap before
{Heap before GC invocations=25 (full 4):
 PSYoungGen      total 448512K, used 343802K [0x000000076cb00000, 0x000000078ff00000, 0x00000007c0000000)
  eden space 334848K, 100% used [0x000000076cb00000,0x0000000781200000,0x0000000781200000)
  from space 113664K, 7% used [0x0000000789000000,0x00000007898be850,0x000000078ff00000)
  to   space 121344K, 0% used [0x0000000781200000,0x0000000781200000,0x0000000788880000)
 ParOldGen       total 667648K, used 140491K [0x00000006c6000000, 0x00000006eec00000, 0x000000076cb00000)
  object space 667648K, 21% used [0x00000006c6000000,0x00000006ce932e90,0x00000006eec00000)
 Metaspace       used 99467K, capacity 100548K, committed 101376K, reserved 1134592K
  class space    used 15587K, capacity 15825K, committed 15872K, reserved 1048576K
Event: 497.314 GC heap after
Heap after GC invocations=25 (full 4):
 PSYoungGen      total 456192K, used 19336K [0x000000076cb00000, 0x0000000791080000, 0x00000007c0000000)
  eden space 334848K, 0% used [0x000000076cb00000,0x000000076cb00000,0x0000000781200000)
  from space 121344K, 15% used [0x0000000781200000,0x00000007824e23e0,0x0000000788880000)
  to   space 117760K, 0% used [0x0000000789d80000,0x0000000789d80000,0x0000000791080000)
 ParOldGen       total 667648K, used 140499K [0x00000006c6000000, 0x00000006eec00000, 0x000000076cb00000)
  object space 667648K, 21% used [0x00000006c6000000,0x00000006ce934e90,0x00000006eec00000)
 Metaspace       used 99467K, capacity 100548K, committed 101376K, reserved 1134592K
  class space    used 15587K, capacity 15825K, committed 15872K, reserved 1048576K
}
Event: 628.431 GC heap before
{Heap before GC invocations=26 (full 4):
 PSYoungGen      total 456192K, used 354184K [0x000000076cb00000, 0x0000000791080000, 0x00000007c0000000)
  eden space 334848K, 100% used [0x000000076cb00000,0x0000000781200000,0x0000000781200000)
  from space 121344K, 15% used [0x0000000781200000,0x00000007824e23e0,0x0000000788880000)
  to   space 117760K, 0% used [0x0000000789d80000,0x0000000789d80000,0x0000000791080000)
 ParOldGen       total 667648K, used 140499K [0x00000006c6000000, 0x00000006eec00000, 0x000000076cb00000)
  object space 667648K, 21% used [0x00000006c6000000,0x00000006ce934e90,0x00000006eec00000)
 Metaspace       used 99892K, capacity 100932K, committed 101888K, reserved 1134592K
  class space    used 15592K, capacity 15825K, committed 15872K, reserved 1048576K
Event: 628.439 GC heap after
Heap after GC invocations=26 (full 4):
 PSYoungGen      total 461312K, used 14834K [0x000000076cb00000, 0x0000000790580000, 0x00000007c0000000)
  eden space 354816K, 0% used [0x000000076cb00000,0x000000076cb00000,0x0000000782580000)
  from space 106496K, 13% used [0x0000000789d80000,0x000000078abfcad8,0x0000000790580000)
  to   space 114688K, 0% used [0x0000000782580000,0x0000000782580000,0x0000000789580000)
 ParOldGen       total 667648K, used 140507K [0x00000006c6000000, 0x00000006eec00000, 0x000000076cb00000)
  object space 667648K, 21% used [0x00000006c6000000,0x00000006ce936e90,0x00000006eec00000)
 Metaspace       used 99892K, capacity 100932K, committed 101888K, reserved 1134592K
  class space    used 15592K, capacity 15825K, committed 15872K, reserved 1048576K
}
Event: 663.679 GC heap before
{Heap before GC invocations=27 (full 4):
 PSYoungGen      total 461312K, used 369650K [0x000000076cb00000, 0x0000000790580000, 0x00000007c0000000)
  eden space 354816K, 100% used [0x000000076cb00000,0x0000000782580000,0x0000000782580000)
  from space 106496K, 13% used [0x0000000789d80000,0x000000078abfcad8,0x0000000790580000)
  to   space 114688K, 0% used [0x0000000782580000,0x0000000782580000,0x0000000789580000)
 ParOldGen       total 667648K, used 140507K [0x00000006c6000000, 0x00000006eec00000, 0x000000076cb00000)
  object space 667648K, 21% used [0x00000006c6000000,0x00000006ce936e90,0x00000006eec00000)
 Metaspace       used 100320K, capacity 101386K, committed 102400K, reserved 1136640K
  class space    used 15596K, capacity 15826K, committed 15872K, reserved 1048576K
Event: 663.691 GC heap after
Heap after GC invocations=27 (full 4):
 PSYoungGen      total 469504K, used 17580K [0x000000076cb00000, 0x0000000790e00000, 0x00000007c0000000)
  eden space 354816K, 0% used [0x000000076cb00000,0x000000076cb00000,0x0000000782580000)
  from space 114688K, 15% used [0x0000000782580000,0x00000007836ab1c8,0x0000000789580000)
  to   space 110592K, 0% used [0x000000078a200000,0x000000078a200000,0x0000000790e00000)
 ParOldGen       total 667648K, used 140515K [0x00000006c6000000, 0x00000006eec00000, 0x000000076cb00000)
  object space 667648K, 21% used [0x00000006c6000000,0x00000006ce938e90,0x00000006eec00000)
 Metaspace       used 100320K, capacity 101386K, committed 102400K, reserved 1136640K
  class space    used 15596K, capacity 15826K, committed 15872K, reserved 1048576K
}

Deoptimization events (10 events):
Event: 663.716 Thread 0x0000000021206000 Uncommon trap: reason=class_check action=none pc=0x0000000004c3a198 method=java.awt.Font.equals(Ljava/lang/Object;)Z @ 12
Event: 663.717 Thread 0x0000000021206000 Uncommon trap: reason=class_check action=none pc=0x0000000004c3a198 method=java.awt.Font.equals(Ljava/lang/Object;)Z @ 12
Event: 663.717 Thread 0x0000000021206000 Uncommon trap: reason=class_check action=none pc=0x0000000004c3a198 method=java.awt.Font.equals(Ljava/lang/Object;)Z @ 12
Event: 663.719 Thread 0x0000000021206000 Uncommon trap: reason=class_check action=none pc=0x0000000004c3a198 method=java.awt.Font.equals(Ljava/lang/Object;)Z @ 12
Event: 698.586 Thread 0x0000000021206000 Uncommon trap: reason=class_check action=none pc=0x0000000004c3a198 method=java.awt.Font.equals(Ljava/lang/Object;)Z @ 12
Event: 699.208 Thread 0x0000000021206000 Uncommon trap: reason=unstable_if action=reinterpret pc=0x0000000005e8dc34 method=sun.awt.GlobalCursorManager._updateCursor(Z)V @ 37
Event: 717.601 Thread 0x0000000021206000 Uncommon trap: reason=class_check action=none pc=0x0000000004c3a198 method=java.awt.Font.equals(Ljava/lang/Object;)Z @ 12
Event: 718.414 Thread 0x0000000021206000 Uncommon trap: reason=class_check action=none pc=0x0000000004c3a198 method=java.awt.Font.equals(Ljava/lang/Object;)Z @ 12
Event: 718.428 Thread 0x0000000021206000 Uncommon trap: reason=class_check action=none pc=0x0000000004c3a198 method=java.awt.Font.equals(Ljava/lang/Object;)Z @ 12
Event: 718.428 Thread 0x0000000021206000 Uncommon trap: reason=class_check action=none pc=0x0000000004c3a198 method=java.awt.Font.equals(Ljava/lang/Object;)Z @ 12

Classes redefined (0 events):
No events

Internal exceptions (10 events):
Event: 717.601 Thread 0x0000000021206000 Exception <a 'java/lang/ClassCastException'> (0x000000076f75b4c0) thrown at [C:\re\workspace\8-2-build-windows-amd64-cygwin\jdk8u202\12323\hotspot\src\share\vm\runtime\sharedRuntime.cpp, line 605]
Event: 718.414 Thread 0x0000000021206000 Exception <a 'java/lang/ClassCastException'> (0x000000076f8b4e58) thrown at [C:\re\workspace\8-2-build-windows-amd64-cygwin\jdk8u202\12323\hotspot\src\share\vm\runtime\sharedRuntime.cpp, line 605]
Event: 718.414 Thread 0x0000000021206000 Exception <a 'java/lang/ClassCastException': java.awt.font.ShapeGraphicAttribute cannot be cast to java.awt.Font> (0x000000076f8b5990) thrown at [C:\re\workspace\8-2-build-windows-amd64-cygwin\jdk8u202\12323\hotspot\src\share\vm\interpreter\interpreterRun
Event: 718.414 Thread 0x0000000021206000 Exception <a 'java/lang/ClassCastException'> (0x000000076f8b6038) thrown at [C:\re\workspace\8-2-build-windows-amd64-cygwin\jdk8u202\12323\hotspot\src\share\vm\runtime\sharedRuntime.cpp, line 605]
Event: 718.428 Thread 0x0000000021206000 Exception <a 'java/lang/ClassCastException'> (0x000000076f969a28) thrown at [C:\re\workspace\8-2-build-windows-amd64-cygwin\jdk8u202\12323\hotspot\src\share\vm\runtime\sharedRuntime.cpp, line 605]
Event: 718.428 Thread 0x0000000021206000 Exception <a 'java/lang/ClassCastException': java.awt.font.ShapeGraphicAttribute cannot be cast to java.awt.Font> (0x000000076f96a3e8) thrown at [C:\re\workspace\8-2-build-windows-amd64-cygwin\jdk8u202\12323\hotspot\src\share\vm\interpreter\interpreterRun
Event: 718.428 Thread 0x0000000021206000 Exception <a 'java/lang/ClassCastException'> (0x000000076f96a8a8) thrown at [C:\re\workspace\8-2-build-windows-amd64-cygwin\jdk8u202\12323\hotspot\src\share\vm\runtime\sharedRuntime.cpp, line 605]
Event: 718.428 Thread 0x0000000021206000 Exception <a 'java/lang/ClassCastException'> (0x000000076f96d420) thrown at [C:\re\workspace\8-2-build-windows-amd64-cygwin\jdk8u202\12323\hotspot\src\share\vm\runtime\sharedRuntime.cpp, line 605]
Event: 718.428 Thread 0x0000000021206000 Exception <a 'java/lang/ClassCastException': java.awt.font.ShapeGraphicAttribute cannot be cast to java.awt.Font> (0x000000076f96dde0) thrown at [C:\re\workspace\8-2-build-windows-amd64-cygwin\jdk8u202\12323\hotspot\src\share\vm\interpreter\interpreterRun
Event: 718.428 Thread 0x0000000021206000 Exception <a 'java/lang/ClassCastException'> (0x000000076f96e2a0) thrown at [C:\re\workspace\8-2-build-windows-amd64-cygwin\jdk8u202\12323\hotspot\src\share\vm\runtime\sharedRuntime.cpp, line 605]

Events (10 events):
Event: 720.542 Thread 0x00000000285ee800 Thread added: 0x00000000285ee800
Event: 720.548 Thread 0x00000000285e9000 Thread added: 0x00000000285e9000
Event: 720.548 Thread 0x00000000285ee800 Thread exited: 0x00000000285ee800
Event: 720.551 Thread 0x00000000285e9000 Thread exited: 0x00000000285e9000
Event: 720.553 Thread 0x00000000285e9000 Thread added: 0x00000000285e9000
Event: 720.558 Thread 0x00000000285e9000 Thread exited: 0x00000000285e9000
Event: 720.561 Thread 0x00000000285e9000 Thread added: 0x00000000285e9000
Event: 720.566 Thread 0x00000000285e9000 Thread exited: 0x00000000285e9000
Event: 720.570 Thread 0x00000000285ec000 Thread added: 0x00000000285ec000
Event: 720.576 Thread 0x00000000285ec000 Thread exited: 0x00000000285ec000


Dynamic libraries:
0x00007ff7f1630000 - 0x00007ff7f16df000 	C:\Program Files\Oxygen XML Author 21\oxygenAuthor21.1.exe
0x00007ffef5500000 - 0x00007ffef56f0000 	C:\WINDOWS\SYSTEM32\ntdll.dll
0x00007ffef5400000 - 0x00007ffef54b2000 	C:\WINDOWS\System32\KERNEL32.DLL
0x00007ffef2530000 - 0x00007ffef27d3000 	C:\WINDOWS\System32\KERNELBASE.dll
0x0000000075450000 - 0x00000000754e5000 	C:\WINDOWS\System32\SYSFER.DLL
0x00007ffef41a0000 - 0x00007ffef4243000 	C:\WINDOWS\System32\ADVAPI32.dll
0x00007ffef44f0000 - 0x00007ffef458e000 	C:\WINDOWS\System32\msvcrt.dll
0x00007ffef50a0000 - 0x00007ffef5137000 	C:\WINDOWS\System32\sechost.dll
0x00007ffef4970000 - 0x00007ffef4a90000 	C:\WINDOWS\System32\RPCRT4.dll
0x00007ffecbfd0000 - 0x00007ffecc1f6000 	C:\WINDOWS\system32\ctiuser.dll
0x00007ffef5220000 - 0x00007ffef53b4000 	C:\WINDOWS\System32\USER32.dll
0x00007ffef2d00000 - 0x00007ffef2d21000 	C:\WINDOWS\System32\win32u.dll
0x00007ffef53c0000 - 0x00007ffef53e6000 	C:\WINDOWS\System32\GDI32.dll
0x00007ffef2ab0000 - 0x00007ffef2c44000 	C:\WINDOWS\System32\gdi32full.dll
0x00007ffef2490000 - 0x00007ffef252e000 	C:\WINDOWS\System32\msvcp_win.dll
0x00007ffef34b0000 - 0x00007ffef35aa000 	C:\WINDOWS\System32\ucrtbase.dll
0x00007ffef4810000 - 0x00007ffef4966000 	C:\WINDOWS\System32\ole32.dll
0x00007ffef4d00000 - 0x00007ffef5036000 	C:\WINDOWS\System32\combase.dll
0x00007ffef2c80000 - 0x00007ffef2d00000 	C:\WINDOWS\System32\bcryptPrimitives.dll
0x00007ffef53f0000 - 0x00007ffef53f8000 	C:\WINDOWS\System32\PSAPI.DLL
0x00007ffee8020000 - 0x00007ffee802a000 	C:\WINDOWS\SYSTEM32\FLTLIB.DLL
0x00007ffef4c00000 - 0x00007ffef4c2e000 	C:\WINDOWS\System32\IMM32.DLL
0x0000000068000000 - 0x000000006805e000 	C:\WINDOWS\System32\QIPCAP64.dll
0x00007ffef35b0000 - 0x00007ffef3c95000 	C:\WINDOWS\System32\SHELL32.dll
0x00007ffef27e0000 - 0x00007ffef282a000 	C:\WINDOWS\System32\cfgmgr32.dll
0x00007ffef4b50000 - 0x00007ffef4bf9000 	C:\WINDOWS\System32\shcore.dll
0x00007ffef2d30000 - 0x00007ffef34af000 	C:\WINDOWS\System32\windows.storage.dll
0x00007ffef2420000 - 0x00007ffef243f000 	C:\WINDOWS\System32\profapi.dll
0x00007ffef2440000 - 0x00007ffef248a000 	C:\WINDOWS\System32\powrprof.dll
0x00007ffef23d0000 - 0x00007ffef23e0000 	C:\WINDOWS\System32\UMPDC.dll
0x00007ffef5140000 - 0x00007ffef5192000 	C:\WINDOWS\System32\shlwapi.dll
0x00007ffef2400000 - 0x00007ffef2411000 	C:\WINDOWS\System32\kernel.appcore.dll
0x00007ffef2980000 - 0x00007ffef2997000 	C:\WINDOWS\System32\cryptsp.dll
0x00007ffef19a0000 - 0x00007ffef1a6a000 	C:\WINDOWS\SYSTEM32\DNSAPI.dll
0x00007ffef47a0000 - 0x00007ffef480f000 	C:\WINDOWS\System32\WS2_32.dll
0x00007ffef4190000 - 0x00007ffef4198000 	C:\WINDOWS\System32\NSI.dll
0x00007ffef1950000 - 0x00007ffef198a000 	C:\WINDOWS\SYSTEM32\IPHLPAPI.DLL
0x00007ffee07a0000 - 0x00007ffee0a25000 	C:\WINDOWS\WinSxS\amd64_microsoft.windows.common-controls_6595b64144ccf1df_6.0.18362.592_none_e6c0b1911312be02\comctl32.dll
0x00000000729c0000 - 0x0000000073265000 	c:\program files\oxygen xml author 21\jre\bin\server\jvm.dll
0x00007ffee25b0000 - 0x00007ffee25b9000 	C:\WINDOWS\SYSTEM32\WSOCK32.dll
0x00007ffee3290000 - 0x00007ffee32b4000 	C:\WINDOWS\SYSTEM32\WINMM.dll
0x00007ffeebd90000 - 0x00007ffeebd9a000 	C:\WINDOWS\SYSTEM32\VERSION.dll
0x0000000073390000 - 0x0000000073462000 	C:\WINDOWS\SYSTEM32\MSVCR100.dll
0x00007ffee46a0000 - 0x00007ffee46cd000 	C:\WINDOWS\SYSTEM32\WINMMBASE.dll
0x00007ffeeeeb0000 - 0x00007ffeeeebf000 	c:\program files\oxygen xml author 21\jre\bin\verify.dll
0x00007ffee7040000 - 0x00007ffee7069000 	c:\program files\oxygen xml author 21\jre\bin\java.dll
0x00007ffeed420000 - 0x00007ffeed436000 	c:\program files\oxygen xml author 21\jre\bin\zip.dll
0x0000000180000000 - 0x0000000180032000 	C:\Program Files\Oxygen XML Author 21\.install4j\i4jinst.dll
0x000000001fa20000 - 0x000000001fae4000 	C:\WINDOWS\System32\OLEAUT32.dll
0x00007ffeeeea0000 - 0x00007ffeeeead000 	C:\Program Files\Oxygen XML Author 21\jre\bin\management.dll
0x00007ffee7010000 - 0x00007ffee7036000 	C:\Program Files\Oxygen XML Author 21\jre\bin\JavaAccessBridge-64.dll
0x00007ffed0a80000 - 0x00007ffed0c19000 	C:\Program Files\Oxygen XML Author 21\jre\bin\awt.dll
0x00007ffeefaa0000 - 0x00007ffeefb2f000 	C:\WINDOWS\SYSTEM32\apphelp.dll
0x00007ffef0640000 - 0x00007ffef06d9000 	C:\WINDOWS\system32\uxtheme.dll
0x0000000020890000 - 0x00000000209c5000 	C:\WINDOWS\System32\MSCTF.dll
0x00007ffef08c0000 - 0x00007ffef08ed000 	C:\WINDOWS\system32\DWMAPI.DLL
0x00007ffec22c0000 - 0x00007ffec2416000 	C:\WINDOWS\system32\opengl32.dll
0x00007ffec2b10000 - 0x00007ffec2b3c000 	C:\WINDOWS\SYSTEM32\GLU32.dll
0x00007ffef1040000 - 0x00007ffef1060000 	C:\WINDOWS\SYSTEM32\dxcore.dll
0x00007ffef17b0000 - 0x00007ffef17e3000 	C:\WINDOWS\system32\rsaenh.dll
0x00007ffef2c50000 - 0x00007ffef2c76000 	C:\WINDOWS\System32\bcrypt.dll
0x00007ffef22f0000 - 0x00007ffef2315000 	C:\WINDOWS\SYSTEM32\USERENV.dll
0x00007ffef1e10000 - 0x00007ffef1e1c000 	C:\WINDOWS\SYSTEM32\CRYPTBASE.dll
0x00007ffee9e60000 - 0x00007ffee9e7a000 	C:\Program Files\Oxygen XML Author 21\jre\bin\net.dll
0x00007ffee3ab0000 - 0x00007ffee3c86000 	C:\WINDOWS\SYSTEM32\urlmon.dll
0x00007ffee7660000 - 0x00007ffee7906000 	C:\WINDOWS\SYSTEM32\iertutil.dll
0x00007ffef1c40000 - 0x00007ffef1ca7000 	C:\WINDOWS\system32\mswsock.dll
0x00007ffeed2b0000 - 0x00007ffeed2c6000 	C:\WINDOWS\SYSTEM32\dhcpcsvc6.DLL
0x00007ffeed160000 - 0x00007ffeed17c000 	C:\WINDOWS\SYSTEM32\dhcpcsvc.DLL
0x00007ffee6a30000 - 0x00007ffee6a42000 	C:\Program Files\Oxygen XML Author 21\jre\bin\nio.dll
0x000000001fb60000 - 0x000000001fb98000 	C:\Program Files\Oxygen XML Author 21\lib\com\sun\jna\win32-x86-64\jnidispatch.dll
0x00007ffee1d60000 - 0x00007ffee1da7000 	C:\Program Files\Oxygen XML Author 21\jre\bin\fontmanager.dll
0x00007ffed5650000 - 0x00007ffed56ee000 	C:\WINDOWS\System32\TextInputFramework.dll
0x00007ffed6d30000 - 0x00007ffed705a000 	C:\WINDOWS\System32\CoreUIComponents.dll
0x00007ffeefb90000 - 0x00007ffeefc64000 	C:\WINDOWS\System32\CoreMessaging.dll
0x00007ffef1400000 - 0x00007ffef1431000 	C:\WINDOWS\SYSTEM32\ntmarta.dll
0x00007ffeec8e0000 - 0x00007ffeeca33000 	C:\WINDOWS\SYSTEM32\wintypes.dll
0x00007ffee1cf0000 - 0x00007ffee1d32000 	C:\Program Files\Oxygen XML Author 21\jre\bin\t2k.dll
0x00007ffed6300000 - 0x00007ffed632a000 	C:\Program Files\Oxygen XML Author 21\jre\bin\dcpr.dll
0x000000001fc10000 - 0x000000001fc27000 	C:\Program Files\Oxygen XML Author 21\lib\WindowsNativeHelper64.dll
0x00007ffef4420000 - 0x00007ffef44f0000 	C:\WINDOWS\System32\comdlg32.dll
0x00007ffee5340000 - 0x00007ffee53e9000 	C:\WINDOWS\WinSxS\amd64_microsoft.windows.common-controls_6595b64144ccf1df_5.82.18362.592_none_2a2c5e32466583af\comctl32.dll
0x00007ffedb2f0000 - 0x00007ffedb306000 	C:\WINDOWS\system32\napinsp.dll
0x00007ffedb2d0000 - 0x00007ffedb2ea000 	C:\WINDOWS\system32\pnrpnsp.dll
0x00007ffede4e0000 - 0x00007ffede4ee000 	C:\WINDOWS\System32\winrnr.dll
0x00007ffef00f0000 - 0x00007ffef010c000 	C:\WINDOWS\system32\NLAapi.dll
0x00007ffedb2b0000 - 0x00007ffedb2c5000 	C:\WINDOWS\system32\wshbth.dll
0x00007ffeed6d0000 - 0x00007ffeed747000 	C:\WINDOWS\System32\fwpuclnt.dll
0x00007ffeeacc0000 - 0x00007ffeeacca000 	C:\Windows\System32\rasadhlp.dll
0x0000000022e30000 - 0x0000000022ea8000 	\\?\C:\PROGRA~1\OXYGEN~1\lib\hunspell\HUNSPE~2.DLL
0x00007ffef4aa0000 - 0x00007ffef4b42000 	C:\WINDOWS\System32\clbcatq.dll
0x00007ffed6800000 - 0x00007ffed69af000 	C:\WINDOWS\SYSTEM32\WindowsCodecs.dll
0x00007ffec2a60000 - 0x00007ffec2a9a000 	C:\WINDOWS\system32\dataexchange.dll
0x00007ffeef020000 - 0x00007ffeef27b000 	C:\WINDOWS\system32\d3d11.dll
0x00007ffeef5f0000 - 0x00007ffeef7cb000 	C:\WINDOWS\system32\dcomp.dll
0x00007ffef10d0000 - 0x00007ffef11bb000 	C:\WINDOWS\system32\dxgi.dll
0x00007ffef0320000 - 0x00007ffef057a000 	C:\WINDOWS\system32\twinapi.appcore.dll
0x00007ffef09a0000 - 0x00007ffef09c9000 	C:\WINDOWS\system32\RMCLIENT.dll
0x00007ffef0d10000 - 0x00007ffef0f04000 	C:\WINDOWS\SYSTEM32\dbghelp.dll
0x00007ffee1e40000 - 0x00007ffee1e6a000 	C:\WINDOWS\SYSTEM32\dbgcore.DLL

VM Arguments:
jvm_args: -Dexe4j.semaphoreName=Local\c:_program_files_oxygen_xml_author_21_oxygenauthor21.1.exe -Dexe4j.isInstall4j=true -Dexe4j.moduleName=C:\Program Files\Oxygen XML Author 21\oxygenAuthor21.1.exe -Dexe4j.tempDir= -Dexe4j.unextractedPosition=0 -Djava.library.path=c:\program files\oxygen xml author 21\jre\bin;C:\Program Files\Oxygen XML Author 21\.\jre\bin;C:\Program Files (x86)\Common Files\Oracle\Java\javapath;C:\WINDOWS\system32;C:\WINDOWS;C:\WINDOWS\System32\Wbem;C:\WINDOWS\System32\WindowsPowerShell\v1.0\;C:\WINDOWS\System32\OpenSSH\;C:\Program Files\Git\cmd;C:\Program Files (x86)\HCL\SafeLinx Client\;C:\Program Files\Intel\WiFi\bin\;C:\Program Files\Common Files\Intel\WirelessCommon\;C:\Program Files (x86)\ooRexx;C:\DITATools\IDWB\bin;C:\Program Files\Amazon\AWSCLI\bin\;C:\Users\rebecca.nethala\dita-otv-0.1.7\dita-ot\bin;C:\Users\rebecca.nethala\AppData\Local\GitHubDesktop\bin;C:\Users\rebecca.nethala\AppData\Local\Programs\Microsoft VS Code\bin -Dexe4j.consoleCodepage=cp0 -Dcom.oxygenxml.app.descriptor=ro.sync.exml.AuthorFrameDescriptor -XX:-OmitStackTraceInFastThrow -XX:SoftRefLRUPolicyMSPerMB=10 -Dsun.java2d.noddraw=true -Dsun.awt.nopixfmt=true -Dsun.java2d.dpiaware=true -Djava.net.preferIPv4Stack=true -Dsun.awt.keepWorkingSetOnMinimize=true -Dinstall4j.launcherId=19 -Dinstall4j.swt=false -Xmx4000m -Dcom.oxygenxml.language=English -XX:+UseParallelGC -XX:ErrorFile=C:\Users\REBECC~1.NET\AppData\Local\Temp\/oxy_jvm_crash.log -XX:OnError="C:\Program Files\Oxygen XML Author 21/rp.exe" 
java_command: C:\Program Files\Oxygen XML Author 21\oxygenAuthor21.1.exe
java_class_path (initial): C:\Program Files\Oxygen XML Author 21\.install4j\i4jruntime.jar;C:\Program Files\Oxygen XML Author 21\.\lib\oxygenAuthor.jar;C:\Program Files\Oxygen XML Author 21\.\lib\oxygen-basic-utilities.jar
Launcher Type: generic

Environment Variables:
PATH=c:\program files\oxygen xml author 21\jre\bin;C:\Program Files\Oxygen XML Author 21\.\jre\bin;C:\Program Files (x86)\Common Files\Oracle\Java\javapath;C:\WINDOWS\system32;C:\WINDOWS;C:\WINDOWS\System32\Wbem;C:\WINDOWS\System32\WindowsPowerShell\v1.0\;C:\WINDOWS\System32\OpenSSH\;C:\Program Files\Git\cmd;C:\Program Files (x86)\HCL\SafeLinx Client\;C:\Program Files\Intel\WiFi\bin\;C:\Program Files\Common Files\Intel\WirelessCommon\;C:\Program Files (x86)\ooRexx;C:\DITATools\IDWB\bin;C:\Program Files\Amazon\AWSCLI\bin\;C:\Users\rebecca.nethala\dita-otv-0.1.7\dita-ot\bin;C:\Users\rebecca.nethala\AppData\Local\GitHubDesktop\bin;C:\Users\rebecca.nethala\AppData\Local\Programs\Microsoft VS Code\bin
USERNAME=rebecca.nethala
OS=Windows_NT
PROCESSOR_IDENTIFIER=Intel64 Family 6 Model 158 Stepping 10, GenuineIntel



---------------  S Y S T E M  ---------------

OS: Windows 10.0 , 64 bit Build 18362 (10.0.18362.329)

CPU:total 12 (initial active 12) (6 cores per cpu, 2 threads per core) family 6 model 158 stepping 10, cmov, cx8, fxsr, mmx, sse, sse2, sse3, ssse3, sse4.1, sse4.2, popcnt, avx, avx2, aes, clmul, erms, 3dnowpref, lzcnt, ht, tsc, tscinvbit, bmi1, bmi2, adx

Memory: 4k page, physical 33282592k(16464176k free), swap 66837024k(46073516k free)

vm_info: Java HotSpot(TM) 64-Bit Server VM (25.202-b08) for windows-amd64 JRE (1.8.0_202-b08), built on Dec 15 2018 19:54:30 by "java_re" with MS VC++ 10.0 (VS2010)

time: Thu Mar 25 19:14:00 2021
timezone: India Standard Time
elapsed time: 808 seconds (0d 0h 13m 28s)

