#
# A fatal error has been detected by the Java Runtime Environment:
#
#  EXCEPTION_ACCESS_VIOLATION (0xc0000005) at pc=0x0000000072b0fead, pid=24568, tid=0x0000000000000068
#
# JRE version: Java(TM) SE Runtime Environment (8.0_202-b08) (build 1.8.0_202-b08)
# Java VM: Java HotSpot(TM) 64-Bit Server VM (25.202-b08 mixed mode windows-amd64 compressed oops)
# Problematic frame:
# V  [jvm.dll+0x14fead]
#
# Failed to write core dump. Minidumps are not enabled by default on client versions of Windows
#
# If you would like to submit a bug report, please visit:
#   http://bugreport.java.com/bugreport/crash.jsp
#

---------------  T H R E A D  ---------------

Current thread (0x0000000020024000):  JavaThread "AWT-Windows" daemon [_thread_in_vm, id=104, stack(0x0000000020610000,0x0000000020710000)]

siginfo: ExceptionCode=0xc0000005, reading address 0x0000000000000000

Registers:
RAX=0x0000000000000000, RBX=0x0000000020024000, RCX=0x0000000000000400, RDX=0x0000000021a36488
RSP=0x000000002070e8e0, RBP=0x000000002070e9d8, RSI=0x0000000000000000, RDI=0x00000000200241f8
R8 =0x0000000000000000, R9 =0x000000002070e9d8, R10=0x00000000012302b0, R11=0x0000000000000000
R12=0x0000000021a36488, R13=0x0000000000000308, R14=0x0000000000151a94, R15=0x0000000000000000
RIP=0x0000000072b0fead, EFLAGS=0x0000000000010246

Top of Stack: (sp=0x000000002070e8e0)
0x000000002070e8e0:   000000002070eb28 0000000000000308
0x000000002070e8f0:   0000000000000001 00007ffed0b4d39d
0x000000002070e900:   000000002070eb28 ffffffff00000000
0x000000002070e910:   0000000000000000 fffffffffffffffe
0x000000002070e920:   0000000000000001 00007ffed0b4e279
0x000000002070e930:   0000000020024000 0000000000000000
0x000000002070e940:   0000000000000000 0000000000000001
0x000000002070e950:   fffffffffffffffe 0000000072b0731f
0x000000002070e960:   000000002070eb08 00007ffef52436ca
0x000000002070e970:   00000000006fb000 0000000000030000
0x000000002070e980:   0000000000000000 00007ffed0ae9e28
0x000000002070e990:   0000000000000000 0000000000000000
0x000000002070e9a0:   0000000000000000 0000000000000000
0x000000002070e9b0:   00000000200241f8 00007ffed0b09d37
0x000000002070e9c0:   0000000000000000 0000000000000000
0x000000002070e9d0:   0000000000000000 0000000000000000 

Instructions: (pc=0x0000000072b0fead)
0x0000000072b0fe8d:   00 48 83 7b 08 00 48 89 5c 24 50 48 c7 44 24 58
0x0000000072b0fe9d:   00 00 00 00 74 0a 48 8d 4c 24 50 e8 03 ef 12 00
0x0000000072b0fead:   48 8b 06 c7 44 24 40 0e 00 00 00 48 8d 4c 24 70
0x0000000072b0febd:   48 8b 50 08 0f b7 42 24 48 8b 52 08 48 8b 54 c2 


Register to memory mapping:

RAX=0x0000000000000000 is an unknown value
RBX=0x0000000020024000 is a thread
RCX=0x0000000000000400 is an unknown value
RDX=0x0000000021a36488 is a global jni handle
RSP=0x000000002070e8e0 is pointing into the stack for thread: 0x0000000020024000
RBP=0x000000002070e9d8 is pointing into the stack for thread: 0x0000000020024000
RSI=0x0000000000000000 is an unknown value
RDI=0x00000000200241f8 is an unknown value
R8 =0x0000000000000000 is an unknown value
R9 =0x000000002070e9d8 is pointing into the stack for thread: 0x0000000020024000
R10=0x00000000012302b0 is an unknown value
R11=0x0000000000000000 is an unknown value
R12=0x0000000021a36488 is a global jni handle
R13=0x0000000000000308 is an unknown value
R14=0x0000000000151a94 is an unknown value
R15=0x0000000000000000 is an unknown value


Stack: [0x0000000020610000,0x0000000020710000],  sp=0x000000002070e8e0,  free space=1018k
Native frames: (J=compiled Java code, j=interpreted, Vv=VM code, C=native code)
V  [jvm.dll+0x14fead]
C  [awt.dll+0x69e28]
C  [awt.dll+0x89d37]
C  [awt.dll+0xcda3c]
C  [USER32.dll+0x15b6d]
C  [USER32.dll+0x15562]
C  [awt.dll+0xcd32c]
C  [awt.dll+0xcd5db]
C  0x0000000002c38c67

Java frames: (J=compiled Java code, j=interpreted, Vv=VM code)
j  sun.awt.windows.WToolkit.eventLoop()V+0
j  sun.awt.windows.WToolkit.run()V+58
j  java.lang.Thread.run()V+11
v  ~StubRoutines::call_stub

---------------  P R O C E S S  ---------------

Java Threads: ( => current thread )
  0x00000000231ad000 JavaThread "Opened editors lock manager" [_thread_blocked, id=31832, stack(0x0000000031de0000,0x0000000031ee0000)]
  0x00000000231a8800 JavaThread "Swing-Shell" daemon [_thread_blocked, id=23704, stack(0x0000000031ee0000,0x0000000031fe0000)]
  0x0000000027e6e000 JavaThread "Batik CleanerThread" daemon [_thread_blocked, id=29464, stack(0x0000000022030000,0x0000000022130000)]
  0x0000000027e6b800 JavaThread "Detect hyperlinks at caret" daemon [_thread_blocked, id=14748, stack(0x00000000312e0000,0x00000000313e0000)]
  0x0000000027e71000 JavaThread "Tooltip timer in CC Editor" daemon [_thread_blocked, id=27076, stack(0x0000000030770000,0x0000000030870000)]
  0x0000000027e62800 JavaThread "Collect project resource thread" daemon [_thread_blocked, id=30588, stack(0x000000002ff40000,0x0000000030040000)]
  0x0000000027e68800 JavaThread "Show host component tooltip timer" daemon [_thread_blocked, id=29812, stack(0x000000002edd0000,0x000000002eed0000)]
  0x0000000027e65800 JavaThread "OxygenSingletonChecker-Thread" [_thread_in_native, id=9272, stack(0x000000002e580000,0x000000002e680000)]
  0x0000000027e65000 JavaThread "pool-8-thread-4" [_thread_blocked, id=29328, stack(0x0000000030de0000,0x0000000030ee0000)]
  0x0000000027e69800 JavaThread "pool-8-thread-3" [_thread_blocked, id=4256, stack(0x0000000030ce0000,0x0000000030de0000)]
  0x0000000027e67000 JavaThread "pool-8-thread-2" [_thread_blocked, id=28012, stack(0x0000000030060000,0x0000000030160000)]
  0x0000000027e64000 JavaThread "pool-8-thread-1" [_thread_blocked, id=16472, stack(0x000000002e880000,0x000000002e980000)]
  0x0000000027e62000 JavaThread "Thread-11" daemon [_thread_in_native, id=27708, stack(0x0000000002890000,0x0000000002990000)]
  0x0000000027e63800 JavaThread "AuthorExtensionBuilder" daemon [_thread_blocked, id=26236, stack(0x000000002e990000,0x000000002ea90000)]
  0x00000000231ab000 JavaThread "Brackets Highlighter" [_thread_blocked, id=27620, stack(0x000000002e080000,0x000000002e180000)]
  0x00000000231aa000 JavaThread "Mark occurrences in current file" daemon [_thread_blocked, id=4024, stack(0x000000002dd80000,0x000000002de80000)]
  0x00000000231a9800 JavaThread "'Save backup info' timer" [_thread_blocked, id=9324, stack(0x0000000029e20000,0x0000000029f20000)]
  0x00000000231ae000 JavaThread "" [_thread_blocked, id=28276, stack(0x0000000027980000,0x0000000027a80000)]
  0x00000000231a8000 JavaThread "DocumentTypeProviderTimer" daemon [_thread_blocked, id=21168, stack(0x0000000000d60000,0x0000000000e60000)]
  0x00000000231ac800 JavaThread "DB Sessions Manager fire timer" daemon [_thread_blocked, id=19088, stack(0x0000000027380000,0x0000000027480000)]
  0x00000000231ab800 JavaThread "AutomaticallyValidation" daemon [_thread_blocked, id=14796, stack(0x0000000026c80000,0x0000000027180000)]
  0x00000000231ae800 JavaThread "Autosave" daemon [_thread_blocked, id=4888, stack(0x0000000026b80000,0x0000000026c80000)]
  0x0000000021518000 JavaThread "TimerQueue" daemon [_thread_blocked, id=26356, stack(0x0000000025580000,0x0000000025680000)]
  0x0000000022e80800 JavaThread "AutomaticallyValidation" daemon [_thread_blocked, id=25580, stack(0x0000000024e80000,0x0000000025380000)]
  0x00000000218eb000 JavaThread "Autosave" daemon [_thread_blocked, id=17724, stack(0x0000000024d80000,0x0000000024e80000)]
  0x0000000020f87000 JavaThread "AWT-EventQueue-0" [_thread_blocked, id=20880, stack(0x00000000226c0000,0x00000000227c0000)]
  0x0000000020f86000 JavaThread "AWT-Shutdown" [_thread_blocked, id=14548, stack(0x00000000225c0000,0x00000000226c0000)]
=>0x0000000020024000 JavaThread "AWT-Windows" daemon [_thread_in_vm, id=104, stack(0x0000000020610000,0x0000000020710000)]
  0x000000001ffdf800 JavaThread "Java2D Disposer" daemon [_thread_blocked, id=25748, stack(0x000000001fab0000,0x000000001fbb0000)]
  0x000000001dd9e800 JavaThread "Service Thread" daemon [_thread_blocked, id=14480, stack(0x000000001f770000,0x000000001f870000)]
  0x000000001dd19000 JavaThread "C1 CompilerThread3" daemon [_thread_blocked, id=30472, stack(0x000000001f670000,0x000000001f770000)]
  0x000000001dd10800 JavaThread "C2 CompilerThread2" daemon [_thread_blocked, id=29848, stack(0x000000001f570000,0x000000001f670000)]
  0x000000001dd0b800 JavaThread "C2 CompilerThread1" daemon [_thread_blocked, id=14492, stack(0x000000001f470000,0x000000001f570000)]
  0x000000001dd01000 JavaThread "C2 CompilerThread0" daemon [_thread_blocked, id=29680, stack(0x000000001f370000,0x000000001f470000)]
  0x000000001dd00000 JavaThread "Attach Listener" daemon [_thread_blocked, id=2864, stack(0x000000001f270000,0x000000001f370000)]
  0x000000001dcff000 JavaThread "Signal Dispatcher" daemon [_thread_blocked, id=22872, stack(0x000000001f170000,0x000000001f270000)]
  0x000000001dcf3000 JavaThread "Finalizer" daemon [_thread_blocked, id=25136, stack(0x000000001ef70000,0x000000001f070000)]
  0x000000001c60c800 JavaThread "Reference Handler" daemon [_thread_blocked, id=11144, stack(0x000000001ee70000,0x000000001ef70000)]
  0x0000000002b03800 JavaThread "main" [_thread_blocked, id=11932, stack(0x0000000000800000,0x0000000000900000)]

Other Threads:
  0x000000001c608000 VMThread [stack: 0x000000001ed70000,0x000000001ee70000] [id=19740]
  0x000000001ddba800 WatcherThread [stack: 0x000000001f870000,0x000000001f970000] [id=30636]

VM state:not at safepoint (normal execution)

VM Mutex/Monitor currently owned by a thread: None

heap address: 0x00000006c6000000, size: 4000 MB, Compressed Oops mode: Zero based, Oop shift amount: 3
Narrow klass base: 0x0000000000000000, Narrow klass shift: 3
Compressed class space size: 1073741824 Address: 0x00000007c0000000

Heap:
 PSYoungGen      total 368640K, used 86706K [0x000000076cb00000, 0x0000000788e80000, 0x00000007c0000000)
  eden space 281088K, 23% used [0x000000076cb00000,0x0000000770a95998,0x000000077dd80000)
  from space 87552K, 24% used [0x0000000783900000,0x0000000784e170e8,0x0000000788e80000)
  to   space 90624K, 0% used [0x000000077dd80000,0x000000077dd80000,0x0000000783600000)
 ParOldGen       total 1107456K, used 187933K [0x00000006c6000000, 0x0000000709980000, 0x000000076cb00000)
  object space 1107456K, 16% used [0x00000006c6000000,0x00000006d1787668,0x0000000709980000)
 Metaspace       used 109745K, capacity 110826K, committed 111744K, reserved 1144832K
  class space    used 16691K, capacity 16964K, committed 17024K, reserved 1048576K

Card table byte_map: [0x0000000011fe0000,0x00000000127c0000] byte_map_base: 0x000000000e9b0000

Marking Bits: (ParMarkBitMap*) 0x00000000731e5ce0
 Begin Bits: [0x0000000013700000, 0x0000000017580000)
 End Bits:   [0x0000000017580000, 0x000000001b400000)

Polling page: 0x00000000026a0000

CodeCache: size=245760Kb used=82989Kb max_used=83001Kb free=162771Kb
 bounds [0x0000000002c20000, 0x0000000007dd0000, 0x0000000011c20000]
 total_blobs=21825 nmethods=20858 adapters=874
 compilation: enabled

Compilation events (10 events):
Event: 67038.492 Thread 0x000000001dd19000 28782       1       ro.sync.ui.f.f::l (5 bytes)
Event: 67038.492 Thread 0x000000001dd19000 nmethod 28782 0x000000000514e850 code [0x000000000514e9a0, 0x000000000514eab0]
Event: 67041.316 Thread 0x000000001dd10800 28783       4       ro.sync.ecss.css.Styles::isFilteredOut (24 bytes)
Event: 67041.319 Thread 0x000000001dd10800 nmethod 28783 0x000000000514e0d0 code [0x000000000514e240, 0x000000000514e458]
Event: 67041.366 Thread 0x000000001dd01000 28784       4       sun.java2d.pipe.AAShapePipe::renderPath (84 bytes)
Event: 67041.369 Thread 0x000000001dd01000 nmethod 28784 0x000000000514da10 code [0x000000000514db80, 0x000000000514ddf8]
Event: 67041.373 Thread 0x000000001dd0b800 28785   !   4       sun.dc.pr.Rasterizer::getAlpha (76 bytes)
Event: 67041.375 Thread 0x000000001dd0b800 nmethod 28785 0x0000000007dbe390 code [0x0000000007dbe500, 0x0000000007dbe8b8]
Event: 67047.567 Thread 0x000000001dd19000 28786       3       ro.sync.ecss.i.bc::<init> (31 bytes)
Event: 67047.568 Thread 0x000000001dd19000 nmethod 28786 0x0000000007dbdb50 code [0x0000000007dbdce0, 0x0000000007dbe110]

GC Heap History (10 events):
Event: 66845.348 GC heap before
{Heap before GC invocations=44 (full 4):
 PSYoungGen      total 354816K, used 354402K [0x000000076cb00000, 0x000000078b280000, 0x00000007c0000000)
  eden space 296448K, 100% used [0x000000076cb00000,0x000000077ec80000,0x000000077ec80000)
  from space 58368K, 99% used [0x000000077f000000,0x0000000782898a10,0x0000000782900000)
  to   space 101376K, 0% used [0x0000000784f80000,0x0000000784f80000,0x000000078b280000)
 ParOldGen       total 1107456K, used 146843K [0x00000006c6000000, 0x0000000709980000, 0x000000076cb00000)
  object space 1107456K, 13% used [0x00000006c6000000,0x00000006cef66f50,0x0000000709980000)
 Metaspace       used 109425K, capacity 110522K, committed 111488K, reserved 1144832K
  class space    used 16687K, capacity 16956K, committed 17024K, reserved 1048576K
Event: 66845.367 GC heap after
Heap after GC invocations=44 (full 4):
 PSYoungGen      total 384512K, used 54602K [0x000000076cb00000, 0x000000078a880000, 0x00000007c0000000)
  eden space 293376K, 0% used [0x000000076cb00000,0x000000076cb00000,0x000000077e980000)
  from space 91136K, 59% used [0x0000000784f80000,0x00000007884d2878,0x000000078a880000)
  to   space 97792K, 0% used [0x000000077e980000,0x000000077e980000,0x0000000784900000)
 ParOldGen       total 1107456K, used 149624K [0x00000006c6000000, 0x0000000709980000, 0x000000076cb00000)
  object space 1107456K, 13% used [0x00000006c6000000,0x00000006cf21e1f8,0x0000000709980000)
 Metaspace       used 109425K, capacity 110522K, committed 111488K, reserved 1144832K
  class space    used 16687K, capacity 16956K, committed 17024K, reserved 1048576K
}
Event: 66858.153 GC heap before
{Heap before GC invocations=45 (full 4):
 PSYoungGen      total 384512K, used 347978K [0x000000076cb00000, 0x000000078a880000, 0x00000007c0000000)
  eden space 293376K, 100% used [0x000000076cb00000,0x000000077e980000,0x000000077e980000)
  from space 91136K, 59% used [0x0000000784f80000,0x00000007884d2878,0x000000078a880000)
  to   space 97792K, 0% used [0x000000077e980000,0x000000077e980000,0x0000000784900000)
 ParOldGen       total 1107456K, used 149624K [0x00000006c6000000, 0x0000000709980000, 0x000000076cb00000)
  object space 1107456K, 13% used [0x00000006c6000000,0x00000006cf21e1f8,0x0000000709980000)
 Metaspace       used 109498K, capacity 110592K, committed 111744K, reserved 1144832K
  class space    used 16688K, capacity 16957K, committed 17024K, reserved 1048576K
Event: 66858.172 GC heap after
Heap after GC invocations=45 (full 4):
 PSYoungGen      total 334848K, used 44138K [0x000000076cb00000, 0x0000000789e80000, 0x00000007c0000000)
  eden space 290304K, 0% used [0x000000076cb00000,0x000000076cb00000,0x000000077e680000)
  from space 44544K, 99% used [0x000000077e980000,0x000000078149a890,0x0000000781500000)
  to   space 94208K, 0% used [0x0000000784280000,0x0000000784280000,0x0000000789e80000)
 ParOldGen       total 1107456K, used 156094K [0x00000006c6000000, 0x0000000709980000, 0x000000076cb00000)
  object space 1107456K, 14% used [0x00000006c6000000,0x00000006cf86f8f8,0x0000000709980000)
 Metaspace       used 109498K, capacity 110592K, committed 111744K, reserved 1144832K
  class space    used 16688K, capacity 16957K, committed 17024K, reserved 1048576K
}
Event: 66870.572 GC heap before
{Heap before GC invocations=46 (full 4):
 PSYoungGen      total 334848K, used 334442K [0x000000076cb00000, 0x0000000789e80000, 0x00000007c0000000)
  eden space 290304K, 100% used [0x000000076cb00000,0x000000077e680000,0x000000077e680000)
  from space 44544K, 99% used [0x000000077e980000,0x000000078149a890,0x0000000781500000)
  to   space 94208K, 0% used [0x0000000784280000,0x0000000784280000,0x0000000789e80000)
 ParOldGen       total 1107456K, used 156094K [0x00000006c6000000, 0x0000000709980000, 0x000000076cb00000)
  object space 1107456K, 14% used [0x00000006c6000000,0x00000006cf86f8f8,0x0000000709980000)
 Metaspace       used 109605K, capacity 110720K, committed 111744K, reserved 1144832K
  class space    used 16688K, capacity 16957K, committed 17024K, reserved 1048576K
Event: 66870.590 GC heap after
Heap after GC invocations=46 (full 4):
 PSYoungGen      total 372224K, used 45152K [0x000000076cb00000, 0x0000000789580000, 0x00000007c0000000)
  eden space 287232K, 0% used [0x000000076cb00000,0x000000076cb00000,0x000000077e380000)
  from space 84992K, 53% used [0x0000000784280000,0x0000000786e983d8,0x0000000789580000)
  to   space 91136K, 0% used [0x000000077e380000,0x000000077e380000,0x0000000783c80000)
 ParOldGen       total 1107456K, used 159228K [0x00000006c6000000, 0x0000000709980000, 0x000000076cb00000)
  object space 1107456K, 14% used [0x00000006c6000000,0x00000006cfb7f218,0x0000000709980000)
 Metaspace       used 109605K, capacity 110720K, committed 111744K, reserved 1144832K
  class space    used 16688K, capacity 16957K, committed 17024K, reserved 1048576K
}
Event: 67018.645 GC heap before
{Heap before GC invocations=47 (full 4):
 PSYoungGen      total 372224K, used 332384K [0x000000076cb00000, 0x0000000789580000, 0x00000007c0000000)
  eden space 287232K, 100% used [0x000000076cb00000,0x000000077e380000,0x000000077e380000)
  from space 84992K, 53% used [0x0000000784280000,0x0000000786e983d8,0x0000000789580000)
  to   space 91136K, 0% used [0x000000077e380000,0x000000077e380000,0x0000000783c80000)
 ParOldGen       total 1107456K, used 159228K [0x00000006c6000000, 0x0000000709980000, 0x000000076cb00000)
  object space 1107456K, 14% used [0x00000006c6000000,0x00000006cfb7f218,0x0000000709980000)
 Metaspace       used 109664K, capacity 110762K, committed 111744K, reserved 1144832K
  class space    used 16691K, capacity 16964K, committed 17024K, reserved 1048576K
Event: 67018.664 GC heap after
Heap after GC invocations=47 (full 4):
 PSYoungGen      total 312832K, used 28550K [0x000000076cb00000, 0x0000000789180000, 0x00000007c0000000)
  eden space 284160K, 0% used [0x000000076cb00000,0x000000076cb00000,0x000000077e080000)
  from space 28672K, 99% used [0x000000077e380000,0x000000077ff61a28,0x000000077ff80000)
  to   space 90624K, 0% used [0x0000000783900000,0x0000000783900000,0x0000000789180000)
 ParOldGen       total 1107456K, used 179609K [0x00000006c6000000, 0x0000000709980000, 0x000000076cb00000)
  object space 1107456K, 16% used [0x00000006c6000000,0x00000006d0f66558,0x0000000709980000)
 Metaspace       used 109664K, capacity 110762K, committed 111744K, reserved 1144832K
  class space    used 16691K, capacity 16964K, committed 17024K, reserved 1048576K
}
Event: 67037.314 GC heap before
{Heap before GC invocations=48 (full 4):
 PSYoungGen      total 312832K, used 312710K [0x000000076cb00000, 0x0000000789180000, 0x00000007c0000000)
  eden space 284160K, 100% used [0x000000076cb00000,0x000000077e080000,0x000000077e080000)
  from space 28672K, 99% used [0x000000077e380000,0x000000077ff61a28,0x000000077ff80000)
  to   space 90624K, 0% used [0x0000000783900000,0x0000000783900000,0x0000000789180000)
 ParOldGen       total 1107456K, used 179609K [0x00000006c6000000, 0x0000000709980000, 0x000000076cb00000)
  object space 1107456K, 16% used [0x00000006c6000000,0x00000006d0f66558,0x0000000709980000)
 Metaspace       used 109735K, capacity 110826K, committed 111744K, reserved 1144832K
  class space    used 16691K, capacity 16964K, committed 17024K, reserved 1048576K
Event: 67037.323 GC heap after
Heap after GC invocations=48 (full 4):
 PSYoungGen      total 368640K, used 21596K [0x000000076cb00000, 0x0000000788e80000, 0x00000007c0000000)
  eden space 281088K, 0% used [0x000000076cb00000,0x000000076cb00000,0x000000077dd80000)
  from space 87552K, 24% used [0x0000000783900000,0x0000000784e170e8,0x0000000788e80000)
  to   space 90624K, 0% used [0x000000077dd80000,0x000000077dd80000,0x0000000783600000)
 ParOldGen       total 1107456K, used 187933K [0x00000006c6000000, 0x0000000709980000, 0x000000076cb00000)
  object space 1107456K, 16% used [0x00000006c6000000,0x00000006d1787668,0x0000000709980000)
 Metaspace       used 109735K, capacity 110826K, committed 111744K, reserved 1144832K
  class space    used 16691K, capacity 16964K, committed 17024K, reserved 1048576K
}

Deoptimization events (10 events):
Event: 67041.365 Thread 0x0000000020f87000 Uncommon trap: reason=class_check action=none pc=0x00000000055cb574 method=java.awt.Font.equals(Ljava/lang/Object;)Z @ 12
Event: 67041.365 Thread 0x0000000020f87000 Uncommon trap: reason=class_check action=none pc=0x00000000073a0e90 method=java.awt.font.ShapeGraphicAttribute.equals(Ljava/lang/Object;)Z @ 2
Event: 67041.393 Thread 0x0000000020f87000 Uncommon trap: reason=class_check action=none pc=0x0000000007da8120 method=java.awt.font.ShapeGraphicAttribute.equals(Ljava/lang/Object;)Z @ 2
Event: 67041.393 Thread 0x0000000020f87000 Uncommon trap: reason=class_check action=none pc=0x00000000055cb574 method=java.awt.Font.equals(Ljava/lang/Object;)Z @ 12
Event: 67041.393 Thread 0x0000000020f87000 Uncommon trap: reason=class_check action=none pc=0x00000000073a0e90 method=java.awt.font.ShapeGraphicAttribute.equals(Ljava/lang/Object;)Z @ 2
Event: 67041.443 Thread 0x0000000020f87000 Uncommon trap: reason=class_check action=none pc=0x0000000007da8120 method=java.awt.font.ShapeGraphicAttribute.equals(Ljava/lang/Object;)Z @ 2
Event: 67041.443 Thread 0x0000000020f87000 Uncommon trap: reason=class_check action=none pc=0x00000000055cb574 method=java.awt.Font.equals(Ljava/lang/Object;)Z @ 12
Event: 67041.443 Thread 0x0000000020f87000 Uncommon trap: reason=class_check action=none pc=0x00000000073a0e90 method=java.awt.font.ShapeGraphicAttribute.equals(Ljava/lang/Object;)Z @ 2
Event: 67046.197 Thread 0x0000000020f87000 Uncommon trap: reason=unstable_if action=reinterpret pc=0x0000000004c245a0 method=ro.sync.exml.view.i.wdn(Ljava/awt/event/MouseEvent;)I @ 6
Event: 67047.200 Thread 0x0000000020f87000 Uncommon trap: reason=unstable_if action=reinterpret pc=0x00000000056d64a8 method=ro.sync.ecss.i.ob.qc(IILjava/lang/Class;Z)Lro/sync/ecss/i/bc; @ 58

Classes redefined (0 events):
No events

Internal exceptions (10 events):
Event: 67041.315 Thread 0x0000000020f87000 Exception <a 'java/lang/ClassCastException': java.awt.font.StyledParagraph cannot be cast to java.awt.font.ShapeGraphicAttribute> (0x00000007704f72c8) thrown at [C:\re\workspace\8-2-build-windows-amd64-cygwin\jdk8u202\12323\hotspot\src\share\vm\interprete
Event: 67041.365 Thread 0x0000000020f87000 Exception <a 'java/lang/ClassCastException': java.awt.Font cannot be cast to java.awt.font.ShapeGraphicAttribute> (0x00000007705d5b58) thrown at [C:\re\workspace\8-2-build-windows-amd64-cygwin\jdk8u202\12323\hotspot\src\share\vm\interpreter\interpreterRun
Event: 67041.365 Thread 0x0000000020f87000 Exception <a 'java/lang/ClassCastException': java.awt.font.ShapeGraphicAttribute cannot be cast to java.awt.Font> (0x00000007705d64a8) thrown at [C:\re\workspace\8-2-build-windows-amd64-cygwin\jdk8u202\12323\hotspot\src\share\vm\interpreter\interpreterRun
Event: 67041.365 Thread 0x0000000020f87000 Exception <a 'java/lang/ClassCastException': java.awt.font.StyledParagraph cannot be cast to java.awt.font.ShapeGraphicAttribute> (0x00000007705d6968) thrown at [C:\re\workspace\8-2-build-windows-amd64-cygwin\jdk8u202\12323\hotspot\src\share\vm\interprete
Event: 67041.393 Thread 0x0000000020f87000 Exception <a 'java/lang/ClassCastException': java.awt.Font cannot be cast to java.awt.font.ShapeGraphicAttribute> (0x0000000770682810) thrown at [C:\re\workspace\8-2-build-windows-amd64-cygwin\jdk8u202\12323\hotspot\src\share\vm\interpreter\interpreterRun
Event: 67041.393 Thread 0x0000000020f87000 Exception <a 'java/lang/ClassCastException': java.awt.font.ShapeGraphicAttribute cannot be cast to java.awt.Font> (0x0000000770683160) thrown at [C:\re\workspace\8-2-build-windows-amd64-cygwin\jdk8u202\12323\hotspot\src\share\vm\interpreter\interpreterRun
Event: 67041.393 Thread 0x0000000020f87000 Exception <a 'java/lang/ClassCastException': java.awt.font.StyledParagraph cannot be cast to java.awt.font.ShapeGraphicAttribute> (0x0000000770683620) thrown at [C:\re\workspace\8-2-build-windows-amd64-cygwin\jdk8u202\12323\hotspot\src\share\vm\interprete
Event: 67041.443 Thread 0x0000000020f87000 Exception <a 'java/lang/ClassCastException': java.awt.Font cannot be cast to java.awt.font.ShapeGraphicAttribute> (0x000000077078f928) thrown at [C:\re\workspace\8-2-build-windows-amd64-cygwin\jdk8u202\12323\hotspot\src\share\vm\interpreter\interpreterRun
Event: 67041.443 Thread 0x0000000020f87000 Exception <a 'java/lang/ClassCastException': java.awt.font.ShapeGraphicAttribute cannot be cast to java.awt.Font> (0x0000000770790278) thrown at [C:\re\workspace\8-2-build-windows-amd64-cygwin\jdk8u202\12323\hotspot\src\share\vm\interpreter\interpreterRun
Event: 67041.443 Thread 0x0000000020f87000 Exception <a 'java/lang/ClassCastException': java.awt.font.StyledParagraph cannot be cast to java.awt.font.ShapeGraphicAttribute> (0x0000000770790738) thrown at [C:\re\workspace\8-2-build-windows-amd64-cygwin\jdk8u202\12323\hotspot\src\share\vm\interprete

Events (10 events):
Event: 67041.443 Thread 0x0000000020f87000 DEOPT UNPACKING pc=0x0000000002c6583b sp=0x00000000227bbe80 mode 2
Event: 67041.443 Thread 0x0000000020f87000 Uncommon trap: trap_request=0xffffffdf fr.pc=0x00000000073a0e90
Event: 67041.443 Thread 0x0000000020f87000 DEOPT PACKING pc=0x00000000073a0e90 sp=0x00000000227bbee0
Event: 67041.443 Thread 0x0000000020f87000 DEOPT UNPACKING pc=0x0000000002c6583b sp=0x00000000227bbe68 mode 2
Event: 67046.197 Thread 0x0000000020f87000 Uncommon trap: trap_request=0xffffff65 fr.pc=0x0000000004c245a0
Event: 67046.197 Thread 0x0000000020f87000 DEOPT PACKING pc=0x0000000004c245a0 sp=0x00000000227bcf90
Event: 67046.197 Thread 0x0000000020f87000 DEOPT UNPACKING pc=0x0000000002c6583b sp=0x00000000227bce68 mode 2
Event: 67047.200 Thread 0x0000000020f87000 Uncommon trap: trap_request=0xffffff65 fr.pc=0x00000000056d64a8
Event: 67047.200 Thread 0x0000000020f87000 DEOPT PACKING pc=0x00000000056d64a8 sp=0x00000000227bd850
Event: 67047.200 Thread 0x0000000020f87000 DEOPT UNPACKING pc=0x0000000002c6583b sp=0x00000000227bd800 mode 2


Dynamic libraries:
0x00007ff7f1630000 - 0x00007ff7f16df000 	C:\Program Files\Oxygen XML Author 21\oxygenAuthor21.1.exe
0x00007ffef5500000 - 0x00007ffef56f0000 	C:\WINDOWS\SYSTEM32\ntdll.dll
0x00007ffef5400000 - 0x00007ffef54b2000 	C:\WINDOWS\System32\KERNEL32.DLL
0x00007ffef2530000 - 0x00007ffef27d3000 	C:\WINDOWS\System32\KERNELBASE.dll
0x0000000075450000 - 0x00000000754e5000 	C:\WINDOWS\System32\SYSFER.DLL
0x00007ffef41a0000 - 0x00007ffef4243000 	C:\WINDOWS\System32\ADVAPI32.dll
0x00007ffef44f0000 - 0x00007ffef458e000 	C:\WINDOWS\System32\msvcrt.dll
0x00007ffef50a0000 - 0x00007ffef5137000 	C:\WINDOWS\System32\sechost.dll
0x00007ffef4970000 - 0x00007ffef4a90000 	C:\WINDOWS\System32\RPCRT4.dll
0x00007ffecbfd0000 - 0x00007ffecc1f6000 	C:\WINDOWS\system32\ctiuser.dll
0x00007ffef5220000 - 0x00007ffef53b4000 	C:\WINDOWS\System32\USER32.dll
0x00007ffef2d00000 - 0x00007ffef2d21000 	C:\WINDOWS\System32\win32u.dll
0x00007ffef53c0000 - 0x00007ffef53e6000 	C:\WINDOWS\System32\GDI32.dll
0x00007ffef2ab0000 - 0x00007ffef2c44000 	C:\WINDOWS\System32\gdi32full.dll
0x00007ffef2490000 - 0x00007ffef252e000 	C:\WINDOWS\System32\msvcp_win.dll
0x00007ffef34b0000 - 0x00007ffef35aa000 	C:\WINDOWS\System32\ucrtbase.dll
0x00007ffef4810000 - 0x00007ffef4966000 	C:\WINDOWS\System32\ole32.dll
0x00007ffef4d00000 - 0x00007ffef5036000 	C:\WINDOWS\System32\combase.dll
0x00007ffef2c80000 - 0x00007ffef2d00000 	C:\WINDOWS\System32\bcryptPrimitives.dll
0x00007ffef53f0000 - 0x00007ffef53f8000 	C:\WINDOWS\System32\PSAPI.DLL
0x00007ffee8020000 - 0x00007ffee802a000 	C:\WINDOWS\SYSTEM32\FLTLIB.DLL
0x00007ffef4c00000 - 0x00007ffef4c2e000 	C:\WINDOWS\System32\IMM32.DLL
0x0000000068000000 - 0x000000006805e000 	C:\WINDOWS\System32\QIPCAP64.dll
0x00007ffef35b0000 - 0x00007ffef3c95000 	C:\WINDOWS\System32\SHELL32.dll
0x00007ffef27e0000 - 0x00007ffef282a000 	C:\WINDOWS\System32\cfgmgr32.dll
0x00007ffef4b50000 - 0x00007ffef4bf9000 	C:\WINDOWS\System32\shcore.dll
0x00007ffef2d30000 - 0x00007ffef34af000 	C:\WINDOWS\System32\windows.storage.dll
0x00007ffef2420000 - 0x00007ffef243f000 	C:\WINDOWS\System32\profapi.dll
0x00007ffef2440000 - 0x00007ffef248a000 	C:\WINDOWS\System32\powrprof.dll
0x00007ffef23d0000 - 0x00007ffef23e0000 	C:\WINDOWS\System32\UMPDC.dll
0x00007ffef5140000 - 0x00007ffef5192000 	C:\WINDOWS\System32\shlwapi.dll
0x00007ffef2400000 - 0x00007ffef2411000 	C:\WINDOWS\System32\kernel.appcore.dll
0x00007ffef2980000 - 0x00007ffef2997000 	C:\WINDOWS\System32\cryptsp.dll
0x00007ffef19a0000 - 0x00007ffef1a6a000 	C:\WINDOWS\SYSTEM32\DNSAPI.dll
0x00007ffef47a0000 - 0x00007ffef480f000 	C:\WINDOWS\System32\WS2_32.dll
0x00007ffef4190000 - 0x00007ffef4198000 	C:\WINDOWS\System32\NSI.dll
0x00007ffef1950000 - 0x00007ffef198a000 	C:\WINDOWS\SYSTEM32\IPHLPAPI.DLL
0x00007ffee07a0000 - 0x00007ffee0a25000 	C:\WINDOWS\WinSxS\amd64_microsoft.windows.common-controls_6595b64144ccf1df_6.0.18362.592_none_e6c0b1911312be02\comctl32.dll
0x00000000729c0000 - 0x0000000073265000 	c:\program files\oxygen xml author 21\jre\bin\server\jvm.dll
0x00007ffee25b0000 - 0x00007ffee25b9000 	C:\WINDOWS\SYSTEM32\WSOCK32.dll
0x00007ffee3290000 - 0x00007ffee32b4000 	C:\WINDOWS\SYSTEM32\WINMM.dll
0x00007ffeebd90000 - 0x00007ffeebd9a000 	C:\WINDOWS\SYSTEM32\VERSION.dll
0x0000000073390000 - 0x0000000073462000 	C:\WINDOWS\SYSTEM32\MSVCR100.dll
0x00007ffee46a0000 - 0x00007ffee46cd000 	C:\WINDOWS\SYSTEM32\WINMMBASE.dll
0x00007ffeeeeb0000 - 0x00007ffeeeebf000 	c:\program files\oxygen xml author 21\jre\bin\verify.dll
0x00007ffee7040000 - 0x00007ffee7069000 	c:\program files\oxygen xml author 21\jre\bin\java.dll
0x00007ffeed420000 - 0x00007ffeed436000 	c:\program files\oxygen xml author 21\jre\bin\zip.dll
0x0000000180000000 - 0x0000000180032000 	C:\Program Files\Oxygen XML Author 21\.install4j\i4jinst.dll
0x000000001f970000 - 0x000000001fa34000 	C:\WINDOWS\System32\OLEAUT32.dll
0x00007ffeeeea0000 - 0x00007ffeeeead000 	C:\Program Files\Oxygen XML Author 21\jre\bin\management.dll
0x00007ffee7010000 - 0x00007ffee7036000 	C:\Program Files\Oxygen XML Author 21\jre\bin\JavaAccessBridge-64.dll
0x00007ffed0a80000 - 0x00007ffed0c19000 	C:\Program Files\Oxygen XML Author 21\jre\bin\awt.dll
0x00007ffeefaa0000 - 0x00007ffeefb2f000 	C:\WINDOWS\SYSTEM32\apphelp.dll
0x00007ffef0640000 - 0x00007ffef06d9000 	C:\WINDOWS\system32\uxtheme.dll
0x0000000020770000 - 0x00000000208a5000 	C:\WINDOWS\System32\MSCTF.dll
0x00007ffef08c0000 - 0x00007ffef08ed000 	C:\WINDOWS\system32\DWMAPI.DLL
0x00007ffec22c0000 - 0x00007ffec2416000 	C:\WINDOWS\system32\opengl32.dll
0x00007ffec2b10000 - 0x00007ffec2b3c000 	C:\WINDOWS\SYSTEM32\GLU32.dll
0x00007ffef1040000 - 0x00007ffef1060000 	C:\WINDOWS\SYSTEM32\dxcore.dll
0x00007ffef17b0000 - 0x00007ffef17e3000 	C:\WINDOWS\system32\rsaenh.dll
0x00007ffef2c50000 - 0x00007ffef2c76000 	C:\WINDOWS\System32\bcrypt.dll
0x00007ffef22f0000 - 0x00007ffef2315000 	C:\WINDOWS\SYSTEM32\USERENV.dll
0x00007ffef1e10000 - 0x00007ffef1e1c000 	C:\WINDOWS\SYSTEM32\CRYPTBASE.dll
0x00007ffee9e60000 - 0x00007ffee9e7a000 	C:\Program Files\Oxygen XML Author 21\jre\bin\net.dll
0x00007ffee3ab0000 - 0x00007ffee3c86000 	C:\WINDOWS\SYSTEM32\urlmon.dll
0x00007ffee7660000 - 0x00007ffee7906000 	C:\WINDOWS\SYSTEM32\iertutil.dll
0x00007ffef1c40000 - 0x00007ffef1ca7000 	C:\WINDOWS\system32\mswsock.dll
0x00007ffeed2b0000 - 0x00007ffeed2c6000 	C:\WINDOWS\SYSTEM32\dhcpcsvc6.DLL
0x00007ffeed160000 - 0x00007ffeed17c000 	C:\WINDOWS\SYSTEM32\dhcpcsvc.DLL
0x00007ffee6a30000 - 0x00007ffee6a42000 	C:\Program Files\Oxygen XML Author 21\jre\bin\nio.dll
0x0000000020710000 - 0x0000000020748000 	C:\Program Files\Oxygen XML Author 21\lib\com\sun\jna\win32-x86-64\jnidispatch.dll
0x00007ffee1d60000 - 0x00007ffee1da7000 	C:\Program Files\Oxygen XML Author 21\jre\bin\fontmanager.dll
0x00007ffed5650000 - 0x00007ffed56ee000 	C:\WINDOWS\System32\TextInputFramework.dll
0x00007ffed6d30000 - 0x00007ffed705a000 	C:\WINDOWS\System32\CoreUIComponents.dll
0x00007ffeefb90000 - 0x00007ffeefc64000 	C:\WINDOWS\System32\CoreMessaging.dll
0x00007ffef1400000 - 0x00007ffef1431000 	C:\WINDOWS\SYSTEM32\ntmarta.dll
0x00007ffeec8e0000 - 0x00007ffeeca33000 	C:\WINDOWS\SYSTEM32\wintypes.dll
0x00007ffee1cf0000 - 0x00007ffee1d32000 	C:\Program Files\Oxygen XML Author 21\jre\bin\t2k.dll
0x00007ffee6c80000 - 0x00007ffee6caa000 	C:\Program Files\Oxygen XML Author 21\jre\bin\dcpr.dll
0x0000000020580000 - 0x0000000020597000 	C:\Program Files\Oxygen XML Author 21\lib\WindowsNativeHelper64.dll
0x00007ffef4420000 - 0x00007ffef44f0000 	C:\WINDOWS\System32\comdlg32.dll
0x00007ffee5340000 - 0x00007ffee53e9000 	C:\WINDOWS\WinSxS\amd64_microsoft.windows.common-controls_6595b64144ccf1df_5.82.18362.592_none_2a2c5e32466583af\comctl32.dll
0x00007ffedb2f0000 - 0x00007ffedb306000 	C:\WINDOWS\system32\napinsp.dll
0x00007ffedb2d0000 - 0x00007ffedb2ea000 	C:\WINDOWS\system32\pnrpnsp.dll
0x00007ffede4e0000 - 0x00007ffede4ee000 	C:\WINDOWS\System32\winrnr.dll
0x00007ffef00f0000 - 0x00007ffef010c000 	C:\WINDOWS\system32\NLAapi.dll
0x00007ffedb2b0000 - 0x00007ffedb2c5000 	C:\WINDOWS\system32\wshbth.dll
0x00007ffeed6d0000 - 0x00007ffeed747000 	C:\WINDOWS\System32\fwpuclnt.dll
0x00007ffeeacc0000 - 0x00007ffeeacca000 	C:\Windows\System32\rasadhlp.dll
0x000000002b120000 - 0x000000002b198000 	\\?\C:\PROGRA~1\OXYGEN~1\lib\hunspell\HUNSPE~2.DLL
0x00007ffef4aa0000 - 0x00007ffef4b42000 	C:\WINDOWS\System32\clbcatq.dll
0x00007ffed6800000 - 0x00007ffed69af000 	C:\WINDOWS\SYSTEM32\WindowsCodecs.dll
0x00007ffec2a60000 - 0x00007ffec2a9a000 	C:\WINDOWS\system32\dataexchange.dll
0x00007ffeef020000 - 0x00007ffeef27b000 	C:\WINDOWS\system32\d3d11.dll
0x00007ffeef5f0000 - 0x00007ffeef7cb000 	C:\WINDOWS\system32\dcomp.dll
0x00007ffef10d0000 - 0x00007ffef11bb000 	C:\WINDOWS\system32\dxgi.dll
0x00007ffef0320000 - 0x00007ffef057a000 	C:\WINDOWS\system32\twinapi.appcore.dll
0x00007ffef09a0000 - 0x00007ffef09c9000 	C:\WINDOWS\system32\RMCLIENT.dll
0x00007ffeefe70000 - 0x00007ffeeff5f000 	C:\WINDOWS\system32\propsys.dll
0x00007ffeb96d0000 - 0x00007ffeb9883000 	C:\WINDOWS\SYSTEM32\DUI70.dll
0x00007ffe8fad0000 - 0x00007ffe8fb63000 	C:\WINDOWS\SYSTEM32\DUser.dll
0x00007ffec0d00000 - 0x00007ffec0d23000 	C:\WINDOWS\SYSTEM32\edputil.dll
0x00007ffec0d30000 - 0x00007ffec0d8e000 	C:\Windows\System32\thumbcache.dll
0x00007ffeeb740000 - 0x00007ffeeb7c6000 	C:\WINDOWS\SYSTEM32\policymanager.dll
0x00007ffeeb610000 - 0x00007ffeeb69a000 	C:\WINDOWS\SYSTEM32\msvcp110_win.dll
0x00007ffeeb880000 - 0x00007ffeebbba000 	C:\WINDOWS\SYSTEM32\MsftEdit.dll
0x00007ffece400000 - 0x00007ffece5b8000 	C:\Windows\System32\Windows.Globalization.dll
0x00007ffecfc30000 - 0x00007ffecfc8d000 	C:\Windows\System32\Bcp47Langs.dll
0x00007ffee0a90000 - 0x00007ffee0ac0000 	C:\Windows\System32\bcp47mrm.dll
0x00007ffeed0f0000 - 0x00007ffeed115000 	C:\WINDOWS\SYSTEM32\globinputhost.dll
0x00007ffeefcc0000 - 0x00007ffeefd68000 	C:\WINDOWS\System32\StructuredQuery.dll
0x00007ffec2f20000 - 0x00007ffec2f2d000 	C:\WINDOWS\SYSTEM32\atlthunk.dll
0x00007ffed0c20000 - 0x00007ffed0d55000 	C:\Windows\System32\Windows.StateRepositoryPS.dll
0x00007ffebe690000 - 0x00007ffebe74d000 	C:\WINDOWS\system32\Windows.Storage.Search.dll
0x00007ffebe9c0000 - 0x00007ffebe9c9000 	C:\WINDOWS\system32\IconCodecService.dll
0x0000000034a20000 - 0x0000000034a96000 	C:\WINDOWS\System32\coml2.dll
0x00007ffee0780000 - 0x00007ffee079b000 	C:\WINDOWS\SYSTEM32\MPR.dll
0x00007ffee6980000 - 0x00007ffee698b000 	C:\WINDOWS\System32\drprov.dll
0x00007ffef14a0000 - 0x00007ffef14fc000 	C:\WINDOWS\System32\WINSTA.dll
0x00007ffecbea0000 - 0x00007ffecbeb5000 	C:\WINDOWS\System32\ntlanman.dll
0x00007ffecb350000 - 0x00007ffecb36d000 	C:\WINDOWS\System32\davclnt.dll
0x00007ffee4170000 - 0x00007ffee417c000 	C:\WINDOWS\System32\DAVHLPR.dll
0x00007ffecb2e0000 - 0x00007ffecb2ed000 	C:\WINDOWS\SYSTEM32\LINKINFO.dll
0x00007ffeebd60000 - 0x00007ffeebd77000 	C:\WINDOWS\System32\wkscli.dll
0x00007ffed59d0000 - 0x00007ffed59e2000 	C:\WINDOWS\SYSTEM32\cscapi.dll
0x00007ffef1990000 - 0x00007ffef199c000 	C:\WINDOWS\System32\netutils.dll
0x00007ffee0cc0000 - 0x00007ffee0d13000 	C:\Windows\System32\dlnashext.dll
0x00007ffecd960000 - 0x00007ffecd9c4000 	C:\Windows\System32\PlayToDevice.dll

VM Arguments:
jvm_args: -Dexe4j.semaphoreName=Local\c:_program_files_oxygen_xml_author_21_oxygenauthor21.1.exe -Dexe4j.isInstall4j=true -Dexe4j.moduleName=C:\Program Files\Oxygen XML Author 21\oxygenAuthor21.1.exe -Dexe4j.tempDir= -Dexe4j.unextractedPosition=0 -Djava.library.path=c:\program files\oxygen xml author 21\jre\bin;C:\Program Files\Oxygen XML Author 21\.\jre\bin;C:\Program Files (x86)\Common Files\Oracle\Java\javapath;C:\WINDOWS\system32;C:\WINDOWS;C:\WINDOWS\System32\Wbem;C:\WINDOWS\System32\WindowsPowerShell\v1.0\;C:\WINDOWS\System32\OpenSSH\;C:\Program Files\Git\cmd;C:\Program Files (x86)\HCL\SafeLinx Client\;C:\Program Files\Intel\WiFi\bin\;C:\Program Files\Common Files\Intel\WirelessCommon\;C:\Program Files (x86)\ooRexx;C:\DITATools\IDWB\bin;C:\Program Files\Amazon\AWSCLI\bin\;C:\Users\rebecca.nethala\dita-otv-0.1.7\dita-ot\bin;C:\Users\rebecca.nethala\AppData\Local\GitHubDesktop\bin;C:\Users\rebecca.nethala\AppData\Local\Programs\Microsoft VS Code\bin -Dexe4j.consoleCodepage=cp0 -Dcom.oxygenxml.app.descriptor=ro.sync.exml.AuthorFrameDescriptor -XX:-OmitStackTraceInFastThrow -XX:SoftRefLRUPolicyMSPerMB=10 -Dsun.java2d.noddraw=true -Dsun.awt.nopixfmt=true -Dsun.java2d.dpiaware=true -Djava.net.preferIPv4Stack=true -Dsun.awt.keepWorkingSetOnMinimize=true -Dinstall4j.launcherId=19 -Dinstall4j.swt=false -Xmx4000m -Dcom.oxygenxml.language=English -XX:+UseParallelGC -XX:ErrorFile=C:\Users\REBECC~1.NET\AppData\Local\Temp\/oxy_jvm_crash.log -XX:OnError="C:\Program Files\Oxygen XML Author 21/rp.exe" 
java_command: C:\Program Files\Oxygen XML Author 21\oxygenAuthor21.1.exe
java_class_path (initial): C:\Program Files\Oxygen XML Author 21\.install4j\i4jruntime.jar;C:\Program Files\Oxygen XML Author 21\.\lib\oxygenAuthor.jar;C:\Program Files\Oxygen XML Author 21\.\lib\oxygen-basic-utilities.jar
Launcher Type: generic

Environment Variables:
PATH=c:\program files\oxygen xml author 21\jre\bin;C:\Program Files\Oxygen XML Author 21\.\jre\bin;C:\Program Files (x86)\Common Files\Oracle\Java\javapath;C:\WINDOWS\system32;C:\WINDOWS;C:\WINDOWS\System32\Wbem;C:\WINDOWS\System32\WindowsPowerShell\v1.0\;C:\WINDOWS\System32\OpenSSH\;C:\Program Files\Git\cmd;C:\Program Files (x86)\HCL\SafeLinx Client\;C:\Program Files\Intel\WiFi\bin\;C:\Program Files\Common Files\Intel\WirelessCommon\;C:\Program Files (x86)\ooRexx;C:\DITATools\IDWB\bin;C:\Program Files\Amazon\AWSCLI\bin\;C:\Users\rebecca.nethala\dita-otv-0.1.7\dita-ot\bin;C:\Users\rebecca.nethala\AppData\Local\GitHubDesktop\bin;C:\Users\rebecca.nethala\AppData\Local\Programs\Microsoft VS Code\bin
USERNAME=rebecca.nethala
OS=Windows_NT
PROCESSOR_IDENTIFIER=Intel64 Family 6 Model 158 Stepping 10, GenuineIntel



---------------  S Y S T E M  ---------------

OS: Windows 10.0 , 64 bit Build 18362 (10.0.18362.329)

CPU:total 12 (initial active 12) (6 cores per cpu, 2 threads per core) family 6 model 158 stepping 10, cmov, cx8, fxsr, mmx, sse, sse2, sse3, ssse3, sse4.1, sse4.2, popcnt, avx, avx2, aes, clmul, erms, 3dnowpref, lzcnt, ht, tsc, tscinvbit, bmi1, bmi2, adx

Memory: 4k page, physical 33282592k(17169940k free), swap 66837024k(44214040k free)

vm_info: Java HotSpot(TM) 64-Bit Server VM (25.202-b08) for windows-amd64 JRE (1.8.0_202-b08), built on Dec 15 2018 19:54:30 by "java_re" with MS VC++ 10.0 (VS2010)

time: Fri Mar 26 14:24:56 2021
timezone: India Standard Time
elapsed time: 67068 seconds (0d 18h 37m 48s)

