#
# A fatal error has been detected by the Java Runtime Environment:
#
#  EXCEPTION_ACCESS_VIOLATION (0xc0000005) at pc=0x0000000072b0fead, pid=20008, tid=0x0000000000006d04
#
# JRE version: Java(TM) SE Runtime Environment (8.0_202-b08) (build 1.8.0_202-b08)
# Java VM: Java HotSpot(TM) 64-Bit Server VM (25.202-b08 mixed mode windows-amd64 compressed oops)
# Problematic frame:
# V  [jvm.dll+0x14fead]
#
# Failed to write core dump. Minidumps are not enabled by default on client versions of Windows
#
# If you would like to submit a bug report, please visit:
#   http://bugreport.java.com/bugreport/crash.jsp
#

---------------  T H R E A D  ---------------

Current thread (0x000000002009c000):  JavaThread "AWT-Windows" daemon [_thread_in_vm, id=27908, stack(0x00000000206c0000,0x00000000207c0000)]

siginfo: ExceptionCode=0xc0000005, reading address 0x0000000000000000

Registers:
RAX=0x0000000000000000, RBX=0x000000002009c000, RCX=0x0000000000000c00, RDX=0x0000000020281478
RSP=0x00000000207bef50, RBP=0x00000000207bf048, RSI=0x0000000000000000, RDI=0x000000002009c1f8
R8 =0x0000000000000000, R9 =0x00000000207bf048, R10=0x0000000001587370, R11=0x0000000000000000
R12=0x0000000020281478, R13=0x0000000000000308, R14=0x000000000098190a, R15=0x0000000000000000
RIP=0x0000000072b0fead, EFLAGS=0x0000000000010246

Top of Stack: (sp=0x00000000207bef50)
0x00000000207bef50:   00000000207bf198 0000000000000308
0x00000000207bef60:   0000000000000001 00007ffed0b4d39d
0x00000000207bef70:   00000000207bf198 ffffffff00000000
0x00000000207bef80:   0000000000000000 fffffffffffffffe
0x00000000207bef90:   0000000000000001 00007ffed0b4e279
0x00000000207befa0:   000000002009c000 0000000000000000
0x00000000207befb0:   0000000000000000 0000000000000001
0x00000000207befc0:   fffffffffffffffe 0000000072b0731f
0x00000000207befd0:   00000000207bf178 00007ffef52436ca
0x00000000207befe0:   0000000000626000 0000000000030000
0x00000000207beff0:   0000000000000000 00007ffed0ae9e28
0x00000000207bf000:   0000000000000000 0000000000000000
0x00000000207bf010:   0000000000000000 0000000000000000
0x00000000207bf020:   000000002009c1f8 00007ffed0b09d37
0x00000000207bf030:   0000000000000000 0000000000000000
0x00000000207bf040:   0000000000000000 0000000000000000 

Instructions: (pc=0x0000000072b0fead)
0x0000000072b0fe8d:   00 48 83 7b 08 00 48 89 5c 24 50 48 c7 44 24 58
0x0000000072b0fe9d:   00 00 00 00 74 0a 48 8d 4c 24 50 e8 03 ef 12 00
0x0000000072b0fead:   48 8b 06 c7 44 24 40 0e 00 00 00 48 8d 4c 24 70
0x0000000072b0febd:   48 8b 50 08 0f b7 42 24 48 8b 52 08 48 8b 54 c2 


Register to memory mapping:

RAX=0x0000000000000000 is an unknown value
RBX=0x000000002009c000 is a thread
RCX=0x0000000000000c00 is an unknown value
RDX=0x0000000020281478 is a global jni handle
RSP=0x00000000207bef50 is pointing into the stack for thread: 0x000000002009c000
RBP=0x00000000207bf048 is pointing into the stack for thread: 0x000000002009c000
RSI=0x0000000000000000 is an unknown value
RDI=0x000000002009c1f8 is an unknown value
R8 =0x0000000000000000 is an unknown value
R9 =0x00000000207bf048 is pointing into the stack for thread: 0x000000002009c000
R10=0x0000000001587370 is an unknown value
R11=0x0000000000000000 is an unknown value
R12=0x0000000020281478 is a global jni handle
R13=0x0000000000000308 is an unknown value
R14=0x000000000098190a is an unknown value
R15=0x0000000000000000 is an unknown value


Stack: [0x00000000206c0000,0x00000000207c0000],  sp=0x00000000207bef50,  free space=1019k
Native frames: (J=compiled Java code, j=interpreted, Vv=VM code, C=native code)
V  [jvm.dll+0x14fead]
C  [awt.dll+0x69e28]
C  [awt.dll+0x89d37]
C  [awt.dll+0xcda3c]
C  [USER32.dll+0x15b6d]
C  [USER32.dll+0x15562]
C  [awt.dll+0xcd32c]
C  [awt.dll+0xcd5db]
C  0x0000000002ce8c67

Java frames: (J=compiled Java code, j=interpreted, Vv=VM code)
j  sun.awt.windows.WToolkit.eventLoop()V+0
j  sun.awt.windows.WToolkit.run()V+58
j  java.lang.Thread.run()V+11
v  ~StubRoutines::call_stub

---------------  P R O C E S S  ---------------

Java Threads: ( => current thread )
  0x000000002adf6000 JavaThread "Collect project resource thread" daemon [_thread_blocked, id=25112, stack(0x0000000030e50000,0x0000000030f50000)]
  0x000000002adf7800 JavaThread "Detect hyperlinks at caret" daemon [_thread_blocked, id=6100, stack(0x0000000027aa0000,0x0000000027ba0000)]
  0x0000000028763800 JavaThread "Tooltip timer in CC Editor" daemon [_thread_blocked, id=26236, stack(0x0000000000db0000,0x0000000000eb0000)]
  0x0000000028763000 JavaThread "Show host component tooltip timer" daemon [_thread_blocked, id=18292, stack(0x0000000000cb0000,0x0000000000db0000)]
  0x0000000028757800 JavaThread "OxygenSingletonChecker-Thread" [_thread_in_native, id=24924, stack(0x0000000000bb0000,0x0000000000cb0000)]
  0x0000000028764800 JavaThread "pool-7-thread-4" [_thread_blocked, id=23100, stack(0x0000000030220000,0x0000000030320000)]
  0x000000002875a800 JavaThread "pool-7-thread-3" [_thread_blocked, id=15376, stack(0x0000000030120000,0x0000000030220000)]
  0x0000000028761800 JavaThread "pool-7-thread-2" [_thread_blocked, id=29340, stack(0x000000002db30000,0x000000002dc30000)]
  0x000000002875a000 JavaThread "pool-7-thread-1" [_thread_blocked, id=14820, stack(0x000000002da30000,0x000000002db30000)]
  0x000000002875b800 JavaThread "AuthorExtensionBuilder" daemon [_thread_blocked, id=14980, stack(0x000000002de60000,0x000000002df60000)]
  0x000000002875d000 JavaThread "Brackets Highlighter" [_thread_blocked, id=26544, stack(0x000000002d4d0000,0x000000002d5d0000)]
  0x00000000229f9000 JavaThread "Mark occurrences in current file" daemon [_thread_blocked, id=26468, stack(0x000000002cbb0000,0x000000002ccb0000)]
  0x00000000229f7000 JavaThread "'Save backup info' timer" [_thread_blocked, id=3876, stack(0x000000002a270000,0x000000002a370000)]
  0x00000000229f8800 JavaThread "" [_thread_blocked, id=14432, stack(0x00000000277a0000,0x00000000278a0000)]
  0x00000000229f7800 JavaThread "DocumentTypeProviderTimer" daemon [_thread_blocked, id=22960, stack(0x0000000023750000,0x0000000023850000)]
  0x00000000229fa000 JavaThread "DB Sessions Manager fire timer" daemon [_thread_blocked, id=27108, stack(0x00000000274a0000,0x00000000275a0000)]
  0x00000000229fa800 JavaThread "AutomaticallyValidation" daemon [_thread_blocked, id=25616, stack(0x0000000026da0000,0x00000000272a0000)]
  0x00000000229f4000 JavaThread "Autosave" daemon [_thread_blocked, id=27000, stack(0x0000000026ca0000,0x0000000026da0000)]
  0x000000001fdae800 JavaThread "TimerQueue" daemon [_thread_blocked, id=8512, stack(0x0000000025700000,0x0000000025800000)]
  0x0000000021a72000 JavaThread "AutomaticallyValidation" daemon [_thread_blocked, id=12296, stack(0x0000000025000000,0x0000000025500000)]
  0x0000000021824800 JavaThread "Autosave" daemon [_thread_blocked, id=12804, stack(0x0000000024f00000,0x0000000025000000)]
  0x0000000021829800 JavaThread "AWT-EventQueue-0" [_thread_blocked, id=14232, stack(0x0000000023950000,0x0000000023a50000)]
  0x000000001e0bc000 JavaThread "AWT-Shutdown" [_thread_blocked, id=26200, stack(0x0000000023850000,0x0000000023950000)]
=>0x000000002009c000 JavaThread "AWT-Windows" daemon [_thread_in_vm, id=27908, stack(0x00000000206c0000,0x00000000207c0000)]
  0x00000000200b9000 JavaThread "Java2D Disposer" daemon [_thread_blocked, id=29572, stack(0x00000000204c0000,0x00000000205c0000)]
  0x000000001de49000 JavaThread "Service Thread" daemon [_thread_blocked, id=9948, stack(0x000000001f830000,0x000000001f930000)]
  0x000000001dddc000 JavaThread "C1 CompilerThread3" daemon [_thread_blocked, id=16872, stack(0x000000001f730000,0x000000001f830000)]
  0x000000001ddc3800 JavaThread "C2 CompilerThread2" daemon [_thread_blocked, id=15504, stack(0x000000001f630000,0x000000001f730000)]
  0x000000001ddbe800 JavaThread "C2 CompilerThread1" daemon [_thread_blocked, id=27660, stack(0x000000001f530000,0x000000001f630000)]
  0x000000001ddb4800 JavaThread "C2 CompilerThread0" daemon [_thread_blocked, id=29280, stack(0x000000001f430000,0x000000001f530000)]
  0x000000001ddb3000 JavaThread "Attach Listener" daemon [_thread_blocked, id=6164, stack(0x000000001f330000,0x000000001f430000)]
  0x000000001ddb2000 JavaThread "Signal Dispatcher" daemon [_thread_blocked, id=27928, stack(0x000000001f230000,0x000000001f330000)]
  0x000000001dda3800 JavaThread "Finalizer" daemon [_thread_blocked, id=26320, stack(0x000000001f030000,0x000000001f130000)]
  0x0000000002c7c000 JavaThread "Reference Handler" daemon [_thread_blocked, id=25812, stack(0x000000001ef30000,0x000000001f030000)]
  0x0000000002b83800 JavaThread "main" [_thread_blocked, id=23256, stack(0x0000000000800000,0x0000000000900000)]

Other Threads:
  0x000000001c6b7800 VMThread [stack: 0x000000001ee30000,0x000000001ef30000] [id=13428]
  0x000000001de6e800 WatcherThread [stack: 0x000000001f930000,0x000000001fa30000] [id=24388]

VM state:not at safepoint (normal execution)

VM Mutex/Monitor currently owned by a thread: None

heap address: 0x00000006c6000000, size: 4000 MB, Compressed Oops mode: Zero based, Oop shift amount: 3
Narrow klass base: 0x0000000000000000, Narrow klass shift: 3
Compressed class space size: 1073741824 Address: 0x00000007c0000000

Heap:
 PSYoungGen      total 323584K, used 155245K [0x000000076cb00000, 0x0000000784200000, 0x00000007c0000000)
  eden space 273408K, 49% used [0x000000076cb00000,0x0000000775013fa0,0x000000077d600000)
  from space 50176K, 37% used [0x0000000781100000,0x0000000782387528,0x0000000784200000)
  to   space 55296K, 0% used [0x000000077d600000,0x000000077d600000,0x0000000780c00000)
 ParOldGen       total 1037312K, used 134278K [0x00000006c6000000, 0x0000000705500000, 0x000000076cb00000)
  object space 1037312K, 12% used [0x00000006c6000000,0x00000006ce3218c0,0x0000000705500000)
 Metaspace       used 105555K, capacity 106682K, committed 107520K, reserved 1140736K
  class space    used 16109K, capacity 16372K, committed 16384K, reserved 1048576K

Card table byte_map: [0x0000000012090000,0x0000000012870000] byte_map_base: 0x000000000ea60000

Marking Bits: (ParMarkBitMap*) 0x00000000731e5ce0
 Begin Bits: [0x00000000137b0000, 0x0000000017630000)
 End Bits:   [0x0000000017630000, 0x000000001b4b0000)

Polling page: 0x0000000002a10000

CodeCache: size=245760Kb used=69313Kb max_used=69373Kb free=176446Kb
 bounds [0x0000000002cd0000, 0x0000000007110000, 0x0000000011cd0000]
 total_blobs=18613 nmethods=17662 adapters=857
 compilation: enabled

Compilation events (10 events):
Event: 8637.780 Thread 0x000000001ddc3800 23474       4       com.sun.java.swing.plaf.windows.WindowsGraphicsUtils::repaintMnemonicsInContainer (99 bytes)
Event: 8637.780 Thread 0x000000001dddc000 23473       3       com.jidesoft.utils.JideFocusTracker$_c::focusLost (48 bytes)
Event: 8637.781 Thread 0x000000001dddc000 nmethod 23473 0x00000000030bfc10 code [0x00000000030bfd80, 0x00000000030c01a8]
Event: 8637.786 Thread 0x000000001ddc3800 nmethod 23474 0x0000000007106890 code [0x0000000007106a40, 0x0000000007106fe8]
Event: 8637.793 Thread 0x000000001dddc000 23475       3       java.awt.Toolkit$SelectiveAWTEventListener::eventDispatched (745 bytes)
Event: 8637.794 Thread 0x000000001dddc000 nmethod 23475 0x0000000007104b90 code [0x0000000007104dc0, 0x0000000007106308]
Event: 8637.795 Thread 0x000000001dddc000 23477       1       ro.sync.exml.editor.dg::hfg (1 bytes)
Event: 8637.795 Thread 0x000000001dddc000 nmethod 23477 0x0000000003088990 code [0x0000000003088ae0, 0x0000000003088bf0]
Event: 8637.796 Thread 0x000000001dddc000 23476       3       sun.misc.FloatingDecimal$BinaryToASCIIBuffer::appendTo (72 bytes)
Event: 8637.797 Thread 0x000000001dddc000 nmethod 23476 0x0000000007103d50 code [0x0000000007103f20, 0x0000000007104948]

GC Heap History (10 events):
Event: 6138.725 GC heap before
{Heap before GC invocations=28 (full 4):
 PSYoungGen      total 311808K, used 311316K [0x000000076cb00000, 0x0000000786c00000, 0x00000007c0000000)
  eden space 288768K, 100% used [0x000000076cb00000,0x000000077e500000,0x000000077e500000)
  from space 23040K, 97% used [0x000000077e880000,0x000000077fe85240,0x000000077ff00000)
  to   space 69120K, 0% used [0x0000000782880000,0x0000000782880000,0x0000000786c00000)
 ParOldGen       total 1037312K, used 134238K [0x00000006c6000000, 0x0000000705500000, 0x000000076cb00000)
  object space 1037312K, 12% used [0x00000006c6000000,0x00000006ce3178c0,0x0000000705500000)
 Metaspace       used 104478K, capacity 105630K, committed 106496K, reserved 1138688K
  class space    used 16076K, capacity 16330K, committed 16384K, reserved 1048576K
Event: 6138.736 GC heap after
Heap after GC invocations=28 (full 4):
 PSYoungGen      total 345600K, used 19398K [0x000000076cb00000, 0x0000000786300000, 0x00000007c0000000)
  eden space 285696K, 0% used [0x000000076cb00000,0x000000076cb00000,0x000000077e200000)
  from space 59904K, 32% used [0x0000000782880000,0x0000000783b71b00,0x0000000786300000)
  to   space 66048K, 0% used [0x000000077e200000,0x000000077e200000,0x0000000782280000)
 ParOldGen       total 1037312K, used 134246K [0x00000006c6000000, 0x0000000705500000, 0x000000076cb00000)
  object space 1037312K, 12% used [0x00000006c6000000,0x00000006ce3198c0,0x0000000705500000)
 Metaspace       used 104478K, capacity 105630K, committed 106496K, reserved 1138688K
  class space    used 16076K, capacity 16330K, committed 16384K, reserved 1048576K
}
Event: 6260.512 GC heap before
{Heap before GC invocations=29 (full 4):
 PSYoungGen      total 345600K, used 305094K [0x000000076cb00000, 0x0000000786300000, 0x00000007c0000000)
  eden space 285696K, 100% used [0x000000076cb00000,0x000000077e200000,0x000000077e200000)
  from space 59904K, 32% used [0x0000000782880000,0x0000000783b71b00,0x0000000786300000)
  to   space 66048K, 0% used [0x000000077e200000,0x000000077e200000,0x0000000782280000)
 ParOldGen       total 1037312K, used 134246K [0x00000006c6000000, 0x0000000705500000, 0x000000076cb00000)
  object space 1037312K, 12% used [0x00000006c6000000,0x00000006ce3198c0,0x0000000705500000)
 Metaspace       used 104712K, capacity 105886K, committed 106752K, reserved 1140736K
  class space    used 16077K, capacity 16330K, committed 16384K, reserved 1048576K
Event: 6260.523 GC heap after
Heap after GC invocations=29 (full 4):
 PSYoungGen      total 302592K, used 19734K [0x000000076cb00000, 0x0000000785a00000, 0x00000007c0000000)
  eden space 282624K, 0% used [0x000000076cb00000,0x000000076cb00000,0x000000077df00000)
  from space 19968K, 98% used [0x000000077e200000,0x000000077f5459f0,0x000000077f580000)
  to   space 62976K, 0% used [0x0000000781c80000,0x0000000781c80000,0x0000000785a00000)
 ParOldGen       total 1037312K, used 134254K [0x00000006c6000000, 0x0000000705500000, 0x000000076cb00000)
  object space 1037312K, 12% used [0x00000006c6000000,0x00000006ce31b8c0,0x0000000705500000)
 Metaspace       used 104712K, capacity 105886K, committed 106752K, reserved 1140736K
  class space    used 16077K, capacity 16330K, committed 16384K, reserved 1048576K
}
Event: 8227.385 GC heap before
{Heap before GC invocations=30 (full 4):
 PSYoungGen      total 302592K, used 302358K [0x000000076cb00000, 0x0000000785a00000, 0x00000007c0000000)
  eden space 282624K, 100% used [0x000000076cb00000,0x000000077df00000,0x000000077df00000)
  from space 19968K, 98% used [0x000000077e200000,0x000000077f5459f0,0x000000077f580000)
  to   space 62976K, 0% used [0x0000000781c80000,0x0000000781c80000,0x0000000785a00000)
 ParOldGen       total 1037312K, used 134254K [0x00000006c6000000, 0x0000000705500000, 0x000000076cb00000)
  object space 1037312K, 12% used [0x00000006c6000000,0x00000006ce31b8c0,0x0000000705500000)
 Metaspace       used 104975K, capacity 106084K, committed 107008K, reserved 1140736K
  class space    used 16077K, capacity 16331K, committed 16384K, reserved 1048576K
Event: 8227.404 GC heap after
Heap after GC invocations=30 (full 4):
 PSYoungGen      total 335360K, used 29342K [0x000000076cb00000, 0x0000000785300000, 0x00000007c0000000)
  eden space 279552K, 0% used [0x000000076cb00000,0x000000076cb00000,0x000000077dc00000)
  from space 55808K, 52% used [0x0000000781c80000,0x0000000783927bb8,0x0000000785300000)
  to   space 60928K, 0% used [0x000000077dc00000,0x000000077dc00000,0x0000000781780000)
 ParOldGen       total 1037312K, used 134262K [0x00000006c6000000, 0x0000000705500000, 0x000000076cb00000)
  object space 1037312K, 12% used [0x00000006c6000000,0x00000006ce31d8c0,0x0000000705500000)
 Metaspace       used 104975K, capacity 106084K, committed 107008K, reserved 1140736K
  class space    used 16077K, capacity 16331K, committed 16384K, reserved 1048576K
}
Event: 8328.095 GC heap before
{Heap before GC invocations=31 (full 4):
 PSYoungGen      total 335360K, used 308894K [0x000000076cb00000, 0x0000000785300000, 0x00000007c0000000)
  eden space 279552K, 100% used [0x000000076cb00000,0x000000077dc00000,0x000000077dc00000)
  from space 55808K, 52% used [0x0000000781c80000,0x0000000783927bb8,0x0000000785300000)
  to   space 60928K, 0% used [0x000000077dc00000,0x000000077dc00000,0x0000000781780000)
 ParOldGen       total 1037312K, used 134262K [0x00000006c6000000, 0x0000000705500000, 0x000000076cb00000)
  object space 1037312K, 12% used [0x00000006c6000000,0x00000006ce31d8c0,0x0000000705500000)
 Metaspace       used 105190K, capacity 106352K, committed 107264K, reserved 1140736K
  class space    used 16078K, capacity 16333K, committed 16384K, reserved 1048576K
Event: 8328.108 GC heap after
Heap after GC invocations=31 (full 4):
 PSYoungGen      total 300032K, used 23059K [0x000000076cb00000, 0x0000000784900000, 0x00000007c0000000)
  eden space 276480K, 0% used [0x000000076cb00000,0x000000076cb00000,0x000000077d900000)
  from space 23552K, 97% used [0x000000077dc00000,0x000000077f284ca8,0x000000077f300000)
  to   space 57344K, 0% used [0x0000000781100000,0x0000000781100000,0x0000000784900000)
 ParOldGen       total 1037312K, used 134270K [0x00000006c6000000, 0x0000000705500000, 0x000000076cb00000)
  object space 1037312K, 12% used [0x00000006c6000000,0x00000006ce31f8c0,0x0000000705500000)
 Metaspace       used 105190K, capacity 106352K, committed 107264K, reserved 1140736K
  class space    used 16078K, capacity 16333K, committed 16384K, reserved 1048576K
}
Event: 8343.448 GC heap before
{Heap before GC invocations=32 (full 4):
 PSYoungGen      total 300032K, used 299539K [0x000000076cb00000, 0x0000000784900000, 0x00000007c0000000)
  eden space 276480K, 100% used [0x000000076cb00000,0x000000077d900000,0x000000077d900000)
  from space 23552K, 97% used [0x000000077dc00000,0x000000077f284ca8,0x000000077f300000)
  to   space 57344K, 0% used [0x0000000781100000,0x0000000781100000,0x0000000784900000)
 ParOldGen       total 1037312K, used 134270K [0x00000006c6000000, 0x0000000705500000, 0x000000076cb00000)
  object space 1037312K, 12% used [0x00000006c6000000,0x00000006ce31f8c0,0x0000000705500000)
 Metaspace       used 105510K, capacity 106682K, committed 107520K, reserved 1140736K
  class space    used 16106K, capacity 16372K, committed 16384K, reserved 1048576K
Event: 8343.457 GC heap after
Heap after GC invocations=32 (full 4):
 PSYoungGen      total 323584K, used 18973K [0x000000076cb00000, 0x0000000784200000, 0x00000007c0000000)
  eden space 273408K, 0% used [0x000000076cb00000,0x000000076cb00000,0x000000077d600000)
  from space 50176K, 37% used [0x0000000781100000,0x0000000782387528,0x0000000784200000)
  to   space 55296K, 0% used [0x000000077d600000,0x000000077d600000,0x0000000780c00000)
 ParOldGen       total 1037312K, used 134278K [0x00000006c6000000, 0x0000000705500000, 0x000000076cb00000)
  object space 1037312K, 12% used [0x00000006c6000000,0x00000006ce3218c0,0x0000000705500000)
 Metaspace       used 105510K, capacity 106682K, committed 107520K, reserved 1140736K
  class space    used 16106K, capacity 16372K, committed 16384K, reserved 1048576K
}

Deoptimization events (10 events):
Event: 8343.048 Thread 0x0000000021829800 Uncommon trap: reason=class_check action=none pc=0x00000000054a2c34 method=java.awt.Font.equals(Ljava/lang/Object;)Z @ 12
Event: 8343.049 Thread 0x0000000021829800 Uncommon trap: reason=class_check action=none pc=0x00000000054a2c34 method=java.awt.Font.equals(Ljava/lang/Object;)Z @ 12
Event: 8344.588 Thread 0x0000000021829800 Uncommon trap: reason=class_check action=none pc=0x00000000054a2c34 method=java.awt.Font.equals(Ljava/lang/Object;)Z @ 12
Event: 8344.589 Thread 0x0000000021829800 Uncommon trap: reason=class_check action=none pc=0x00000000054a2c34 method=java.awt.Font.equals(Ljava/lang/Object;)Z @ 12
Event: 8344.589 Thread 0x0000000021829800 Uncommon trap: reason=class_check action=none pc=0x00000000054a2c34 method=java.awt.Font.equals(Ljava/lang/Object;)Z @ 12
Event: 8344.590 Thread 0x0000000021829800 Uncommon trap: reason=class_check action=none pc=0x00000000054a2c34 method=java.awt.Font.equals(Ljava/lang/Object;)Z @ 12
Event: 8345.273 Thread 0x0000000021829800 Uncommon trap: reason=class_check action=none pc=0x00000000054a2c34 method=java.awt.Font.equals(Ljava/lang/Object;)Z @ 12
Event: 8637.775 Thread 0x0000000021829800 Uncommon trap: reason=unstable_if action=reinterpret pc=0x0000000005340c98 method=javax.swing.DefaultButtonModel.isSelected()Z @ 6
Event: 8637.776 Thread 0x0000000021829800 Uncommon trap: reason=class_check action=maybe_recompile pc=0x000000000554c934 method=javax.swing.InputMap.allKeys()[Ljavax/swing/KeyStroke; @ 38
Event: 8637.778 Thread 0x0000000021829800 Uncommon trap: reason=unstable_if action=reinterpret pc=0x0000000005304e38 method=java.awt.Toolkit$SelectiveAWTEventListener.eventDispatched(Ljava/awt/AWTEvent;)V @ 150

Classes redefined (0 events):
No events

Internal exceptions (10 events):
Event: 8344.589 Thread 0x0000000021829800 Exception <a 'java/lang/ClassCastException'> (0x000000076d3ed5f0) thrown at [C:\re\workspace\8-2-build-windows-amd64-cygwin\jdk8u202\12323\hotspot\src\share\vm\runtime\sharedRuntime.cpp, line 605]
Event: 8344.589 Thread 0x0000000021829800 Exception <a 'java/lang/ClassCastException'> (0x000000076d3f58d0) thrown at [C:\re\workspace\8-2-build-windows-amd64-cygwin\jdk8u202\12323\hotspot\src\share\vm\runtime\sharedRuntime.cpp, line 605]
Event: 8344.589 Thread 0x0000000021829800 Exception <a 'java/lang/ClassCastException': java.awt.font.ShapeGraphicAttribute cannot be cast to java.awt.Font> (0x000000076d3f6220) thrown at [C:\re\workspace\8-2-build-windows-amd64-cygwin\jdk8u202\12323\hotspot\src\share\vm\interpreter\interpreterRun
Event: 8344.589 Thread 0x0000000021829800 Exception <a 'java/lang/ClassCastException'> (0x000000076d3f66e0) thrown at [C:\re\workspace\8-2-build-windows-amd64-cygwin\jdk8u202\12323\hotspot\src\share\vm\runtime\sharedRuntime.cpp, line 605]
Event: 8344.590 Thread 0x0000000021829800 Exception <a 'java/lang/ClassCastException'> (0x000000076d3ffe50) thrown at [C:\re\workspace\8-2-build-windows-amd64-cygwin\jdk8u202\12323\hotspot\src\share\vm\runtime\sharedRuntime.cpp, line 605]
Event: 8344.590 Thread 0x0000000021829800 Exception <a 'java/lang/ClassCastException': java.awt.font.ShapeGraphicAttribute cannot be cast to java.awt.Font> (0x000000076d4007a0) thrown at [C:\re\workspace\8-2-build-windows-amd64-cygwin\jdk8u202\12323\hotspot\src\share\vm\interpreter\interpreterRun
Event: 8344.590 Thread 0x0000000021829800 Exception <a 'java/lang/ClassCastException'> (0x000000076d400c60) thrown at [C:\re\workspace\8-2-build-windows-amd64-cygwin\jdk8u202\12323\hotspot\src\share\vm\runtime\sharedRuntime.cpp, line 605]
Event: 8345.273 Thread 0x0000000021829800 Exception <a 'java/lang/ClassCastException'> (0x000000076eb664e0) thrown at [C:\re\workspace\8-2-build-windows-amd64-cygwin\jdk8u202\12323\hotspot\src\share\vm\runtime\sharedRuntime.cpp, line 605]
Event: 8345.273 Thread 0x0000000021829800 Exception <a 'java/lang/ClassCastException': java.awt.font.ShapeGraphicAttribute cannot be cast to java.awt.Font> (0x000000076eb66e30) thrown at [C:\re\workspace\8-2-build-windows-amd64-cygwin\jdk8u202\12323\hotspot\src\share\vm\interpreter\interpreterRun
Event: 8345.273 Thread 0x0000000021829800 Exception <a 'java/lang/ClassCastException'> (0x000000076eb672f0) thrown at [C:\re\workspace\8-2-build-windows-amd64-cygwin\jdk8u202\12323\hotspot\src\share\vm\runtime\sharedRuntime.cpp, line 605]

Events (10 events):
Event: 8637.787 Thread 0x000000001ddc3800 flushing nmethod 0x0000000003b9f510
Event: 8637.794 Thread 0x000000001dddc000 flushing nmethod 0x0000000003bcee90
Event: 8637.795 Thread 0x000000001dddc000 flushing nmethod 0x0000000003e47cd0
Event: 8637.796 Thread 0x000000001dddc000 flushing nmethod 0x0000000004184390
Event: 8637.796 Thread 0x000000001dddc000 flushing nmethod 0x0000000004251650
Event: 8637.796 Thread 0x000000001dddc000 flushing nmethod 0x0000000004292a90
Event: 8637.797 Thread 0x000000001dddc000 flushing nmethod 0x000000000446a250
Event: 8637.797 Thread 0x000000001dddc000 flushing nmethod 0x0000000004492550
Event: 8637.797 Thread 0x000000001dddc000 flushing nmethod 0x00000000044f1d50
Event: 8637.798 Thread 0x000000001dddc000 flushing nmethod 0x0000000004696590


Dynamic libraries:
0x00007ff7f1630000 - 0x00007ff7f16df000 	C:\Program Files\Oxygen XML Author 21\oxygenAuthor21.1.exe
0x00007ffef5500000 - 0x00007ffef56f0000 	C:\WINDOWS\SYSTEM32\ntdll.dll
0x00007ffef5400000 - 0x00007ffef54b2000 	C:\WINDOWS\System32\KERNEL32.DLL
0x00007ffef2530000 - 0x00007ffef27d3000 	C:\WINDOWS\System32\KERNELBASE.dll
0x0000000075450000 - 0x00000000754e5000 	C:\WINDOWS\System32\SYSFER.DLL
0x00007ffef41a0000 - 0x00007ffef4243000 	C:\WINDOWS\System32\ADVAPI32.dll
0x00007ffef44f0000 - 0x00007ffef458e000 	C:\WINDOWS\System32\msvcrt.dll
0x00007ffef50a0000 - 0x00007ffef5137000 	C:\WINDOWS\System32\sechost.dll
0x00007ffef4970000 - 0x00007ffef4a90000 	C:\WINDOWS\System32\RPCRT4.dll
0x00007ffecbfd0000 - 0x00007ffecc1f6000 	C:\WINDOWS\system32\ctiuser.dll
0x00007ffef5220000 - 0x00007ffef53b4000 	C:\WINDOWS\System32\USER32.dll
0x00007ffef2d00000 - 0x00007ffef2d21000 	C:\WINDOWS\System32\win32u.dll
0x00007ffef53c0000 - 0x00007ffef53e6000 	C:\WINDOWS\System32\GDI32.dll
0x00007ffef2ab0000 - 0x00007ffef2c44000 	C:\WINDOWS\System32\gdi32full.dll
0x00007ffef2490000 - 0x00007ffef252e000 	C:\WINDOWS\System32\msvcp_win.dll
0x00007ffef34b0000 - 0x00007ffef35aa000 	C:\WINDOWS\System32\ucrtbase.dll
0x00007ffef4810000 - 0x00007ffef4966000 	C:\WINDOWS\System32\ole32.dll
0x00007ffef4d00000 - 0x00007ffef5036000 	C:\WINDOWS\System32\combase.dll
0x00007ffef2c80000 - 0x00007ffef2d00000 	C:\WINDOWS\System32\bcryptPrimitives.dll
0x00007ffef53f0000 - 0x00007ffef53f8000 	C:\WINDOWS\System32\PSAPI.DLL
0x00007ffee8020000 - 0x00007ffee802a000 	C:\WINDOWS\SYSTEM32\FLTLIB.DLL
0x00007ffef4c00000 - 0x00007ffef4c2e000 	C:\WINDOWS\System32\IMM32.DLL
0x0000000068000000 - 0x000000006805e000 	C:\WINDOWS\System32\QIPCAP64.dll
0x00007ffef35b0000 - 0x00007ffef3c95000 	C:\WINDOWS\System32\SHELL32.dll
0x00007ffef27e0000 - 0x00007ffef282a000 	C:\WINDOWS\System32\cfgmgr32.dll
0x00007ffef4b50000 - 0x00007ffef4bf9000 	C:\WINDOWS\System32\shcore.dll
0x00007ffef2d30000 - 0x00007ffef34af000 	C:\WINDOWS\System32\windows.storage.dll
0x00007ffef2420000 - 0x00007ffef243f000 	C:\WINDOWS\System32\profapi.dll
0x00007ffef2440000 - 0x00007ffef248a000 	C:\WINDOWS\System32\powrprof.dll
0x00007ffef23d0000 - 0x00007ffef23e0000 	C:\WINDOWS\System32\UMPDC.dll
0x00007ffef5140000 - 0x00007ffef5192000 	C:\WINDOWS\System32\shlwapi.dll
0x00007ffef2400000 - 0x00007ffef2411000 	C:\WINDOWS\System32\kernel.appcore.dll
0x00007ffef2980000 - 0x00007ffef2997000 	C:\WINDOWS\System32\cryptsp.dll
0x00007ffef19a0000 - 0x00007ffef1a6a000 	C:\WINDOWS\SYSTEM32\DNSAPI.dll
0x00007ffef47a0000 - 0x00007ffef480f000 	C:\WINDOWS\System32\WS2_32.dll
0x00007ffef4190000 - 0x00007ffef4198000 	C:\WINDOWS\System32\NSI.dll
0x00007ffef1950000 - 0x00007ffef198a000 	C:\WINDOWS\SYSTEM32\IPHLPAPI.DLL
0x00007ffee07a0000 - 0x00007ffee0a25000 	C:\WINDOWS\WinSxS\amd64_microsoft.windows.common-controls_6595b64144ccf1df_6.0.18362.592_none_e6c0b1911312be02\comctl32.dll
0x00000000729c0000 - 0x0000000073265000 	c:\program files\oxygen xml author 21\jre\bin\server\jvm.dll
0x00007ffee25b0000 - 0x00007ffee25b9000 	C:\WINDOWS\SYSTEM32\WSOCK32.dll
0x00007ffee3290000 - 0x00007ffee32b4000 	C:\WINDOWS\SYSTEM32\WINMM.dll
0x00007ffeebd90000 - 0x00007ffeebd9a000 	C:\WINDOWS\SYSTEM32\VERSION.dll
0x0000000073390000 - 0x0000000073462000 	C:\WINDOWS\SYSTEM32\MSVCR100.dll
0x00007ffee46a0000 - 0x00007ffee46cd000 	C:\WINDOWS\SYSTEM32\WINMMBASE.dll
0x00007ffeeeeb0000 - 0x00007ffeeeebf000 	c:\program files\oxygen xml author 21\jre\bin\verify.dll
0x00007ffee7040000 - 0x00007ffee7069000 	c:\program files\oxygen xml author 21\jre\bin\java.dll
0x00007ffeed420000 - 0x00007ffeed436000 	c:\program files\oxygen xml author 21\jre\bin\zip.dll
0x0000000180000000 - 0x0000000180032000 	C:\Program Files\Oxygen XML Author 21\.install4j\i4jinst.dll
0x000000001fa30000 - 0x000000001faf4000 	C:\WINDOWS\System32\OLEAUT32.dll
0x00007ffeeeea0000 - 0x00007ffeeeead000 	C:\Program Files\Oxygen XML Author 21\jre\bin\management.dll
0x00007ffee7010000 - 0x00007ffee7036000 	C:\Program Files\Oxygen XML Author 21\jre\bin\JavaAccessBridge-64.dll
0x00007ffed0a80000 - 0x00007ffed0c19000 	C:\Program Files\Oxygen XML Author 21\jre\bin\awt.dll
0x00007ffeefaa0000 - 0x00007ffeefb2f000 	C:\WINDOWS\SYSTEM32\apphelp.dll
0x00007ffef0640000 - 0x00007ffef06d9000 	C:\WINDOWS\system32\uxtheme.dll
0x00000000207c0000 - 0x00000000208f5000 	C:\WINDOWS\System32\MSCTF.dll
0x00007ffef08c0000 - 0x00007ffef08ed000 	C:\WINDOWS\system32\DWMAPI.DLL
0x00007ffec22c0000 - 0x00007ffec2416000 	C:\WINDOWS\system32\opengl32.dll
0x00007ffec2b10000 - 0x00007ffec2b3c000 	C:\WINDOWS\SYSTEM32\GLU32.dll
0x00007ffef1040000 - 0x00007ffef1060000 	C:\WINDOWS\SYSTEM32\dxcore.dll
0x00007ffef17b0000 - 0x00007ffef17e3000 	C:\WINDOWS\system32\rsaenh.dll
0x00007ffef2c50000 - 0x00007ffef2c76000 	C:\WINDOWS\System32\bcrypt.dll
0x00007ffef22f0000 - 0x00007ffef2315000 	C:\WINDOWS\SYSTEM32\USERENV.dll
0x00007ffef1e10000 - 0x00007ffef1e1c000 	C:\WINDOWS\SYSTEM32\CRYPTBASE.dll
0x00007ffee9e60000 - 0x00007ffee9e7a000 	C:\Program Files\Oxygen XML Author 21\jre\bin\net.dll
0x00007ffee3ab0000 - 0x00007ffee3c86000 	C:\WINDOWS\SYSTEM32\urlmon.dll
0x00007ffee7660000 - 0x00007ffee7906000 	C:\WINDOWS\SYSTEM32\iertutil.dll
0x00007ffef1c40000 - 0x00007ffef1ca7000 	C:\WINDOWS\system32\mswsock.dll
0x00007ffeed2b0000 - 0x00007ffeed2c6000 	C:\WINDOWS\SYSTEM32\dhcpcsvc6.DLL
0x00007ffeed160000 - 0x00007ffeed17c000 	C:\WINDOWS\SYSTEM32\dhcpcsvc.DLL
0x00007ffee6a30000 - 0x00007ffee6a42000 	C:\Program Files\Oxygen XML Author 21\jre\bin\nio.dll
0x00000000205c0000 - 0x00000000205f8000 	C:\Program Files\Oxygen XML Author 21\lib\com\sun\jna\win32-x86-64\jnidispatch.dll
0x00007ffee1d60000 - 0x00007ffee1da7000 	C:\Program Files\Oxygen XML Author 21\jre\bin\fontmanager.dll
0x00007ffed5650000 - 0x00007ffed56ee000 	C:\WINDOWS\System32\TextInputFramework.dll
0x00007ffed6d30000 - 0x00007ffed705a000 	C:\WINDOWS\System32\CoreUIComponents.dll
0x00007ffeefb90000 - 0x00007ffeefc64000 	C:\WINDOWS\System32\CoreMessaging.dll
0x00007ffef1400000 - 0x00007ffef1431000 	C:\WINDOWS\SYSTEM32\ntmarta.dll
0x00007ffeec8e0000 - 0x00007ffeeca33000 	C:\WINDOWS\SYSTEM32\wintypes.dll
0x00007ffee1cf0000 - 0x00007ffee1d32000 	C:\Program Files\Oxygen XML Author 21\jre\bin\t2k.dll
0x00007ffee3480000 - 0x00007ffee34aa000 	C:\Program Files\Oxygen XML Author 21\jre\bin\dcpr.dll
0x0000000002c90000 - 0x0000000002ca7000 	C:\Program Files\Oxygen XML Author 21\lib\WindowsNativeHelper64.dll
0x00007ffef4420000 - 0x00007ffef44f0000 	C:\WINDOWS\System32\comdlg32.dll
0x00007ffee5340000 - 0x00007ffee53e9000 	C:\WINDOWS\WinSxS\amd64_microsoft.windows.common-controls_6595b64144ccf1df_5.82.18362.592_none_2a2c5e32466583af\comctl32.dll
0x00007ffed6300000 - 0x00007ffed6324000 	C:\Program Files\Oxygen XML Author 21\jre\bin\sunec.dll
0x00007ffedb2f0000 - 0x00007ffedb306000 	C:\WINDOWS\system32\napinsp.dll
0x00007ffedb2d0000 - 0x00007ffedb2ea000 	C:\WINDOWS\system32\pnrpnsp.dll
0x00007ffede4e0000 - 0x00007ffede4ee000 	C:\WINDOWS\System32\winrnr.dll
0x00007ffef00f0000 - 0x00007ffef010c000 	C:\WINDOWS\system32\NLAapi.dll
0x00007ffedb2b0000 - 0x00007ffedb2c5000 	C:\WINDOWS\system32\wshbth.dll
0x00007ffeed6d0000 - 0x00007ffeed747000 	C:\WINDOWS\System32\fwpuclnt.dll
0x00007ffeeacc0000 - 0x00007ffeeacca000 	C:\Windows\System32\rasadhlp.dll
0x00007ffeeee40000 - 0x00007ffeeee4b000 	C:\Program Files\Oxygen XML Author 21\jre\bin\sunmscapi.dll
0x00007ffef2830000 - 0x00007ffef2979000 	C:\WINDOWS\System32\CRYPT32.dll
0x0000000020670000 - 0x0000000020682000 	C:\WINDOWS\System32\MSASN1.dll
0x000000002a370000 - 0x000000002a3e8000 	\\?\C:\PROGRA~1\OXYGEN~1\lib\hunspell\HUNSPE~2.DLL
0x00007ffef4aa0000 - 0x00007ffef4b42000 	C:\WINDOWS\System32\clbcatq.dll
0x00007ffed6800000 - 0x00007ffed69af000 	C:\WINDOWS\SYSTEM32\WindowsCodecs.dll
0x00007ffec2a60000 - 0x00007ffec2a9a000 	C:\WINDOWS\system32\dataexchange.dll
0x00007ffeef020000 - 0x00007ffeef27b000 	C:\WINDOWS\system32\d3d11.dll
0x00007ffeef5f0000 - 0x00007ffeef7cb000 	C:\WINDOWS\system32\dcomp.dll
0x00007ffef10d0000 - 0x00007ffef11bb000 	C:\WINDOWS\system32\dxgi.dll
0x00007ffef0320000 - 0x00007ffef057a000 	C:\WINDOWS\system32\twinapi.appcore.dll
0x00007ffef09a0000 - 0x00007ffef09c9000 	C:\WINDOWS\system32\RMCLIENT.dll
0x00007ffef0d10000 - 0x00007ffef0f04000 	C:\WINDOWS\SYSTEM32\dbghelp.dll
0x00007ffee1e40000 - 0x00007ffee1e6a000 	C:\WINDOWS\SYSTEM32\dbgcore.DLL

VM Arguments:
jvm_args: -Dexe4j.semaphoreName=Local\c:_program_files_oxygen_xml_author_21_oxygenauthor21.1.exe -Dexe4j.isInstall4j=true -Dexe4j.moduleName=C:\Program Files\Oxygen XML Author 21\oxygenAuthor21.1.exe -Dexe4j.tempDir= -Dexe4j.unextractedPosition=0 -Djava.library.path=c:\program files\oxygen xml author 21\jre\bin;C:\Program Files\Oxygen XML Author 21\.\jre\bin;C:\Program Files (x86)\Common Files\Oracle\Java\javapath;C:\WINDOWS\system32;C:\WINDOWS;C:\WINDOWS\System32\Wbem;C:\WINDOWS\System32\WindowsPowerShell\v1.0\;C:\WINDOWS\System32\OpenSSH\;C:\Program Files\Git\cmd;C:\Program Files (x86)\HCL\SafeLinx Client\;C:\Program Files\Intel\WiFi\bin\;C:\Program Files\Common Files\Intel\WirelessCommon\;C:\Program Files (x86)\ooRexx;C:\DITATools\IDWB\bin;C:\Program Files\Amazon\AWSCLI\bin\;C:\Users\rebecca.nethala\dita-otv-0.1.7\dita-ot\bin;C:\Users\rebecca.nethala\AppData\Local\GitHubDesktop\bin;C:\Users\rebecca.nethala\AppData\Local\Programs\Microsoft VS Code\bin -Dexe4j.consoleCodepage=cp0 -Dcom.oxygenxml.app.descriptor=ro.sync.exml.AuthorFrameDescriptor -XX:-OmitStackTraceInFastThrow -XX:SoftRefLRUPolicyMSPerMB=10 -Dsun.java2d.noddraw=true -Dsun.awt.nopixfmt=true -Dsun.java2d.dpiaware=true -Djava.net.preferIPv4Stack=true -Dsun.awt.keepWorkingSetOnMinimize=true -Dinstall4j.launcherId=19 -Dinstall4j.swt=false -Xmx4000m -Dcom.oxygenxml.language=English -XX:+UseParallelGC -XX:ErrorFile=C:\Users\REBECC~1.NET\AppData\Local\Temp\/oxy_jvm_crash.log -XX:OnError="C:\Program Files\Oxygen XML Author 21/rp.exe" 
java_command: C:\Program Files\Oxygen XML Author 21\oxygenAuthor21.1.exe
java_class_path (initial): C:\Program Files\Oxygen XML Author 21\.install4j\i4jruntime.jar;C:\Program Files\Oxygen XML Author 21\.\lib\oxygenAuthor.jar;C:\Program Files\Oxygen XML Author 21\.\lib\oxygen-basic-utilities.jar
Launcher Type: generic

Environment Variables:
PATH=c:\program files\oxygen xml author 21\jre\bin;C:\Program Files\Oxygen XML Author 21\.\jre\bin;C:\Program Files (x86)\Common Files\Oracle\Java\javapath;C:\WINDOWS\system32;C:\WINDOWS;C:\WINDOWS\System32\Wbem;C:\WINDOWS\System32\WindowsPowerShell\v1.0\;C:\WINDOWS\System32\OpenSSH\;C:\Program Files\Git\cmd;C:\Program Files (x86)\HCL\SafeLinx Client\;C:\Program Files\Intel\WiFi\bin\;C:\Program Files\Common Files\Intel\WirelessCommon\;C:\Program Files (x86)\ooRexx;C:\DITATools\IDWB\bin;C:\Program Files\Amazon\AWSCLI\bin\;C:\Users\rebecca.nethala\dita-otv-0.1.7\dita-ot\bin;C:\Users\rebecca.nethala\AppData\Local\GitHubDesktop\bin;C:\Users\rebecca.nethala\AppData\Local\Programs\Microsoft VS Code\bin
USERNAME=rebecca.nethala
OS=Windows_NT
PROCESSOR_IDENTIFIER=Intel64 Family 6 Model 158 Stepping 10, GenuineIntel



---------------  S Y S T E M  ---------------

OS: Windows 10.0 , 64 bit Build 18362 (10.0.18362.329)

CPU:total 12 (initial active 12) (6 cores per cpu, 2 threads per core) family 6 model 158 stepping 10, cmov, cx8, fxsr, mmx, sse, sse2, sse3, ssse3, sse4.1, sse4.2, popcnt, avx, avx2, aes, clmul, erms, 3dnowpref, lzcnt, ht, tsc, tscinvbit, bmi1, bmi2, adx

Memory: 4k page, physical 33282592k(18311152k free), swap 66837024k(48615796k free)

vm_info: Java HotSpot(TM) 64-Bit Server VM (25.202-b08) for windows-amd64 JRE (1.8.0_202-b08), built on Dec 15 2018 19:54:30 by "java_re" with MS VC++ 10.0 (VS2010)

time: Thu Mar 25 16:29:43 2021
timezone: India Standard Time
elapsed time: 8686 seconds (0d 2h 24m 46s)

